Log file open, 08/13/18 13:25:51
LogWindows: Failed to load 'aqProf.dll' (GetLastError=126)
LogWindows: File 'aqProf.dll' does not exist
LogWindows: Failed to load 'VtuneApi.dll' (GetLastError=126)
LogWindows: File 'VtuneApi.dll' does not exist
LogWindows: Failed to load 'VtuneApi32e.dll' (GetLastError=126)
LogWindows: File 'VtuneApi32e.dll' does not exist
LogInit: Display: Running engine for game: VGDUNRL_TTR_ALPHA
LogPlatformFile: Not using cached read wrapper
LogInit: Display: RandInit(21616017) SRandInit(21616017).
LogInit: Read version file with build ID '3944462'
LogInit: Overriding engine version to CL 4033788, compatible CL 3944462
LogInit: Registered custom module enumerator with build ID '3944462'
LogTaskGraph: Started task graph with 5 named threads and 23 total threads with 3 sets of task threads.
LogStats: Stats thread started at 0.275748
LogD3D11RHI: Aftermath initialized
LogICUInternationalization: Display: ICU TimeZone Detection - Raw Offset: -5:00, Platform Override: ''
LogModuleManager: Display: Found up-to-date module file ../../../Engine/Plugins/2D/Paper2D/Binaries/Win64/UE4Editor-Paper2D.dll (API version 3944462).
LogModuleManager: Display: Found up-to-date module file ../../../Engine/Plugins/2D/Paper2D/Binaries/Win64/UE4Editor-Paper2DEditor.dll (API version 3944462).
LogModuleManager: Display: Found up-to-date module file ../../../Engine/Plugins/2D/Paper2D/Binaries/Win64/UE4Editor-PaperSpriteSheetImporter.dll (API version 3944462).
LogModuleManager: Display: Found up-to-date module file ../../../Engine/Plugins/2D/Paper2D/Binaries/Win64/UE4Editor-PaperTiledImporter.dll (API version 3944462).
LogModuleManager: Display: Found up-to-date module file ../../../Engine/Plugins/2D/Paper2D/Binaries/Win64/UE4Editor-SmartSnapping.dll (API version 3944462).
LogModuleManager: Display: Found up-to-date module file ../../../Engine/Plugins/Blendables/LightPropagationVolume/Binaries/Win64/UE4Editor-LightPropagationVolumeRuntime.dll (API version 3944462).
LogModuleManager: Display: Found up-to-date module file ../../../Engine/Plugins/Blendables/LightPropagationVolume/Binaries/Win64/UE4Editor-LightPropagationVolumeEditor.dll (API version 3944462).
LogModuleManager: Display: Found up-to-date module file ../../../Engine/Plugins/Developer/CLionSourceCodeAccess/Binaries/Win64/UE4Editor-CLionSourceCodeAccess.dll (API version 3944462).
LogModuleManager: Display: Found up-to-date module file ../../../Engine/Plugins/Developer/GitSourceControl/Binaries/Win64/UE4Editor-GitSourceControl.dll (API version 3944462).
LogModuleManager: Display: Found up-to-date module file ../../../Engine/Plugins/Developer/PerforceSourceControl/Binaries/Win64/UE4Editor-PerforceSourceControl.dll (API version 3944462).
LogModuleManager: Display: Found up-to-date module file ../../../Engine/Plugins/Developer/SubversionSourceControl/Binaries/Win64/UE4Editor-SubversionSourceControl.dll (API version 3944462).
LogModuleManager: Display: Found up-to-date module file ../../../Engine/Plugins/Developer/UObjectPlugin/Binaries/Win64/UE4Editor-UObjectPlugin.dll (API version 3944462).
LogModuleManager: Display: Found up-to-date module file ../../../Engine/Plugins/Developer/VisualStudioCodeSourceCodeAccess/Binaries/Win64/UE4Editor-VisualStudioCodeSourceCodeAccess.dll (API version 3944462).
LogModuleManager: Display: Found up-to-date module file ../../../Engine/Plugins/Developer/VisualStudioSourceCodeAccess/Binaries/Win64/UE4Editor-VisualStudioSourceCodeAccess.dll (API version 3944462).
LogModuleManager: Display: Found up-to-date module file ../../../Engine/Plugins/Editor/AssetManagerEditor/Binaries/Win64/UE4Editor-AssetManagerEditor.dll (API version 3944462).
LogModuleManager: Display: Found up-to-date module file ../../../Engine/Plugins/Editor/CryptoKeys/Binaries/Win64/UE4Editor-CryptoKeys.dll (API version 3944462).
LogModuleManager: Display: Found up-to-date module file ../../../Engine/Plugins/Editor/CryptoKeys/Binaries/Win64/UE4Editor-CryptoKeysOpenSSL.dll (API version 3944462).
LogModuleManager: Display: Found up-to-date module file ../../../Engine/Plugins/Editor/DataValidation/Binaries/Win64/UE4Editor-DataValidation.dll (API version 3944462).
LogModuleManager: Display: Found up-to-date module file ../../../Engine/Plugins/Editor/FacialAnimation/Binaries/Win64/UE4Editor-FacialAnimation.dll (API version 3944462).
LogModuleManager: Display: Found up-to-date module file ../../../Engine/Plugins/Editor/FacialAnimation/Binaries/Win64/UE4Editor-FacialAnimationEditor.dll (API version 3944462).
LogModuleManager: Display: Found up-to-date module file ../../../Engine/Plugins/Editor/GameplayTagsEditor/Binaries/Win64/UE4Editor-GameplayTagsEditor.dll (API version 3944462).
LogModuleManager: Display: Found up-to-date module file ../../../Engine/Plugins/Editor/MobileLauncherProfileWizard/Binaries/Win64/UE4Editor-MobileLauncherProfileWizard.dll (API version 3944462).
LogModuleManager: Display: Found up-to-date module file ../../../Engine/Plugins/Editor/PluginBrowser/Binaries/Win64/UE4Editor-PluginBrowser.dll (API version 3944462).
LogModuleManager: Display: Found up-to-date module file ../../../Engine/Plugins/Editor/SpeedTreeImporter/Binaries/Win64/UE4Editor-SpeedTreeImporter.dll (API version 3944462).
LogModuleManager: Display: Found up-to-date module file ../../../Engine/Plugins/Enterprise/DatasmithContent/Binaries/Win64/UE4Editor-DatasmithContent.dll (API version 3944462).
LogModuleManager: Display: Found up-to-date module file ../../../Engine/Plugins/Experimental/AlembicImporter/Binaries/Win64/UE4Editor-AlembicImporter.dll (API version 3944462).
LogModuleManager: Display: Found up-to-date module file ../../../Engine/Plugins/Experimental/AlembicImporter/Binaries/Win64/UE4Editor-AlembicLibrary.dll (API version 3944462).
LogModuleManager: Display: Found up-to-date module file ../../../Engine/Plugins/Experimental/CharacterAI/Binaries/Win64/UE4Editor-CharacterAI.dll (API version 3944462).
LogModuleManager: Display: Found up-to-date module file ../../../Engine/Plugins/Experimental/HTML5Networking/Binaries/Win64/UE4Editor-HTML5Networking.dll (API version 3944462).
LogModuleManager: Display: Found up-to-date module file ../../../Engine/Plugins/Media/AndroidMedia/Binaries/Win64/UE4Editor-AndroidMediaEditor.dll (API version 3944462).
LogModuleManager: Display: Found up-to-date module file ../../../Engine/Plugins/Media/AndroidMedia/Binaries/Win64/UE4Editor-AndroidMediaFactory.dll (API version 3944462).
LogModuleManager: Display: Found up-to-date module file ../../../Engine/Plugins/Media/AvfMedia/Binaries/Win64/UE4Editor-AvfMediaEditor.dll (API version 3944462).
LogModuleManager: Display: Found up-to-date module file ../../../Engine/Plugins/Media/AvfMedia/Binaries/Win64/UE4Editor-AvfMediaFactory.dll (API version 3944462).
LogModuleManager: Display: Found up-to-date module file ../../../Engine/Plugins/Media/AvfMedia/Binaries/Win64/UE4Editor-AvfMediaFactory.dll (API version 3944462).
LogModuleManager: Display: Found up-to-date module file ../../../Engine/Plugins/Media/ImgMedia/Binaries/Win64/UE4Editor-ImgMedia.dll (API version 3944462).
LogModuleManager: Display: Found up-to-date module file ../../../Engine/Plugins/Media/ImgMedia/Binaries/Win64/UE4Editor-ImgMediaEditor.dll (API version 3944462).
LogModuleManager: Display: Found up-to-date module file ../../../Engine/Plugins/Media/ImgMedia/Binaries/Win64/UE4Editor-ImgMediaFactory.dll (API version 3944462).
LogModuleManager: Display: Found up-to-date module file ../../../Engine/Plugins/Media/ImgMedia/Binaries/Win64/UE4Editor-ImgMediaFactory.dll (API version 3944462).
LogModuleManager: Display: Found up-to-date module file ../../../Engine/Plugins/Media/ImgMedia/Binaries/Win64/UE4Editor-OpenExrWrapper.dll (API version 3944462).
LogModuleManager: Display: Found up-to-date module file ../../../Engine/Plugins/Media/LinearTimecode/Binaries/Win64/UE4Editor-LinearTimecode.dll (API version 3944462).
LogModuleManager: Display: Found up-to-date module file ../../../Engine/Plugins/Media/MediaCompositing/Binaries/Win64/UE4Editor-MediaCompositing.dll (API version 3944462).
LogModuleManager: Display: Found up-to-date module file ../../../Engine/Plugins/Media/MediaCompositing/Binaries/Win64/UE4Editor-MediaCompositingEditor.dll (API version 3944462).
LogModuleManager: Display: Found up-to-date module file ../../../Engine/Plugins/Media/MediaPlayerEditor/Binaries/Win64/UE4Editor-MediaPlayerEditor.dll (API version 3944462).
LogModuleManager: Display: Found up-to-date module file ../../../Engine/Plugins/Media/WmfMedia/Binaries/Win64/UE4Editor-WmfMedia.dll (API version 3944462).
LogModuleManager: Display: Found up-to-date module file ../../../Engine/Plugins/Media/WmfMedia/Binaries/Win64/UE4Editor-WmfMediaEditor.dll (API version 3944462).
LogModuleManager: Display: Found up-to-date module file ../../../Engine/Plugins/Media/WmfMedia/Binaries/Win64/UE4Editor-WmfMediaFactory.dll (API version 3944462).
LogModuleManager: Display: Found up-to-date module file ../../../Engine/Plugins/Media/WmfMedia/Binaries/Win64/UE4Editor-WmfMediaFactory.dll (API version 3944462).
LogModuleManager: Display: Found up-to-date module file ../../../Engine/Plugins/Messaging/TcpMessaging/Binaries/Win64/UE4Editor-TcpMessaging.dll (API version 3944462).
LogModuleManager: Display: Found up-to-date module file ../../../Engine/Plugins/Messaging/UdpMessaging/Binaries/Win64/UE4Editor-UdpMessaging.dll (API version 3944462).
LogModuleManager: Display: Found up-to-date module file ../../../Engine/Plugins/MovieScene/ActorSequence/Binaries/Win64/UE4Editor-ActorSequence.dll (API version 3944462).
LogModuleManager: Display: Found up-to-date module file ../../../Engine/Plugins/MovieScene/LevelSequenceEditor/Binaries/Win64/UE4Editor-LevelSequenceEditor.dll (API version 3944462).
LogModuleManager: Display: Found up-to-date module file ../../../Engine/Plugins/MovieScene/MatineeToLevelSequence/Binaries/Win64/UE4Editor-MatineeToLevelSequence.dll (API version 3944462).
LogModuleManager: Display: Found up-to-date module file ../../../Engine/Plugins/NetcodeUnitTest/NetcodeUnitTest/Binaries/Win64/UE4Editor-NetcodeUnitTest.dll (API version 3944462).
LogModuleManager: Display: Found up-to-date module file ../../../Engine/Plugins/NetcodeUnitTest/NUTUnrealEngine4/Binaries/Win64/UE4Editor-NUTUnrealEngine4.dll (API version 3944462).
LogModuleManager: Display: Found up-to-date module file ../../../Engine/Plugins/Online/OnlineSubsystem/Binaries/Win64/UE4Editor-OnlineSubsystem.dll (API version 3944462).
LogModuleManager: Display: Found up-to-date module file ../../../Engine/Plugins/Runtime/AndroidPermission/Binaries/Win64/UE4Editor-AndroidPermission.dll (API version 3944462).
LogModuleManager: Display: Found up-to-date module file ../../../Engine/Plugins/Online/OnlineSubsystemNull/Binaries/Win64/UE4Editor-OnlineSubsystemNull.dll (API version 3944462).
LogModuleManager: Display: Found up-to-date module file ../../../Engine/Plugins/Online/OnlineSubsystemUtils/Binaries/Win64/UE4Editor-OnlineSubsystemUtils.dll (API version 3944462).
LogModuleManager: Display: Found up-to-date module file ../../../Engine/Plugins/Online/OnlineSubsystemUtils/Binaries/Win64/UE4Editor-OnlineBlueprintSupport.dll (API version 3944462).
LogModuleManager: Display: Found up-to-date module file ../../../Engine/Plugins/Runtime/AndroidDeviceProfileSelector/Binaries/Win64/UE4Editor-AndroidDeviceProfileSelector.dll (API version 3944462).
LogModuleManager: Display: Found up-to-date module file ../../../Engine/Plugins/Runtime/AppleARKit/Binaries/Win64/UE4Editor-AppleARKit.dll (API version 3944462).
LogModuleManager: Display: Found up-to-date module file ../../../Engine/Plugins/Runtime/ProceduralMeshComponent/Binaries/Win64/UE4Editor-ProceduralMeshComponent.dll (API version 3944462).
LogModuleManager: Display: Found up-to-date module file ../../../Engine/Plugins/Runtime/ProceduralMeshComponent/Binaries/Win64/UE4Editor-ProceduralMeshComponentEditor.dll (API version 3944462).
LogModuleManager: Display: Found up-to-date module file ../../../Engine/Plugins/Animation/LiveLink/Binaries/Win64/UE4Editor-LiveLink.dll (API version 3944462).
LogModuleManager: Display: Found up-to-date module file ../../../Engine/Plugins/Animation/LiveLink/Binaries/Win64/UE4Editor-LiveLinkEditor.dll (API version 3944462).
LogModuleManager: Display: Found up-to-date module file ../../../Engine/Plugins/Runtime/ArchVisCharacter/Binaries/Win64/UE4Editor-ArchVisCharacter.dll (API version 3944462).
LogModuleManager: Display: Found up-to-date module file ../../../Engine/Plugins/Runtime/AudioCapture/Binaries/Win64/UE4Editor-AudioCapture.dll (API version 3944462).
LogModuleManager: Display: Found up-to-date module file ../../../Engine/Plugins/Runtime/AudioCapture/Binaries/Win64/UE4Editor-AudioCaptureEditor.dll (API version 3944462).
LogModuleManager: Display: Found up-to-date module file ../../../Engine/Plugins/Runtime/CableComponent/Binaries/Win64/UE4Editor-CableComponent.dll (API version 3944462).
LogModuleManager: Display: Found up-to-date module file ../../../Engine/Plugins/Runtime/CustomMeshComponent/Binaries/Win64/UE4Editor-CustomMeshComponent.dll (API version 3944462).
LogModuleManager: Display: Found up-to-date module file ../../../Engine/Plugins/Runtime/ExampleDeviceProfileSelector/Binaries/Win64/UE4Editor-ExampleDeviceProfileSelector.dll (API version 3944462).
LogModuleManager: Display: Found up-to-date module file ../../../Engine/Plugins/Runtime/ImmediatePhysics/Binaries/Win64/UE4Editor-ImmediatePhysics.dll (API version 3944462).
LogModuleManager: Display: Found up-to-date module file ../../../Engine/Plugins/Runtime/ImmediatePhysics/Binaries/Win64/UE4Editor-ImmediatePhysicsEditor.dll (API version 3944462).
LogModuleManager: Display: Found up-to-date module file ../../../Engine/Plugins/Runtime/LocationServicesBPLibrary/Binaries/Win64/UE4Editor-LocationServicesBPLibrary.dll (API version 3944462).
LogModuleManager: Display: Found up-to-date module file ../../../Engine/Plugins/Runtime/MobilePatchingUtils/Binaries/Win64/UE4Editor-MobilePatchingUtils.dll (API version 3944462).
LogModuleManager: Display: Found up-to-date module file ../../../Engine/Plugins/Runtime/Oculus/OculusVR/Binaries/Win64/UE4Editor-OculusHMD.dll (API version 3944462).
LogModuleManager: Display: Found up-to-date module file ../../../Engine/Plugins/Runtime/Oculus/OculusVR/Binaries/Win64/UE4Editor-OculusInput.dll (API version 3944462).
LogModuleManager: Display: Found up-to-date module file ../../../Engine/Plugins/Runtime/Oculus/OculusVR/Binaries/Win64/UE4Editor-OculusEditor.dll (API version 3944462).
LogModuleManager: Display: Found up-to-date module file ../../../Engine/Plugins/Runtime/PhysXVehicles/Binaries/Win64/UE4Editor-PhysXVehicles.dll (API version 3944462).
LogModuleManager: Display: Found up-to-date module file ../../../Engine/Plugins/Runtime/PhysXVehicles/Binaries/Win64/UE4Editor-PhysXVehiclesEditor.dll (API version 3944462).
LogModuleManager: Display: Found up-to-date module file ../../../Engine/Plugins/Runtime/RuntimePhysXCooking/Binaries/Win64/UE4Editor-RuntimePhysXCooking.dll (API version 3944462).
LogModuleManager: Display: Found up-to-date module file ../../../Engine/Plugins/Runtime/Steam/SteamVR/Binaries/Win64/UE4Editor-SteamVR.dll (API version 3944462).
LogModuleManager: Display: Found up-to-date module file ../../../Engine/Plugins/Runtime/Steam/SteamVR/Binaries/Win64/UE4Editor-SteamVRController.dll (API version 3944462).
LogModuleManager: Display: Found up-to-date module file ../../../Engine/Plugins/Runtime/WindowsMoviePlayer/Binaries/Win64/UE4Editor-WindowsMoviePlayer.dll (API version 3944462).
LogPluginManager: Mounting plugin Paper2D
LogPluginManager: Mounting plugin LiveLink
LogPluginManager: Mounting plugin LightPropagationVolume
LogPluginManager: Mounting plugin CLionSourceCodeAccess
LogPluginManager: Mounting plugin CodeLiteSourceCodeAccess
LogPluginManager: Mounting plugin GitSourceControl
LogPluginManager: Mounting plugin KDevelopSourceCodeAccess
LogPluginManager: Mounting plugin NullSourceCodeAccess
LogPluginManager: Mounting plugin PerforceSourceControl
LogPluginManager: Mounting plugin SubversionSourceControl
LogPluginManager: Mounting plugin UObjectPlugin
LogPluginManager: Mounting plugin VisualStudioCodeSourceCodeAccess
LogPluginManager: Mounting plugin VisualStudioSourceCodeAccess
LogPluginManager: Mounting plugin XCodeSourceCodeAccess
LogPluginManager: Mounting plugin AssetManagerEditor
LogPluginManager: Mounting plugin CryptoKeys
LogPluginManager: Mounting plugin DataValidation
LogPluginManager: Mounting plugin FacialAnimation
LogPluginManager: Mounting plugin GameplayTagsEditor
LogPluginManager: Mounting plugin MobileLauncherProfileWizard
LogPluginManager: Mounting plugin PluginBrowser
LogPluginManager: Mounting plugin SpeedTreeImporter
LogPluginManager: Mounting plugin DatasmithContent
LogPluginManager: Mounting plugin AlembicImporter
LogPluginManager: Mounting plugin CharacterAI
LogPluginManager: Mounting plugin HTML5Networking
LogPluginManager: Mounting plugin AndroidMedia
LogPluginManager: Mounting plugin AvfMedia
LogPluginManager: Mounting plugin ImgMedia
LogPluginManager: Mounting plugin LinearTimecode
LogPluginManager: Mounting plugin MediaCompositing
LogPluginManager: Mounting plugin MediaPlayerEditor
LogPluginManager: Mounting plugin WmfMedia
LogPluginManager: Mounting plugin TcpMessaging
LogPluginManager: Mounting plugin UdpMessaging
LogPluginManager: Mounting plugin ActorSequence
LogPluginManager: Mounting plugin LevelSequenceEditor
LogPluginManager: Mounting plugin MatineeToLevelSequence
LogPluginManager: Mounting plugin NetcodeUnitTest
LogPluginManager: Mounting plugin NUTUnrealEngine4
LogPluginManager: Mounting plugin OnlineSubsystemGooglePlay
LogPluginManager: Mounting plugin OnlineSubsystemIOS
LogPluginManager: Mounting plugin OnlineSubsystem
LogPluginManager: Mounting plugin OnlineSubsystemNull
LogPluginManager: Mounting plugin OnlineSubsystemUtils
LogPluginManager: Mounting plugin AndroidDeviceProfileSelector
LogPluginManager: Mounting plugin AndroidMoviePlayer
LogPluginManager: Mounting plugin AndroidPermission
LogPluginManager: Mounting plugin AppleARKit
LogPluginManager: Mounting plugin AppleMoviePlayer
LogPluginManager: Mounting plugin ArchVisCharacter
LogPluginManager: Mounting plugin AudioCapture
LogPluginManager: Mounting plugin CableComponent
LogPluginManager: Mounting plugin CustomMeshComponent
LogPluginManager: Mounting plugin ExampleDeviceProfileSelector
LogPluginManager: Mounting plugin GoogleCloudMessaging
LogPluginManager: Mounting plugin ImmediatePhysics
LogPluginManager: Mounting plugin IOSDeviceProfileSelector
LogPluginManager: Mounting plugin LinuxDeviceProfileSelector
LogPluginManager: Mounting plugin LocationServicesBPLibrary
LogPluginManager: Mounting plugin MobilePatchingUtils
LogPluginManager: Mounting plugin OculusVR
LogPluginManager: Plugin shader directory ../../../Engine/Plugins/Runtime/Oculus/OculusVR/Shaders found
LogPluginManager: Mapping shader source directory ../../../Engine/Plugins/Runtime/Oculus/OculusVR/Shaders to virtual directory /Plugin/OculusVR
LogPluginManager: Mounting plugin PhysXVehicles
LogPluginManager: Mounting plugin ProceduralMeshComponent
LogPluginManager: Mounting plugin RuntimePhysXCooking
LogPluginManager: Mounting plugin SteamVR
LogPluginManager: Mounting plugin WindowsMoviePlayer
LogStreaming: Display: Took  0.907s to configure plugins.
LogInit: Using libcurl 7.47.1
LogInit:  - built for x86_64-pc-win32
LogInit:  - supports SSL with OpenSSL/1.0.2g
LogInit:  - supports HTTP deflate (compression) using libz 1.2.8
LogInit:  - other features:
LogInit:      CURL_VERSION_SSL
LogInit:      CURL_VERSION_LIBZ
LogInit:      CURL_VERSION_IPV6
LogInit:      CURL_VERSION_ASYNCHDNS
LogInit:      CURL_VERSION_LARGEFILE
LogInit:      CURL_VERSION_IDN
LogInit:  CurlRequestOptions (configurable via config and command line):
LogInit:  - bVerifyPeer = false  - Libcurl will NOT verify peer certificate
LogInit:  - bUseHttpProxy = false  - Libcurl will NOT use HTTP proxy
LogInit:  - bDontReuseConnections = false  - Libcurl will reuse connections
LogInit:  - CertBundlePath = nullptr  - Libcurl will use whatever was configured at build time.
LogInit:  - MaxHostConnections = 16  - Libcurl will limit the number of connections to a host
LogInit:  - LocalHostAddr = Default
LogInit: WinSock: version 1.1 (2.2), MaxSocks=32767, MaxUdp=65467
LogInit: WinSock: I am DESKTOP-KBJ6S3T (10.4.107.15:0)
LogInit: Build: ++UE4+Release-4.19-CL-4033788
LogInit: Engine Version: 4.19.2-4033788+++UE4+Release-4.19
LogInit: Compatible Engine Version: 4.19.0-3944462+++UE4+Release-4.19
LogInit: Net CL: 3944462
LogDevObjectVersion: Number of dev versions registered: 18
LogDevObjectVersion:   Dev-Blueprints (B0D832E4-1F89-4F0D-ACCF-7EB736FD4AA2): 10
LogDevObjectVersion:   Dev-Build (E1C64328-A22C-4D53-A36C-8E866417BD8C): 0
LogDevObjectVersion:   Dev-Core (375EC13C-06E4-48FB-B500-84F0262A717E): 2
LogDevObjectVersion:   Dev-Editor (E4B068ED-F494-42E9-A231-DA0B2E46BB41): 23
LogDevObjectVersion:   Dev-Framework (CFFC743F-43B0-4480-9391-14DF171D2073): 33
LogDevObjectVersion:   Dev-Mobile (B02B49B5-BB20-44E9-A304-32B752E40360): 2
LogDevObjectVersion:   Dev-Networking (A4E4105C-59A1-49B5-A7C5-40C4547EDFEE): 0
LogDevObjectVersion:   Dev-Online (39C831C9-5AE6-47DC-9A44-9C173E1C8E7C): 0
LogDevObjectVersion:   Dev-Physics (78F01B33-EBEA-4F98-B9B4-84EACCB95AA2): 0
LogDevObjectVersion:   Dev-Platform (6631380F-2D4D-43E0-8009-CF276956A95A): 0
LogDevObjectVersion:   Dev-Rendering (12F88B9F-8875-4AFC-A67C-D90C383ABD29): 25
LogDevObjectVersion:   Dev-Sequencer (7B5AE74C-D270-4C10-A958-57980B212A5A): 6
LogDevObjectVersion:   Dev-VR (D7296918-1DD6-4BDD-9DE2-64A83CC13884): 1
LogDevObjectVersion:   Dev-LoadTimes (C2A15278-BFE7-4AFE-6C17-90FF531DF755): 1
LogDevObjectVersion:   Private-Geometry (6EACA3D4-40EC-4CC1-B786-8BED09428FC5): 2
LogDevObjectVersion:   Dev-AnimPhys (29E575DD-E0A3-4627-9D10-D276232CDCEA): 16
LogDevObjectVersion:   Dev-ReflectionCapture (6B266CEC-1EC7-4B8F-A30B-E4D90942FC07): 1
LogDevObjectVersion:   Dev-Automation (0DF73D61-A23F-47EA-B727-89E90C41499A): 1
LogInit: Compiled (64-bit): Apr 27 2018 02:06:57
LogInit: Compiled with Visual C++: 19.00.24215.01
LogInit: Build Configuration: Development
LogInit: Branch Name: ++UE4+Release-4.19
LogInit: Command Line: -EpicPortal 
LogInit: Base Directory: D:/UE_4.19/Engine/Binaries/Win64/
LogInit: Installed Engine Build: 1
LogStreaming: Display: Took  0.001s to delete old logs.
LogInit: Presizing for max 8388607 objects, including 0 objects not considered by GC, pre-allocating 0 bytes for permanent pool.
LogInit: Object subsystem initialized
[2018.08.13-17.25.52:433][  0]LogInit: Selected Device Profile: [Windows]
[2018.08.13-17.25.52:433][  0]LogInit: Applying CVar settings loaded from the selected device profile: [Windows]
[2018.08.13-17.25.52:480][  0]LogInit: Computer: DESKTOP-KBJ6S3T
[2018.08.13-17.25.52:480][  0]LogInit: User: Sunne
[2018.08.13-17.25.52:480][  0]LogInit: CPU Page size=4096, Cores=4
[2018.08.13-17.25.52:480][  0]LogInit: High frequency timer resolution =2.742189 MHz
[2018.08.13-17.25.52:481][  0]LogMemory: Memory total: Physical=15.9GB (16GB approx)
[2018.08.13-17.25.52:481][  0]LogMemory: Platform Memory Stats for Windows
[2018.08.13-17.25.52:481][  0]LogMemory: Process Physical Memory: 275.18 MB used, 275.18 MB peak
[2018.08.13-17.25.52:481][  0]LogMemory: Process Virtual Memory: 264.77 MB used, 264.77 MB peak
[2018.08.13-17.25.52:481][  0]LogMemory: Physical Memory: 8662.76 MB used,  7594.27 MB free, 16257.03 MB total
[2018.08.13-17.25.52:481][  0]LogMemory: Virtual Memory: 4794.23 MB used,  7594.27 MB free, 134217728.00 MB total
[2018.08.13-17.25.52:523][  0]LogInit: Using OS detected language (en-US).
[2018.08.13-17.25.52:523][  0]LogInit: Using OS detected locale (en-CA).
[2018.08.13-17.25.52:529][  0]LogTextLocalizationManager: No specific localization for 'en-US' exists, so the 'en' localization will be used.
[2018.08.13-17.25.52:960][  0]LogStreaming: Display: Took  0.437s to EndInitTextLocalization.
[2018.08.13-17.25.52:960][  0]LogInit: Setting process to per monitor DPI aware
[2018.08.13-17.25.52:991][  0]LogSlate: New Slate User Created.  User Index 0, Is Virtual User: 0
[2018.08.13-17.25.52:991][  0]LogSlate: Slate User Registered.  User Index 0, Is Virtual User: 0
[2018.08.13-17.25.53:176][  0]LogD3D11RHI: D3D11 adapters:
[2018.08.13-17.25.53:245][  0]LogD3D11RHI:    0. 'NVIDIA GeForce GTX 1070' (Feature Level 11_0)
[2018.08.13-17.25.53:245][  0]LogD3D11RHI:       8081/0/8128 MB DedicatedVideo/DedicatedSystem/SharedSystem, Outputs:1, VendorId:0x10de
[2018.08.13-17.25.53:270][  0]LogD3D11RHI:    1. 'Intel(R) HD Graphics 630' (Feature Level 11_0)
[2018.08.13-17.25.53:270][  0]LogD3D11RHI:       128/0/8128 MB DedicatedVideo/DedicatedSystem/SharedSystem, Outputs:0, VendorId:0x8086
[2018.08.13-17.25.53:272][  0]LogD3D11RHI:    2. 'Microsoft Basic Render Driver' (Feature Level 11_0)
[2018.08.13-17.25.53:272][  0]LogD3D11RHI:       0/0/8128 MB DedicatedVideo/DedicatedSystem/SharedSystem, Outputs:0, VendorId:0x1414
[2018.08.13-17.25.53:272][  0]LogD3D11RHI: Chosen D3D11 Adapter: 0
[2018.08.13-17.25.53:279][  0]LogD3D11RHI: Creating new Direct3DDevice
[2018.08.13-17.25.53:279][  0]LogD3D11RHI:     GPU DeviceId: 0x1be1 (for the marketing name, search the web for "GPU Device Id")
[2018.08.13-17.25.53:279][  0]LogWindows: EnumDisplayDevices:
[2018.08.13-17.25.53:279][  0]LogWindows:    0. 'NVIDIA GeForce GTX 1070' (P:1 D:1)
[2018.08.13-17.25.53:280][  0]LogWindows:    1. 'NVIDIA GeForce GTX 1070' (P:0 D:0)
[2018.08.13-17.25.53:280][  0]LogWindows:    2. 'NVIDIA GeForce GTX 1070' (P:0 D:0)
[2018.08.13-17.25.53:280][  0]LogWindows:    3. 'NVIDIA GeForce GTX 1070' (P:0 D:0)
[2018.08.13-17.25.53:280][  0]LogWindows:    4. 'Intel(R) HD Graphics 630' (P:0 D:0)
[2018.08.13-17.25.53:280][  0]LogWindows:    5. 'Intel(R) HD Graphics 630' (P:0 D:0)
[2018.08.13-17.25.53:280][  0]LogWindows:    6. 'Intel(R) HD Graphics 630' (P:0 D:0)
[2018.08.13-17.25.53:281][  0]LogWindows: DebugString: GetVideoDriverDetailsInvalid PrimaryIsNotTheChoosenAdapter GetVideoDriverDetailsInvalid PrimaryIsNotTheChoosenAdapter GetVideoDriverDetailsInvalid PrimaryIsNotTheChoosenAdapter GetVideoDriverDetailsInvalid PrimaryIsNotTheChoosenAdapter GetVideoDriverDetailsInvalid PrimaryIsNotTheChoosenAdapter GetVideoDriverDetailsInvalid PrimaryIsNotTheChoosenAdapter GetVideoDriverDetailsInvalid PrimaryIsNotTheChoosenAdapter FoundDriverCount:0 
[2018.08.13-17.25.53:281][  0]LogD3D11RHI:     Adapter Name: NVIDIA GeForce GTX 1070
[2018.08.13-17.25.53:281][  0]LogD3D11RHI:   Driver Version: Unknown (internal:Unknown, unified:Unknown)
[2018.08.13-17.25.53:281][  0]LogD3D11RHI:      Driver Date: Unknown
[2018.08.13-17.25.53:281][  0]LogRHI: Texture pool is 5656 MB (70% of 8081 MB)
[2018.08.13-17.25.53:319][  0]LogD3D11RHI: [Aftermath] Aftermath enabled and primed
[2018.08.13-17.25.53:319][  0]LogD3D11RHI: [Aftermath] Aftermath enabled and primed
[2018.08.13-17.25.53:319][  0]LogD3D11RHI: Async texture creation enabled
[2018.08.13-17.25.53:337][  0]LogD3D11RHI: GPU Timing Frequency: 1000.000000 (Debug: 2 2)
[2018.08.13-17.25.53:384][  0]LogShaderCompilers: Guid format shader working directory is -21 characters bigger than the processId version (../../../../GameDev/UnrealProject/TREKTHERAINBOW/VGDUNRL_TTR_ALPHA/Intermediate/Shaders/WorkingDirectory/15016/).
[2018.08.13-17.25.53:385][  0]LogShaderCompilers: Cleaned the shader compiler working directory 'C:/Users/Sunne/AppData/Local/Temp/UnrealShaderWorkingDir/74909B1B4B54355F3C69AC904F19BD91/'.
[2018.08.13-17.25.53:664][  0]LogTemp: Display: Loaded TP AllDesktopTargetPlatform
[2018.08.13-17.25.53:677][  0]LogTemp: Display: Loaded TP MacClientTargetPlatform
[2018.08.13-17.25.53:690][  0]LogTemp: Display: Loaded TP MacNoEditorTargetPlatform
[2018.08.13-17.25.53:703][  0]LogTemp: Display: Loaded TP MacServerTargetPlatform
[2018.08.13-17.25.53:717][  0]LogTemp: Display: Loaded TP MacTargetPlatform
[2018.08.13-17.25.53:731][  0]LogTemp: Display: Loaded TP WindowsClientTargetPlatform
[2018.08.13-17.25.53:744][  0]LogTemp: Display: Loaded TP WindowsNoEditorTargetPlatform
[2018.08.13-17.25.53:759][  0]LogTemp: Display: Loaded TP WindowsServerTargetPlatform
[2018.08.13-17.25.53:765][  0]LogTemp: Display: Loaded TP WindowsTargetPlatform
[2018.08.13-17.25.53:777][  0]LogTemp: Display: Loaded TP Android_ASTCTargetPlatform
[2018.08.13-17.25.53:790][  0]LogTemp: Display: Loaded TP Android_ATCTargetPlatform
[2018.08.13-17.25.53:802][  0]LogTemp: Display: Loaded TP Android_DXTTargetPlatform
[2018.08.13-17.25.53:814][  0]LogTemp: Display: Loaded TP Android_ETC1aTargetPlatform
[2018.08.13-17.25.53:829][  0]LogTemp: Display: Loaded TP Android_ETC1TargetPlatform
[2018.08.13-17.25.53:841][  0]LogTemp: Display: Loaded TP Android_ETC2TargetPlatform
[2018.08.13-17.25.53:867][  0]LogTemp: Display: Loaded TP Android_MultiTargetPlatform
[2018.08.13-17.25.53:867][  0]LogTemp: Display: Loaded TP Android_PVRTCTargetPlatform
[2018.08.13-17.25.53:880][  0]LogTemp: Display: Loaded TP AndroidTargetPlatform
[2018.08.13-17.25.53:881][  0]LogTemp: Display: Loaded TP HTML5TargetPlatform
[2018.08.13-17.25.53:919][  0]LogTemp: Display: Loaded TP IOSTargetPlatform
[2018.08.13-17.25.53:932][  0]LogTemp: Display: Loaded TP TVOSTargetPlatform
[2018.08.13-17.25.53:945][  0]LogTemp: Display: Loaded TP LinuxClientTargetPlatform
[2018.08.13-17.25.53:957][  0]LogTemp: Display: Loaded TP LinuxNoEditorTargetPlatform
[2018.08.13-17.25.53:970][  0]LogTemp: Display: Loaded TP LinuxServerTargetPlatform
[2018.08.13-17.25.53:982][  0]LogTemp: Display: Loaded TP LinuxTargetPlatform
[2018.08.13-17.25.53:983][  0]LogTargetPlatformManager: Display: Building Assets For Windows
[2018.08.13-17.25.54:067][  0]LogXGEController: Cannot use XGE Controller as Incredibuild is not installed on this machine.
[2018.08.13-17.25.54:067][  0]LogShaderCompilers: Cannot use XGE Shader Compiler as Incredibuild is not installed on this machine.
[2018.08.13-17.25.54:067][  0]LogShaderCompilers: Display: Using Local Shader Compiler.
[2018.08.13-17.25.54:709][  0]LogDerivedDataCache: Display: Max Cache Size: 512 MB
[2018.08.13-17.25.54:782][  0]LogDerivedDataCache: Loaded boot cache 0.07s 74MB C:/Users/Sunne/AppData/Local/UnrealEngine/4.19/DerivedDataCache/Boot.ddc.
[2018.08.13-17.25.54:782][  0]LogDerivedDataCache: Display: Loaded Boot cache: C:/Users/Sunne/AppData/Local/UnrealEngine/4.19/DerivedDataCache/Boot.ddc
[2018.08.13-17.25.54:783][  0]LogDerivedDataCache: FDerivedDataBackendGraph:  Pak pak cache file ../../../../GameDev/UnrealProject/TREKTHERAINBOW/VGDUNRL_TTR_ALPHA/DerivedDataCache/DDC.ddp not found, will not use a pak cache.
[2018.08.13-17.25.54:783][  0]LogDerivedDataCache: Unable to find inner node Pak for hierarchical cache Hierarchy.
[2018.08.13-17.25.54:783][  0]LogDerivedDataCache: FDerivedDataBackendGraph:  CompressedPak pak cache file ../../../../GameDev/UnrealProject/TREKTHERAINBOW/VGDUNRL_TTR_ALPHA/DerivedDataCache/Compressed.ddp not found, will not use a pak cache.
[2018.08.13-17.25.54:783][  0]LogDerivedDataCache: Unable to find inner node CompressedPak for hierarchical cache Hierarchy.
[2018.08.13-17.25.54:797][  0]LogDerivedDataCache: Display: Pak cache opened for reading ../../../Engine/DerivedDataCache/Compressed.ddp.
[2018.08.13-17.25.54:810][  0]LogDerivedDataCache: Using Local data cache path C:/Users/Sunne/AppData/Local/UnrealEngine/Common/DerivedDataCache: Writable
[2018.08.13-17.25.54:810][  0]LogDerivedDataCache: Shared data cache path not found in *engine.ini, will not use an Shared cache.
[2018.08.13-17.25.54:810][  0]LogDerivedDataCache: Unable to find inner node Shared for hierarchical cache Hierarchy.
[2018.08.13-17.25.54:822][  0]LogMaterial: Verifying Global Shaders for PCD3D_SM5
[2018.08.13-17.25.54:822][  0]LogSlate: Using Freetype 2.6.0
[2018.08.13-17.25.54:823][  0]LogSlate: SlateFontCache - WITH_FREETYPE: 1, WITH_HARFBUZZ: 1
[2018.08.13-17.25.54:823][  0]LogSlate: SlateFontCache - WITH_FREETYPE: 1, WITH_HARFBUZZ: 1
[2018.08.13-17.25.54:930][  0]LogAssetRegistry: FAssetRegistry took 0.0266 seconds to start up
[2018.08.13-17.25.55:227][  0]LogInit: Selected Device Profile: [Windows]
[2018.08.13-17.25.55:366][  0]LogSimplygon: Simplygon DLL not present - disabling.
[2018.08.13-17.25.55:368][  0]LogMeshReduction: Using SimplygonSwarm for distributed automatic mesh merging
[2018.08.13-17.25.55:368][  0]LogMeshReduction: Using QuadricMeshReduction for automatic static mesh reduction
[2018.08.13-17.25.55:368][  0]LogMeshReduction: No automatic skeletal mesh reduction module available
[2018.08.13-17.25.55:368][  0]LogMeshReduction: No automatic mesh merging module available
[2018.08.13-17.25.55:368][  0]LogMeshMerging: No automatic mesh merging module available
[2018.08.13-17.25.55:395][  0]LogNetVersion: VGDUNRL_TTR_ALPHA , NetCL: 3944462, EngineNetVer: 2, GameNetVer: 0 (Checksum: 625581311)
[2018.08.13-17.25.55:857][  0]LogPackageLocalizationCache: Processed 9 localized package path(s) for 2 prioritized culture(s) in 0.087259 seconds
[2018.08.13-17.25.55:862][  0]LogUObjectArray: 36728 objects as part of root set at end of initial load.
[2018.08.13-17.25.55:862][  0]LogUObjectAllocator: 7314312 out of 0 bytes used by permanent object pool.
[2018.08.13-17.25.55:862][  0]LogUObjectArray: CloseDisregardForGC: 0/0 objects in disregard for GC pool
[2018.08.13-17.25.57:389][  0]LogTcpMessaging: Initializing TcpMessaging bridge
[2018.08.13-17.25.57:414][  0]LogUdpMessaging: Initializing bridge on interface 0.0.0.0:0 to multicast group 230.0.0.1:6666.
[2018.08.13-17.25.57:703][  0]SourceControl: Source control is disabled
[2018.08.13-17.25.57:703][  0]SourceControl: Source control is disabled
[2018.08.13-17.25.57:717][  0]SourceControl: Source control is disabled
[2018.08.13-17.25.57:731][  0]SourceControl: Source control is disabled
[2018.08.13-17.25.58:137][  0]LogAndroidPermission: UAndroidPermissionCallbackProxy::GetInstance
[2018.08.13-17.25.58:263][  0]LogOcInput: OculusInput pre-init called
[2018.08.13-17.25.58:358][  0]LogEngine: Initializing Engine...
[2018.08.13-17.25.58:359][  0]LogHMD: Failed to initialize OpenVR with code 110
[2018.08.13-17.25.58:361][  0]LogStats: UGameplayTagsManager::ConstructGameplayTagTree: Construct from data asset -  0.000 s
[2018.08.13-17.25.58:361][  0]LogStats: UGameplayTagsManager::ConstructGameplayTagTree: GameplayTagTreeChangedEvent.Broadcast -  0.000 s
[2018.08.13-17.25.58:580][  0]LogAIModule: Creating AISystem for world Untitled
[2018.08.13-17.25.58:594][  0]LogInit: XAudio2 using 'Speakers / Headphones (Realtek Audio)' : 2 channels at 48 kHz using 16 bits per sample (channel mask 0x3)
[2018.08.13-17.25.58:604][  0]LogInit: FAudioDevice initialized.
[2018.08.13-17.25.58:684][  0]LogDerivedDataCache: Saved boot cache 0.08s 74MB C:/Users/Sunne/AppData/Local/UnrealEngine/4.19/DerivedDataCache/Boot.ddc.
[2018.08.13-17.25.58:698][  0]LogInit: Texture streaming: Enabled
[2018.08.13-17.25.58:711][  0]LogEngineSessionManager: EngineSessionManager initialized
[2018.08.13-17.25.58:724][  0]LogInit: Transaction tracking system initialized
[2018.08.13-17.25.58:741][  0]BlueprintLog: New page: Editor Load
[2018.08.13-17.25.58:796][  0]LocalizationService: Localization service is disabled
[2018.08.13-17.25.58:904][  0]LogConsoleResponse: Display: 
[2018.08.13-17.25.59:100][  0]LogCook: Display: Max memory allowance for cook 16384mb min free memory 0mb
[2018.08.13-17.25.59:100][  0]LogCook: Display: Mobile HDR setting 1
[2018.08.13-17.25.59:100][  0]LogGameplayTags: Display: UGameplayTagsManager::DoneAddingNativeTags. DelegateIsBound: 0
[2018.08.13-17.25.59:100][  0]LogStats: UGameplayTagsManager::ConstructGameplayTagTree: Construct from data asset -  0.000 s
[2018.08.13-17.25.59:100][  0]LogStats: UGameplayTagsManager::ConstructGameplayTagTree: GameplayTagTreeChangedEvent.Broadcast -  0.000 s
[2018.08.13-17.25.59:386][  0]LogFileCache: Scanning file cache for directory 'D:/GameDev/UnrealProject/TREKTHERAINBOW/VGDUNRL_TTR_ALPHA/Content/' took 0.02s
[2018.08.13-17.25.59:386][  0]SourceControl: Source control is disabled
[2018.08.13-17.25.59:386][  0]Cmd: MAP LOAD FILE="../../../../GameDev/UnrealProject/TREKTHERAINBOW/VGDUNRL_TTR_ALPHA/Content/2DSideScrollerBP/Maps/SplashScreen.umap" TEMPLATE=0 SHOWPROGRESS=1 FEATURELEVEL=3
[2018.08.13-17.25.59:426][  0]LightingResults: New page: Lighting Build
[2018.08.13-17.25.59:509][  0]MapCheck: New page: Map Check
[2018.08.13-17.25.59:509][  0]LightingResults: New page: Lighting Build
[2018.08.13-17.26.00:061][  0]LogUObjectGlobals: Created PersistentFrame Addr=0x0000029255182290, Size=16, Default__SplashScreen_C Function /Game/2DSideScrollerBP/Maps/SplashScreen.SplashScreen_C:ExecuteUbergraph_SplashScreen
[2018.08.13-17.26.00:066][  0]LogUObjectGlobals: Destroyed PersistentFrame Addr=0x0000029255182290, Size=16
[2018.08.13-17.26.00:066][  0]LogUObjectGlobals: Created PersistentFrame Addr=0x0000029255182290, Size=16, Default__SplashScreen_C Function /Engine/Transient.REINST_SplashScreen_C_2:ExecuteUbergraph_SplashScreen
[2018.08.13-17.26.00:071][  0]LogUObjectGlobals: Created PersistentFrame Addr=0x0000029255182510, Size=16, Default__SplashScreen_C Function /Game/2DSideScrollerBP/Maps/SplashScreen.SplashScreen_C:ExecuteUbergraph_SplashScreen
[2018.08.13-17.26.00:153][  0]LogAIModule: Creating AISystem for world SplashScreen
[2018.08.13-17.26.00:154][  0]LogEditorServer: Finished looking for orphan Actors (0.000 secs)
[2018.08.13-17.26.00:172][  0]LogUObjectGlobals: Destroyed PersistentFrame Addr=0x0000029255182290, Size=16
[2018.08.13-17.26.00:172][  0]Cmd: MAP CHECKDEP NOCLEARLOG
[2018.08.13-17.26.00:215][  0]MapCheck: Map check complete: 0 Error(s), 0 Warning(s), took 42.87ms to complete.
[2018.08.13-17.26.00:215][  0]LogFileHelpers: Loading map 'SplashScreen' took 0.829
[2018.08.13-17.26.00:843][  0]LogCollectionManager: Loaded 0 collections in 0.002785 seconds
[2018.08.13-17.26.00:950][  0]LogFileCache: Scanning file cache for directory 'D:/GameDev/UnrealProject/TREKTHERAINBOW/VGDUNRL_TTR_ALPHA/Saved/Collections/' took 0.01s
[2018.08.13-17.26.00:950][  0]LogFileCache: Scanning file cache for directory 'D:/GameDev/UnrealProject/TREKTHERAINBOW/VGDUNRL_TTR_ALPHA/Content/Developers/Sunne/Collections/' took 0.01s
[2018.08.13-17.26.00:950][  0]LogFileCache: Scanning file cache for directory 'D:/GameDev/UnrealProject/TREKTHERAINBOW/VGDUNRL_TTR_ALPHA/Content/Collections/' took 0.01s
[2018.08.13-17.26.00:950][  0]LogCollectionManager: Rebuilt the GUID cache for 0 collections in 0.000001 seconds
[2018.08.13-17.26.00:965][  0]LogContentBrowser: Native class hierarchy populated in 0.0128 seconds. Added 2452 classes and 558 folders.
[2018.08.13-17.26.01:001][  0]LogContentBrowser: Native class hierarchy updated for 'WidgetCarousel' in 0.0002 seconds. Added 0 classes and 0 folders.
[2018.08.13-17.26.02:565][  0]LogContentBrowser: Native class hierarchy updated for 'AddContentDialog' in 0.0005 seconds. Added 0 classes and 0 folders.
[2018.08.13-17.26.02:642][  0]LogContentBrowser: Native class hierarchy updated for 'SceneOutliner' in 0.0005 seconds. Added 1 classes and 2 folders.
[2018.08.13-17.26.03:707][  0]LogSlate: Took 0.000406 seconds to synchronously load lazily loaded font '../../../Engine/Content/Slate/Fonts/Roboto-Regular.ttf' (155K)
[2018.08.13-17.26.03:714][  0]LogSlate: Took 0.000586 seconds to synchronously load lazily loaded font '../../../Engine/Content/Slate/Fonts/Roboto-Bold.ttf' (160K)
[2018.08.13-17.26.03:765][  0]LogSlate: Took 0.012849 seconds to synchronously load lazily loaded font '../../../Engine/Content/Editor/Slate/Fonts/FontAwesome.ttf' (139K)
[2018.08.13-17.26.04:057][  0]LogRenderer: Reallocating scene render targets to support 1108x428 Format 10 NumSamples 1 (Frame:1).
[2018.08.13-17.26.04:427][  0]LogContentBrowser: Native class hierarchy updated for 'HierarchicalLODOutliner' in 0.0002 seconds. Added 0 classes and 0 folders.
[2018.08.13-17.26.04:427][  0]LogLoad: (Engine Initialization) Total time: 14.38 seconds
[2018.08.13-17.26.04:427][  0]LogLoad: (Engine Initialization) Total Blueprint compile time: 0.00 seconds
[2018.08.13-17.26.04:444][  0]LogWindowsTextInputMethodSystem: Display: IME system now deactivated.
[2018.08.13-17.26.04:516][  0]LogContentStreaming: Texture pool size now 1000 MB
[2018.08.13-17.26.04:617][  1]LogFileCache: Retrieving MD5 hashes for directory 'D:/GameDev/UnrealProject/TREKTHERAINBOW/VGDUNRL_TTR_ALPHA/Content/' took 0.16s
[2018.08.13-17.26.10:519][351]LogAssetRegistry: Asset discovery search completed in 15.6125 seconds
[2018.08.13-17.26.10:521][351]LogCollectionManager: Rebuilt the object cache for 0 collections in 0.000000 seconds (found 0 objects)
[2018.08.13-17.26.10:521][351]LogCollectionManager: Fixed up redirectors for 0 collections in 0.000048 seconds (updated 0 objects)
[2018.08.13-17.31.19:101][441]LogSlate: FSceneViewport::OnFocusLost() reason 0
[2018.08.13-17.31.42:037][768]LogSlate: Took 0.019468 seconds to synchronously load lazily loaded font '../../../Engine/Content/Slate/Fonts/Roboto-Light.ttf' (167K)
[2018.08.13-17.31.42:195][768]LogContentBrowser: Verbose: The majority of assets in the view are of type: FileMediaSource
[2018.08.13-17.31.52:774][401]LogSlate: Window 'Asset Audit' being destroyed
[2018.08.13-17.31.52:779][401]LogSlate: Window 'Asset Audit' being destroyed
[2018.08.13-17.47.16:532][852]Cmd: OBJ SAVEPACKAGE PACKAGE="/Game/2DSideScroller/Sounds/Rainbow" FILE="../../../../GameDev/UnrealProject/TREKTHERAINBOW/VGDUNRL_TTR_ALPHA/Content/2DSideScroller/Sounds/Rainbow.uasset" SILENT=true
[2018.08.13-17.47.16:598][852]LogSavePackage: Save=15.72ms
[2018.08.13-17.47.16:598][852]LogSavePackage: Moving '../../../../GameDev/UnrealProject/TREKTHERAINBOW/VGDUNRL_TTR_ALPHA/Saved/Rainbow556522944B3ED7A1E44F8AB47D221092.tmp' to '../../../../GameDev/UnrealProject/TREKTHERAINBOW/VGDUNRL_TTR_ALPHA/Content/2DSideScroller/Sounds/Rainbow.uasset'
[2018.08.13-17.47.16:609][852]LogSavePackage: Display: Finished SavePackage ../../../../GameDev/UnrealProject/TREKTHERAINBOW/VGDUNRL_TTR_ALPHA/Content/2DSideScroller/Sounds/Rainbow.uasset
[2018.08.13-17.47.18:377][958]LogSlate: Window 'Rainbow - Generic Asset Editor' being destroyed
[2018.08.13-17.47.18:381][958]LogSlate: Window 'Rainbow - Generic Asset Editor' being destroyed
[2018.08.13-17.49.09:221][399]LogSlate: Window 'Create Media Player' being destroyed
[2018.08.13-17.49.46:577][430]LogFileHelpers: Editor autosave (incl. sublevels) for '/Game/2DSideScrollerBP/Maps/SplashScreen' took 0.054
[2018.08.13-17.49.46:597][430]OBJ SavePackage: Generating thumbnails for [0] asset(s) in package [/Game/2DSideScroller/Sounds/NewMediaPlayer] ([1] browsable assets)...
[2018.08.13-17.49.46:597][430]OBJ SavePackage: Finished generating thumbnails for package [/Game/2DSideScroller/Sounds/NewMediaPlayer]
[2018.08.13-17.49.46:620][430]LogSavePackage: Save=17.14ms
[2018.08.13-17.49.46:620][430]LogSavePackage: Moving '../../../../GameDev/UnrealProject/TREKTHERAINBOW/VGDUNRL_TTR_ALPHA/Saved/NewMediaPlayer_Auto189DBCEB64BAE37D00BF14B8702C7F495.tmp' to '../../../../GameDev/UnrealProject/TREKTHERAINBOW/VGDUNRL_TTR_ALPHA/Saved/Autosaves/Game/2DSideScroller/Sounds/NewMediaPlayer_Auto1.uasset'
[2018.08.13-17.49.46:623][430]LogSavePackage: Display: Finished SavePackage ../../../../GameDev/UnrealProject/TREKTHERAINBOW/VGDUNRL_TTR_ALPHA/Saved/Autosaves/Game/2DSideScroller/Sounds/NewMediaPlayer_Auto1.uasset
[2018.08.13-17.49.46:625][430]OBJ SavePackage: Generating thumbnails for [1] asset(s) in package [/Game/2DSideScroller/Sounds/NewMediaPlayer_Video] ([1] browsable assets)...
[2018.08.13-17.49.46:636][430]OBJ SavePackage:     Rendered thumbnail for [MediaTexture /Game/2DSideScroller/Sounds/NewMediaPlayer_Video.NewMediaPlayer_Video]
[2018.08.13-17.49.46:636][430]OBJ SavePackage: Finished generating thumbnails for package [/Game/2DSideScroller/Sounds/NewMediaPlayer_Video]
[2018.08.13-17.49.46:666][430]LogSavePackage: Save=24.66ms
[2018.08.13-17.49.46:666][430]LogSavePackage: Moving '../../../../GameDev/UnrealProject/TREKTHERAINBOW/VGDUNRL_TTR_ALPHA/Saved/NewMediaPlayer_Video_Auto1788ECAEA475CE8DBEED19A98963EF0E0.tmp' to '../../../../GameDev/UnrealProject/TREKTHERAINBOW/VGDUNRL_TTR_ALPHA/Saved/Autosaves/Game/2DSideScroller/Sounds/NewMediaPlayer_Video_Auto1.uasset'
[2018.08.13-17.49.46:668][430]LogSavePackage: Display: Finished SavePackage ../../../../GameDev/UnrealProject/TREKTHERAINBOW/VGDUNRL_TTR_ALPHA/Saved/Autosaves/Game/2DSideScroller/Sounds/NewMediaPlayer_Video_Auto1.uasset
[2018.08.13-17.49.46:668][430]LogFileHelpers: Auto-saving content packages took 0.090
[2018.08.13-17.50.19:177][943]LogSlate: Window 'Delete Assets' being destroyed
[2018.08.13-17.52.08:328][502]LogSlate: Window 'Delete Assets' being destroyed
[2018.08.13-17.52.13:003][638]LogSlate: Window 'Delete Assets' being destroyed
[2018.08.13-17.56.17:507][930]LogSlate: Window 'Create Media Player' being destroyed
[2018.08.13-17.56.35:904][ 26]LogMetaData: Removing '/Game/2DSideScroller/Audio/NewSoundCue.NewSoundCue:SoundCueGraph_0.SoundCueGraphNode_Root_0' ref from Metadata '/Game/2DSideScroller/Sounds/NewSoundCue.PackageMetaData'
[2018.08.13-17.56.35:968][ 26]LogUObjectGlobals: Warning: Failed to find object 'Object /Game/2DSideScroller/Sounds/NewSoundCue.NewSoundCue'
[2018.08.13-17.56.35:990][ 26]Cmd: OBJ SAVEPACKAGE PACKAGE="/Game/2DSideScroller/Audio/NewSoundCue" FILE="../../../../GameDev/UnrealProject/TREKTHERAINBOW/VGDUNRL_TTR_ALPHA/Content/2DSideScroller/Audio/NewSoundCue.uasset" SILENT=true
[2018.08.13-17.56.36:005][ 26]LogSavePackage: Save=11.61ms
[2018.08.13-17.56.36:005][ 26]LogSavePackage: Moving '../../../../GameDev/UnrealProject/TREKTHERAINBOW/VGDUNRL_TTR_ALPHA/Saved/NewSoundCueE2ED588B4DDCBB4945AC9396E4311A80.tmp' to '../../../../GameDev/UnrealProject/TREKTHERAINBOW/VGDUNRL_TTR_ALPHA/Content/2DSideScroller/Audio/NewSoundCue.uasset'
[2018.08.13-17.56.36:012][ 26]LogSavePackage: Display: Finished SavePackage ../../../../GameDev/UnrealProject/TREKTHERAINBOW/VGDUNRL_TTR_ALPHA/Content/2DSideScroller/Audio/NewSoundCue.uasset
[2018.08.13-17.56.36:022][ 26]Cmd: OBJ SAVEPACKAGE PACKAGE="/Game/2DSideScroller/Audio/Rainbow" FILE="../../../../GameDev/UnrealProject/TREKTHERAINBOW/VGDUNRL_TTR_ALPHA/Content/2DSideScroller/Audio/Rainbow.uasset" SILENT=true
[2018.08.13-17.56.36:032][ 26]LogSavePackage: Save=7.51ms
[2018.08.13-17.56.36:032][ 26]LogSavePackage: Moving '../../../../GameDev/UnrealProject/TREKTHERAINBOW/VGDUNRL_TTR_ALPHA/Saved/RainbowF8286E1F468065500D90CC99A0241D59.tmp' to '../../../../GameDev/UnrealProject/TREKTHERAINBOW/VGDUNRL_TTR_ALPHA/Content/2DSideScroller/Audio/Rainbow.uasset'
[2018.08.13-17.56.36:035][ 26]LogSavePackage: Display: Finished SavePackage ../../../../GameDev/UnrealProject/TREKTHERAINBOW/VGDUNRL_TTR_ALPHA/Content/2DSideScroller/Audio/Rainbow.uasset
[2018.08.13-17.56.36:056][ 26]LogSavePackage: Save=7.97ms
[2018.08.13-17.56.36:056][ 26]LogSavePackage: Moving '../../../../GameDev/UnrealProject/TREKTHERAINBOW/VGDUNRL_TTR_ALPHA/Saved/shut-up-wesleyA49CEFF44ABFCFC6385D0D9E28DDC46A.tmp' to '../../../../GameDev/UnrealProject/TREKTHERAINBOW/VGDUNRL_TTR_ALPHA/Content/2DSideScroller/Audio/shut-up-wesley.uasset'
[2018.08.13-17.56.36:059][ 26]LogSavePackage: Display: Finished SavePackage ../../../../GameDev/UnrealProject/TREKTHERAINBOW/VGDUNRL_TTR_ALPHA/Content/2DSideScroller/Audio/shut-up-wesley.uasset
[2018.08.13-17.56.36:076][ 26]LogSavePackage: Save=7.78ms
[2018.08.13-17.56.36:076][ 26]LogSavePackage: Moving '../../../../GameDev/UnrealProject/TREKTHERAINBOW/VGDUNRL_TTR_ALPHA/Saved/tng_torpedo_cleanF7AC06A8446759ABCCC83D820A1D4BE2.tmp' to '../../../../GameDev/UnrealProject/TREKTHERAINBOW/VGDUNRL_TTR_ALPHA/Content/2DSideScroller/Audio/tng_torpedo_clean.uasset'
[2018.08.13-17.56.36:079][ 26]LogSavePackage: Display: Finished SavePackage ../../../../GameDev/UnrealProject/TREKTHERAINBOW/VGDUNRL_TTR_ALPHA/Content/2DSideScroller/Audio/tng_torpedo_clean.uasset
[2018.08.13-17.56.36:101][ 26]LogSavePackage: Save=7.50ms
[2018.08.13-17.56.36:101][ 26]LogSavePackage: Moving '../../../../GameDev/UnrealProject/TREKTHERAINBOW/VGDUNRL_TTR_ALPHA/Saved/tng_transporter6_cleanD69A2A064B74C014F77499B8AD02B339.tmp' to '../../../../GameDev/UnrealProject/TREKTHERAINBOW/VGDUNRL_TTR_ALPHA/Content/2DSideScroller/Audio/tng_transporter6_clean.uasset'
[2018.08.13-17.56.36:104][ 26]LogSavePackage: Display: Finished SavePackage ../../../../GameDev/UnrealProject/TREKTHERAINBOW/VGDUNRL_TTR_ALPHA/Content/2DSideScroller/Audio/tng_transporter6_clean.uasset
[2018.08.13-17.56.36:108][ 26]Cmd: OBJ SAVEPACKAGE PACKAGE="/Game/2DSideScroller/Audio/tos_chirp_2" FILE="../../../../GameDev/UnrealProject/TREKTHERAINBOW/VGDUNRL_TTR_ALPHA/Content/2DSideScroller/Audio/tos_chirp_2.uasset" SILENT=true
[2018.08.13-17.56.36:119][ 26]LogSavePackage: Save=7.45ms
[2018.08.13-17.56.36:119][ 26]LogSavePackage: Moving '../../../../GameDev/UnrealProject/TREKTHERAINBOW/VGDUNRL_TTR_ALPHA/Saved/tos_chirp_2C9F25F9140C168592D806CAD7B0C91CF.tmp' to '../../../../GameDev/UnrealProject/TREKTHERAINBOW/VGDUNRL_TTR_ALPHA/Content/2DSideScroller/Audio/tos_chirp_2.uasset'
[2018.08.13-17.56.36:122][ 26]LogSavePackage: Display: Finished SavePackage ../../../../GameDev/UnrealProject/TREKTHERAINBOW/VGDUNRL_TTR_ALPHA/Content/2DSideScroller/Audio/tos_chirp_2.uasset
[2018.08.13-17.56.36:141][ 26]LogSavePackage: Save=7.35ms
[2018.08.13-17.56.36:141][ 26]LogSavePackage: Moving '../../../../GameDev/UnrealProject/TREKTHERAINBOW/VGDUNRL_TTR_ALPHA/Saved/tos_com_beep_115AB2A8E48658E7A5B1FC487A3D10BE8.tmp' to '../../../../GameDev/UnrealProject/TREKTHERAINBOW/VGDUNRL_TTR_ALPHA/Content/2DSideScroller/Audio/tos_com_beep_1.uasset'
[2018.08.13-17.56.36:144][ 26]LogSavePackage: Display: Finished SavePackage ../../../../GameDev/UnrealProject/TREKTHERAINBOW/VGDUNRL_TTR_ALPHA/Content/2DSideScroller/Audio/tos_com_beep_1.uasset
[2018.08.13-17.56.36:653][ 26]LogFileManager: Warning: Error deleting file: ../../../../GameDev/UnrealProject/TREKTHERAINBOW/VGDUNRL_TTR_ALPHA/Content/2DSideScroller/Sounds/NewSoundCue.uasset (Error Code 32)
[2018.08.13-17.56.47:873][317]LogSlate: Window 'Create Media Player' being destroyed
