Log file open, 08/03/18 15:24:39
LogWindows: Failed to load 'aqProf.dll' (GetLastError=126)
LogWindows: File 'aqProf.dll' does not exist
LogWindows: Failed to load 'VtuneApi.dll' (GetLastError=126)
LogWindows: File 'VtuneApi.dll' does not exist
LogWindows: Failed to load 'VtuneApi32e.dll' (GetLastError=126)
LogWindows: File 'VtuneApi32e.dll' does not exist
LogInit: Display: Running engine for game: VGDUNRL_TTR_ALPHA
LogPlatformFile: Not using cached read wrapper
LogInit: Display: RandInit(566957289) SRandInit(566957289).
LogInit: Read version file with build ID '3944462'
LogInit: Overriding engine version to CL 4033788, compatible CL 3944462
LogInit: Registered custom module enumerator with build ID '3944462'
LogTaskGraph: Started task graph with 5 named threads and 23 total threads with 3 sets of task threads.
LogStats: Stats thread started at 0.273188
LogD3D11RHI: Aftermath initialized
LogICUInternationalization: Display: ICU TimeZone Detection - Raw Offset: -5:00, Platform Override: ''
LogModuleManager: Display: Found up-to-date module file ../../../Engine/Plugins/2D/Paper2D/Binaries/Win64/UE4Editor-Paper2D.dll (API version 3944462).
LogModuleManager: Display: Found up-to-date module file ../../../Engine/Plugins/2D/Paper2D/Binaries/Win64/UE4Editor-Paper2DEditor.dll (API version 3944462).
LogModuleManager: Display: Found up-to-date module file ../../../Engine/Plugins/2D/Paper2D/Binaries/Win64/UE4Editor-PaperSpriteSheetImporter.dll (API version 3944462).
LogModuleManager: Display: Found up-to-date module file ../../../Engine/Plugins/2D/Paper2D/Binaries/Win64/UE4Editor-PaperTiledImporter.dll (API version 3944462).
LogModuleManager: Display: Found up-to-date module file ../../../Engine/Plugins/2D/Paper2D/Binaries/Win64/UE4Editor-SmartSnapping.dll (API version 3944462).
LogModuleManager: Display: Found up-to-date module file ../../../Engine/Plugins/Blendables/LightPropagationVolume/Binaries/Win64/UE4Editor-LightPropagationVolumeRuntime.dll (API version 3944462).
LogModuleManager: Display: Found up-to-date module file ../../../Engine/Plugins/Blendables/LightPropagationVolume/Binaries/Win64/UE4Editor-LightPropagationVolumeEditor.dll (API version 3944462).
LogModuleManager: Display: Found up-to-date module file ../../../Engine/Plugins/Developer/CLionSourceCodeAccess/Binaries/Win64/UE4Editor-CLionSourceCodeAccess.dll (API version 3944462).
LogModuleManager: Display: Found up-to-date module file ../../../Engine/Plugins/Developer/GitSourceControl/Binaries/Win64/UE4Editor-GitSourceControl.dll (API version 3944462).
LogModuleManager: Display: Found up-to-date module file ../../../Engine/Plugins/Developer/PerforceSourceControl/Binaries/Win64/UE4Editor-PerforceSourceControl.dll (API version 3944462).
LogModuleManager: Display: Found up-to-date module file ../../../Engine/Plugins/Developer/SubversionSourceControl/Binaries/Win64/UE4Editor-SubversionSourceControl.dll (API version 3944462).
LogModuleManager: Display: Found up-to-date module file ../../../Engine/Plugins/Developer/UObjectPlugin/Binaries/Win64/UE4Editor-UObjectPlugin.dll (API version 3944462).
LogModuleManager: Display: Found up-to-date module file ../../../Engine/Plugins/Developer/VisualStudioCodeSourceCodeAccess/Binaries/Win64/UE4Editor-VisualStudioCodeSourceCodeAccess.dll (API version 3944462).
LogModuleManager: Display: Found up-to-date module file ../../../Engine/Plugins/Developer/VisualStudioSourceCodeAccess/Binaries/Win64/UE4Editor-VisualStudioSourceCodeAccess.dll (API version 3944462).
LogModuleManager: Display: Found up-to-date module file ../../../Engine/Plugins/Editor/AssetManagerEditor/Binaries/Win64/UE4Editor-AssetManagerEditor.dll (API version 3944462).
LogModuleManager: Display: Found up-to-date module file ../../../Engine/Plugins/Editor/CryptoKeys/Binaries/Win64/UE4Editor-CryptoKeys.dll (API version 3944462).
LogModuleManager: Display: Found up-to-date module file ../../../Engine/Plugins/Editor/CryptoKeys/Binaries/Win64/UE4Editor-CryptoKeysOpenSSL.dll (API version 3944462).
LogModuleManager: Display: Found up-to-date module file ../../../Engine/Plugins/Editor/DataValidation/Binaries/Win64/UE4Editor-DataValidation.dll (API version 3944462).
LogModuleManager: Display: Found up-to-date module file ../../../Engine/Plugins/Editor/FacialAnimation/Binaries/Win64/UE4Editor-FacialAnimation.dll (API version 3944462).
LogModuleManager: Display: Found up-to-date module file ../../../Engine/Plugins/Editor/FacialAnimation/Binaries/Win64/UE4Editor-FacialAnimationEditor.dll (API version 3944462).
LogModuleManager: Display: Found up-to-date module file ../../../Engine/Plugins/Editor/GameplayTagsEditor/Binaries/Win64/UE4Editor-GameplayTagsEditor.dll (API version 3944462).
LogModuleManager: Display: Found up-to-date module file ../../../Engine/Plugins/Editor/MobileLauncherProfileWizard/Binaries/Win64/UE4Editor-MobileLauncherProfileWizard.dll (API version 3944462).
LogModuleManager: Display: Found up-to-date module file ../../../Engine/Plugins/Editor/PluginBrowser/Binaries/Win64/UE4Editor-PluginBrowser.dll (API version 3944462).
LogModuleManager: Display: Found up-to-date module file ../../../Engine/Plugins/Editor/SpeedTreeImporter/Binaries/Win64/UE4Editor-SpeedTreeImporter.dll (API version 3944462).
LogModuleManager: Display: Found up-to-date module file ../../../Engine/Plugins/Enterprise/DatasmithContent/Binaries/Win64/UE4Editor-DatasmithContent.dll (API version 3944462).
LogModuleManager: Display: Found up-to-date module file ../../../Engine/Plugins/Experimental/AlembicImporter/Binaries/Win64/UE4Editor-AlembicImporter.dll (API version 3944462).
LogModuleManager: Display: Found up-to-date module file ../../../Engine/Plugins/Experimental/AlembicImporter/Binaries/Win64/UE4Editor-AlembicLibrary.dll (API version 3944462).
LogModuleManager: Display: Found up-to-date module file ../../../Engine/Plugins/Experimental/CharacterAI/Binaries/Win64/UE4Editor-CharacterAI.dll (API version 3944462).
LogModuleManager: Display: Found up-to-date module file ../../../Engine/Plugins/Experimental/HTML5Networking/Binaries/Win64/UE4Editor-HTML5Networking.dll (API version 3944462).
LogModuleManager: Display: Found up-to-date module file ../../../Engine/Plugins/Media/AndroidMedia/Binaries/Win64/UE4Editor-AndroidMediaEditor.dll (API version 3944462).
LogModuleManager: Display: Found up-to-date module file ../../../Engine/Plugins/Media/AndroidMedia/Binaries/Win64/UE4Editor-AndroidMediaFactory.dll (API version 3944462).
LogModuleManager: Display: Found up-to-date module file ../../../Engine/Plugins/Media/AvfMedia/Binaries/Win64/UE4Editor-AvfMediaEditor.dll (API version 3944462).
LogModuleManager: Display: Found up-to-date module file ../../../Engine/Plugins/Media/AvfMedia/Binaries/Win64/UE4Editor-AvfMediaFactory.dll (API version 3944462).
LogModuleManager: Display: Found up-to-date module file ../../../Engine/Plugins/Media/AvfMedia/Binaries/Win64/UE4Editor-AvfMediaFactory.dll (API version 3944462).
LogModuleManager: Display: Found up-to-date module file ../../../Engine/Plugins/Media/ImgMedia/Binaries/Win64/UE4Editor-ImgMedia.dll (API version 3944462).
LogModuleManager: Display: Found up-to-date module file ../../../Engine/Plugins/Media/ImgMedia/Binaries/Win64/UE4Editor-ImgMediaEditor.dll (API version 3944462).
LogModuleManager: Display: Found up-to-date module file ../../../Engine/Plugins/Media/ImgMedia/Binaries/Win64/UE4Editor-ImgMediaFactory.dll (API version 3944462).
LogModuleManager: Display: Found up-to-date module file ../../../Engine/Plugins/Media/ImgMedia/Binaries/Win64/UE4Editor-ImgMediaFactory.dll (API version 3944462).
LogModuleManager: Display: Found up-to-date module file ../../../Engine/Plugins/Media/ImgMedia/Binaries/Win64/UE4Editor-OpenExrWrapper.dll (API version 3944462).
LogModuleManager: Display: Found up-to-date module file ../../../Engine/Plugins/Media/LinearTimecode/Binaries/Win64/UE4Editor-LinearTimecode.dll (API version 3944462).
LogModuleManager: Display: Found up-to-date module file ../../../Engine/Plugins/Media/MediaCompositing/Binaries/Win64/UE4Editor-MediaCompositing.dll (API version 3944462).
LogModuleManager: Display: Found up-to-date module file ../../../Engine/Plugins/Media/MediaCompositing/Binaries/Win64/UE4Editor-MediaCompositingEditor.dll (API version 3944462).
LogModuleManager: Display: Found up-to-date module file ../../../Engine/Plugins/Media/MediaPlayerEditor/Binaries/Win64/UE4Editor-MediaPlayerEditor.dll (API version 3944462).
LogModuleManager: Display: Found up-to-date module file ../../../Engine/Plugins/Media/WmfMedia/Binaries/Win64/UE4Editor-WmfMedia.dll (API version 3944462).
LogModuleManager: Display: Found up-to-date module file ../../../Engine/Plugins/Media/WmfMedia/Binaries/Win64/UE4Editor-WmfMediaEditor.dll (API version 3944462).
LogModuleManager: Display: Found up-to-date module file ../../../Engine/Plugins/Media/WmfMedia/Binaries/Win64/UE4Editor-WmfMediaFactory.dll (API version 3944462).
LogModuleManager: Display: Found up-to-date module file ../../../Engine/Plugins/Media/WmfMedia/Binaries/Win64/UE4Editor-WmfMediaFactory.dll (API version 3944462).
LogModuleManager: Display: Found up-to-date module file ../../../Engine/Plugins/Messaging/TcpMessaging/Binaries/Win64/UE4Editor-TcpMessaging.dll (API version 3944462).
LogModuleManager: Display: Found up-to-date module file ../../../Engine/Plugins/Messaging/UdpMessaging/Binaries/Win64/UE4Editor-UdpMessaging.dll (API version 3944462).
LogModuleManager: Display: Found up-to-date module file ../../../Engine/Plugins/MovieScene/ActorSequence/Binaries/Win64/UE4Editor-ActorSequence.dll (API version 3944462).
LogModuleManager: Display: Found up-to-date module file ../../../Engine/Plugins/MovieScene/LevelSequenceEditor/Binaries/Win64/UE4Editor-LevelSequenceEditor.dll (API version 3944462).
LogModuleManager: Display: Found up-to-date module file ../../../Engine/Plugins/MovieScene/MatineeToLevelSequence/Binaries/Win64/UE4Editor-MatineeToLevelSequence.dll (API version 3944462).
LogModuleManager: Display: Found up-to-date module file ../../../Engine/Plugins/NetcodeUnitTest/NetcodeUnitTest/Binaries/Win64/UE4Editor-NetcodeUnitTest.dll (API version 3944462).
LogModuleManager: Display: Found up-to-date module file ../../../Engine/Plugins/NetcodeUnitTest/NUTUnrealEngine4/Binaries/Win64/UE4Editor-NUTUnrealEngine4.dll (API version 3944462).
LogModuleManager: Display: Found up-to-date module file ../../../Engine/Plugins/Online/OnlineSubsystem/Binaries/Win64/UE4Editor-OnlineSubsystem.dll (API version 3944462).
LogModuleManager: Display: Found up-to-date module file ../../../Engine/Plugins/Runtime/AndroidPermission/Binaries/Win64/UE4Editor-AndroidPermission.dll (API version 3944462).
LogModuleManager: Display: Found up-to-date module file ../../../Engine/Plugins/Online/OnlineSubsystemNull/Binaries/Win64/UE4Editor-OnlineSubsystemNull.dll (API version 3944462).
LogModuleManager: Display: Found up-to-date module file ../../../Engine/Plugins/Online/OnlineSubsystemUtils/Binaries/Win64/UE4Editor-OnlineSubsystemUtils.dll (API version 3944462).
LogModuleManager: Display: Found up-to-date module file ../../../Engine/Plugins/Online/OnlineSubsystemUtils/Binaries/Win64/UE4Editor-OnlineBlueprintSupport.dll (API version 3944462).
LogModuleManager: Display: Found up-to-date module file ../../../Engine/Plugins/Runtime/AndroidDeviceProfileSelector/Binaries/Win64/UE4Editor-AndroidDeviceProfileSelector.dll (API version 3944462).
LogModuleManager: Display: Found up-to-date module file ../../../Engine/Plugins/Runtime/AppleARKit/Binaries/Win64/UE4Editor-AppleARKit.dll (API version 3944462).
LogModuleManager: Display: Found up-to-date module file ../../../Engine/Plugins/Runtime/ProceduralMeshComponent/Binaries/Win64/UE4Editor-ProceduralMeshComponent.dll (API version 3944462).
LogModuleManager: Display: Found up-to-date module file ../../../Engine/Plugins/Runtime/ProceduralMeshComponent/Binaries/Win64/UE4Editor-ProceduralMeshComponentEditor.dll (API version 3944462).
LogModuleManager: Display: Found up-to-date module file ../../../Engine/Plugins/Animation/LiveLink/Binaries/Win64/UE4Editor-LiveLink.dll (API version 3944462).
LogModuleManager: Display: Found up-to-date module file ../../../Engine/Plugins/Animation/LiveLink/Binaries/Win64/UE4Editor-LiveLinkEditor.dll (API version 3944462).
LogModuleManager: Display: Found up-to-date module file ../../../Engine/Plugins/Runtime/ArchVisCharacter/Binaries/Win64/UE4Editor-ArchVisCharacter.dll (API version 3944462).
LogModuleManager: Display: Found up-to-date module file ../../../Engine/Plugins/Runtime/AudioCapture/Binaries/Win64/UE4Editor-AudioCapture.dll (API version 3944462).
LogModuleManager: Display: Found up-to-date module file ../../../Engine/Plugins/Runtime/AudioCapture/Binaries/Win64/UE4Editor-AudioCaptureEditor.dll (API version 3944462).
LogModuleManager: Display: Found up-to-date module file ../../../Engine/Plugins/Runtime/CableComponent/Binaries/Win64/UE4Editor-CableComponent.dll (API version 3944462).
LogModuleManager: Display: Found up-to-date module file ../../../Engine/Plugins/Runtime/CustomMeshComponent/Binaries/Win64/UE4Editor-CustomMeshComponent.dll (API version 3944462).
LogModuleManager: Display: Found up-to-date module file ../../../Engine/Plugins/Runtime/ExampleDeviceProfileSelector/Binaries/Win64/UE4Editor-ExampleDeviceProfileSelector.dll (API version 3944462).
LogModuleManager: Display: Found up-to-date module file ../../../Engine/Plugins/Runtime/ImmediatePhysics/Binaries/Win64/UE4Editor-ImmediatePhysics.dll (API version 3944462).
LogModuleManager: Display: Found up-to-date module file ../../../Engine/Plugins/Runtime/ImmediatePhysics/Binaries/Win64/UE4Editor-ImmediatePhysicsEditor.dll (API version 3944462).
LogModuleManager: Display: Found up-to-date module file ../../../Engine/Plugins/Runtime/LocationServicesBPLibrary/Binaries/Win64/UE4Editor-LocationServicesBPLibrary.dll (API version 3944462).
LogModuleManager: Display: Found up-to-date module file ../../../Engine/Plugins/Runtime/MobilePatchingUtils/Binaries/Win64/UE4Editor-MobilePatchingUtils.dll (API version 3944462).
LogModuleManager: Display: Found up-to-date module file ../../../Engine/Plugins/Runtime/Oculus/OculusVR/Binaries/Win64/UE4Editor-OculusHMD.dll (API version 3944462).
LogModuleManager: Display: Found up-to-date module file ../../../Engine/Plugins/Runtime/Oculus/OculusVR/Binaries/Win64/UE4Editor-OculusInput.dll (API version 3944462).
LogModuleManager: Display: Found up-to-date module file ../../../Engine/Plugins/Runtime/Oculus/OculusVR/Binaries/Win64/UE4Editor-OculusEditor.dll (API version 3944462).
LogModuleManager: Display: Found up-to-date module file ../../../Engine/Plugins/Runtime/PhysXVehicles/Binaries/Win64/UE4Editor-PhysXVehicles.dll (API version 3944462).
LogModuleManager: Display: Found up-to-date module file ../../../Engine/Plugins/Runtime/PhysXVehicles/Binaries/Win64/UE4Editor-PhysXVehiclesEditor.dll (API version 3944462).
LogModuleManager: Display: Found up-to-date module file ../../../Engine/Plugins/Runtime/RuntimePhysXCooking/Binaries/Win64/UE4Editor-RuntimePhysXCooking.dll (API version 3944462).
LogModuleManager: Display: Found up-to-date module file ../../../Engine/Plugins/Runtime/Steam/SteamVR/Binaries/Win64/UE4Editor-SteamVR.dll (API version 3944462).
LogModuleManager: Display: Found up-to-date module file ../../../Engine/Plugins/Runtime/Steam/SteamVR/Binaries/Win64/UE4Editor-SteamVRController.dll (API version 3944462).
LogModuleManager: Display: Found up-to-date module file ../../../Engine/Plugins/Runtime/WindowsMoviePlayer/Binaries/Win64/UE4Editor-WindowsMoviePlayer.dll (API version 3944462).
LogPluginManager: Mounting plugin Paper2D
LogPluginManager: Mounting plugin LiveLink
LogPluginManager: Mounting plugin LightPropagationVolume
LogPluginManager: Mounting plugin CLionSourceCodeAccess
LogPluginManager: Mounting plugin CodeLiteSourceCodeAccess
LogPluginManager: Mounting plugin GitSourceControl
LogPluginManager: Mounting plugin KDevelopSourceCodeAccess
LogPluginManager: Mounting plugin NullSourceCodeAccess
LogPluginManager: Mounting plugin PerforceSourceControl
LogPluginManager: Mounting plugin SubversionSourceControl
LogPluginManager: Mounting plugin UObjectPlugin
LogPluginManager: Mounting plugin VisualStudioCodeSourceCodeAccess
LogPluginManager: Mounting plugin VisualStudioSourceCodeAccess
LogPluginManager: Mounting plugin XCodeSourceCodeAccess
LogPluginManager: Mounting plugin AssetManagerEditor
LogPluginManager: Mounting plugin CryptoKeys
LogPluginManager: Mounting plugin DataValidation
LogPluginManager: Mounting plugin FacialAnimation
LogPluginManager: Mounting plugin GameplayTagsEditor
LogPluginManager: Mounting plugin MobileLauncherProfileWizard
LogPluginManager: Mounting plugin PluginBrowser
LogPluginManager: Mounting plugin SpeedTreeImporter
LogPluginManager: Mounting plugin DatasmithContent
LogPluginManager: Mounting plugin AlembicImporter
LogPluginManager: Mounting plugin CharacterAI
LogPluginManager: Mounting plugin HTML5Networking
LogPluginManager: Mounting plugin AndroidMedia
LogPluginManager: Mounting plugin AvfMedia
LogPluginManager: Mounting plugin ImgMedia
LogPluginManager: Mounting plugin LinearTimecode
LogPluginManager: Mounting plugin MediaCompositing
LogPluginManager: Mounting plugin MediaPlayerEditor
LogPluginManager: Mounting plugin WmfMedia
LogPluginManager: Mounting plugin TcpMessaging
LogPluginManager: Mounting plugin UdpMessaging
LogPluginManager: Mounting plugin ActorSequence
LogPluginManager: Mounting plugin LevelSequenceEditor
LogPluginManager: Mounting plugin MatineeToLevelSequence
LogPluginManager: Mounting plugin NetcodeUnitTest
LogPluginManager: Mounting plugin NUTUnrealEngine4
LogPluginManager: Mounting plugin OnlineSubsystemGooglePlay
LogPluginManager: Mounting plugin OnlineSubsystemIOS
LogPluginManager: Mounting plugin OnlineSubsystem
LogPluginManager: Mounting plugin OnlineSubsystemNull
LogPluginManager: Mounting plugin OnlineSubsystemUtils
LogPluginManager: Mounting plugin AndroidDeviceProfileSelector
LogPluginManager: Mounting plugin AndroidMoviePlayer
LogPluginManager: Mounting plugin AndroidPermission
LogPluginManager: Mounting plugin AppleARKit
LogPluginManager: Mounting plugin AppleMoviePlayer
LogPluginManager: Mounting plugin ArchVisCharacter
LogPluginManager: Mounting plugin AudioCapture
LogPluginManager: Mounting plugin CableComponent
LogPluginManager: Mounting plugin CustomMeshComponent
LogPluginManager: Mounting plugin ExampleDeviceProfileSelector
LogPluginManager: Mounting plugin GoogleCloudMessaging
LogPluginManager: Mounting plugin ImmediatePhysics
LogPluginManager: Mounting plugin IOSDeviceProfileSelector
LogPluginManager: Mounting plugin LinuxDeviceProfileSelector
LogPluginManager: Mounting plugin LocationServicesBPLibrary
LogPluginManager: Mounting plugin MobilePatchingUtils
LogPluginManager: Mounting plugin OculusVR
LogPluginManager: Plugin shader directory ../../../Engine/Plugins/Runtime/Oculus/OculusVR/Shaders found
LogPluginManager: Mapping shader source directory ../../../Engine/Plugins/Runtime/Oculus/OculusVR/Shaders to virtual directory /Plugin/OculusVR
LogPluginManager: Mounting plugin PhysXVehicles
LogPluginManager: Mounting plugin ProceduralMeshComponent
LogPluginManager: Mounting plugin RuntimePhysXCooking
LogPluginManager: Mounting plugin SteamVR
LogPluginManager: Mounting plugin WindowsMoviePlayer
LogStreaming: Display: Took  1.077s to configure plugins.
LogInit: Using libcurl 7.47.1
LogInit:  - built for x86_64-pc-win32
LogInit:  - supports SSL with OpenSSL/1.0.2g
LogInit:  - supports HTTP deflate (compression) using libz 1.2.8
LogInit:  - other features:
LogInit:      CURL_VERSION_SSL
LogInit:      CURL_VERSION_LIBZ
LogInit:      CURL_VERSION_IPV6
LogInit:      CURL_VERSION_ASYNCHDNS
LogInit:      CURL_VERSION_LARGEFILE
LogInit:      CURL_VERSION_IDN
LogInit:  CurlRequestOptions (configurable via config and command line):
LogInit:  - bVerifyPeer = false  - Libcurl will NOT verify peer certificate
LogInit:  - bUseHttpProxy = false  - Libcurl will NOT use HTTP proxy
LogInit:  - bDontReuseConnections = false  - Libcurl will reuse connections
LogInit:  - CertBundlePath = nullptr  - Libcurl will use whatever was configured at build time.
LogInit:  - MaxHostConnections = 16  - Libcurl will limit the number of connections to a host
LogInit:  - LocalHostAddr = Default
LogInit: WinSock: version 1.1 (2.2), MaxSocks=32767, MaxUdp=65467
LogInit: WinSock: I am DESKTOP-T3RQ42G (10.4.107.28:0)
LogInit: Build: ++UE4+Release-4.19-CL-4033788
LogInit: Engine Version: 4.19.2-4033788+++UE4+Release-4.19
LogInit: Compatible Engine Version: 4.19.0-3944462+++UE4+Release-4.19
LogInit: Net CL: 3944462
LogDevObjectVersion: Number of dev versions registered: 18
LogDevObjectVersion:   Dev-Blueprints (B0D832E4-1F89-4F0D-ACCF-7EB736FD4AA2): 10
LogDevObjectVersion:   Dev-Build (E1C64328-A22C-4D53-A36C-8E866417BD8C): 0
LogDevObjectVersion:   Dev-Core (375EC13C-06E4-48FB-B500-84F0262A717E): 2
LogDevObjectVersion:   Dev-Editor (E4B068ED-F494-42E9-A231-DA0B2E46BB41): 23
LogDevObjectVersion:   Dev-Framework (CFFC743F-43B0-4480-9391-14DF171D2073): 33
LogDevObjectVersion:   Dev-Mobile (B02B49B5-BB20-44E9-A304-32B752E40360): 2
LogDevObjectVersion:   Dev-Networking (A4E4105C-59A1-49B5-A7C5-40C4547EDFEE): 0
LogDevObjectVersion:   Dev-Online (39C831C9-5AE6-47DC-9A44-9C173E1C8E7C): 0
LogDevObjectVersion:   Dev-Physics (78F01B33-EBEA-4F98-B9B4-84EACCB95AA2): 0
LogDevObjectVersion:   Dev-Platform (6631380F-2D4D-43E0-8009-CF276956A95A): 0
LogDevObjectVersion:   Dev-Rendering (12F88B9F-8875-4AFC-A67C-D90C383ABD29): 25
LogDevObjectVersion:   Dev-Sequencer (7B5AE74C-D270-4C10-A958-57980B212A5A): 6
LogDevObjectVersion:   Dev-VR (D7296918-1DD6-4BDD-9DE2-64A83CC13884): 1
LogDevObjectVersion:   Dev-LoadTimes (C2A15278-BFE7-4AFE-6C17-90FF531DF755): 1
LogDevObjectVersion:   Private-Geometry (6EACA3D4-40EC-4CC1-B786-8BED09428FC5): 2
LogDevObjectVersion:   Dev-AnimPhys (29E575DD-E0A3-4627-9D10-D276232CDCEA): 16
LogDevObjectVersion:   Dev-ReflectionCapture (6B266CEC-1EC7-4B8F-A30B-E4D90942FC07): 1
LogDevObjectVersion:   Dev-Automation (0DF73D61-A23F-47EA-B727-89E90C41499A): 1
LogInit: Compiled (64-bit): Apr 27 2018 02:06:57
LogInit: Compiled with Visual C++: 19.00.24215.01
LogInit: Build Configuration: Development
LogInit: Branch Name: ++UE4+Release-4.19
LogInit: Command Line: 
LogInit: Base Directory: D:/Program Files (x86)/UE_4.19/Engine/Binaries/Win64/
LogInit: Installed Engine Build: 1
LogStreaming: Display: Took  0.001s to delete old logs.
LogInit: Presizing for max 8388607 objects, including 0 objects not considered by GC, pre-allocating 0 bytes for permanent pool.
LogInit: Object subsystem initialized
[2018.08.03-19.24.41:007][  0]LogInit: Selected Device Profile: [Windows]
[2018.08.03-19.24.41:007][  0]LogInit: Applying CVar settings loaded from the selected device profile: [Windows]
[2018.08.03-19.24.41:019][  0]LogInit: Computer: DESKTOP-T3RQ42G
[2018.08.03-19.24.41:020][  0]LogInit: User: Andre
[2018.08.03-19.24.41:020][  0]LogInit: CPU Page size=4096, Cores=4
[2018.08.03-19.24.41:020][  0]LogInit: High frequency timer resolution =2.742188 MHz
[2018.08.03-19.24.41:020][  0]LogMemory: Memory total: Physical=15.9GB (16GB approx)
[2018.08.03-19.24.41:020][  0]LogMemory: Platform Memory Stats for Windows
[2018.08.03-19.24.41:020][  0]LogMemory: Process Physical Memory: 275.44 MB used, 275.44 MB peak
[2018.08.03-19.24.41:020][  0]LogMemory: Process Virtual Memory: 276.82 MB used, 276.82 MB peak
[2018.08.03-19.24.41:020][  0]LogMemory: Physical Memory: 6212.38 MB used,  10044.64 MB free, 16257.03 MB total
[2018.08.03-19.24.41:020][  0]LogMemory: Virtual Memory: 4806.19 MB used,  10044.64 MB free, 134217728.00 MB total
[2018.08.03-19.24.41:233][  0]LogInit: Using OS detected language (en-US).
[2018.08.03-19.24.41:233][  0]LogInit: Using OS detected locale (en-CA).
[2018.08.03-19.24.41:237][  0]LogTextLocalizationManager: No specific localization for 'en-US' exists, so the 'en' localization will be used.
[2018.08.03-19.24.41:660][  0]LogStreaming: Display: Took  0.427s to EndInitTextLocalization.
[2018.08.03-19.24.41:660][  0]LogInit: Setting process to per monitor DPI aware
[2018.08.03-19.24.41:697][  0]LogSlate: New Slate User Created.  User Index 0, Is Virtual User: 0
[2018.08.03-19.24.41:697][  0]LogSlate: Slate User Registered.  User Index 0, Is Virtual User: 0
[2018.08.03-19.24.42:006][  0]LogD3D11RHI: D3D11 adapters:
[2018.08.03-19.24.42:067][  0]LogD3D11RHI:    0. 'NVIDIA GeForce GTX 1070' (Feature Level 11_0)
[2018.08.03-19.24.42:067][  0]LogD3D11RHI:       8081/0/8128 MB DedicatedVideo/DedicatedSystem/SharedSystem, Outputs:2, VendorId:0x10de
[2018.08.03-19.24.42:090][  0]LogD3D11RHI:    1. 'Intel(R) HD Graphics 630' (Feature Level 11_0)
[2018.08.03-19.24.42:090][  0]LogD3D11RHI:       128/0/8128 MB DedicatedVideo/DedicatedSystem/SharedSystem, Outputs:0, VendorId:0x8086
[2018.08.03-19.24.42:092][  0]LogD3D11RHI:    2. 'Microsoft Basic Render Driver' (Feature Level 11_0)
[2018.08.03-19.24.42:092][  0]LogD3D11RHI:       0/0/8128 MB DedicatedVideo/DedicatedSystem/SharedSystem, Outputs:0, VendorId:0x1414
[2018.08.03-19.24.42:092][  0]LogD3D11RHI: Chosen D3D11 Adapter: 0
[2018.08.03-19.24.42:099][  0]LogD3D11RHI: Creating new Direct3DDevice
[2018.08.03-19.24.42:099][  0]LogD3D11RHI:     GPU DeviceId: 0x1be1 (for the marketing name, search the web for "GPU Device Id")
[2018.08.03-19.24.42:099][  0]LogWindows: EnumDisplayDevices:
[2018.08.03-19.24.42:099][  0]LogWindows:    0. 'NVIDIA GeForce GTX 1070' (P:1 D:1)
[2018.08.03-19.24.42:099][  0]LogWindows:    1. 'NVIDIA GeForce GTX 1070' (P:0 D:1)
[2018.08.03-19.24.42:099][  0]LogWindows:    2. 'NVIDIA GeForce GTX 1070' (P:0 D:0)
[2018.08.03-19.24.42:100][  0]LogWindows:    3. 'NVIDIA GeForce GTX 1070' (P:0 D:0)
[2018.08.03-19.24.42:100][  0]LogWindows:    4. 'Intel(R) HD Graphics 630' (P:0 D:0)
[2018.08.03-19.24.42:100][  0]LogWindows:    5. 'Intel(R) HD Graphics 630' (P:0 D:0)
[2018.08.03-19.24.42:100][  0]LogWindows:    6. 'Intel(R) HD Graphics 630' (P:0 D:0)
[2018.08.03-19.24.42:100][  0]LogWindows: DebugString: GetVideoDriverDetailsInvalid PrimaryIsNotTheChoosenAdapter GetVideoDriverDetailsInvalid PrimaryIsNotTheChoosenAdapter GetVideoDriverDetailsInvalid PrimaryIsNotTheChoosenAdapter GetVideoDriverDetailsInvalid PrimaryIsNotTheChoosenAdapter GetVideoDriverDetailsInvalid PrimaryIsNotTheChoosenAdapter GetVideoDriverDetailsInvalid PrimaryIsNotTheChoosenAdapter GetVideoDriverDetailsInvalid PrimaryIsNotTheChoosenAdapter FoundDriverCount:0 
[2018.08.03-19.24.42:100][  0]LogD3D11RHI:     Adapter Name: NVIDIA GeForce GTX 1070
[2018.08.03-19.24.42:100][  0]LogD3D11RHI:   Driver Version: Unknown (internal:Unknown, unified:Unknown)
[2018.08.03-19.24.42:100][  0]LogD3D11RHI:      Driver Date: Unknown
[2018.08.03-19.24.42:100][  0]LogRHI: Texture pool is 5656 MB (70% of 8081 MB)
[2018.08.03-19.24.42:135][  0]LogD3D11RHI: [Aftermath] Aftermath enabled and primed
[2018.08.03-19.24.42:135][  0]LogD3D11RHI: [Aftermath] Aftermath enabled and primed
[2018.08.03-19.24.42:135][  0]LogD3D11RHI: Async texture creation enabled
[2018.08.03-19.24.42:167][  0]LogD3D11RHI: GPU Timing Frequency: 1000.000000 (Debug: 2 2)
[2018.08.03-19.24.42:270][  0]LogShaderCompilers: Guid format shader working directory is -21 characters bigger than the processId version (../../../../../UDV/Unreal Projects/TREKTHERAINBOW/VGDUNRL_TTR_ALPHA/Intermediate/Shaders/WorkingDirectory/9832/).
[2018.08.03-19.24.42:270][  0]LogShaderCompilers: Cleaned the shader compiler working directory 'C:/Users/Andre/AppData/Local/Temp/UnrealShaderWorkingDir/7CCC4BC74B83F4DACDAEF2A83633148F/'.
[2018.08.03-19.24.42:509][  0]LogTemp: Display: Loaded TP AllDesktopTargetPlatform
[2018.08.03-19.24.42:524][  0]LogTemp: Display: Loaded TP MacClientTargetPlatform
[2018.08.03-19.24.42:538][  0]LogTemp: Display: Loaded TP MacNoEditorTargetPlatform
[2018.08.03-19.24.42:552][  0]LogTemp: Display: Loaded TP MacServerTargetPlatform
[2018.08.03-19.24.42:566][  0]LogTemp: Display: Loaded TP MacTargetPlatform
[2018.08.03-19.24.42:580][  0]LogTemp: Display: Loaded TP WindowsClientTargetPlatform
[2018.08.03-19.24.42:595][  0]LogTemp: Display: Loaded TP WindowsNoEditorTargetPlatform
[2018.08.03-19.24.42:610][  0]LogTemp: Display: Loaded TP WindowsServerTargetPlatform
[2018.08.03-19.24.42:617][  0]LogTemp: Display: Loaded TP WindowsTargetPlatform
[2018.08.03-19.24.42:629][  0]LogTemp: Display: Loaded TP Android_ASTCTargetPlatform
[2018.08.03-19.24.42:642][  0]LogTemp: Display: Loaded TP Android_ATCTargetPlatform
[2018.08.03-19.24.42:656][  0]LogTemp: Display: Loaded TP Android_DXTTargetPlatform
[2018.08.03-19.24.42:669][  0]LogTemp: Display: Loaded TP Android_ETC1aTargetPlatform
[2018.08.03-19.24.42:682][  0]LogTemp: Display: Loaded TP Android_ETC1TargetPlatform
[2018.08.03-19.24.42:694][  0]LogTemp: Display: Loaded TP Android_ETC2TargetPlatform
[2018.08.03-19.24.42:720][  0]LogTemp: Display: Loaded TP Android_MultiTargetPlatform
[2018.08.03-19.24.42:720][  0]LogTemp: Display: Loaded TP Android_PVRTCTargetPlatform
[2018.08.03-19.24.42:734][  0]LogTemp: Display: Loaded TP AndroidTargetPlatform
[2018.08.03-19.24.42:735][  0]LogTemp: Display: Loaded TP HTML5TargetPlatform
[2018.08.03-19.24.42:773][  0]LogTemp: Display: Loaded TP IOSTargetPlatform
[2018.08.03-19.24.42:787][  0]LogTemp: Display: Loaded TP TVOSTargetPlatform
[2018.08.03-19.24.42:800][  0]LogTemp: Display: Loaded TP LinuxClientTargetPlatform
[2018.08.03-19.24.42:815][  0]LogTemp: Display: Loaded TP LinuxNoEditorTargetPlatform
[2018.08.03-19.24.42:830][  0]LogTemp: Display: Loaded TP LinuxServerTargetPlatform
[2018.08.03-19.24.42:843][  0]LogTemp: Display: Loaded TP LinuxTargetPlatform
[2018.08.03-19.24.42:843][  0]LogTargetPlatformManager: Display: Building Assets For Windows
[2018.08.03-19.24.42:947][  0]LogXGEController: Cannot use XGE Controller as Incredibuild is not installed on this machine.
[2018.08.03-19.24.42:948][  0]LogShaderCompilers: Cannot use XGE Shader Compiler as Incredibuild is not installed on this machine.
[2018.08.03-19.24.42:948][  0]LogShaderCompilers: Display: Using Local Shader Compiler.
[2018.08.03-19.24.43:597][  0]LogDerivedDataCache: Display: Max Cache Size: 512 MB
[2018.08.03-19.24.43:657][  0]LogDerivedDataCache: Loaded boot cache 0.06s 74MB C:/Users/Andre/AppData/Local/UnrealEngine/4.19/DerivedDataCache/Boot.ddc.
[2018.08.03-19.24.43:657][  0]LogDerivedDataCache: Display: Loaded Boot cache: C:/Users/Andre/AppData/Local/UnrealEngine/4.19/DerivedDataCache/Boot.ddc
[2018.08.03-19.24.43:657][  0]LogDerivedDataCache: FDerivedDataBackendGraph:  Pak pak cache file ../../../../../UDV/Unreal Projects/TREKTHERAINBOW/VGDUNRL_TTR_ALPHA/DerivedDataCache/DDC.ddp not found, will not use a pak cache.
[2018.08.03-19.24.43:657][  0]LogDerivedDataCache: Unable to find inner node Pak for hierarchical cache Hierarchy.
[2018.08.03-19.24.43:657][  0]LogDerivedDataCache: FDerivedDataBackendGraph:  CompressedPak pak cache file ../../../../../UDV/Unreal Projects/TREKTHERAINBOW/VGDUNRL_TTR_ALPHA/DerivedDataCache/Compressed.ddp not found, will not use a pak cache.
[2018.08.03-19.24.43:658][  0]LogDerivedDataCache: Unable to find inner node CompressedPak for hierarchical cache Hierarchy.
[2018.08.03-19.24.43:673][  0]LogDerivedDataCache: Display: Pak cache opened for reading ../../../Engine/DerivedDataCache/Compressed.ddp.
[2018.08.03-19.24.43:685][  0]LogDerivedDataCache: Using Local data cache path C:/Users/Andre/AppData/Local/UnrealEngine/Common/DerivedDataCache: Writable
[2018.08.03-19.24.43:685][  0]LogDerivedDataCache: Shared data cache path not found in *engine.ini, will not use an Shared cache.
[2018.08.03-19.24.43:685][  0]LogDerivedDataCache: Unable to find inner node Shared for hierarchical cache Hierarchy.
[2018.08.03-19.24.43:696][  0]LogMaterial: Verifying Global Shaders for PCD3D_SM5
[2018.08.03-19.24.43:696][  0]LogSlate: Using Freetype 2.6.0
[2018.08.03-19.24.43:697][  0]LogSlate: SlateFontCache - WITH_FREETYPE: 1, WITH_HARFBUZZ: 1
[2018.08.03-19.24.43:697][  0]LogSlate: SlateFontCache - WITH_FREETYPE: 1, WITH_HARFBUZZ: 1
[2018.08.03-19.24.43:830][  0]LogAssetRegistry: FAssetRegistry took 0.0266 seconds to start up
[2018.08.03-19.24.44:192][  0]LogInit: Selected Device Profile: [Windows]
[2018.08.03-19.24.44:348][  0]LogSimplygon: Simplygon DLL not present - disabling.
[2018.08.03-19.24.44:351][  0]LogMeshReduction: Using SimplygonSwarm for distributed automatic mesh merging
[2018.08.03-19.24.44:351][  0]LogMeshReduction: Using QuadricMeshReduction for automatic static mesh reduction
[2018.08.03-19.24.44:351][  0]LogMeshReduction: No automatic skeletal mesh reduction module available
[2018.08.03-19.24.44:351][  0]LogMeshReduction: No automatic mesh merging module available
[2018.08.03-19.24.44:351][  0]LogMeshMerging: No automatic mesh merging module available
[2018.08.03-19.24.44:391][  0]LogNetVersion: VGDUNRL_TTR_ALPHA , NetCL: 3944462, EngineNetVer: 2, GameNetVer: 0 (Checksum: 625581311)
[2018.08.03-19.24.44:896][  0]LogPackageLocalizationCache: Processed 9 localized package path(s) for 2 prioritized culture(s) in 0.100247 seconds
[2018.08.03-19.24.44:903][  0]LogUObjectArray: 36728 objects as part of root set at end of initial load.
[2018.08.03-19.24.44:903][  0]LogUObjectAllocator: 7314312 out of 0 bytes used by permanent object pool.
[2018.08.03-19.24.44:903][  0]LogUObjectArray: CloseDisregardForGC: 0/0 objects in disregard for GC pool
[2018.08.03-19.24.46:733][  0]LogTcpMessaging: Initializing TcpMessaging bridge
[2018.08.03-19.24.46:766][  0]LogUdpMessaging: Initializing bridge on interface 0.0.0.0:0 to multicast group 230.0.0.1:6666.
[2018.08.03-19.24.47:161][  0]SourceControl: Source control is disabled
[2018.08.03-19.24.47:161][  0]SourceControl: Source control is disabled
[2018.08.03-19.24.47:181][  0]SourceControl: Source control is disabled
[2018.08.03-19.24.47:201][  0]SourceControl: Source control is disabled
[2018.08.03-19.24.47:742][  0]LogAndroidPermission: UAndroidPermissionCallbackProxy::GetInstance
[2018.08.03-19.24.47:920][  0]LogOcInput: OculusInput pre-init called
[2018.08.03-19.24.48:033][  0]LogEngine: Initializing Engine...
[2018.08.03-19.24.48:035][  0]LogHMD: Failed to initialize OpenVR with code 110
[2018.08.03-19.24.48:036][  0]LogStats: UGameplayTagsManager::ConstructGameplayTagTree: Construct from data asset -  0.000 s
[2018.08.03-19.24.48:036][  0]LogStats: UGameplayTagsManager::ConstructGameplayTagTree: GameplayTagTreeChangedEvent.Broadcast -  0.000 s
[2018.08.03-19.24.48:258][  0]LogAIModule: Creating AISystem for world Untitled
[2018.08.03-19.24.48:273][  0]LogInit: XAudio2 using 'Speakers / Headphones (Realtek Audio)' : 6 channels at 48 kHz using 32 bits per sample (channel mask 0x3f)
[2018.08.03-19.24.48:773][  0]LogInit: FAudioDevice initialized.
[2018.08.03-19.24.48:857][  0]LogDerivedDataCache: Saved boot cache 0.08s 74MB C:/Users/Andre/AppData/Local/UnrealEngine/4.19/DerivedDataCache/Boot.ddc.
[2018.08.03-19.24.48:873][  0]LogInit: Texture streaming: Enabled
[2018.08.03-19.24.48:885][  0]LogEngineSessionManager: EngineSessionManager initialized
[2018.08.03-19.24.48:896][  0]LogInit: Transaction tracking system initialized
[2018.08.03-19.24.48:912][  0]BlueprintLog: New page: Editor Load
[2018.08.03-19.24.48:966][  0]LocalizationService: Localization service is disabled
[2018.08.03-19.24.49:080][  0]LogConsoleResponse: Display: 
[2018.08.03-19.24.49:248][  0]LogCook: Display: Max memory allowance for cook 16384mb min free memory 0mb
[2018.08.03-19.24.49:248][  0]LogCook: Display: Mobile HDR setting 1
[2018.08.03-19.24.49:248][  0]LogGameplayTags: Display: UGameplayTagsManager::DoneAddingNativeTags. DelegateIsBound: 0
[2018.08.03-19.24.49:248][  0]LogStats: UGameplayTagsManager::ConstructGameplayTagTree: Construct from data asset -  0.000 s
[2018.08.03-19.24.49:248][  0]LogStats: UGameplayTagsManager::ConstructGameplayTagTree: GameplayTagTreeChangedEvent.Broadcast -  0.000 s
[2018.08.03-19.24.49:660][  0]LogFileCache: Scanning file cache for directory 'D:/UDV/Unreal Projects/TREKTHERAINBOW/VGDUNRL_TTR_ALPHA/Content/' took 0.01s
[2018.08.03-19.24.49:660][  0]SourceControl: Source control is disabled
[2018.08.03-19.24.49:660][  0]Cmd: MAP LOAD FILE="../../../../../UDV/Unreal Projects/TREKTHERAINBOW/VGDUNRL_TTR_ALPHA/Content/2DSideScrollerBP/Maps/SplashScreen.umap" TEMPLATE=0 SHOWPROGRESS=1 FEATURELEVEL=3
[2018.08.03-19.24.49:660][  0]LightingResults: New page: Lighting Build
[2018.08.03-19.24.49:662][  0]MapCheck: New page: Map Check
[2018.08.03-19.24.49:662][  0]LightingResults: New page: Lighting Build
[2018.08.03-19.24.49:682][  0]LogUObjectGlobals: Created PersistentFrame Addr=0x000002b7b02ee290, Size=16, Default__SplashScreen_C Function /Game/2DSideScrollerBP/Maps/SplashScreen.SplashScreen_C:ExecuteUbergraph_SplashScreen
[2018.08.03-19.24.49:683][  0]LogUObjectGlobals: Destroyed PersistentFrame Addr=0x000002b7b02ee290, Size=16
[2018.08.03-19.24.49:683][  0]LogUObjectGlobals: Created PersistentFrame Addr=0x000002b7b02ee290, Size=16, Default__SplashScreen_C Function /Engine/Transient.REINST_SplashScreen_C_2:ExecuteUbergraph_SplashScreen
[2018.08.03-19.24.49:684][  0]LogUObjectGlobals: Created PersistentFrame Addr=0x000002b7b02ee510, Size=16, Default__SplashScreen_C Function /Game/2DSideScrollerBP/Maps/SplashScreen.SplashScreen_C:ExecuteUbergraph_SplashScreen
[2018.08.03-19.24.49:690][  0]LogAIModule: Creating AISystem for world SplashScreen
[2018.08.03-19.24.49:691][  0]LogEditorServer: Finished looking for orphan Actors (0.000 secs)
[2018.08.03-19.24.49:702][  0]LogUObjectGlobals: Destroyed PersistentFrame Addr=0x000002b7b02ee290, Size=16
[2018.08.03-19.24.49:702][  0]Cmd: MAP CHECKDEP NOCLEARLOG
[2018.08.03-19.24.49:756][  0]MapCheck: Map check complete: 0 Error(s), 0 Warning(s), took 53.678ms to complete.
[2018.08.03-19.24.49:756][  0]LogFileHelpers: Loading map 'SplashScreen' took 0.097
[2018.08.03-19.24.49:929][  0]LogCollectionManager: Loaded 0 collections in 0.001211 seconds
[2018.08.03-19.24.49:972][  0]LogFileCache: Scanning file cache for directory 'D:/UDV/Unreal Projects/TREKTHERAINBOW/VGDUNRL_TTR_ALPHA/Saved/Collections/' took 0.01s
[2018.08.03-19.24.49:972][  0]LogFileCache: Scanning file cache for directory 'D:/UDV/Unreal Projects/TREKTHERAINBOW/VGDUNRL_TTR_ALPHA/Content/Developers/Andre/Collections/' took 0.01s
[2018.08.03-19.24.49:972][  0]LogFileCache: Scanning file cache for directory 'D:/UDV/Unreal Projects/TREKTHERAINBOW/VGDUNRL_TTR_ALPHA/Content/Collections/' took 0.01s
[2018.08.03-19.24.49:972][  0]LogCollectionManager: Rebuilt the GUID cache for 0 collections in 0.000000 seconds
[2018.08.03-19.24.49:982][  0]LogContentBrowser: Native class hierarchy populated in 0.0099 seconds. Added 2452 classes and 558 folders.
[2018.08.03-19.24.49:989][  0]LogContentBrowser: Native class hierarchy updated for 'WidgetCarousel' in 0.0002 seconds. Added 0 classes and 0 folders.
[2018.08.03-19.24.50:050][  0]LogContentBrowser: Native class hierarchy updated for 'AddContentDialog' in 0.0003 seconds. Added 0 classes and 0 folders.
[2018.08.03-19.24.50:054][  0]LogContentBrowser: Native class hierarchy updated for 'SceneOutliner' in 0.0003 seconds. Added 1 classes and 2 folders.
[2018.08.03-19.24.50:070][  0]LogSlate: Took 0.000296 seconds to synchronously load lazily loaded font '../../../Engine/Content/Slate/Fonts/Roboto-Regular.ttf' (155K)
[2018.08.03-19.24.50:073][  0]LogSlate: Took 0.000318 seconds to synchronously load lazily loaded font '../../../Engine/Content/Slate/Fonts/Roboto-Bold.ttf' (160K)
[2018.08.03-19.24.50:081][  0]LogSlate: Took 0.000335 seconds to synchronously load lazily loaded font '../../../Engine/Content/Editor/Slate/Fonts/FontAwesome.ttf' (139K)
[2018.08.03-19.24.50:187][  0]LogRenderer: Reallocating scene render targets to support 1072x496 Format 10 NumSamples 1 (Frame:1).
[2018.08.03-19.24.50:294][  0]LogContentBrowser: Native class hierarchy updated for 'HierarchicalLODOutliner' in 0.0003 seconds. Added 0 classes and 0 folders.
[2018.08.03-19.24.50:294][  0]LogLoad: (Engine Initialization) Total time: 11.88 seconds
[2018.08.03-19.24.50:294][  0]LogLoad: (Engine Initialization) Total Blueprint compile time: 0.00 seconds
[2018.08.03-19.24.50:306][  0]LogWindowsTextInputMethodSystem: Display: IME system now deactivated.
[2018.08.03-19.24.50:338][  0]LogContentStreaming: Texture pool size now 1000 MB
[2018.08.03-19.24.50:408][  1]LogFileCache: Retrieving MD5 hashes for directory 'D:/UDV/Unreal Projects/TREKTHERAINBOW/VGDUNRL_TTR_ALPHA/Content/' took 0.09s
[2018.08.03-19.24.50:417][  1]LogAssetRegistry: Asset discovery search completed in 6.6090 seconds
[2018.08.03-19.24.50:419][  1]LogCollectionManager: Rebuilt the object cache for 0 collections in 0.000000 seconds (found 0 objects)
[2018.08.03-19.24.50:419][  1]LogCollectionManager: Fixed up redirectors for 0 collections in 0.000043 seconds (updated 0 objects)
[2018.08.03-19.25.30:034][ 89]LogSlate: FSceneViewport::OnFocusLost() reason 2
[2018.08.03-19.25.43:577][686]LogSlate: FSceneViewport::OnFocusLost() reason 0
[2018.08.03-19.25.45:950][970]LogSlate: Took 0.000235 seconds to synchronously load lazily loaded font '../../../Engine/Content/Slate/Fonts/Roboto-Light.ttf' (167K)
[2018.08.03-19.25.46:038][970]LogUObjectGlobals: Created PersistentFrame Addr=0x000002b7bcb21780, Size=352, Default__2DSideScrollerCharacter_C Function /Game/2DSideScrollerBP/Blueprints/2DSideScrollerCharacter.2DSideScrollerCharacter_C:ExecuteUbergraph_2DSideScrollerCharacter
[2018.08.03-19.25.46:044][970]LogUObjectGlobals: Destroyed PersistentFrame Addr=0x000002b7bcb21780, Size=352
[2018.08.03-19.25.46:044][970]LogUObjectGlobals: Created PersistentFrame Addr=0x000002b7bcb2a380, Size=352, Default__2DSideScrollerCharacter_C Function /Engine/Transient.REINST_2DSideScrollerCharacter_C_6:ExecuteUbergraph_2DSideScrollerCharacter
[2018.08.03-19.25.46:050][970]LogUObjectGlobals: Created PersistentFrame Addr=0x000002b7afe1ef80, Size=352, Default__2DSideScrollerCharacter_C Function /Game/2DSideScrollerBP/Blueprints/2DSideScrollerCharacter.2DSideScrollerCharacter_C:ExecuteUbergraph_2DSideScrollerCharacter
[2018.08.03-19.25.46:058][970]LogUObjectGlobals: Created PersistentFrame Addr=0x000002b7bca5fb00, Size=40, Default__2DSideScrollerGameMode_C Function /Game/2DSideScrollerBP/Blueprints/2DSideScrollerGameMode.2DSideScrollerGameMode_C:ExecuteUbergraph_2DSideScrollerGameMode
[2018.08.03-19.25.46:058][970]LogUObjectGlobals: Created PersistentFrame Addr=0x000002b7bca7f9d0, Size=16, Default__GameHUD_C Function /Game/2DSideScrollerBP/Blueprints/GameHUD.GameHUD_C:ExecuteUbergraph_GameHUD
[2018.08.03-19.25.46:059][970]LogUObjectGlobals: Created PersistentFrame Addr=0x000002b7bc9f3580, Size=88, Default__GameUI_C Function /Game/2DSideScrollerBP/Blueprints/GameUI.GameUI_C:ExecuteUbergraph_GameUI
[2018.08.03-19.25.46:077][970]LogUObjectGlobals: Destroyed PersistentFrame Addr=0x000002b7bca7f9d0, Size=16
[2018.08.03-19.25.46:077][970]LogUObjectGlobals: Created PersistentFrame Addr=0x000002b7bca7f9d0, Size=16, Default__GameHUD_C Function /Engine/Transient.REINST_GameHUD_C_9:ExecuteUbergraph_GameHUD
[2018.08.03-19.25.46:077][970]LogUObjectGlobals: Destroyed PersistentFrame Addr=0x000002b7bca5fb00, Size=40
[2018.08.03-19.25.46:077][970]LogUObjectGlobals: Created PersistentFrame Addr=0x000002b7bca5fb00, Size=40, Default__2DSideScrollerGameMode_C Function /Engine/Transient.REINST_2DSideScrollerGameMode_C_10:ExecuteUbergraph_2DSideScrollerGameMode
[2018.08.03-19.25.46:077][970]LogUObjectGlobals: Destroyed PersistentFrame Addr=0x000002b7bc9f3580, Size=88
[2018.08.03-19.25.46:077][970]LogUObjectGlobals: Created PersistentFrame Addr=0x000002b7bc9f3580, Size=88, Default__GameUI_C Function /Engine/Transient.REINST_GameUI_C_1:ExecuteUbergraph_GameUI
[2018.08.03-19.25.46:082][970]LogUObjectGlobals: Created PersistentFrame Addr=0x000002b7bca5fce0, Size=40, Default__2DSideScrollerGameMode_C Function /Game/2DSideScrollerBP/Blueprints/2DSideScrollerGameMode.2DSideScrollerGameMode_C:ExecuteUbergraph_2DSideScrollerGameMode
[2018.08.03-19.25.46:083][970]LogUObjectGlobals: Created PersistentFrame Addr=0x000002b7bc9f0d60, Size=88, Default__GameUI_C Function /Game/2DSideScrollerBP/Blueprints/GameUI.GameUI_C:ExecuteUbergraph_GameUI
[2018.08.03-19.25.46:105][970]LogUObjectGlobals: Created PersistentFrame Addr=0x000002b7bc9b2200, Size=360, Default__BP_PointPlatform_C Function /Game/2DSideScrollerBP/Blueprints/BP_PointPlatform.BP_PointPlatform_C:ExecuteUbergraph_BP_PointPlatform
[2018.08.03-19.25.46:107][970]LogUObjectGlobals: Destroyed PersistentFrame Addr=0x000002b7bc9b2200, Size=360
[2018.08.03-19.25.46:107][970]LogUObjectGlobals: Created PersistentFrame Addr=0x000002b7bc8ec100, Size=360, Default__BP_PointPlatform_C Function /Engine/Transient.REINST_BP_PointPlatform_C_19:ExecuteUbergraph_BP_PointPlatform
[2018.08.03-19.25.46:109][970]LogUObjectGlobals: Created PersistentFrame Addr=0x000002b7bc8cf580, Size=360, Default__BP_PointPlatform_C Function /Game/2DSideScrollerBP/Blueprints/BP_PointPlatform.BP_PointPlatform_C:ExecuteUbergraph_BP_PointPlatform
[2018.08.03-19.25.46:114][970]LogUObjectGlobals: Created PersistentFrame Addr=0x000002b7bc91fc40, Size=164, Default__BP_RotatingPlatform_C Function /Game/2DSideScrollerBP/Blueprints/BP_RotatingPlatform.BP_RotatingPlatform_C:ExecuteUbergraph_BP_RotatingPlatform
[2018.08.03-19.25.46:115][970]LogUObjectGlobals: Destroyed PersistentFrame Addr=0x000002b7bc91fc40, Size=164
[2018.08.03-19.25.46:115][970]LogUObjectGlobals: Created PersistentFrame Addr=0x000002b7bc91fc40, Size=164, Default__BP_RotatingPlatform_C Function /Engine/Transient.REINST_BP_RotatingPlatform_C_21:ExecuteUbergraph_BP_RotatingPlatform
[2018.08.03-19.25.46:116][970]LogUObjectGlobals: Created PersistentFrame Addr=0x000002b7bc91fd00, Size=164, Default__BP_RotatingPlatform_C Function /Game/2DSideScrollerBP/Blueprints/BP_RotatingPlatform.BP_RotatingPlatform_C:ExecuteUbergraph_BP_RotatingPlatform
[2018.08.03-19.25.46:131][970]LogUObjectGlobals: Created PersistentFrame Addr=0x000002b7bca13e00, Size=248, Default__BP_Spring_C Function /Game/2DSideScrollerBP/Blueprints/BP_Spring.BP_Spring_C:ExecuteUbergraph_BP_Spring
[2018.08.03-19.25.46:134][970]LogUObjectGlobals: Destroyed PersistentFrame Addr=0x000002b7bca13e00, Size=248
[2018.08.03-19.25.46:134][970]LogUObjectGlobals: Created PersistentFrame Addr=0x000002b7bca13e00, Size=248, Default__BP_Spring_C Function /Engine/Transient.REINST_BP_Spring_C_23:ExecuteUbergraph_BP_Spring
[2018.08.03-19.25.46:137][970]LogUObjectGlobals: Created PersistentFrame Addr=0x000002b7bca09400, Size=248, Default__BP_Spring_C Function /Game/2DSideScrollerBP/Blueprints/BP_Spring.BP_Spring_C:ExecuteUbergraph_BP_Spring
[2018.08.03-19.25.46:163][970]LogUObjectGlobals: Created PersistentFrame Addr=0x000002b7ef7b3d80, Size=72, Default__BP_Teleporter_2_C Function /Game/2DSideScrollerBP/Blueprints/BP_Teleporter_2.BP_Teleporter_2_C:ExecuteUbergraph_BP_Teleporter_2
[2018.08.03-19.25.46:166][970]LogUObjectGlobals: Destroyed PersistentFrame Addr=0x000002b7ef7b3d80, Size=72
[2018.08.03-19.25.46:166][970]LogUObjectGlobals: Created PersistentFrame Addr=0x000002b7ef7b2bb0, Size=72, Default__BP_Teleporter_2_C Function /Engine/Transient.REINST_BP_Teleporter_2_C_25:ExecuteUbergraph_BP_Teleporter_2
[2018.08.03-19.25.46:169][970]LogUObjectGlobals: Created PersistentFrame Addr=0x000002b7ef7b1530, Size=72, Default__BP_Teleporter_2_C Function /Game/2DSideScrollerBP/Blueprints/BP_Teleporter_2.BP_Teleporter_2_C:ExecuteUbergraph_BP_Teleporter_2
[2018.08.03-19.25.46:204][970]LogUObjectGlobals: Created PersistentFrame Addr=0x000002b7ef44d6e0, Size=216, Default__BP_TheBlob_Hopper_C Function /Game/2DSideScrollerBP/Blueprints/BP_TheBlob_Hopper.BP_TheBlob_Hopper_C:ExecuteUbergraph_BP_TheBlob_Hopper
[2018.08.03-19.25.46:208][970]LogUObjectGlobals: Destroyed PersistentFrame Addr=0x000002b7ef44d6e0, Size=216
[2018.08.03-19.25.46:208][970]LogUObjectGlobals: Created PersistentFrame Addr=0x000002b7ef44d6e0, Size=216, Default__BP_TheBlob_Hopper_C Function /Engine/Transient.REINST_BP_TheBlob_Hopper_C_27:ExecuteUbergraph_BP_TheBlob_Hopper
[2018.08.03-19.25.46:212][970]LogUObjectGlobals: Created PersistentFrame Addr=0x000002b7ef40b120, Size=216, Default__BP_TheBlob_Hopper_C Function /Game/2DSideScrollerBP/Blueprints/BP_TheBlob_Hopper.BP_TheBlob_Hopper_C:ExecuteUbergraph_BP_TheBlob_Hopper
[2018.08.03-19.25.46:224][970]LogUObjectGlobals: Created PersistentFrame Addr=0x000002b7ef826d68, Size=56, Default__Collectables_C Function /Game/2DSideScrollerBP/Blueprints/Collectables.Collectables_C:ExecuteUbergraph_Collectables
[2018.08.03-19.25.46:226][970]LogUObjectGlobals: Destroyed PersistentFrame Addr=0x000002b7ef826d68, Size=56
[2018.08.03-19.25.46:226][970]LogUObjectGlobals: Created PersistentFrame Addr=0x000002b7ef826d68, Size=56, Default__Collectables_C Function /Engine/Transient.REINST_Collectables_C_31:ExecuteUbergraph_Collectables
[2018.08.03-19.25.46:227][970]LogUObjectGlobals: Created PersistentFrame Addr=0x000002b7ef8269b0, Size=56, Default__Collectables_C Function /Game/2DSideScrollerBP/Blueprints/Collectables.Collectables_C:ExecuteUbergraph_Collectables
[2018.08.03-19.25.46:241][970]LogUObjectGlobals: Created PersistentFrame Addr=0x000002b7ef78d000, Size=480, Default__TheCloud_C Function /Game/2DSideScrollerBP/Blueprints/TheCloud.TheCloud_C:ExecuteUbergraph_TheCloud
[2018.08.03-19.25.46:246][970]LogUObjectGlobals: Destroyed PersistentFrame Addr=0x000002b7ef78d000, Size=480
[2018.08.03-19.25.46:246][970]LogUObjectGlobals: Created PersistentFrame Addr=0x000002b7be73f600, Size=480, Default__TheCloud_C Function /Engine/Transient.REINST_TheCloud_C_33:ExecuteUbergraph_TheCloud
[2018.08.03-19.25.46:250][970]LogUObjectGlobals: Created PersistentFrame Addr=0x000002b7be73e000, Size=480, Default__TheCloud_C Function /Game/2DSideScrollerBP/Blueprints/TheCloud.TheCloud_C:ExecuteUbergraph_TheCloud
[2018.08.03-19.25.46:271][970]LogUObjectGlobals: Created PersistentFrame Addr=0x000002b7be713a10, Size=72, Default__2DPuzzleLevel_C Function /Game/2DSideScrollerBP/Maps/2DPuzzleLevel.2DPuzzleLevel_C:ExecuteUbergraph_2DPuzzleLevel
[2018.08.03-19.25.46:273][970]LogUObjectGlobals: Destroyed PersistentFrame Addr=0x000002b7be713a10, Size=72
[2018.08.03-19.25.46:273][970]LogUObjectGlobals: Created PersistentFrame Addr=0x000002b7be711cb0, Size=72, Default__2DPuzzleLevel_C Function /Engine/Transient.REINST_2DPuzzleLevel_C_35:ExecuteUbergraph_2DPuzzleLevel
[2018.08.03-19.25.46:275][970]LogUObjectGlobals: Created PersistentFrame Addr=0x000002b7be7111c0, Size=72, Default__2DPuzzleLevel_C Function /Game/2DSideScrollerBP/Maps/2DPuzzleLevel.2DPuzzleLevel_C:ExecuteUbergraph_2DPuzzleLevel
[2018.08.03-19.25.46:448][970]LogAIModule: Creating AISystem for world 2DPuzzleLevel
[2018.08.03-19.25.46:497][970]LogUObjectGlobals: Destroyed PersistentFrame Addr=0x000002b7bcb2a380, Size=352
[2018.08.03-19.25.46:497][970]LogUObjectGlobals: Destroyed PersistentFrame Addr=0x000002b7bca5fb00, Size=40
[2018.08.03-19.25.46:497][970]LogUObjectGlobals: Destroyed PersistentFrame Addr=0x000002b7bca7f9d0, Size=16
[2018.08.03-19.25.46:497][970]LogUObjectGlobals: Destroyed PersistentFrame Addr=0x000002b7bc9f3580, Size=88
[2018.08.03-19.25.46:497][970]LogUObjectGlobals: Destroyed PersistentFrame Addr=0x000002b7bc8ec100, Size=360
[2018.08.03-19.25.46:497][970]LogUObjectGlobals: Destroyed PersistentFrame Addr=0x000002b7bc91fc40, Size=164
[2018.08.03-19.25.46:497][970]LogUObjectGlobals: Destroyed PersistentFrame Addr=0x000002b7bca13e00, Size=248
[2018.08.03-19.25.46:497][970]LogUObjectGlobals: Destroyed PersistentFrame Addr=0x000002b7ef7b2bb0, Size=72
[2018.08.03-19.25.46:497][970]LogUObjectGlobals: Destroyed PersistentFrame Addr=0x000002b7ef44d6e0, Size=216
[2018.08.03-19.25.46:497][970]LogUObjectGlobals: Destroyed PersistentFrame Addr=0x000002b7ef826d68, Size=56
[2018.08.03-19.25.46:497][970]LogUObjectGlobals: Destroyed PersistentFrame Addr=0x000002b7be73f600, Size=480
[2018.08.03-19.25.46:497][970]LogUObjectGlobals: Destroyed PersistentFrame Addr=0x000002b7be711cb0, Size=72
[2018.08.03-19.25.46:499][970]Cmd: MAP LOAD FILE="../../../../../UDV/Unreal Projects/TREKTHERAINBOW/VGDUNRL_TTR_ALPHA/Content/2DSideScrollerBP/Maps/2DPuzzleLevel.umap" TEMPLATE=0 SHOWPROGRESS=1 FEATURELEVEL=3
[2018.08.03-19.25.46:499][970]LightingResults: New page: Lighting Build
[2018.08.03-19.25.46:500][970]LoadErrors: New page: Loading map: 2DPuzzleLevel.umap
[2018.08.03-19.25.46:500][970]MapCheck: New page: Map Check
[2018.08.03-19.25.46:500][970]LightingResults: New page: Lighting Build
[2018.08.03-19.25.46:511][970]LogUObjectGlobals: Destroyed PersistentFrame Addr=0x000002b7b02ee510, Size=16
[2018.08.03-19.25.46:565][970]LogEditorServer: Finished looking for orphan Actors (0.000 secs)
[2018.08.03-19.25.46:619][970]Cmd: MAP CHECKDEP NOCLEARLOG
[2018.08.03-19.25.46:695][970]MapCheck: Map check complete: 0 Error(s), 0 Warning(s), took 75.329ms to complete.
[2018.08.03-19.25.46:696][970]LogFileHelpers: Loading map '2DPuzzleLevel' took 0.197
[2018.08.03-19.26.04:359][688]LogSlate: FSceneViewport::OnFocusLost() reason 0
[2018.08.03-19.26.46:802][106]LogSlate: FSceneViewport::OnFocusLost() reason 0
[2018.08.03-19.30.42:880][928]LogSlate: FSceneViewport::OnFocusLost() reason 0
[2018.08.03-19.30.43:039][933]LogSlate: Window 'VGDUNRL_TTR_ALPHA - Unreal Editor' being destroyed
[2018.08.03-19.30.43:040][933]LogWindowsTextInputMethodSystem: Display: IME system now deactivated.
[2018.08.03-19.30.43:247][934]Cmd: QUIT_EDITOR
[2018.08.03-19.30.43:287][934]LogSlate: Slate User Destroyed.  User Index 0, Is Virtual User: 0
[2018.08.03-19.30.43:287][934]LogExit: Preparing to exit.
[2018.08.03-19.30.43:983][934]LogDirectoryWatcher: A directory notification for 'D:/UDV/Unreal Projects/TREKTHERAINBOW/VGDUNRL_TTR_ALPHA/Content/' was aborted.
[2018.08.03-19.30.44:011][934]LogExit: Editor shut down
[2018.08.03-19.30.44:016][934]LogExit: Transaction tracking system shut down
[2018.08.03-19.30.44:017][934]LogUObjectGlobals: Destroyed PersistentFrame Addr=0x000002b7afe1ef80, Size=352
[2018.08.03-19.30.44:017][934]LogUObjectGlobals: Destroyed PersistentFrame Addr=0x000002b7bca5fce0, Size=40
[2018.08.03-19.30.44:017][934]LogUObjectGlobals: Destroyed PersistentFrame Addr=0x000002b7bc9f0d60, Size=88
[2018.08.03-19.30.44:017][934]LogUObjectGlobals: Destroyed PersistentFrame Addr=0x000002b7bc8cf580, Size=360
[2018.08.03-19.30.44:017][934]LogUObjectGlobals: Destroyed PersistentFrame Addr=0x000002b7bc91fd00, Size=164
[2018.08.03-19.30.44:017][934]LogUObjectGlobals: Destroyed PersistentFrame Addr=0x000002b7bca09400, Size=248
[2018.08.03-19.30.44:017][934]LogUObjectGlobals: Destroyed PersistentFrame Addr=0x000002b7ef7b1530, Size=72
[2018.08.03-19.30.44:017][934]LogUObjectGlobals: Destroyed PersistentFrame Addr=0x000002b7ef40b120, Size=216
[2018.08.03-19.30.44:017][934]LogUObjectGlobals: Destroyed PersistentFrame Addr=0x000002b7ef8269b0, Size=56
[2018.08.03-19.30.44:017][934]LogUObjectGlobals: Destroyed PersistentFrame Addr=0x000002b7be73e000, Size=480
[2018.08.03-19.30.44:023][934]LogUObjectGlobals: Destroyed PersistentFrame Addr=0x000002b7be7111c0, Size=72
[2018.08.03-19.30.44:065][934]LogDirectoryWatcher: A directory notification for '../../../Engine/Content/' was aborted.
[2018.08.03-19.30.44:065][934]LogDirectoryWatcher: A directory notification for '../../../../../UDV/Unreal Projects/TREKTHERAINBOW/VGDUNRL_TTR_ALPHA/Content/' was aborted.
[2018.08.03-19.30.44:065][934]LogDirectoryWatcher: A directory notification for '../../Plugins/2D/Paper2D/Content/' was aborted.
[2018.08.03-19.30.44:065][934]LogDirectoryWatcher: A directory notification for '../../Plugins/Enterprise/DatasmithContent/Content/' was aborted.
[2018.08.03-19.30.44:065][934]LogDirectoryWatcher: A directory notification for '../../Plugins/Media/MediaCompositing/Content/' was aborted.
[2018.08.03-19.30.44:065][934]LogDirectoryWatcher: A directory notification for '../../Plugins/Runtime/AppleARKit/Content/' was aborted.
[2018.08.03-19.30.44:065][934]LogDirectoryWatcher: A directory notification for '../../Plugins/Runtime/Oculus/OculusVR/Content/' was aborted.
[2018.08.03-19.30.44:065][934]LogDirectoryWatcher: A directory notification for '../../Plugins/Runtime/Steam/SteamVR/Content/' was aborted.
[2018.08.03-19.30.44:111][934]LogExit: Object subsystem successfully closed.
[2018.08.03-19.30.44:132][934]LogShaderCompilers: Display: Shaders left to compile 0
[2018.08.03-19.30.44:136][934]LogD3D11RHI: Shutdown
[2018.08.03-19.30.44:136][934]LogD3D11RHI: CleanupD3DDevice
[2018.08.03-19.30.44:150][934]LogD3D11RHI: ~FD3D11DynamicRHI
[2018.08.03-19.30.44:158][934]LogModuleManager: Shutting down and abandoning module HierarchicalLODOutliner (574)
[2018.08.03-19.30.44:158][934]LogModuleManager: Shutting down and abandoning module SceneOutliner (572)
[2018.08.03-19.30.44:158][934]LogModuleManager: Shutting down and abandoning module AddContentDialog (570)
[2018.08.03-19.30.44:158][934]LogDirectoryWatcher: A directory notification for 'D:/Program Files (x86)/UE_4.19/FeaturePacks/' was aborted.
[2018.08.03-19.30.44:159][934]LogModuleManager: Shutting down and abandoning module WidgetCarousel (569)
[2018.08.03-19.30.44:159][934]LogModuleManager: Shutting down and abandoning module EditorWidgets (566)
[2018.08.03-19.30.44:159][934]LogModuleManager: Shutting down and abandoning module CollectionManager (564)
[2018.08.03-19.30.44:159][934]LogDirectoryWatcher: A directory notification for 'D:/UDV/Unreal Projects/TREKTHERAINBOW/VGDUNRL_TTR_ALPHA/Content/Collections/' was aborted.
[2018.08.03-19.30.44:159][934]LogDirectoryWatcher: A directory notification for 'D:/UDV/Unreal Projects/TREKTHERAINBOW/VGDUNRL_TTR_ALPHA/Content/Developers/Andre/Collections/' was aborted.
[2018.08.03-19.30.44:159][934]LogDirectoryWatcher: A directory notification for 'D:/UDV/Unreal Projects/TREKTHERAINBOW/VGDUNRL_TTR_ALPHA/Saved/Collections/' was aborted.
[2018.08.03-19.30.44:159][934]LogModuleManager: Shutting down and abandoning module StatsViewer (562)
[2018.08.03-19.30.44:159][934]LogModuleManager: Shutting down and abandoning module FoliageEdit (560)
[2018.08.03-19.30.44:159][934]LogModuleManager: Shutting down and abandoning module LandscapeEditor (558)
[2018.08.03-19.30.44:159][934]LogModuleManager: Shutting down and abandoning module MeshPaintMode (556)
[2018.08.03-19.30.44:160][934]LogModuleManager: Shutting down and abandoning module SceneDepthPickerMode (554)
[2018.08.03-19.30.44:160][934]LogModuleManager: Shutting down and abandoning module ActorPickerMode (552)
[2018.08.03-19.30.44:160][934]LogModuleManager: Shutting down and abandoning module GeometryMode (550)
[2018.08.03-19.30.44:160][934]LogModuleManager: Shutting down and abandoning module TextureAlignMode (548)
[2018.08.03-19.30.44:160][934]LogModuleManager: Shutting down and abandoning module BspMode (546)
[2018.08.03-19.30.44:160][934]LogModuleManager: Shutting down and abandoning module PIEPreviewDeviceProfileSelector (544)
[2018.08.03-19.30.44:160][934]LogModuleManager: Shutting down and abandoning module HardwareSurvey (542)
[2018.08.03-19.30.44:160][934]LogModuleManager: Shutting down and abandoning module SequenceRecorderSections (540)
[2018.08.03-19.30.44:160][934]LogModuleManager: Shutting down and abandoning module AutomationWorker (538)
[2018.08.03-19.30.44:160][934]LogModuleManager: Shutting down and abandoning module AudioCaptureEditor (536)
[2018.08.03-19.30.44:160][934]LogModuleManager: Shutting down and abandoning module SequenceRecorder (535)
[2018.08.03-19.30.44:160][934]LogModuleManager: Shutting down and abandoning module MatineeToLevelSequence (532)
[2018.08.03-19.30.44:160][934]LogModuleManager: Shutting down and abandoning module LevelSequenceEditor (530)
[2018.08.03-19.30.44:160][934]LogModuleManager: Shutting down and abandoning module PlacementMode (529)
[2018.08.03-19.30.44:160][934]LogModuleManager: Shutting down and abandoning module MaterialEditor (528)
[2018.08.03-19.30.44:160][934]LogModuleManager: Shutting down and abandoning module WmfMediaFactory (524)
[2018.08.03-19.30.44:160][934]LogModuleManager: Shutting down and abandoning module WmfMediaEditor (522)
[2018.08.03-19.30.44:160][934]LogModuleManager: Shutting down and abandoning module MediaPlayerEditor (520)
[2018.08.03-19.30.44:160][934]LogModuleManager: Shutting down and abandoning module OpenExrWrapper (518)
[2018.08.03-19.30.44:160][934]LogModuleManager: Shutting down and abandoning module ImgMediaFactory (516)
[2018.08.03-19.30.44:160][934]LogModuleManager: Shutting down and abandoning module ImgMediaEditor (514)
[2018.08.03-19.30.44:160][934]LogModuleManager: Shutting down and abandoning module AvfMediaFactory (512)
[2018.08.03-19.30.44:160][934]LogModuleManager: Shutting down and abandoning module AvfMediaEditor (510)
[2018.08.03-19.30.44:160][934]LogModuleManager: Shutting down and abandoning module AndroidMediaFactory (508)
[2018.08.03-19.30.44:160][934]LogModuleManager: Shutting down and abandoning module AndroidMediaEditor (506)
[2018.08.03-19.30.44:160][934]LogModuleManager: Shutting down and abandoning module CharacterAI (504)
[2018.08.03-19.30.44:160][934]LogModuleManager: Shutting down and abandoning module SmartSnapping (502)
[2018.08.03-19.30.44:160][934]LogModuleManager: Shutting down and abandoning module SessionServices (500)
[2018.08.03-19.30.44:160][934]LogModuleManager: Shutting down and abandoning module ViewportSnapping (498)
[2018.08.03-19.30.44:160][934]LogModuleManager: Shutting down and abandoning module ViewportInteraction (496)
[2018.08.03-19.30.44:160][934]LogModuleManager: Shutting down and abandoning module ClothPainter (494)
[2018.08.03-19.30.44:160][934]LogModuleManager: Shutting down and abandoning module SkeletalMeshEditor (493)
[2018.08.03-19.30.44:160][934]LogModuleManager: Shutting down and abandoning module LogVisualizer (490)
[2018.08.03-19.30.44:160][934]LogModuleManager: Shutting down and abandoning module IntroTutorials (488)
[2018.08.03-19.30.44:160][934]LogModuleManager: Shutting down and abandoning module GameProjectGeneration (487)
[2018.08.03-19.30.44:160][934]LogModuleManager: Shutting down and abandoning module IOSPlatformEditor (484)
[2018.08.03-19.30.44:160][934]LogModuleManager: Shutting down and abandoning module HTML5PlatformEditor (482)
[2018.08.03-19.30.44:160][934]LogModuleManager: Shutting down and abandoning module AndroidPlatformEditor (480)
[2018.08.03-19.30.44:160][934]LogModuleManager: Shutting down and abandoning module AndroidDeviceDetection (479)
[2018.08.03-19.30.44:223][934]LogModuleManager: Shutting down and abandoning module WindowsPlatformEditor (476)
[2018.08.03-19.30.44:223][934]LogModuleManager: Shutting down and abandoning module IOSRuntimeSettings (474)
[2018.08.03-19.30.44:223][934]LogModuleManager: Shutting down and abandoning module AndroidRuntimeSettings (472)
[2018.08.03-19.30.44:223][934]LogModuleManager: Shutting down and abandoning module InputBindingEditor (470)
[2018.08.03-19.30.44:223][934]LogModuleManager: Shutting down and abandoning module MergeActors (468)
[2018.08.03-19.30.44:223][934]LogModuleManager: Shutting down and abandoning module LocalizationDashboard (466)
[2018.08.03-19.30.44:223][934]LogModuleManager: Shutting down and abandoning module LocalizationService (465)
[2018.08.03-19.30.44:223][934]LogModuleManager: Shutting down and abandoning module HardwareTargeting (462)
[2018.08.03-19.30.44:223][934]LogModuleManager: Shutting down and abandoning module DeviceProfileEditor (460)
[2018.08.03-19.30.44:223][934]LogModuleManager: Shutting down and abandoning module UndoHistory (458)
[2018.08.03-19.30.44:223][934]LogModuleManager: Shutting down and abandoning module XmlParser (456)
[2018.08.03-19.30.44:223][934]LogModuleManager: Shutting down and abandoning module Blutility (454)
[2018.08.03-19.30.44:223][934]LogModuleManager: Shutting down and abandoning module ProjectSettingsViewer (452)
[2018.08.03-19.30.44:223][934]LogModuleManager: Shutting down and abandoning module ProjectTargetPlatformEditor (451)
[2018.08.03-19.30.44:224][934]LogModuleManager: Shutting down and abandoning module EditorSettingsViewer (448)
[2018.08.03-19.30.44:224][934]LogModuleManager: Shutting down and abandoning module SettingsEditor (446)
[2018.08.03-19.30.44:224][934]LogModuleManager: Shutting down and abandoning module ProjectLauncher (444)
[2018.08.03-19.30.44:224][934]LogModuleManager: Shutting down and abandoning module SessionFrontend (442)
[2018.08.03-19.30.44:224][934]LogModuleManager: Shutting down and abandoning module ProfilerClient (440)
[2018.08.03-19.30.44:224][934]LogModuleManager: Shutting down and abandoning module DeviceManager (438)
[2018.08.03-19.30.44:224][934]LogModuleManager: Shutting down and abandoning module TargetDeviceServices (437)
[2018.08.03-19.30.44:279][934]LogModuleManager: Shutting down and abandoning module AutomationController (434)
[2018.08.03-19.30.44:279][934]LogModuleManager: Shutting down and abandoning module AutomationWindow (432)
[2018.08.03-19.30.44:279][934]LogModuleManager: Shutting down and abandoning module Layers (430)
[2018.08.03-19.30.44:279][934]LogModuleManager: Shutting down and abandoning module ComponentVisualizers (428)
[2018.08.03-19.30.44:279][934]LogModuleManager: Shutting down and abandoning module DetailCustomizations (426)
[2018.08.03-19.30.44:279][934]LogModuleManager: Shutting down and abandoning module PackagesDialog (424)
[2018.08.03-19.30.44:279][934]LogModuleManager: Shutting down and abandoning module Persona (422)
[2018.08.03-19.30.44:279][934]LogModuleManager: Shutting down and abandoning module AdvancedPreviewScene (421)
[2018.08.03-19.30.44:279][934]LogModuleManager: Shutting down and abandoning module AnimGraph (419)
[2018.08.03-19.30.44:279][934]LogModuleManager: Shutting down and abandoning module Kismet (416)
[2018.08.03-19.30.44:279][934]LogModuleManager: Shutting down and abandoning module GraphEditor (414)
[2018.08.03-19.30.44:279][934]LogModuleManager: Shutting down and abandoning module ClassViewer (412)
[2018.08.03-19.30.44:280][934]LogModuleManager: Shutting down and abandoning module Toolbox (410)
[2018.08.03-19.30.44:280][934]LogModuleManager: Shutting down and abandoning module ModuleUI (408)
[2018.08.03-19.30.44:280][934]LogModuleManager: Shutting down and abandoning module MovieSceneTools (406)
[2018.08.03-19.30.44:280][934]LogModuleManager: Shutting down and abandoning module OutputLog (404)
[2018.08.03-19.30.44:280][934]LogModuleManager: Shutting down and abandoning module GammaUI (402)
[2018.08.03-19.30.44:280][934]LogModuleManager: Shutting down and abandoning module Documentation (400)
[2018.08.03-19.30.44:280][934]LogModuleManager: Shutting down and abandoning module MovieSceneTracks (398)
[2018.08.03-19.30.44:280][934]LogModuleManager: Shutting down and abandoning module MovieScene (396)
[2018.08.03-19.30.44:280][934]LogModuleManager: Shutting down and abandoning module StreamingPauseRendering (394)
[2018.08.03-19.30.44:280][934]LogModuleManager: Shutting down and abandoning module LauncherPlatform (392)
[2018.08.03-19.30.44:280][934]LogModuleManager: Shutting down and abandoning module AnalyticsET (390)
[2018.08.03-19.30.44:280][934]LogModuleManager: Shutting down and abandoning module PortalServices (388)
[2018.08.03-19.30.44:280][934]LogModuleManager: Shutting down and abandoning module PortalRpc (386)
[2018.08.03-19.30.44:280][934]LogModuleManager: Shutting down and abandoning module MessagingRpc (384)
[2018.08.03-19.30.44:280][934]LogModuleManager: Shutting down and abandoning module AIModule (382)
[2018.08.03-19.30.44:280][934]LogModuleManager: Shutting down and abandoning module GameplayDebugger (381)
[2018.08.03-19.30.44:280][934]LogModuleManager: Shutting down and abandoning module AITestSuite (379)
[2018.08.03-19.30.44:280][934]LogModuleManager: Shutting down and abandoning module DesktopPlatform (376)
[2018.08.03-19.30.44:280][934]LogModuleManager: Shutting down and abandoning module ProfilerService (374)
[2018.08.03-19.30.44:432][934]LogModuleManager: Shutting down and abandoning module TaskGraph (372)
[2018.08.03-19.30.44:432][934]LogModuleManager: Shutting down and abandoning module SteamVRController (370)
[2018.08.03-19.30.44:432][934]LogModuleManager: Shutting down and abandoning module ProceduralMeshComponentEditor (368)
[2018.08.03-19.30.44:432][934]LogModuleManager: Shutting down and abandoning module ProceduralMeshComponent (366)
[2018.08.03-19.30.44:432][934]LogModuleManager: Shutting down and abandoning module OculusInput (364)
[2018.08.03-19.30.44:432][934]LogModuleManager: Shutting down and abandoning module MobilePatchingUtils (362)
[2018.08.03-19.30.44:432][934]LogModuleManager: Shutting down and abandoning module CustomMeshComponent (360)
[2018.08.03-19.30.44:432][934]LogModuleManager: Shutting down and abandoning module CableComponent (358)
[2018.08.03-19.30.44:432][934]LogModuleManager: Shutting down and abandoning module AudioCapture (356)
[2018.08.03-19.30.44:432][934]LogModuleManager: Shutting down and abandoning module ArchVisCharacter (354)
[2018.08.03-19.30.44:432][934]LogModuleManager: Shutting down and abandoning module AndroidPermission (352)
[2018.08.03-19.30.44:432][934]LogModuleManager: Shutting down and abandoning module NUTUnrealEngine4 (348)
[2018.08.03-19.30.44:432][934]LogModuleManager: Shutting down and abandoning module NetcodeUnitTest (346)
[2018.08.03-19.30.44:433][934]LogModuleManager: Shutting down and abandoning module MediaCompositingEditor (344)
[2018.08.03-19.30.44:433][934]LogModuleManager: Shutting down and abandoning module MediaCompositing (342)
[2018.08.03-19.30.44:433][934]LogModuleManager: Shutting down and abandoning module LinearTimecode (340)
[2018.08.03-19.30.44:433][934]LogModuleManager: Shutting down and abandoning module ImgMedia (338)
[2018.08.03-19.30.44:435][934]LogModuleManager: Shutting down and abandoning module HTML5Networking (336)
[2018.08.03-19.30.44:435][934]LogModuleManager: Shutting down and abandoning module AlembicImporter (334)
[2018.08.03-19.30.44:435][934]LogModuleManager: Shutting down and abandoning module AlembicLibrary (333)
[2018.08.03-19.30.44:435][934]LogModuleManager: Shutting down and abandoning module GeometryCache (332)
[2018.08.03-19.30.44:435][934]LogModuleManager: Shutting down and abandoning module GeometryCacheEd (331)
[2018.08.03-19.30.44:435][934]LogModuleManager: Shutting down and abandoning module DatasmithContent (326)
[2018.08.03-19.30.44:435][934]LogModuleManager: Shutting down and abandoning module SpeedTreeImporter (324)
[2018.08.03-19.30.44:435][934]LogModuleManager: Shutting down and abandoning module PluginBrowser (322)
[2018.08.03-19.30.44:435][934]LogModuleManager: Shutting down and abandoning module MobileLauncherProfileWizard (320)
[2018.08.03-19.30.44:435][934]LogModuleManager: Shutting down and abandoning module CryptoKeysOpenSSL (318)
[2018.08.03-19.30.44:435][934]LogModuleManager: Shutting down and abandoning module CryptoKeys (316)
[2018.08.03-19.30.44:435][934]LogModuleManager: Shutting down and abandoning module VisualStudioSourceCodeAccess (314)
[2018.08.03-19.30.44:435][934]LogModuleManager: Shutting down and abandoning module VisualStudioCodeSourceCodeAccess (312)
[2018.08.03-19.30.44:435][934]LogModuleManager: Shutting down and abandoning module UObjectPlugin (310)
[2018.08.03-19.30.44:435][934]LogModuleManager: Shutting down and abandoning module SubversionSourceControl (308)
[2018.08.03-19.30.44:435][934]LogModuleManager: Shutting down and abandoning module PerforceSourceControl (306)
[2018.08.03-19.30.44:435][934]LogModuleManager: Shutting down and abandoning module GitSourceControl (304)
[2018.08.03-19.30.44:435][934]LogModuleManager: Shutting down and abandoning module SourceControl (303)
[2018.08.03-19.30.44:435][934]LogModuleManager: Shutting down and abandoning module CLionSourceCodeAccess (300)
[2018.08.03-19.30.44:435][934]LogModuleManager: Shutting down and abandoning module LightPropagationVolumeEditor (298)
[2018.08.03-19.30.44:435][934]LogModuleManager: Shutting down and abandoning module PaperTiledImporter (296)
[2018.08.03-19.30.44:435][934]LogModuleManager: Shutting down and abandoning module PaperSpriteSheetImporter (294)
[2018.08.03-19.30.44:435][934]LogModuleManager: Shutting down and abandoning module Paper2DEditor (292)
[2018.08.03-19.30.44:435][934]LogModuleManager: Shutting down and abandoning module MeshPaint (291)
[2018.08.03-19.30.44:435][934]LogModuleManager: Shutting down and abandoning module RuntimePhysXCooking (288)
[2018.08.03-19.30.44:435][934]LogModuleManager: Shutting down and abandoning module PhysXVehiclesEditor (286)
[2018.08.03-19.30.44:435][934]LogModuleManager: Shutting down and abandoning module PhysXVehicles (284)
[2018.08.03-19.30.44:435][934]LogModuleManager: Shutting down and abandoning module OculusEditor (282)
[2018.08.03-19.30.44:435][934]LogModuleManager: Shutting down and abandoning module LocationServicesBPLibrary (280)
[2018.08.03-19.30.44:435][934]LogModuleManager: Shutting down and abandoning module ImmediatePhysicsEditor (278)
[2018.08.03-19.30.44:435][934]LogModuleManager: Shutting down and abandoning module ImmediatePhysics (276)
[2018.08.03-19.30.44:435][934]LogModuleManager: Shutting down and abandoning module ActorSequence (274)
[2018.08.03-19.30.44:435][934]LogModuleManager: Shutting down and abandoning module UdpMessaging (272)
[2018.08.03-19.30.44:537][934]LogModuleManager: Shutting down and abandoning module TcpMessaging (270)
[2018.08.03-19.30.44:926][934]LogModuleManager: Shutting down and abandoning module GameplayTagsEditor (268)
[2018.08.03-19.30.44:926][934]LogModuleManager: Shutting down and abandoning module FacialAnimationEditor (266)
[2018.08.03-19.30.44:926][934]LogModuleManager: Shutting down and abandoning module FacialAnimation (264)
[2018.08.03-19.30.44:926][934]LogModuleManager: Shutting down and abandoning module DataValidation (262)
[2018.08.03-19.30.44:926][934]LogModuleManager: Shutting down and abandoning module AssetManagerEditor (260)
[2018.08.03-19.30.44:926][934]LogModuleManager: Shutting down and abandoning module LevelEditor (259)
[2018.08.03-19.30.44:927][934]LogModuleManager: Shutting down and abandoning module PixelInspectorModule (258)
[2018.08.03-19.30.44:927][934]LogModuleManager: Shutting down and abandoning module CommonMenuExtensions (256)
[2018.08.03-19.30.44:928][934]LogModuleManager: Shutting down and abandoning module MainFrame (254)
[2018.08.03-19.30.44:928][934]LogModuleManager: Shutting down and abandoning module HotReload (253)
[2018.08.03-19.30.44:928][934]LogModuleManager: Shutting down and abandoning module ContentBrowser (249)
[2018.08.03-19.30.44:930][934]LogModuleManager: Shutting down and abandoning module TreeMap (247)
[2018.08.03-19.30.44:930][934]LogModuleManager: Shutting down and abandoning module LightPropagationVolumeRuntime (244)
[2018.08.03-19.30.44:930][934]LogModuleManager: Shutting down and abandoning module LiveLinkEditor (242)
[2018.08.03-19.30.44:930][934]LogModuleManager: Shutting down and abandoning module LiveLink (240)
[2018.08.03-19.30.45:594][934]LogModuleManager: Shutting down and abandoning module Paper2D (238)
[2018.08.03-19.30.45:594][934]LogModuleManager: Shutting down and abandoning module WindowsMoviePlayer (236)
[2018.08.03-19.30.45:594][934]LogModuleManager: Shutting down and abandoning module WmfMedia (234)
[2018.08.03-19.30.45:595][934]LogModuleManager: Shutting down and abandoning module Media (233)
[2018.08.03-19.30.45:602][934]LogModuleManager: Shutting down and abandoning module PacketHandler (230)
[2018.08.03-19.30.45:602][934]LogModuleManager: Shutting down and abandoning module ClothingSystemEditor (228)
[2018.08.03-19.30.45:602][934]LogModuleManager: Shutting down and abandoning module ClothingSystemRuntime (226)
[2018.08.03-19.30.45:602][934]LogModuleManager: Shutting down and abandoning module MediaAssets (224)
[2018.08.03-19.30.45:602][934]LogModuleManager: Shutting down and abandoning module Overlay (222)
[2018.08.03-19.30.45:602][934]LogModuleManager: Shutting down and abandoning module OverlayEditor (221)
[2018.08.03-19.30.45:602][934]LogModuleManager: Shutting down and abandoning module VREditor (218)
[2018.08.03-19.30.45:602][934]LogModuleManager: Shutting down and abandoning module StringTableEditor (216)
[2018.08.03-19.30.45:602][934]LogModuleManager: Shutting down and abandoning module GameplayTasksEditor (214)
[2018.08.03-19.30.45:602][934]LogModuleManager: Shutting down and abandoning module BehaviorTreeEditor (212)
[2018.08.03-19.30.45:602][934]LogModuleManager: Shutting down and abandoning module FunctionalTesting (210)
[2018.08.03-19.30.45:602][934]LogModuleManager: Shutting down and abandoning module CollisionAnalyzer (208)
[2018.08.03-19.30.45:602][934]LogModuleManager: Shutting down and abandoning module WorkspaceMenuStructure (207)
[2018.08.03-19.30.45:602][934]LogModuleManager: Shutting down and abandoning module UMG (204)
[2018.08.03-19.30.45:602][934]LogModuleManager: Shutting down and abandoning module UMGEditor (203)
[2018.08.03-19.30.45:602][934]LogModuleManager: Shutting down and abandoning module Sequencer (202)
[2018.08.03-19.30.45:602][934]LogModuleManager: Shutting down and abandoning module MessageLog (199)
[2018.08.03-19.30.45:602][934]LogModuleManager: Shutting down and abandoning module SlateReflector (194)
[2018.08.03-19.30.45:602][934]LogModuleManager: Shutting down and abandoning module Slate (192)
[2018.08.03-19.30.45:602][934]LogModuleManager: Shutting down and abandoning module EditorStyle (190)
[2018.08.03-19.30.45:604][934]LogModuleManager: Shutting down and abandoning module MRMesh (188)
[2018.08.03-19.30.45:604][934]LogModuleManager: Shutting down and abandoning module SourceCodeAccess (186)
[2018.08.03-19.30.45:604][934]LogModuleManager: Shutting down and abandoning module HeadMountedDisplay (184)
[2018.08.03-19.30.45:604][934]LogModuleManager: Shutting down and abandoning module XAudio2 (182)
[2018.08.03-19.30.45:604][934]LogModuleManager: Shutting down and abandoning module Networking (180)
[2018.08.03-19.30.45:604][934]LogModuleManager: Shutting down and abandoning module Core (178)
[2018.08.03-19.30.45:604][934]LogModuleManager: Shutting down and abandoning module LevelSequence (176)
[2018.08.03-19.30.45:604][934]LogModuleManager: Shutting down and abandoning module KismetCompiler (174)
[2018.08.03-19.30.45:604][934]LogModuleManager: Shutting down and abandoning module MeshUtilities (172)
[2018.08.03-19.30.45:604][934]LogModuleManager: Shutting down and abandoning module MeshMergeUtilities (171)
[2018.08.03-19.30.45:604][934]LogModuleManager: Shutting down and abandoning module MeshReductionInterface (170)
[2018.08.03-19.30.45:604][934]LogModuleManager: Shutting down and abandoning module SimplygonSwarm (169)
[2018.08.03-19.30.45:604][934]LogModuleManager: Shutting down and abandoning module SimplygonMeshReduction (167)
[2018.08.03-19.30.45:604][934]LogModuleManager: Shutting down and abandoning module QuadricMeshReduction (165)
[2018.08.03-19.30.45:604][934]LogModuleManager: Shutting down and abandoning module MaterialBaking (161)
[2018.08.03-19.30.45:604][934]LogModuleManager: Shutting down and abandoning module DirectoryWatcher (157)
[2018.08.03-19.30.45:605][934]LogModuleManager: Shutting down and abandoning module DerivedDataCache (154)
[2018.08.03-19.30.45:701][934]LogDerivedDataCache: Shutdown
[2018.08.03-19.30.45:701][934]LogModuleManager: Shutting down and abandoning module XGEController (152)
[2018.08.03-19.30.45:701][934]LogModuleManager: Shutting down and abandoning module TargetPlatform (150)
[2018.08.03-19.30.45:701][934]LogModuleManager: Shutting down and abandoning module VulkanShaderFormat (149)
[2018.08.03-19.30.45:701][934]LogModuleManager: Shutting down and abandoning module ShaderFormatVectorVM (147)
[2018.08.03-19.30.45:701][934]LogModuleManager: Shutting down and abandoning module ShaderFormatOpenGL (145)
[2018.08.03-19.30.45:701][934]LogModuleManager: Shutting down and abandoning module ShaderFormatD3D (143)
[2018.08.03-19.30.45:701][934]LogModuleManager: Shutting down and abandoning module MetalShaderFormat (141)
[2018.08.03-19.30.45:701][934]LogModuleManager: Shutting down and abandoning module TextureFormatUncompressed (139)
[2018.08.03-19.30.45:701][934]LogModuleManager: Shutting down and abandoning module TextureFormatPVR (137)
[2018.08.03-19.30.45:701][934]LogModuleManager: Shutting down and abandoning module TextureFormatDXT (135)
[2018.08.03-19.30.45:701][934]LogModuleManager: Shutting down and abandoning module TextureFormatIntelISPCTexComp (133)
[2018.08.03-19.30.45:701][934]LogModuleManager: Shutting down and abandoning module TextureFormatASTC (131)
[2018.08.03-19.30.45:701][934]LogModuleManager: Shutting down and abandoning module ImageWrapper (130)
[2018.08.03-19.30.45:701][934]LogModuleManager: Shutting down and abandoning module TextureFormatAndroid (127)
[2018.08.03-19.30.45:702][934]LogModuleManager: Shutting down and abandoning module AudioFormatOpus (125)
[2018.08.03-19.30.45:702][934]LogModuleManager: Shutting down and abandoning module AudioFormatOgg (123)
[2018.08.03-19.30.45:702][934]LogModuleManager: Shutting down and abandoning module AudioFormatADPCM (121)
[2018.08.03-19.30.45:702][934]LogModuleManager: Shutting down and abandoning module LinuxTargetPlatform (119)
[2018.08.03-19.30.45:702][934]LogModuleManager: Shutting down and abandoning module LinuxServerTargetPlatform (117)
[2018.08.03-19.30.45:702][934]LogModuleManager: Shutting down and abandoning module LinuxNoEditorTargetPlatform (115)
[2018.08.03-19.30.45:702][934]LogModuleManager: Shutting down and abandoning module LinuxClientTargetPlatform (113)
[2018.08.03-19.30.45:702][934]LogModuleManager: Shutting down and abandoning module TVOSTargetPlatform (111)
[2018.08.03-19.30.45:702][934]LogModuleManager: Shutting down and abandoning module Messaging (109)
[2018.08.03-19.30.45:702][934]LogModuleManager: Shutting down and abandoning module IOSTargetPlatform (107)
[2018.08.03-19.30.45:702][934]LogModuleManager: Shutting down and abandoning module HTML5TargetPlatform (105)
[2018.08.03-19.30.45:702][934]LogModuleManager: Shutting down and abandoning module AndroidTargetPlatform (103)
[2018.08.03-19.30.45:702][934]LogModuleManager: Shutting down and abandoning module Android_PVRTCTargetPlatform (101)
[2018.08.03-19.30.45:702][934]LogModuleManager: Shutting down and abandoning module Android_MultiTargetPlatform (99)
[2018.08.03-19.30.45:702][934]LogModuleManager: Shutting down and abandoning module Android_ETC2TargetPlatform (97)
[2018.08.03-19.30.45:702][934]LogModuleManager: Shutting down and abandoning module Android_ETC1TargetPlatform (95)
[2018.08.03-19.30.45:702][934]LogModuleManager: Shutting down and abandoning module Android_ETC1aTargetPlatform (93)
[2018.08.03-19.30.45:702][934]LogModuleManager: Shutting down and abandoning module Android_DXTTargetPlatform (91)
[2018.08.03-19.30.45:702][934]LogModuleManager: Shutting down and abandoning module Android_ATCTargetPlatform (89)
[2018.08.03-19.30.45:702][934]LogModuleManager: Shutting down and abandoning module Android_ASTCTargetPlatform (87)
[2018.08.03-19.30.45:702][934]LogModuleManager: Shutting down and abandoning module WindowsTargetPlatform (85)
[2018.08.03-19.30.45:702][934]LogModuleManager: Shutting down and abandoning module WindowsServerTargetPlatform (83)
[2018.08.03-19.30.45:702][934]LogModuleManager: Shutting down and abandoning module WindowsNoEditorTargetPlatform (81)
[2018.08.03-19.30.45:702][934]LogModuleManager: Shutting down and abandoning module WindowsClientTargetPlatform (79)
[2018.08.03-19.30.45:702][934]LogModuleManager: Shutting down and abandoning module MacTargetPlatform (77)
[2018.08.03-19.30.45:702][934]LogModuleManager: Shutting down and abandoning module MacServerTargetPlatform (75)
[2018.08.03-19.30.45:702][934]LogModuleManager: Shutting down and abandoning module MacNoEditorTargetPlatform (73)
[2018.08.03-19.30.45:702][934]LogModuleManager: Shutting down and abandoning module MacClientTargetPlatform (71)
[2018.08.03-19.30.45:702][934]LogModuleManager: Shutting down and abandoning module AllDesktopTargetPlatform (69)
[2018.08.03-19.30.45:702][934]LogModuleManager: Shutting down and abandoning module InputCore (66)
[2018.08.03-19.30.45:702][934]LogModuleManager: Shutting down and abandoning module Settings (64)
[2018.08.03-19.30.45:702][934]LogModuleManager: Shutting down and abandoning module PhysXCooking (62)
[2018.08.03-19.30.45:702][934]LogModuleManager: Shutting down and abandoning module SteamVR (60)
[2018.08.03-19.30.45:702][934]LogModuleManager: Shutting down and abandoning module OculusHMD (58)
[2018.08.03-19.30.45:702][934]LogModuleManager: Shutting down and abandoning module ExampleDeviceProfileSelector (56)
[2018.08.03-19.30.45:702][934]LogModuleManager: Shutting down and abandoning module AppleARKit (54)
[2018.08.03-19.30.45:702][934]LogModuleManager: Shutting down and abandoning module AugmentedReality (51)
[2018.08.03-19.30.45:702][934]LogModuleManager: Shutting down and abandoning module OnlineBlueprintSupport (48)
[2018.08.03-19.30.45:702][934]LogModuleManager: Shutting down and abandoning module OnlineSubsystem (44)
[2018.08.03-19.30.45:702][934]LogModuleManager: Shutting down and abandoning module XMPP (43)
[2018.08.03-19.30.45:702][934]LogModuleManager: Shutting down and abandoning module HTTP (41)
[2018.08.03-19.30.45:702][934]LogHttp: Display: Http module shutting down, but needs to wait on 1 outstanding Http requests:
[2018.08.03-19.30.45:702][934]LogHttp: Display: 	verb=[POST] url=[https://datarouter.ol.epicgames.com/datarouter/api/v1/public/data?SessionID=%7BB4836CF9-4F12-02D1-A517-258C844D452C%7D&AppID=UEEditor.Rocket.Release&AppVersion=4.19.2-4033788%2B%2B%2BUE4%2BRelease-4.19&UserID=e9b3d0ed4a680ceb74dc42936686382a%7Ca00a256a038e4f33a65d1d95403e9275%7C1cb71d0b-5f1f-4817-a05a-1be38690e1c6&AppEnvironment=datacollector-binary&UploadType=eteventstream] status=Processing
[2018.08.03-19.30.45:735][934]LogModuleManager: Shutting down and abandoning module SSL (40)
[2018.08.03-19.30.45:736][934]LogModuleManager: Shutting down and abandoning module AnimationModifiers (36)
[2018.08.03-19.30.45:736][934]LogModuleManager: Shutting down and abandoning module PropertyEditor (35)
[2018.08.03-19.30.45:736][934]LogModuleManager: Shutting down and abandoning module AudioEditor (32)
[2018.08.03-19.30.45:736][934]LogModuleManager: Shutting down and abandoning module TextureCompressor (30)
[2018.08.03-19.30.45:736][934]LogModuleManager: Shutting down and abandoning module ShaderCore (28)
[2018.08.03-19.30.45:736][934]LogModuleManager: Shutting down and abandoning module Landscape (26)
[2018.08.03-19.30.45:736][934]LogModuleManager: Shutting down and abandoning module SlateRHIRenderer (24)
[2018.08.03-19.30.45:738][934]LogModuleManager: Shutting down and abandoning module OpenGLDrv (22)
[2018.08.03-19.30.45:738][934]LogModuleManager: Shutting down and abandoning module D3D11RHI (20)
[2018.08.03-19.30.45:738][934]LogModuleManager: Shutting down and abandoning module AnimGraphRuntime (18)
[2018.08.03-19.30.45:738][934]LogModuleManager: Shutting down and abandoning module Renderer (16)
[2018.08.03-19.30.45:738][934]LogModuleManager: Shutting down and abandoning module Engine (14)
[2018.08.03-19.30.45:738][934]LogModuleManager: Shutting down and abandoning module CoreUObject (12)
[2018.08.03-19.30.45:738][934]LogModuleManager: Shutting down and abandoning module NetworkFile (10)
[2018.08.03-19.30.45:738][934]LogModuleManager: Shutting down and abandoning module CookedIterativeFile (8)
[2018.08.03-19.30.45:738][934]LogModuleManager: Shutting down and abandoning module StreamingFile (6)
[2018.08.03-19.30.45:738][934]LogModuleManager: Shutting down and abandoning module SandboxFile (4)
[2018.08.03-19.30.45:738][934]LogModuleManager: Shutting down and abandoning module PakFile (2)
[2018.08.03-19.30.45:751][934]LogExit: Exiting.
[2018.08.03-19.30.45:776][934]Log file closed, 08/03/18 15:30:45
