Log file open, 08/01/18 12:36:35
LogWindows: Failed to load 'aqProf.dll' (GetLastError=126)
LogWindows: File 'aqProf.dll' does not exist
LogWindows: Failed to load 'VtuneApi.dll' (GetLastError=126)
LogWindows: File 'VtuneApi.dll' does not exist
LogWindows: Failed to load 'VtuneApi32e.dll' (GetLastError=126)
LogWindows: File 'VtuneApi32e.dll' does not exist
LogInit: Display: Running engine for game: VGDUNRL_TTR_ALPHA
LogPlatformFile: Not using cached read wrapper
LogInit: Display: RandInit(1209960430) SRandInit(1209960430).
LogInit: Read version file with build ID '3944462'
LogInit: Overriding engine version to CL 4033788, compatible CL 3944462
LogInit: Registered custom module enumerator with build ID '3944462'
LogTaskGraph: Started task graph with 5 named threads and 23 total threads with 3 sets of task threads.
LogStats: Stats thread started at 0.273051
LogD3D11RHI: Aftermath initialized
LogICUInternationalization: Display: ICU TimeZone Detection - Raw Offset: -5:00, Platform Override: ''
LogModuleManager: Display: Found up-to-date module file ../../../Engine/Plugins/2D/Paper2D/Binaries/Win64/UE4Editor-Paper2D.dll (API version 3944462).
LogModuleManager: Display: Found up-to-date module file ../../../Engine/Plugins/2D/Paper2D/Binaries/Win64/UE4Editor-Paper2DEditor.dll (API version 3944462).
LogModuleManager: Display: Found up-to-date module file ../../../Engine/Plugins/2D/Paper2D/Binaries/Win64/UE4Editor-PaperSpriteSheetImporter.dll (API version 3944462).
LogModuleManager: Display: Found up-to-date module file ../../../Engine/Plugins/2D/Paper2D/Binaries/Win64/UE4Editor-PaperTiledImporter.dll (API version 3944462).
LogModuleManager: Display: Found up-to-date module file ../../../Engine/Plugins/2D/Paper2D/Binaries/Win64/UE4Editor-SmartSnapping.dll (API version 3944462).
LogModuleManager: Display: Found up-to-date module file ../../../Engine/Plugins/Blendables/LightPropagationVolume/Binaries/Win64/UE4Editor-LightPropagationVolumeRuntime.dll (API version 3944462).
LogModuleManager: Display: Found up-to-date module file ../../../Engine/Plugins/Blendables/LightPropagationVolume/Binaries/Win64/UE4Editor-LightPropagationVolumeEditor.dll (API version 3944462).
LogModuleManager: Display: Found up-to-date module file ../../../Engine/Plugins/Developer/CLionSourceCodeAccess/Binaries/Win64/UE4Editor-CLionSourceCodeAccess.dll (API version 3944462).
LogModuleManager: Display: Found up-to-date module file ../../../Engine/Plugins/Developer/GitSourceControl/Binaries/Win64/UE4Editor-GitSourceControl.dll (API version 3944462).
LogModuleManager: Display: Found up-to-date module file ../../../Engine/Plugins/Developer/PerforceSourceControl/Binaries/Win64/UE4Editor-PerforceSourceControl.dll (API version 3944462).
LogModuleManager: Display: Found up-to-date module file ../../../Engine/Plugins/Developer/SubversionSourceControl/Binaries/Win64/UE4Editor-SubversionSourceControl.dll (API version 3944462).
LogModuleManager: Display: Found up-to-date module file ../../../Engine/Plugins/Developer/UObjectPlugin/Binaries/Win64/UE4Editor-UObjectPlugin.dll (API version 3944462).
LogModuleManager: Display: Found up-to-date module file ../../../Engine/Plugins/Developer/VisualStudioCodeSourceCodeAccess/Binaries/Win64/UE4Editor-VisualStudioCodeSourceCodeAccess.dll (API version 3944462).
LogModuleManager: Display: Found up-to-date module file ../../../Engine/Plugins/Developer/VisualStudioSourceCodeAccess/Binaries/Win64/UE4Editor-VisualStudioSourceCodeAccess.dll (API version 3944462).
LogModuleManager: Display: Found up-to-date module file ../../../Engine/Plugins/Editor/AssetManagerEditor/Binaries/Win64/UE4Editor-AssetManagerEditor.dll (API version 3944462).
LogModuleManager: Display: Found up-to-date module file ../../../Engine/Plugins/Editor/CryptoKeys/Binaries/Win64/UE4Editor-CryptoKeys.dll (API version 3944462).
LogModuleManager: Display: Found up-to-date module file ../../../Engine/Plugins/Editor/CryptoKeys/Binaries/Win64/UE4Editor-CryptoKeysOpenSSL.dll (API version 3944462).
LogModuleManager: Display: Found up-to-date module file ../../../Engine/Plugins/Editor/DataValidation/Binaries/Win64/UE4Editor-DataValidation.dll (API version 3944462).
LogModuleManager: Display: Found up-to-date module file ../../../Engine/Plugins/Editor/FacialAnimation/Binaries/Win64/UE4Editor-FacialAnimation.dll (API version 3944462).
LogModuleManager: Display: Found up-to-date module file ../../../Engine/Plugins/Editor/FacialAnimation/Binaries/Win64/UE4Editor-FacialAnimationEditor.dll (API version 3944462).
LogModuleManager: Display: Found up-to-date module file ../../../Engine/Plugins/Editor/GameplayTagsEditor/Binaries/Win64/UE4Editor-GameplayTagsEditor.dll (API version 3944462).
LogModuleManager: Display: Found up-to-date module file ../../../Engine/Plugins/Editor/MobileLauncherProfileWizard/Binaries/Win64/UE4Editor-MobileLauncherProfileWizard.dll (API version 3944462).
LogModuleManager: Display: Found up-to-date module file ../../../Engine/Plugins/Editor/PluginBrowser/Binaries/Win64/UE4Editor-PluginBrowser.dll (API version 3944462).
LogModuleManager: Display: Found up-to-date module file ../../../Engine/Plugins/Editor/SpeedTreeImporter/Binaries/Win64/UE4Editor-SpeedTreeImporter.dll (API version 3944462).
LogModuleManager: Display: Found up-to-date module file ../../../Engine/Plugins/Enterprise/DatasmithContent/Binaries/Win64/UE4Editor-DatasmithContent.dll (API version 3944462).
LogModuleManager: Display: Found up-to-date module file ../../../Engine/Plugins/Experimental/AlembicImporter/Binaries/Win64/UE4Editor-AlembicImporter.dll (API version 3944462).
LogModuleManager: Display: Found up-to-date module file ../../../Engine/Plugins/Experimental/AlembicImporter/Binaries/Win64/UE4Editor-AlembicLibrary.dll (API version 3944462).
LogModuleManager: Display: Found up-to-date module file ../../../Engine/Plugins/Experimental/CharacterAI/Binaries/Win64/UE4Editor-CharacterAI.dll (API version 3944462).
LogModuleManager: Display: Found up-to-date module file ../../../Engine/Plugins/Experimental/HTML5Networking/Binaries/Win64/UE4Editor-HTML5Networking.dll (API version 3944462).
LogModuleManager: Display: Found up-to-date module file ../../../Engine/Plugins/Media/AndroidMedia/Binaries/Win64/UE4Editor-AndroidMediaEditor.dll (API version 3944462).
LogModuleManager: Display: Found up-to-date module file ../../../Engine/Plugins/Media/AndroidMedia/Binaries/Win64/UE4Editor-AndroidMediaFactory.dll (API version 3944462).
LogModuleManager: Display: Found up-to-date module file ../../../Engine/Plugins/Media/AvfMedia/Binaries/Win64/UE4Editor-AvfMediaEditor.dll (API version 3944462).
LogModuleManager: Display: Found up-to-date module file ../../../Engine/Plugins/Media/AvfMedia/Binaries/Win64/UE4Editor-AvfMediaFactory.dll (API version 3944462).
LogModuleManager: Display: Found up-to-date module file ../../../Engine/Plugins/Media/AvfMedia/Binaries/Win64/UE4Editor-AvfMediaFactory.dll (API version 3944462).
LogModuleManager: Display: Found up-to-date module file ../../../Engine/Plugins/Media/ImgMedia/Binaries/Win64/UE4Editor-ImgMedia.dll (API version 3944462).
LogModuleManager: Display: Found up-to-date module file ../../../Engine/Plugins/Media/ImgMedia/Binaries/Win64/UE4Editor-ImgMediaEditor.dll (API version 3944462).
LogModuleManager: Display: Found up-to-date module file ../../../Engine/Plugins/Media/ImgMedia/Binaries/Win64/UE4Editor-ImgMediaFactory.dll (API version 3944462).
LogModuleManager: Display: Found up-to-date module file ../../../Engine/Plugins/Media/ImgMedia/Binaries/Win64/UE4Editor-ImgMediaFactory.dll (API version 3944462).
LogModuleManager: Display: Found up-to-date module file ../../../Engine/Plugins/Media/ImgMedia/Binaries/Win64/UE4Editor-OpenExrWrapper.dll (API version 3944462).
LogModuleManager: Display: Found up-to-date module file ../../../Engine/Plugins/Media/LinearTimecode/Binaries/Win64/UE4Editor-LinearTimecode.dll (API version 3944462).
LogModuleManager: Display: Found up-to-date module file ../../../Engine/Plugins/Media/MediaCompositing/Binaries/Win64/UE4Editor-MediaCompositing.dll (API version 3944462).
LogModuleManager: Display: Found up-to-date module file ../../../Engine/Plugins/Media/MediaCompositing/Binaries/Win64/UE4Editor-MediaCompositingEditor.dll (API version 3944462).
LogModuleManager: Display: Found up-to-date module file ../../../Engine/Plugins/Media/MediaPlayerEditor/Binaries/Win64/UE4Editor-MediaPlayerEditor.dll (API version 3944462).
LogModuleManager: Display: Found up-to-date module file ../../../Engine/Plugins/Media/WmfMedia/Binaries/Win64/UE4Editor-WmfMedia.dll (API version 3944462).
LogModuleManager: Display: Found up-to-date module file ../../../Engine/Plugins/Media/WmfMedia/Binaries/Win64/UE4Editor-WmfMediaEditor.dll (API version 3944462).
LogModuleManager: Display: Found up-to-date module file ../../../Engine/Plugins/Media/WmfMedia/Binaries/Win64/UE4Editor-WmfMediaFactory.dll (API version 3944462).
LogModuleManager: Display: Found up-to-date module file ../../../Engine/Plugins/Media/WmfMedia/Binaries/Win64/UE4Editor-WmfMediaFactory.dll (API version 3944462).
LogModuleManager: Display: Found up-to-date module file ../../../Engine/Plugins/Messaging/TcpMessaging/Binaries/Win64/UE4Editor-TcpMessaging.dll (API version 3944462).
LogModuleManager: Display: Found up-to-date module file ../../../Engine/Plugins/Messaging/UdpMessaging/Binaries/Win64/UE4Editor-UdpMessaging.dll (API version 3944462).
LogModuleManager: Display: Found up-to-date module file ../../../Engine/Plugins/MovieScene/ActorSequence/Binaries/Win64/UE4Editor-ActorSequence.dll (API version 3944462).
LogModuleManager: Display: Found up-to-date module file ../../../Engine/Plugins/MovieScene/LevelSequenceEditor/Binaries/Win64/UE4Editor-LevelSequenceEditor.dll (API version 3944462).
LogModuleManager: Display: Found up-to-date module file ../../../Engine/Plugins/MovieScene/MatineeToLevelSequence/Binaries/Win64/UE4Editor-MatineeToLevelSequence.dll (API version 3944462).
LogModuleManager: Display: Found up-to-date module file ../../../Engine/Plugins/NetcodeUnitTest/NetcodeUnitTest/Binaries/Win64/UE4Editor-NetcodeUnitTest.dll (API version 3944462).
LogModuleManager: Display: Found up-to-date module file ../../../Engine/Plugins/NetcodeUnitTest/NUTUnrealEngine4/Binaries/Win64/UE4Editor-NUTUnrealEngine4.dll (API version 3944462).
LogModuleManager: Display: Found up-to-date module file ../../../Engine/Plugins/Online/OnlineSubsystem/Binaries/Win64/UE4Editor-OnlineSubsystem.dll (API version 3944462).
LogModuleManager: Display: Found up-to-date module file ../../../Engine/Plugins/Runtime/AndroidPermission/Binaries/Win64/UE4Editor-AndroidPermission.dll (API version 3944462).
LogModuleManager: Display: Found up-to-date module file ../../../Engine/Plugins/Online/OnlineSubsystemNull/Binaries/Win64/UE4Editor-OnlineSubsystemNull.dll (API version 3944462).
LogModuleManager: Display: Found up-to-date module file ../../../Engine/Plugins/Online/OnlineSubsystemUtils/Binaries/Win64/UE4Editor-OnlineSubsystemUtils.dll (API version 3944462).
LogModuleManager: Display: Found up-to-date module file ../../../Engine/Plugins/Online/OnlineSubsystemUtils/Binaries/Win64/UE4Editor-OnlineBlueprintSupport.dll (API version 3944462).
LogModuleManager: Display: Found up-to-date module file ../../../Engine/Plugins/Runtime/AndroidDeviceProfileSelector/Binaries/Win64/UE4Editor-AndroidDeviceProfileSelector.dll (API version 3944462).
LogModuleManager: Display: Found up-to-date module file ../../../Engine/Plugins/Runtime/AppleARKit/Binaries/Win64/UE4Editor-AppleARKit.dll (API version 3944462).
LogModuleManager: Display: Found up-to-date module file ../../../Engine/Plugins/Runtime/ProceduralMeshComponent/Binaries/Win64/UE4Editor-ProceduralMeshComponent.dll (API version 3944462).
LogModuleManager: Display: Found up-to-date module file ../../../Engine/Plugins/Runtime/ProceduralMeshComponent/Binaries/Win64/UE4Editor-ProceduralMeshComponentEditor.dll (API version 3944462).
LogModuleManager: Display: Found up-to-date module file ../../../Engine/Plugins/Animation/LiveLink/Binaries/Win64/UE4Editor-LiveLink.dll (API version 3944462).
LogModuleManager: Display: Found up-to-date module file ../../../Engine/Plugins/Animation/LiveLink/Binaries/Win64/UE4Editor-LiveLinkEditor.dll (API version 3944462).
LogModuleManager: Display: Found up-to-date module file ../../../Engine/Plugins/Runtime/ArchVisCharacter/Binaries/Win64/UE4Editor-ArchVisCharacter.dll (API version 3944462).
LogModuleManager: Display: Found up-to-date module file ../../../Engine/Plugins/Runtime/AudioCapture/Binaries/Win64/UE4Editor-AudioCapture.dll (API version 3944462).
LogModuleManager: Display: Found up-to-date module file ../../../Engine/Plugins/Runtime/AudioCapture/Binaries/Win64/UE4Editor-AudioCaptureEditor.dll (API version 3944462).
LogModuleManager: Display: Found up-to-date module file ../../../Engine/Plugins/Runtime/CableComponent/Binaries/Win64/UE4Editor-CableComponent.dll (API version 3944462).
LogModuleManager: Display: Found up-to-date module file ../../../Engine/Plugins/Runtime/CustomMeshComponent/Binaries/Win64/UE4Editor-CustomMeshComponent.dll (API version 3944462).
LogModuleManager: Display: Found up-to-date module file ../../../Engine/Plugins/Runtime/ExampleDeviceProfileSelector/Binaries/Win64/UE4Editor-ExampleDeviceProfileSelector.dll (API version 3944462).
LogModuleManager: Display: Found up-to-date module file ../../../Engine/Plugins/Runtime/ImmediatePhysics/Binaries/Win64/UE4Editor-ImmediatePhysics.dll (API version 3944462).
LogModuleManager: Display: Found up-to-date module file ../../../Engine/Plugins/Runtime/ImmediatePhysics/Binaries/Win64/UE4Editor-ImmediatePhysicsEditor.dll (API version 3944462).
LogModuleManager: Display: Found up-to-date module file ../../../Engine/Plugins/Runtime/LocationServicesBPLibrary/Binaries/Win64/UE4Editor-LocationServicesBPLibrary.dll (API version 3944462).
LogModuleManager: Display: Found up-to-date module file ../../../Engine/Plugins/Runtime/MobilePatchingUtils/Binaries/Win64/UE4Editor-MobilePatchingUtils.dll (API version 3944462).
LogModuleManager: Display: Found up-to-date module file ../../../Engine/Plugins/Runtime/Oculus/OculusVR/Binaries/Win64/UE4Editor-OculusHMD.dll (API version 3944462).
LogModuleManager: Display: Found up-to-date module file ../../../Engine/Plugins/Runtime/Oculus/OculusVR/Binaries/Win64/UE4Editor-OculusInput.dll (API version 3944462).
LogModuleManager: Display: Found up-to-date module file ../../../Engine/Plugins/Runtime/Oculus/OculusVR/Binaries/Win64/UE4Editor-OculusEditor.dll (API version 3944462).
LogModuleManager: Display: Found up-to-date module file ../../../Engine/Plugins/Runtime/PhysXVehicles/Binaries/Win64/UE4Editor-PhysXVehicles.dll (API version 3944462).
LogModuleManager: Display: Found up-to-date module file ../../../Engine/Plugins/Runtime/PhysXVehicles/Binaries/Win64/UE4Editor-PhysXVehiclesEditor.dll (API version 3944462).
LogModuleManager: Display: Found up-to-date module file ../../../Engine/Plugins/Runtime/RuntimePhysXCooking/Binaries/Win64/UE4Editor-RuntimePhysXCooking.dll (API version 3944462).
LogModuleManager: Display: Found up-to-date module file ../../../Engine/Plugins/Runtime/Steam/SteamVR/Binaries/Win64/UE4Editor-SteamVR.dll (API version 3944462).
LogModuleManager: Display: Found up-to-date module file ../../../Engine/Plugins/Runtime/Steam/SteamVR/Binaries/Win64/UE4Editor-SteamVRController.dll (API version 3944462).
LogModuleManager: Display: Found up-to-date module file ../../../Engine/Plugins/Runtime/WindowsMoviePlayer/Binaries/Win64/UE4Editor-WindowsMoviePlayer.dll (API version 3944462).
LogPluginManager: Mounting plugin Paper2D
LogPluginManager: Mounting plugin LiveLink
LogPluginManager: Mounting plugin LightPropagationVolume
LogPluginManager: Mounting plugin CLionSourceCodeAccess
LogPluginManager: Mounting plugin CodeLiteSourceCodeAccess
LogPluginManager: Mounting plugin GitSourceControl
LogPluginManager: Mounting plugin KDevelopSourceCodeAccess
LogPluginManager: Mounting plugin NullSourceCodeAccess
LogPluginManager: Mounting plugin PerforceSourceControl
LogPluginManager: Mounting plugin SubversionSourceControl
LogPluginManager: Mounting plugin UObjectPlugin
LogPluginManager: Mounting plugin VisualStudioCodeSourceCodeAccess
LogPluginManager: Mounting plugin VisualStudioSourceCodeAccess
LogPluginManager: Mounting plugin XCodeSourceCodeAccess
LogPluginManager: Mounting plugin AssetManagerEditor
LogPluginManager: Mounting plugin CryptoKeys
LogPluginManager: Mounting plugin DataValidation
LogPluginManager: Mounting plugin FacialAnimation
LogPluginManager: Mounting plugin GameplayTagsEditor
LogPluginManager: Mounting plugin MobileLauncherProfileWizard
LogPluginManager: Mounting plugin PluginBrowser
LogPluginManager: Mounting plugin SpeedTreeImporter
LogPluginManager: Mounting plugin DatasmithContent
LogPluginManager: Mounting plugin AlembicImporter
LogPluginManager: Mounting plugin CharacterAI
LogPluginManager: Mounting plugin HTML5Networking
LogPluginManager: Mounting plugin AndroidMedia
LogPluginManager: Mounting plugin AvfMedia
LogPluginManager: Mounting plugin ImgMedia
LogPluginManager: Mounting plugin LinearTimecode
LogPluginManager: Mounting plugin MediaCompositing
LogPluginManager: Mounting plugin MediaPlayerEditor
LogPluginManager: Mounting plugin WmfMedia
LogPluginManager: Mounting plugin TcpMessaging
LogPluginManager: Mounting plugin UdpMessaging
LogPluginManager: Mounting plugin ActorSequence
LogPluginManager: Mounting plugin LevelSequenceEditor
LogPluginManager: Mounting plugin MatineeToLevelSequence
LogPluginManager: Mounting plugin NetcodeUnitTest
LogPluginManager: Mounting plugin NUTUnrealEngine4
LogPluginManager: Mounting plugin OnlineSubsystemGooglePlay
LogPluginManager: Mounting plugin OnlineSubsystemIOS
LogPluginManager: Mounting plugin OnlineSubsystem
LogPluginManager: Mounting plugin OnlineSubsystemNull
LogPluginManager: Mounting plugin OnlineSubsystemUtils
LogPluginManager: Mounting plugin AndroidDeviceProfileSelector
LogPluginManager: Mounting plugin AndroidMoviePlayer
LogPluginManager: Mounting plugin AndroidPermission
LogPluginManager: Mounting plugin AppleARKit
LogPluginManager: Mounting plugin AppleMoviePlayer
LogPluginManager: Mounting plugin ArchVisCharacter
LogPluginManager: Mounting plugin AudioCapture
LogPluginManager: Mounting plugin CableComponent
LogPluginManager: Mounting plugin CustomMeshComponent
LogPluginManager: Mounting plugin ExampleDeviceProfileSelector
LogPluginManager: Mounting plugin GoogleCloudMessaging
LogPluginManager: Mounting plugin ImmediatePhysics
LogPluginManager: Mounting plugin IOSDeviceProfileSelector
LogPluginManager: Mounting plugin LinuxDeviceProfileSelector
LogPluginManager: Mounting plugin LocationServicesBPLibrary
LogPluginManager: Mounting plugin MobilePatchingUtils
LogPluginManager: Mounting plugin OculusVR
LogPluginManager: Plugin shader directory ../../../Engine/Plugins/Runtime/Oculus/OculusVR/Shaders found
LogPluginManager: Mapping shader source directory ../../../Engine/Plugins/Runtime/Oculus/OculusVR/Shaders to virtual directory /Plugin/OculusVR
LogPluginManager: Mounting plugin PhysXVehicles
LogPluginManager: Mounting plugin ProceduralMeshComponent
LogPluginManager: Mounting plugin RuntimePhysXCooking
LogPluginManager: Mounting plugin SteamVR
LogPluginManager: Mounting plugin WindowsMoviePlayer
LogStreaming: Display: Took  1.100s to configure plugins.
LogInit: Using libcurl 7.47.1
LogInit:  - built for x86_64-pc-win32
LogInit:  - supports SSL with OpenSSL/1.0.2g
LogInit:  - supports HTTP deflate (compression) using libz 1.2.8
LogInit:  - other features:
LogInit:      CURL_VERSION_SSL
LogInit:      CURL_VERSION_LIBZ
LogInit:      CURL_VERSION_IPV6
LogInit:      CURL_VERSION_ASYNCHDNS
LogInit:      CURL_VERSION_LARGEFILE
LogInit:      CURL_VERSION_IDN
LogInit:  CurlRequestOptions (configurable via config and command line):
LogInit:  - bVerifyPeer = false  - Libcurl will NOT verify peer certificate
LogInit:  - bUseHttpProxy = false  - Libcurl will NOT use HTTP proxy
LogInit:  - bDontReuseConnections = false  - Libcurl will reuse connections
LogInit:  - CertBundlePath = nullptr  - Libcurl will use whatever was configured at build time.
LogInit:  - MaxHostConnections = 16  - Libcurl will limit the number of connections to a host
LogInit:  - LocalHostAddr = Default
LogInit: WinSock: version 1.1 (2.2), MaxSocks=32767, MaxUdp=65467
LogInit: WinSock: I am DESKTOP-T3RQ42G (169.254.57.114:0)
LogInit: Build: ++UE4+Release-4.19-CL-4033788
LogInit: Engine Version: 4.19.2-4033788+++UE4+Release-4.19
LogInit: Compatible Engine Version: 4.19.0-3944462+++UE4+Release-4.19
LogInit: Net CL: 3944462
LogDevObjectVersion: Number of dev versions registered: 18
LogDevObjectVersion:   Dev-Blueprints (B0D832E4-1F89-4F0D-ACCF-7EB736FD4AA2): 10
LogDevObjectVersion:   Dev-Build (E1C64328-A22C-4D53-A36C-8E866417BD8C): 0
LogDevObjectVersion:   Dev-Core (375EC13C-06E4-48FB-B500-84F0262A717E): 2
LogDevObjectVersion:   Dev-Editor (E4B068ED-F494-42E9-A231-DA0B2E46BB41): 23
LogDevObjectVersion:   Dev-Framework (CFFC743F-43B0-4480-9391-14DF171D2073): 33
LogDevObjectVersion:   Dev-Mobile (B02B49B5-BB20-44E9-A304-32B752E40360): 2
LogDevObjectVersion:   Dev-Networking (A4E4105C-59A1-49B5-A7C5-40C4547EDFEE): 0
LogDevObjectVersion:   Dev-Online (39C831C9-5AE6-47DC-9A44-9C173E1C8E7C): 0
LogDevObjectVersion:   Dev-Physics (78F01B33-EBEA-4F98-B9B4-84EACCB95AA2): 0
LogDevObjectVersion:   Dev-Platform (6631380F-2D4D-43E0-8009-CF276956A95A): 0
LogDevObjectVersion:   Dev-Rendering (12F88B9F-8875-4AFC-A67C-D90C383ABD29): 25
LogDevObjectVersion:   Dev-Sequencer (7B5AE74C-D270-4C10-A958-57980B212A5A): 6
LogDevObjectVersion:   Dev-VR (D7296918-1DD6-4BDD-9DE2-64A83CC13884): 1
LogDevObjectVersion:   Dev-LoadTimes (C2A15278-BFE7-4AFE-6C17-90FF531DF755): 1
LogDevObjectVersion:   Private-Geometry (6EACA3D4-40EC-4CC1-B786-8BED09428FC5): 2
LogDevObjectVersion:   Dev-AnimPhys (29E575DD-E0A3-4627-9D10-D276232CDCEA): 16
LogDevObjectVersion:   Dev-ReflectionCapture (6B266CEC-1EC7-4B8F-A30B-E4D90942FC07): 1
LogDevObjectVersion:   Dev-Automation (0DF73D61-A23F-47EA-B727-89E90C41499A): 1
LogInit: Compiled (64-bit): Apr 27 2018 02:06:57
LogInit: Compiled with Visual C++: 19.00.24215.01
LogInit: Build Configuration: Development
LogInit: Branch Name: ++UE4+Release-4.19
LogInit: Command Line: 
LogInit: Base Directory: D:/Program Files (x86)/UE_4.19/Engine/Binaries/Win64/
LogInit: Installed Engine Build: 1
LogStreaming: Display: Took  0.002s to delete old logs.
LogInit: Presizing for max 8388607 objects, including 0 objects not considered by GC, pre-allocating 0 bytes for permanent pool.
LogInit: Object subsystem initialized
[2018.08.01-16.36.37:031][  0]LogInit: Selected Device Profile: [Windows]
[2018.08.01-16.36.37:031][  0]LogInit: Applying CVar settings loaded from the selected device profile: [Windows]
[2018.08.01-16.36.37:043][  0]LogInit: Computer: DESKTOP-T3RQ42G
[2018.08.01-16.36.37:044][  0]LogInit: User: Andre
[2018.08.01-16.36.37:044][  0]LogInit: CPU Page size=4096, Cores=4
[2018.08.01-16.36.37:044][  0]LogInit: High frequency timer resolution =2.742183 MHz
[2018.08.01-16.36.37:044][  0]LogMemory: Memory total: Physical=15.9GB (16GB approx)
[2018.08.01-16.36.37:044][  0]LogMemory: Platform Memory Stats for Windows
[2018.08.01-16.36.37:044][  0]LogMemory: Process Physical Memory: 275.37 MB used, 275.37 MB peak
[2018.08.01-16.36.37:044][  0]LogMemory: Process Virtual Memory: 265.30 MB used, 265.30 MB peak
[2018.08.01-16.36.37:044][  0]LogMemory: Physical Memory: 6526.58 MB used,  9730.45 MB free, 16257.03 MB total
[2018.08.01-16.36.37:044][  0]LogMemory: Virtual Memory: 4794.19 MB used,  9730.45 MB free, 134217728.00 MB total
[2018.08.01-16.36.37:304][  0]LogInit: Using OS detected language (en-US).
[2018.08.01-16.36.37:304][  0]LogInit: Using OS detected locale (en-CA).
[2018.08.01-16.36.37:308][  0]LogTextLocalizationManager: No specific localization for 'en-US' exists, so the 'en' localization will be used.
[2018.08.01-16.36.37:768][  0]LogStreaming: Display: Took  0.463s to EndInitTextLocalization.
[2018.08.01-16.36.37:768][  0]LogInit: Setting process to per monitor DPI aware
[2018.08.01-16.36.37:812][  0]LogSlate: New Slate User Created.  User Index 0, Is Virtual User: 0
[2018.08.01-16.36.37:812][  0]LogSlate: Slate User Registered.  User Index 0, Is Virtual User: 0
[2018.08.01-16.36.38:094][  0]LogD3D11RHI: D3D11 adapters:
[2018.08.01-16.36.38:151][  0]LogD3D11RHI:    0. 'NVIDIA GeForce GTX 1070' (Feature Level 11_0)
[2018.08.01-16.36.38:151][  0]LogD3D11RHI:       8081/0/8128 MB DedicatedVideo/DedicatedSystem/SharedSystem, Outputs:2, VendorId:0x10de
[2018.08.01-16.36.38:172][  0]LogD3D11RHI:    1. 'Intel(R) HD Graphics 630' (Feature Level 11_0)
[2018.08.01-16.36.38:172][  0]LogD3D11RHI:       128/0/8128 MB DedicatedVideo/DedicatedSystem/SharedSystem, Outputs:0, VendorId:0x8086
[2018.08.01-16.36.38:174][  0]LogD3D11RHI:    2. 'Microsoft Basic Render Driver' (Feature Level 11_0)
[2018.08.01-16.36.38:174][  0]LogD3D11RHI:       0/0/8128 MB DedicatedVideo/DedicatedSystem/SharedSystem, Outputs:0, VendorId:0x1414
[2018.08.01-16.36.38:174][  0]LogD3D11RHI: Chosen D3D11 Adapter: 0
[2018.08.01-16.36.38:181][  0]LogD3D11RHI: Creating new Direct3DDevice
[2018.08.01-16.36.38:181][  0]LogD3D11RHI:     GPU DeviceId: 0x1be1 (for the marketing name, search the web for "GPU Device Id")
[2018.08.01-16.36.38:181][  0]LogWindows: EnumDisplayDevices:
[2018.08.01-16.36.38:182][  0]LogWindows:    0. 'NVIDIA GeForce GTX 1070' (P:1 D:1)
[2018.08.01-16.36.38:182][  0]LogWindows:    1. 'NVIDIA GeForce GTX 1070' (P:0 D:1)
[2018.08.01-16.36.38:182][  0]LogWindows:    2. 'NVIDIA GeForce GTX 1070' (P:0 D:0)
[2018.08.01-16.36.38:182][  0]LogWindows:    3. 'NVIDIA GeForce GTX 1070' (P:0 D:0)
[2018.08.01-16.36.38:183][  0]LogWindows:    4. 'Intel(R) HD Graphics 630' (P:0 D:0)
[2018.08.01-16.36.38:183][  0]LogWindows:    5. 'Intel(R) HD Graphics 630' (P:0 D:0)
[2018.08.01-16.36.38:184][  0]LogWindows:    6. 'Intel(R) HD Graphics 630' (P:0 D:0)
[2018.08.01-16.36.38:184][  0]LogWindows: DebugString: GetVideoDriverDetailsInvalid PrimaryIsNotTheChoosenAdapter GetVideoDriverDetailsInvalid PrimaryIsNotTheChoosenAdapter GetVideoDriverDetailsInvalid PrimaryIsNotTheChoosenAdapter GetVideoDriverDetailsInvalid PrimaryIsNotTheChoosenAdapter GetVideoDriverDetailsInvalid PrimaryIsNotTheChoosenAdapter GetVideoDriverDetailsInvalid PrimaryIsNotTheChoosenAdapter GetVideoDriverDetailsInvalid PrimaryIsNotTheChoosenAdapter FoundDriverCount:0 
[2018.08.01-16.36.38:184][  0]LogD3D11RHI:     Adapter Name: NVIDIA GeForce GTX 1070
[2018.08.01-16.36.38:184][  0]LogD3D11RHI:   Driver Version: Unknown (internal:Unknown, unified:Unknown)
[2018.08.01-16.36.38:184][  0]LogD3D11RHI:      Driver Date: Unknown
[2018.08.01-16.36.38:184][  0]LogRHI: Texture pool is 5656 MB (70% of 8081 MB)
[2018.08.01-16.36.38:216][  0]LogD3D11RHI: [Aftermath] Aftermath enabled and primed
[2018.08.01-16.36.38:216][  0]LogD3D11RHI: [Aftermath] Aftermath enabled and primed
[2018.08.01-16.36.38:216][  0]LogD3D11RHI: Async texture creation enabled
[2018.08.01-16.36.38:244][  0]LogD3D11RHI: GPU Timing Frequency: 1000.000000 (Debug: 2 2)
[2018.08.01-16.36.38:345][  0]LogShaderCompilers: Guid format shader working directory is -21 characters bigger than the processId version (../../../../../UDV/Unreal Projects/TREKTHERAINBOW/VGDUNRL_TTR_ALPHA/Intermediate/Shaders/WorkingDirectory/3584/).
[2018.08.01-16.36.38:345][  0]LogShaderCompilers: Cleaned the shader compiler working directory 'C:/Users/Andre/AppData/Local/Temp/UnrealShaderWorkingDir/5F2F10114550286D2B0CD48A20CBFD51/'.
[2018.08.01-16.36.38:583][  0]LogTemp: Display: Loaded TP AllDesktopTargetPlatform
[2018.08.01-16.36.38:597][  0]LogTemp: Display: Loaded TP MacClientTargetPlatform
[2018.08.01-16.36.38:610][  0]LogTemp: Display: Loaded TP MacNoEditorTargetPlatform
[2018.08.01-16.36.38:625][  0]LogTemp: Display: Loaded TP MacServerTargetPlatform
[2018.08.01-16.36.38:639][  0]LogTemp: Display: Loaded TP MacTargetPlatform
[2018.08.01-16.36.38:654][  0]LogTemp: Display: Loaded TP WindowsClientTargetPlatform
[2018.08.01-16.36.38:668][  0]LogTemp: Display: Loaded TP WindowsNoEditorTargetPlatform
[2018.08.01-16.36.38:682][  0]LogTemp: Display: Loaded TP WindowsServerTargetPlatform
[2018.08.01-16.36.38:688][  0]LogTemp: Display: Loaded TP WindowsTargetPlatform
[2018.08.01-16.36.38:702][  0]LogTemp: Display: Loaded TP Android_ASTCTargetPlatform
[2018.08.01-16.36.38:715][  0]LogTemp: Display: Loaded TP Android_ATCTargetPlatform
[2018.08.01-16.36.38:729][  0]LogTemp: Display: Loaded TP Android_DXTTargetPlatform
[2018.08.01-16.36.38:742][  0]LogTemp: Display: Loaded TP Android_ETC1aTargetPlatform
[2018.08.01-16.36.38:756][  0]LogTemp: Display: Loaded TP Android_ETC1TargetPlatform
[2018.08.01-16.36.38:770][  0]LogTemp: Display: Loaded TP Android_ETC2TargetPlatform
[2018.08.01-16.36.38:797][  0]LogTemp: Display: Loaded TP Android_MultiTargetPlatform
[2018.08.01-16.36.38:797][  0]LogTemp: Display: Loaded TP Android_PVRTCTargetPlatform
[2018.08.01-16.36.38:810][  0]LogTemp: Display: Loaded TP AndroidTargetPlatform
[2018.08.01-16.36.38:812][  0]LogTemp: Display: Loaded TP HTML5TargetPlatform
[2018.08.01-16.36.38:849][  0]LogTemp: Display: Loaded TP IOSTargetPlatform
[2018.08.01-16.36.38:861][  0]LogTemp: Display: Loaded TP TVOSTargetPlatform
[2018.08.01-16.36.38:874][  0]LogTemp: Display: Loaded TP LinuxClientTargetPlatform
[2018.08.01-16.36.38:888][  0]LogTemp: Display: Loaded TP LinuxNoEditorTargetPlatform
[2018.08.01-16.36.38:900][  0]LogTemp: Display: Loaded TP LinuxServerTargetPlatform
[2018.08.01-16.36.38:915][  0]LogTemp: Display: Loaded TP LinuxTargetPlatform
[2018.08.01-16.36.38:915][  0]LogTargetPlatformManager: Display: Building Assets For Windows
[2018.08.01-16.36.39:027][  0]LogXGEController: Cannot use XGE Controller as Incredibuild is not installed on this machine.
[2018.08.01-16.36.39:028][  0]LogShaderCompilers: Cannot use XGE Shader Compiler as Incredibuild is not installed on this machine.
[2018.08.01-16.36.39:028][  0]LogShaderCompilers: Display: Using Local Shader Compiler.
[2018.08.01-16.36.39:673][  0]LogDerivedDataCache: Display: Max Cache Size: 512 MB
[2018.08.01-16.36.39:735][  0]LogDerivedDataCache: Loaded boot cache 0.06s 74MB C:/Users/Andre/AppData/Local/UnrealEngine/4.19/DerivedDataCache/Boot.ddc.
[2018.08.01-16.36.39:735][  0]LogDerivedDataCache: Display: Loaded Boot cache: C:/Users/Andre/AppData/Local/UnrealEngine/4.19/DerivedDataCache/Boot.ddc
[2018.08.01-16.36.39:735][  0]LogDerivedDataCache: FDerivedDataBackendGraph:  Pak pak cache file ../../../../../UDV/Unreal Projects/TREKTHERAINBOW/VGDUNRL_TTR_ALPHA/DerivedDataCache/DDC.ddp not found, will not use a pak cache.
[2018.08.01-16.36.39:735][  0]LogDerivedDataCache: Unable to find inner node Pak for hierarchical cache Hierarchy.
[2018.08.01-16.36.39:735][  0]LogDerivedDataCache: FDerivedDataBackendGraph:  CompressedPak pak cache file ../../../../../UDV/Unreal Projects/TREKTHERAINBOW/VGDUNRL_TTR_ALPHA/DerivedDataCache/Compressed.ddp not found, will not use a pak cache.
[2018.08.01-16.36.39:735][  0]LogDerivedDataCache: Unable to find inner node CompressedPak for hierarchical cache Hierarchy.
[2018.08.01-16.36.39:751][  0]LogDerivedDataCache: Display: Pak cache opened for reading ../../../Engine/DerivedDataCache/Compressed.ddp.
[2018.08.01-16.36.39:763][  0]LogDerivedDataCache: Using Local data cache path C:/Users/Andre/AppData/Local/UnrealEngine/Common/DerivedDataCache: Writable
[2018.08.01-16.36.39:763][  0]LogDerivedDataCache: Shared data cache path not found in *engine.ini, will not use an Shared cache.
[2018.08.01-16.36.39:763][  0]LogDerivedDataCache: Unable to find inner node Shared for hierarchical cache Hierarchy.
[2018.08.01-16.36.39:774][  0]LogMaterial: Verifying Global Shaders for PCD3D_SM5
[2018.08.01-16.36.39:774][  0]LogSlate: Using Freetype 2.6.0
[2018.08.01-16.36.39:775][  0]LogSlate: SlateFontCache - WITH_FREETYPE: 1, WITH_HARFBUZZ: 1
[2018.08.01-16.36.39:775][  0]LogSlate: SlateFontCache - WITH_FREETYPE: 1, WITH_HARFBUZZ: 1
[2018.08.01-16.36.39:936][  0]LogAssetRegistry: FAssetRegistry took 0.0270 seconds to start up
[2018.08.01-16.36.40:272][  0]LogInit: Selected Device Profile: [Windows]
[2018.08.01-16.36.40:421][  0]LogSimplygon: Simplygon DLL not present - disabling.
[2018.08.01-16.36.40:424][  0]LogMeshReduction: Using SimplygonSwarm for distributed automatic mesh merging
[2018.08.01-16.36.40:424][  0]LogMeshReduction: Using QuadricMeshReduction for automatic static mesh reduction
[2018.08.01-16.36.40:424][  0]LogMeshReduction: No automatic skeletal mesh reduction module available
[2018.08.01-16.36.40:424][  0]LogMeshReduction: No automatic mesh merging module available
[2018.08.01-16.36.40:424][  0]LogMeshMerging: No automatic mesh merging module available
[2018.08.01-16.36.40:486][  0]LogNetVersion: VGDUNRL_TTR_ALPHA , NetCL: 3944462, EngineNetVer: 2, GameNetVer: 0 (Checksum: 625581311)
[2018.08.01-16.36.40:971][  0]LogPackageLocalizationCache: Processed 9 localized package path(s) for 2 prioritized culture(s) in 0.086165 seconds
[2018.08.01-16.36.40:976][  0]LogUObjectArray: 36728 objects as part of root set at end of initial load.
[2018.08.01-16.36.40:976][  0]LogUObjectAllocator: 7314312 out of 0 bytes used by permanent object pool.
[2018.08.01-16.36.40:976][  0]LogUObjectArray: CloseDisregardForGC: 0/0 objects in disregard for GC pool
[2018.08.01-16.36.42:805][  0]LogTcpMessaging: Initializing TcpMessaging bridge
[2018.08.01-16.36.42:837][  0]LogUdpMessaging: Initializing bridge on interface 0.0.0.0:0 to multicast group 230.0.0.1:6666.
[2018.08.01-16.36.43:251][  0]SourceControl: Source control is disabled
[2018.08.01-16.36.43:252][  0]SourceControl: Source control is disabled
[2018.08.01-16.36.43:274][  0]SourceControl: Source control is disabled
[2018.08.01-16.36.43:294][  0]SourceControl: Source control is disabled
[2018.08.01-16.36.43:832][  0]LogAndroidPermission: UAndroidPermissionCallbackProxy::GetInstance
[2018.08.01-16.36.44:012][  0]LogOcInput: OculusInput pre-init called
[2018.08.01-16.36.44:127][  0]LogEngine: Initializing Engine...
[2018.08.01-16.36.44:128][  0]LogHMD: Failed to initialize OpenVR with code 110
[2018.08.01-16.36.44:130][  0]LogStats: UGameplayTagsManager::ConstructGameplayTagTree: Construct from data asset -  0.000 s
[2018.08.01-16.36.44:130][  0]LogStats: UGameplayTagsManager::ConstructGameplayTagTree: GameplayTagTreeChangedEvent.Broadcast -  0.000 s
[2018.08.01-16.36.44:345][  0]LogAIModule: Creating AISystem for world Untitled
[2018.08.01-16.36.44:359][  0]LogInit: XAudio2 using 'Speakers / Headphones (Realtek Audio)' : 6 channels at 48 kHz using 32 bits per sample (channel mask 0x3f)
[2018.08.01-16.36.44:818][  0]LogInit: FAudioDevice initialized.
[2018.08.01-16.36.44:898][  0]LogDerivedDataCache: Saved boot cache 0.08s 74MB C:/Users/Andre/AppData/Local/UnrealEngine/4.19/DerivedDataCache/Boot.ddc.
[2018.08.01-16.36.44:911][  0]LogInit: Texture streaming: Enabled
[2018.08.01-16.36.44:924][  0]LogEngineSessionManager: EngineSessionManager initialized
[2018.08.01-16.36.44:933][  0]LogInit: Transaction tracking system initialized
[2018.08.01-16.36.44:979][  0]BlueprintLog: New page: Editor Load
[2018.08.01-16.36.45:038][  0]LocalizationService: Localization service is disabled
[2018.08.01-16.36.45:169][  0]LogConsoleResponse: Display: 
[2018.08.01-16.36.45:318][  0]LogCook: Display: Max memory allowance for cook 16384mb min free memory 0mb
[2018.08.01-16.36.45:318][  0]LogCook: Display: Mobile HDR setting 1
[2018.08.01-16.36.45:318][  0]LogGameplayTags: Display: UGameplayTagsManager::DoneAddingNativeTags. DelegateIsBound: 0
[2018.08.01-16.36.45:318][  0]LogStats: UGameplayTagsManager::ConstructGameplayTagTree: Construct from data asset -  0.000 s
[2018.08.01-16.36.45:318][  0]LogStats: UGameplayTagsManager::ConstructGameplayTagTree: GameplayTagTreeChangedEvent.Broadcast -  0.000 s
[2018.08.01-16.36.45:722][  0]LogFileCache: Scanning file cache for directory 'D:/UDV/Unreal Projects/TREKTHERAINBOW/VGDUNRL_TTR_ALPHA/Content/' took 0.01s
[2018.08.01-16.36.45:722][  0]SourceControl: Source control is disabled
[2018.08.01-16.36.45:722][  0]Cmd: MAP LOAD FILE="../../../../../UDV/Unreal Projects/TREKTHERAINBOW/VGDUNRL_TTR_ALPHA/Content/2DSideScrollerBP/Maps/2DNewLevel.umap" TEMPLATE=0 SHOWPROGRESS=1 FEATURELEVEL=3
[2018.08.01-16.36.45:722][  0]LightingResults: New page: Lighting Build
[2018.08.01-16.36.45:724][  0]MapCheck: New page: Map Check
[2018.08.01-16.36.45:724][  0]LightingResults: New page: Lighting Build
[2018.08.01-16.36.45:808][  0]LogLinker: Warning: Can't find file '/Game/2DSideScroller/Materials/Portal/Portal/Portal_Out_Effect'
[2018.08.01-16.36.45:808][  0]LogLinker: Warning: Can't find file for asset '/Game/2DSideScroller/Materials/Portal/Portal/Portal_Out_Effect' while loading ../../../../../UDV/Unreal Projects/TREKTHERAINBOW/VGDUNRL_TTR_ALPHA/Content/2DSideScrollerBP/Blueprints/2DSideScrollerCharacter.uasset.
[2018.08.01-16.36.45:808][  0]LoadErrors: Error: /Game/2DSideScrollerBP/Blueprints/2DSideScrollerCharacter : Can't find file for asset. /Game/2DSideScroller/Materials/Portal/Portal/Portal_Out_Effect
[2018.08.01-16.36.45:809][  0]LogLinker: Warning: Can't find file '/Game/2DSideScroller/Materials/Portal/Portal/Portal_Out_Effect'
[2018.08.01-16.36.45:809][  0]LogLinker: Warning: Can't find file for asset '/Game/2DSideScroller/Materials/Portal/Portal/Portal_Out_Effect' while loading ../../../../../UDV/Unreal Projects/TREKTHERAINBOW/VGDUNRL_TTR_ALPHA/Content/2DSideScrollerBP/Blueprints/2DSideScrollerCharacter.uasset.
[2018.08.01-16.36.45:809][  0]LoadErrors: Error: /Game/2DSideScrollerBP/Blueprints/2DSideScrollerCharacter : Can't find file for asset. /Game/2DSideScroller/Materials/Portal/Portal/Portal_Out_Effect
[2018.08.01-16.36.45:810][  0]LogUObjectGlobals: Created PersistentFrame Addr=0x0000018c0c2f2080, Size=352, Default__2DSideScrollerCharacter_C Function /Game/2DSideScrollerBP/Blueprints/2DSideScrollerCharacter.2DSideScrollerCharacter_C:ExecuteUbergraph_2DSideScrollerCharacter
[2018.08.01-16.36.45:810][  0]LogLinker: Warning: Can't find file '/Game/2DSideScroller/Materials/Portal/Portal/Portal_Out_Effect'
[2018.08.01-16.36.45:810][  0]LogLinker: Warning: Can't find file for asset '/Game/2DSideScroller/Materials/Portal/Portal/Portal_Out_Effect' while loading ../../../../../UDV/Unreal Projects/TREKTHERAINBOW/VGDUNRL_TTR_ALPHA/Content/2DSideScrollerBP/Maps/2DNewLevel.umap.
[2018.08.01-16.36.45:810][  0]LoadErrors: Error: /Game/2DSideScrollerBP/Maps/2DNewLevel : Can't find file for asset. /Game/2DSideScroller/Materials/Portal/Portal/Portal_Out_Effect
[2018.08.01-16.36.45:810][  0]LogLinker: Warning: Can't find file '/Game/2DSideScroller/Materials/Portal/Portal/Portal_Out_Effect'
[2018.08.01-16.36.45:810][  0]LogLinker: Warning: Can't find file for asset '/Game/2DSideScroller/Materials/Portal/Portal/Portal_Out_Effect' while loading ../../../../../UDV/Unreal Projects/TREKTHERAINBOW/VGDUNRL_TTR_ALPHA/Content/2DSideScrollerBP/Maps/2DNewLevel.umap.
[2018.08.01-16.36.45:810][  0]LoadErrors: Error: /Game/2DSideScrollerBP/Maps/2DNewLevel : Can't find file for asset. /Game/2DSideScroller/Materials/Portal/Portal/Portal_Out_Effect
[2018.08.01-16.36.45:811][  0]LogLinker: Warning: Can't find file '/Game/2DSideScroller/Materials/Portal/Portal/Portal_Out_Effect'
[2018.08.01-16.36.45:811][  0]LoadErrors: Failed to load /Game/2DSideScroller/Materials/Portal/Portal/Portal_Out_Effect.Portal_Out_Effect Referenced by NODE_AddParticleSystemComponent-2
[2018.08.01-16.36.45:811][  0]LogLinker: Warning: Can't find file for asset '/Game/2DSideScroller/Materials/Portal/Portal/Portal_Out_Effect' while loading ../../../../../UDV/Unreal Projects/TREKTHERAINBOW/VGDUNRL_TTR_ALPHA/Content/2DSideScrollerBP/Maps/2DNewLevel.umap.
[2018.08.01-16.36.45:811][  0]LoadErrors: Failed to load /Game/2DSideScroller/Materials/Portal/Portal/Portal_Out_Effect.Portal_Out_Effect Referenced by NODE_AddParticleSystemComponent-2
[2018.08.01-16.36.45:811][  0]LoadErrors: Error: /Game/2DSideScrollerBP/Maps/2DNewLevel : Can't find file for asset. /Game/2DSideScroller/Materials/Portal/Portal/Portal_Out_Effect
[2018.08.01-16.36.45:816][  0]LogUObjectGlobals: Destroyed PersistentFrame Addr=0x0000018c0c2f2080, Size=352
[2018.08.01-16.36.45:817][  0]LogUObjectGlobals: Created PersistentFrame Addr=0x0000018c0c302e00, Size=352, Default__2DSideScrollerCharacter_C Function /Engine/Transient.REINST_2DSideScrollerCharacter_C_3:ExecuteUbergraph_2DSideScrollerCharacter
[2018.08.01-16.36.45:822][  0]LogUObjectGlobals: Created PersistentFrame Addr=0x0000018c0bf31180, Size=352, Default__2DSideScrollerCharacter_C Function /Game/2DSideScrollerBP/Blueprints/2DSideScrollerCharacter.2DSideScrollerCharacter_C:ExecuteUbergraph_2DSideScrollerCharacter
[2018.08.01-16.36.45:830][  0]LogUObjectGlobals: Created PersistentFrame Addr=0x0000018c0b698490, Size=24, Default__2DSideScrollerGameMode_C Function /Game/2DSideScrollerBP/Blueprints/2DSideScrollerGameMode.2DSideScrollerGameMode_C:ExecuteUbergraph_2DSideScrollerGameMode
[2018.08.01-16.36.45:831][  0]LogUObjectGlobals: Created PersistentFrame Addr=0x0000018c6bd70600, Size=16, Default__GameHUD_C Function /Game/2DSideScrollerBP/Blueprints/GameHUD.GameHUD_C:ExecuteUbergraph_GameHUD
[2018.08.01-16.36.45:832][  0]LogUObjectGlobals: Created PersistentFrame Addr=0x0000018c69230820, Size=32, Default__GameUI_C Function /Game/2DSideScrollerBP/Blueprints/GameUI.GameUI_C:ExecuteUbergraph_GameUI
[2018.08.01-16.36.45:840][  0]LogUObjectGlobals: Destroyed PersistentFrame Addr=0x0000018c6bd70600, Size=16
[2018.08.01-16.36.45:840][  0]LogUObjectGlobals: Created PersistentFrame Addr=0x0000018c6bd70600, Size=16, Default__GameHUD_C Function /Engine/Transient.REINST_GameHUD_C_5:ExecuteUbergraph_GameHUD
[2018.08.01-16.36.45:841][  0]LogUObjectGlobals: Destroyed PersistentFrame Addr=0x0000018c0b698490, Size=24
[2018.08.01-16.36.45:841][  0]LogUObjectGlobals: Created PersistentFrame Addr=0x0000018c0b698490, Size=24, Default__2DSideScrollerGameMode_C Function /Engine/Transient.REINST_2DSideScrollerGameMode_C_6:ExecuteUbergraph_2DSideScrollerGameMode
[2018.08.01-16.36.45:841][  0]LogUObjectGlobals: Destroyed PersistentFrame Addr=0x0000018c69230820, Size=32
[2018.08.01-16.36.45:841][  0]LogUObjectGlobals: Created PersistentFrame Addr=0x0000018c0bed36e0, Size=32, Default__GameUI_C Function /Engine/Transient.REINST_GameUI_C_0:ExecuteUbergraph_GameUI
[2018.08.01-16.36.45:845][  0]LogUObjectGlobals: Created PersistentFrame Addr=0x0000018c6bd71cf0, Size=16, Default__GameHUD_C Function /Game/2DSideScrollerBP/Blueprints/GameHUD.GameHUD_C:ExecuteUbergraph_GameHUD
[2018.08.01-16.36.45:846][  0]LogUObjectGlobals: Created PersistentFrame Addr=0x0000018c0beaf7d8, Size=24, Default__2DSideScrollerGameMode_C Function /Game/2DSideScrollerBP/Blueprints/2DSideScrollerGameMode.2DSideScrollerGameMode_C:ExecuteUbergraph_2DSideScrollerGameMode
[2018.08.01-16.36.45:847][  0]LogUObjectGlobals: Created PersistentFrame Addr=0x0000018c0bed14a0, Size=32, Default__GameUI_C Function /Game/2DSideScrollerBP/Blueprints/GameUI.GameUI_C:ExecuteUbergraph_GameUI
[2018.08.01-16.36.45:863][  0]LogUObjectGlobals: Created PersistentFrame Addr=0x0000018c0bee9600, Size=360, Default__BP_PointPlatform_C Function /Game/2DSideScrollerBP/Blueprints/BP_PointPlatform.BP_PointPlatform_C:ExecuteUbergraph_BP_PointPlatform
[2018.08.01-16.36.45:865][  0]LogUObjectGlobals: Destroyed PersistentFrame Addr=0x0000018c0bee9600, Size=360
[2018.08.01-16.36.45:865][  0]LogUObjectGlobals: Created PersistentFrame Addr=0x0000018c0be2f700, Size=360, Default__BP_PointPlatform_C Function /Engine/Transient.REINST_BP_PointPlatform_C_14:ExecuteUbergraph_BP_PointPlatform
[2018.08.01-16.36.45:867][  0]LogUObjectGlobals: Created PersistentFrame Addr=0x0000018c0be22e00, Size=360, Default__BP_PointPlatform_C Function /Game/2DSideScrollerBP/Blueprints/BP_PointPlatform.BP_PointPlatform_C:ExecuteUbergraph_BP_PointPlatform
[2018.08.01-16.36.45:871][  0]LogUObjectGlobals: Created PersistentFrame Addr=0x0000018c0be13d00, Size=164, Default__BP_RotatingPlatform_C Function /Game/2DSideScrollerBP/Blueprints/BP_RotatingPlatform.BP_RotatingPlatform_C:ExecuteUbergraph_BP_RotatingPlatform
[2018.08.01-16.36.45:873][  0]LogUObjectGlobals: Destroyed PersistentFrame Addr=0x0000018c0be13d00, Size=164
[2018.08.01-16.36.45:873][  0]LogUObjectGlobals: Created PersistentFrame Addr=0x0000018c0be13d00, Size=164, Default__BP_RotatingPlatform_C Function /Engine/Transient.REINST_BP_RotatingPlatform_C_16:ExecuteUbergraph_BP_RotatingPlatform
[2018.08.01-16.36.45:874][  0]LogUObjectGlobals: Created PersistentFrame Addr=0x0000018c0be13100, Size=164, Default__BP_RotatingPlatform_C Function /Game/2DSideScrollerBP/Blueprints/BP_RotatingPlatform.BP_RotatingPlatform_C:ExecuteUbergraph_BP_RotatingPlatform
[2018.08.01-16.36.45:916][  0]LogUObjectGlobals: Created PersistentFrame Addr=0x0000018c0befe048, Size=56, Default__BP_Teleporter_2_C Function /Game/2DSideScrollerBP/Blueprints/BP_Teleporter_2.BP_Teleporter_2_C:ExecuteUbergraph_BP_Teleporter_2
[2018.08.01-16.36.45:918][  0]LogUObjectGlobals: Destroyed PersistentFrame Addr=0x0000018c0befe048, Size=56
[2018.08.01-16.36.45:918][  0]LogUObjectGlobals: Created PersistentFrame Addr=0x0000018c0befe048, Size=56, Default__BP_Teleporter_2_C Function /Engine/Transient.REINST_BP_Teleporter_2_C_20:ExecuteUbergraph_BP_Teleporter_2
[2018.08.01-16.36.45:920][  0]LogUObjectGlobals: Created PersistentFrame Addr=0x0000018c0befd9b8, Size=56, Default__BP_Teleporter_2_C Function /Game/2DSideScrollerBP/Blueprints/BP_Teleporter_2.BP_Teleporter_2_C:ExecuteUbergraph_BP_Teleporter_2
[2018.08.01-16.36.45:935][  0]LogUObjectGlobals: Created PersistentFrame Addr=0x0000018c0bf19000, Size=164, Default__BP_TheBlob_Hopper_C Function /Game/2DSideScrollerBP/Blueprints/BP_TheBlob_Hopper.BP_TheBlob_Hopper_C:ExecuteUbergraph_BP_TheBlob_Hopper
[2018.08.01-16.36.45:937][  0]LogUObjectGlobals: Destroyed PersistentFrame Addr=0x0000018c0bf19000, Size=164
[2018.08.01-16.36.45:937][  0]LogUObjectGlobals: Created PersistentFrame Addr=0x0000018c0bf19000, Size=164, Default__BP_TheBlob_Hopper_C Function /Engine/Transient.REINST_BP_TheBlob_Hopper_C_22:ExecuteUbergraph_BP_TheBlob_Hopper
[2018.08.01-16.36.45:938][  0]LogUObjectGlobals: Created PersistentFrame Addr=0x0000018c0bf19e40, Size=164, Default__BP_TheBlob_Hopper_C Function /Game/2DSideScrollerBP/Blueprints/BP_TheBlob_Hopper.BP_TheBlob_Hopper_C:ExecuteUbergraph_BP_TheBlob_Hopper
[2018.08.01-16.36.45:951][  0]LogUObjectGlobals: Created PersistentFrame Addr=0x0000018c0befd7c0, Size=56, Default__Collectables_C Function /Game/2DSideScrollerBP/Blueprints/Collectables.Collectables_C:ExecuteUbergraph_Collectables
[2018.08.01-16.36.45:953][  0]LogUObjectGlobals: Destroyed PersistentFrame Addr=0x0000018c0befd7c0, Size=56
[2018.08.01-16.36.45:953][  0]LogUObjectGlobals: Created PersistentFrame Addr=0x0000018c0befd7c0, Size=56, Default__Collectables_C Function /Engine/Transient.REINST_Collectables_C_26:ExecuteUbergraph_Collectables
[2018.08.01-16.36.45:954][  0]LogUObjectGlobals: Created PersistentFrame Addr=0x0000018c0befd0c0, Size=56, Default__Collectables_C Function /Game/2DSideScrollerBP/Blueprints/Collectables.Collectables_C:ExecuteUbergraph_Collectables
[2018.08.01-16.36.45:973][  0]LogUObjectGlobals: Created PersistentFrame Addr=0x0000018c0bf21d00, Size=256, Default__TheCloud_C Function /Game/2DSideScrollerBP/Blueprints/TheCloud.TheCloud_C:ExecuteUbergraph_TheCloud
[2018.08.01-16.36.45:975][  0]LogUObjectGlobals: Destroyed PersistentFrame Addr=0x0000018c0bf21d00, Size=256
[2018.08.01-16.36.45:976][  0]LogUObjectGlobals: Created PersistentFrame Addr=0x0000018c0bf21d00, Size=256, Default__TheCloud_C Function /Engine/Transient.REINST_TheCloud_C_30:ExecuteUbergraph_TheCloud
[2018.08.01-16.36.45:978][  0]LogUObjectGlobals: Created PersistentFrame Addr=0x0000018c0e803600, Size=256, Default__TheCloud_C Function /Game/2DSideScrollerBP/Blueprints/TheCloud.TheCloud_C:ExecuteUbergraph_TheCloud
[2018.08.01-16.36.46:495][  0]LogTexture: Display: Building textures: Trekdle (AutoDXT, 1024X512)
[2018.08.01-16.36.46:495][  0]LogTexture: Display: Building textures: TrekRunning (BGRA8, 1003X1007)
[2018.08.01-16.36.46:552][  0]LogAIModule: Creating AISystem for world 2DNewLevel
[2018.08.01-16.36.46:574][  0]LogEditorServer: Finished looking for orphan Actors (0.000 secs)
[2018.08.01-16.36.46:639][  0]LogUObjectGlobals: Destroyed PersistentFrame Addr=0x0000018c0c302e00, Size=352
[2018.08.01-16.36.46:639][  0]LogUObjectGlobals: Destroyed PersistentFrame Addr=0x0000018c0b698490, Size=24
[2018.08.01-16.36.46:639][  0]LogUObjectGlobals: Destroyed PersistentFrame Addr=0x0000018c6bd70600, Size=16
[2018.08.01-16.36.46:639][  0]LogUObjectGlobals: Destroyed PersistentFrame Addr=0x0000018c0bed36e0, Size=32
[2018.08.01-16.36.46:639][  0]LogUObjectGlobals: Destroyed PersistentFrame Addr=0x0000018c0be2f700, Size=360
[2018.08.01-16.36.46:639][  0]LogUObjectGlobals: Destroyed PersistentFrame Addr=0x0000018c0be13d00, Size=164
[2018.08.01-16.36.46:639][  0]LogUObjectGlobals: Destroyed PersistentFrame Addr=0x0000018c0befe048, Size=56
[2018.08.01-16.36.46:639][  0]LogUObjectGlobals: Destroyed PersistentFrame Addr=0x0000018c0bf19000, Size=164
[2018.08.01-16.36.46:639][  0]LogUObjectGlobals: Destroyed PersistentFrame Addr=0x0000018c0befd7c0, Size=56
[2018.08.01-16.36.46:639][  0]LogUObjectGlobals: Destroyed PersistentFrame Addr=0x0000018c0bf21d00, Size=256
[2018.08.01-16.36.46:640][  0]Cmd: MAP CHECKDEP NOCLEARLOG
[2018.08.01-16.36.46:705][  0]MapCheck: Map check complete: 0 Error(s), 0 Warning(s), took 64.562ms to complete.
[2018.08.01-16.36.46:705][  0]LogFileHelpers: Loading map '2DNewLevel' took 0.983
[2018.08.01-16.36.46:911][  0]LogSlate: Took 0.000314 seconds to synchronously load lazily loaded font '../../../Engine/Content/Slate/Fonts/Roboto-Regular.ttf' (155K)
[2018.08.01-16.36.46:919][  0]LogSlate: Took 0.000680 seconds to synchronously load lazily loaded font '../../../Engine/Content/Slate/Fonts/Roboto-Bold.ttf' (160K)
[2018.08.01-16.36.47:005][  0]LogRenderer: Reallocating scene render targets to support 1128x804 Format 10 NumSamples 1 (Frame:1).
[2018.08.01-16.36.47:132][  0]LogLoad: (Engine Initialization) Total time: 12.75 seconds
[2018.08.01-16.36.47:132][  0]LogLoad: (Engine Initialization) Total Blueprint compile time: 0.00 seconds
[2018.08.01-16.36.47:151][  0]LogWindowsTextInputMethodSystem: Display: IME system now deactivated.
[2018.08.01-16.36.47:167][  0]LogAssetRegistry: Asset discovery search completed in 7.2544 seconds
[2018.08.01-16.36.47:172][  0]LogCollectionManager: Loaded 0 collections in 0.001023 seconds
[2018.08.01-16.36.47:210][  0]LogFileCache: Scanning file cache for directory 'D:/UDV/Unreal Projects/TREKTHERAINBOW/VGDUNRL_TTR_ALPHA/Saved/Collections/' took 0.01s
[2018.08.01-16.36.47:210][  0]LogFileCache: Scanning file cache for directory 'D:/UDV/Unreal Projects/TREKTHERAINBOW/VGDUNRL_TTR_ALPHA/Content/Developers/Andre/Collections/' took 0.01s
[2018.08.01-16.36.47:210][  0]LogFileCache: Scanning file cache for directory 'D:/UDV/Unreal Projects/TREKTHERAINBOW/VGDUNRL_TTR_ALPHA/Content/Collections/' took 0.01s
[2018.08.01-16.36.47:210][  0]LogCollectionManager: Rebuilt the object cache for 0 collections in 0.000000 seconds (found 0 objects)
[2018.08.01-16.36.47:210][  0]LogCollectionManager: Fixed up redirectors for 0 collections in 0.000113 seconds (updated 0 objects)
[2018.08.01-16.36.47:213][  0]LogContentStreaming: Texture pool size now 1000 MB
[2018.08.01-16.36.47:229][  0]LogSlate: FSceneViewport::OnFocusLost() reason 2
[2018.08.01-16.36.48:174][ 52]LogSlate: Took 0.000507 seconds to synchronously load lazily loaded font '../../../Engine/Content/Slate/Fonts/Roboto-Light.ttf' (167K)
[2018.08.01-16.37.03:174][904]LogUObjectGlobals: Created PersistentFrame Addr=0x0000018c10fbc398, Size=4, Default__SKEL_PROTO_BP_AnimBlueprint_0_C Function /Engine/Transient.SKEL_PROTO_BP_AnimBlueprint_0_C:ExecuteUbergraph_PROTO_BP_AnimBlueprint_0
[2018.08.01-16.37.03:174][904]LogUObjectGlobals: Created PersistentFrame Addr=0x0000018c10fbc390, Size=4, Default__PROTO_BP_AnimBlueprint_0_C Function /Engine/Transient.PROTO_BP_AnimBlueprint_0_C:ExecuteUbergraph_PROTO_BP_AnimBlueprint_0
[2018.08.01-16.37.03:565][904]LogSlate: Took 0.000314 seconds to synchronously load lazily loaded font '../../../Engine/Content/Editor/Slate/Fonts/FontAwesome.ttf' (139K)
[2018.08.01-16.37.03:567][904]LogSlate: Took 0.000272 seconds to synchronously load lazily loaded font '../../../Engine/Content/Slate/Fonts/Roboto-BoldCondensed.ttf' (158K)
[2018.08.01-16.37.03:619][905]LogSlate: Took 0.000269 seconds to synchronously load lazily loaded font '../../../Engine/Content/Slate/Fonts/Roboto-Italic.ttf' (157K)
[2018.08.01-16.37.10:392][205]LogRenderer: Reallocating scene render targets to support 1128x868 Format 10 NumSamples 1 (Frame:696).
[2018.08.01-16.37.13:172][327]LogSlate: Window 'Message Log' being destroyed
[2018.08.01-16.37.13:176][327]LogSlate: Window 'Message Log' being destroyed
[2018.08.01-16.37.20:101][721]LogCollectionManager: Rebuilt the GUID cache for 0 collections in 0.000000 seconds
[2018.08.01-16.37.20:110][721]LogContentBrowser: Native class hierarchy populated in 0.0095 seconds. Added 2453 classes and 560 folders.
[2018.08.01-16.37.20:119][721]LogContentBrowser: Native class hierarchy updated for 'WidgetCarousel' in 0.0002 seconds. Added 0 classes and 0 folders.
[2018.08.01-16.37.20:178][721]LogContentBrowser: Native class hierarchy updated for 'AddContentDialog' in 0.0002 seconds. Added 0 classes and 0 folders.
[2018.08.01-16.37.57:346][697]LogSlate: FSceneViewport::OnFocusLost() reason 0
[2018.08.01-16.38.00:052][850]Cmd: MAP LOAD FILE="../../../../../UDV/Unreal Projects/TREKTHERAINBOW/VGDUNRL_TTR_ALPHA/Content/2DSideScrollerBP/Maps/2DNewLevel.umap" TEMPLATE=0 SHOWPROGRESS=1 FEATURELEVEL=3
[2018.08.01-16.38.00:052][850]LightingResults: New page: Lighting Build
[2018.08.01-16.38.00:053][850]LoadErrors: New page: Loading map: 2DNewLevel.umap
[2018.08.01-16.38.00:054][850]MapCheck: New page: Map Check
[2018.08.01-16.38.00:054][850]LightingResults: New page: Lighting Build
[2018.08.01-16.38.00:173][850]LogAIModule: Creating AISystem for world 2DNewLevel
[2018.08.01-16.38.00:301][850]LogEditorServer: Finished looking for orphan Actors (0.000 secs)
[2018.08.01-16.38.00:367][850]Cmd: MAP CHECKDEP NOCLEARLOG
[2018.08.01-16.38.00:440][850]MapCheck: Map check complete: 0 Error(s), 0 Warning(s), took 72.508ms to complete.
[2018.08.01-16.38.00:441][850]LogFileHelpers: Loading map '2DNewLevel' took 0.389
[2018.08.01-16.38.12:062][538]LogSlate: FSceneViewport::OnFocusLost() reason 0
[2018.08.01-16.38.14:037][652]LogAIModule: Creating AISystem for world 2DSideScrollerExampleMap
[2018.08.01-16.38.15:344][652]LogSlate: Window 'Delete Assets' being destroyed
[2018.08.01-16.38.20:459][944]LogAIModule: Creating AISystem for world 2DTestLevel
[2018.08.01-16.38.21:475][944]LogSlate: Window 'Delete Assets' being destroyed
[2018.08.01-16.38.46:240][327]LogEditorViewport: Clicking on Actor (LMB): Collectables_C (Collectables2)
[2018.08.01-16.38.48:595][461]LogSlate: FSceneViewport::OnFocusLost() reason 0
[2018.08.01-16.39.37:095][175]LogRenderer: Reallocating scene render targets to support 2036x1196 Format 10 NumSamples 1 (Frame:1).
[2018.08.01-16.39.37:095][175]LogSlate: Took 0.000214 seconds to synchronously load lazily loaded font '../../../Engine/Content/Slate/Fonts/Roboto-Light.ttf' (167K)
[2018.08.01-16.42.51:175][595]AssetReimport: New page: Outstanding source content changes 8:42:51 AM
[2018.08.01-16.42.51:215][595]LogFactory: FactoryCreateFile: Texture with ReimportTextureFactory (0 0 D:/UDV/Unreal Projects/TREKTHERAINBOW/VGDUNRL_TTR_ALPHA/Content/2DSideScroller/Textures/collectable.png)
[2018.08.01-16.42.51:345][596]LogSavePackage: Save=17.50ms
[2018.08.01-16.42.51:346][596]LogSavePackage: Moving '../../../../../UDV/Unreal Projects/TREKTHERAINBOW/VGDUNRL_TTR_ALPHA/Saved/collectable21D89F854B83D7F3D9248C9FD51031DB.tmp' to '../../../../../UDV/Unreal Projects/TREKTHERAINBOW/VGDUNRL_TTR_ALPHA/Content/2DSideScroller/Textures/collectable.uasset'
[2018.08.01-16.42.51:349][596]LogSavePackage: Display: Finished SavePackage ../../../../../UDV/Unreal Projects/TREKTHERAINBOW/VGDUNRL_TTR_ALPHA/Content/2DSideScroller/Textures/collectable.uasset
[2018.08.01-16.42.54:368][763]AssetReimport: Importing new asset /Game/2DSideScroller/Textures/collectable.
[2018.08.01-16.43.13:668][861]LogSavePackage: Save=11.75ms
[2018.08.01-16.43.13:668][861]LogSavePackage: Moving '../../../../../UDV/Unreal Projects/TREKTHERAINBOW/VGDUNRL_TTR_ALPHA/Saved/Collectable28C5DBAA42A50B5A832506A7304080D7.tmp' to '../../../../../UDV/Unreal Projects/TREKTHERAINBOW/VGDUNRL_TTR_ALPHA/Content/2DSideScroller/Sprites/Collectable.uasset'
[2018.08.01-16.43.13:672][861]LogSavePackage: Display: Finished SavePackage ../../../../../UDV/Unreal Projects/TREKTHERAINBOW/VGDUNRL_TTR_ALPHA/Content/2DSideScroller/Sprites/Collectable.uasset
[2018.08.01-16.43.19:173][166]LogSavePackage: Save=15.81ms
[2018.08.01-16.43.19:173][166]LogSavePackage: Moving '../../../../../UDV/Unreal Projects/TREKTHERAINBOW/VGDUNRL_TTR_ALPHA/Saved/CollectablesCACFBD474821467D8C43DC9753201986.tmp' to '../../../../../UDV/Unreal Projects/TREKTHERAINBOW/VGDUNRL_TTR_ALPHA/Content/2DSideScrollerBP/Blueprints/Collectables.uasset'
[2018.08.01-16.43.19:174][166]LogSavePackage: Display: Finished SavePackage ../../../../../UDV/Unreal Projects/TREKTHERAINBOW/VGDUNRL_TTR_ALPHA/Content/2DSideScrollerBP/Blueprints/Collectables.uasset
[2018.08.01-16.43.30:233][752]LogTemp: Repeating last play command: Selected Viewport
[2018.08.01-16.43.30:257][752]LogBlueprintUserMessages: Early PlayInEditor Detection: Level '/Game/2DSideScrollerBP/Maps/2DNewLevel.2DNewLevel:PersistentLevel' has LevelScriptBlueprint '/Game/2DSideScrollerBP/Maps/2DNewLevel.2DNewLevel:PersistentLevel.2DNewLevel' with GeneratedClass '/Game/2DSideScrollerBP/Maps/2DNewLevel.2DNewLevel_C' with ClassGeneratedBy '/Game/2DSideScrollerBP/Maps/2DNewLevel.2DNewLevel:PersistentLevel.2DNewLevel'
[2018.08.01-16.43.30:257][752]LogPlayLevel: PlayLevel: No blueprints needed recompiling
[2018.08.01-16.43.30:310][752]PIE: New page: PIE session: 2DNewLevel (Aug 1, 2018, 8:43:30 AM)
[2018.08.01-16.43.30:310][752]LogPlayLevel: Creating play world package: /Game/2DSideScrollerBP/Maps/UEDPIE_0_2DNewLevel
[2018.08.01-16.43.30:332][752]LogPlayLevel: PIE: StaticDuplicateObject took: (0.021944s)
[2018.08.01-16.43.30:333][752]LogAIModule: Creating AISystem for world 2DNewLevel
[2018.08.01-16.43.30:333][752]LogPlayLevel: PIE: World Init took: (0.000719s)
[2018.08.01-16.43.30:333][752]LogPlayLevel: PIE: Created PIE world by copying editor world from /Game/2DSideScrollerBP/Maps/2DNewLevel.2DNewLevel to /Game/2DSideScrollerBP/Maps/UEDPIE_0_2DNewLevel.2DNewLevel (0.022841s)
[2018.08.01-16.43.30:362][752]LogInit: XAudio2 using 'Speakers / Headphones (Realtek Audio)' : 6 channels at 48 kHz using 32 bits per sample (channel mask 0x3f)
[2018.08.01-16.43.30:433][752]LogInit: FAudioDevice initialized.
[2018.08.01-16.43.30:479][752]LogLoad: Game class is '2DSideScrollerGameMode_C'
[2018.08.01-16.43.30:511][752]LogWorld: Bringing World /Game/2DSideScrollerBP/Maps/UEDPIE_0_2DNewLevel.2DNewLevel up for play (max tick rate 60) at 2018.08.01-12.43.30
[2018.08.01-16.43.30:520][752]LogWorld: Bringing up level for play took: 0.021390
[2018.08.01-16.43.30:588][752]LogContentBrowser: Native class hierarchy updated for 'MovieSceneCapture' in 0.0004 seconds. Added 11 classes and 0 folders.
[2018.08.01-16.43.30:652][752]PIE: Play in editor start time for /Game/2DSideScrollerBP/Maps/UEDPIE_0_2DNewLevel 0.035
[2018.08.01-16.43.30:653][752]LogBlueprintUserMessages: Late PlayInEditor Detection: Level '/Game/2DSideScrollerBP/Maps/2DNewLevel.2DNewLevel:PersistentLevel' has LevelScriptBlueprint '/Game/2DSideScrollerBP/Maps/2DNewLevel.2DNewLevel:PersistentLevel.2DNewLevel' with GeneratedClass '/Game/2DSideScrollerBP/Maps/2DNewLevel.2DNewLevel_C' with ClassGeneratedBy '/Game/2DSideScrollerBP/Maps/2DNewLevel.2DNewLevel:PersistentLevel.2DNewLevel'
[2018.08.01-16.43.31:933][821]LogBlueprintUserMessages: Early EndPlayMap Detection: Level '/Game/2DSideScrollerBP/Maps/2DNewLevel.2DNewLevel:PersistentLevel' has LevelScriptBlueprint '/Game/2DSideScrollerBP/Maps/2DNewLevel.2DNewLevel:PersistentLevel.2DNewLevel' with GeneratedClass '/Game/2DSideScrollerBP/Maps/2DNewLevel.2DNewLevel_C' with ClassGeneratedBy '/Game/2DSideScrollerBP/Maps/2DNewLevel.2DNewLevel:PersistentLevel.2DNewLevel'
[2018.08.01-16.43.31:971][821]LogBlueprintUserMessages: Late EndPlayMap Detection: Level '/Game/2DSideScrollerBP/Maps/2DNewLevel.2DNewLevel:PersistentLevel' has LevelScriptBlueprint '/Game/2DSideScrollerBP/Maps/2DNewLevel.2DNewLevel:PersistentLevel.2DNewLevel' with GeneratedClass '/Game/2DSideScrollerBP/Maps/2DNewLevel.2DNewLevel_C' with ClassGeneratedBy '/Game/2DSideScrollerBP/Maps/2DNewLevel.2DNewLevel:PersistentLevel.2DNewLevel'
[2018.08.01-16.43.36:214][ 51]MapCheck: New page: Map Check
[2018.08.01-16.43.36:274][ 51]LightingResults: New page: Lighting Build - Aug 1, 2018, 8:43:36 AM
[2018.08.01-16.43.36:438][ 51]LogSwarmInterface: [OpenConnection] Registering TCP channel ...
[2018.08.01-16.43.36:631][ 51]LogSwarmInterface: [OpenConnection] Connecting to agent ...
[2018.08.01-16.43.36:643][ 51]LogSwarmInterface: [TryOpenConnection] Testing the Agent
[2018.08.01-16.43.37:658][ 51]LogSwarmInterface: [TryOpenConnection] Opening Connection to Agent
[2018.08.01-16.43.37:658][ 51]LogSwarmInterface: [TryOpenConnection] Local Process ID is 3584
[2018.08.01-16.43.39:886][ 51]LogStaticLightingSystem: Warning: No importance volume found, so the scene bounding box was used.  You can optimize your scene's quality and lighting build times by adding importance volumes.
[2018.08.01-16.43.39:887][ 51]LogStaticLightingSystem: Running Lightmass w/ ImmediateImport mode ENABLED
[2018.08.01-16.43.39:887][ 51]LogStaticLightingSystem: Running Lightmass w/ ImmediateProcess mode ENABLED
[2018.08.01-16.43.39:887][ 51]LogStaticLightingSystem: Running Lightmass w/ Sorting mode ENABLED
[2018.08.01-16.43.39:887][ 51]LogStaticLightingSystem: Running Lightmass w/ Mapping paddings ENABLED
[2018.08.01-16.43.39:887][ 51]LogStaticLightingSystem: Running Lightmass w/ Mapping debug paddings DISABLED
[2018.08.01-16.43.40:067][ 51]LogEditorBuildUtils: Build time 0:03
[2018.08.01-16.43.40:074][ 51]LogMaterial: Missing cached shader map for material FLightmassMaterialRenderer TranslucentLaserPointerMaterialInst, compiling. 
[2018.08.01-16.43.40:140][ 51]LogShaderCompilers: Display: Shaders left to compile 2
[2018.08.01-16.43.40:140][ 51]LogMaterial: Missing cached shader map for material FLightmassMaterialRenderer TranslucentLaserPointerMaterialInst, compiling. 
[2018.08.01-16.43.41:958][ 52]LogShaderCompilers: Display: Shaders left to compile 2
[2018.08.01-16.43.42:135][ 55]LogEditorViewport: Clicking on Actor (context menu): PaperSpriteActor (Background_Sprite)
[2018.08.01-16.43.42:287][ 55]LogSlate: FSceneViewport::OnFocusLost() reason 2
[2018.08.01-16.43.43:597][ 70]LogEditorViewport: Clicking on Actor (LMB): PaperSpriteActor (Background_Sprite)
[2018.08.01-16.43.44:056][ 88]Job is a success!
[2018.08.01-16.43.44:138][ 89]LogSlate: FSceneViewport::OnFocusLost() reason 2
[2018.08.01-16.43.44:204][ 89]LogVolumetricLightmapImport: Imported Volumetric Lightmap in 0.013s
[2018.08.01-16.43.44:204][ 89]LogVolumetricLightmapImport:      Indirection Texture 16x16x16 = 0.0Mb
[2018.08.01-16.43.44:204][ 89]LogVolumetricLightmapImport:      BrickData 5x5x5 = 0.0Mb
[2018.08.01-16.43.44:204][ 89]LogVolumetricLightmapImport:      Bricks at Level
[2018.08.01-16.43.44:204][ 89]LogVolumetricLightmapImport:          0: 100.0% covering 100.0% of volume
[2018.08.01-16.43.44:204][ 89]LogVolumetricLightmapImport:          1: 0.0% covering 0.0% of volume
[2018.08.01-16.43.44:204][ 89]LogVolumetricLightmapImport:          2: 0.0% covering 0.0% of volume
[2018.08.01-16.43.44:236][ 89]LogTexture: Display: Building textures: LQ_Lightmap_1_1 (DXT1, 8X8)
[2018.08.01-16.43.44:236][ 89]LogTexture: Display: Building textures: HQ_Lightmap1_1 (AutoDXT, 8X8)
[2018.08.01-16.43.44:236][ 89]LogTexture: Display: Building textures: ShadowMapTexture2D_1 (G8, 4X4)
[2018.08.01-16.43.44:264][ 89]Lightmass on DESKTOP-T3RQ42G: 1.11 sec total, 173 ms importing, 16 ms setup, 390 ms photons, 498 ms processing, 0 ms extra exporting [1/1 mappings]. Threads: 3.32 sec total, 0 ms processing.
[2018.08.01-16.43.44:303][ 89]LogStaticLightingSystem: Illumination: 7.95 sec (1 ms encoding lightmaps, 0 ms encoding shadowmaps)
[2018.08.01-16.43.44:303][ 89]LogStaticLightingSystem: Lightmap texture memory:  0.0 MB (0.0 MB streaming, 0.0 MB non-streaming), 2 textures
[2018.08.01-16.43.44:303][ 89]LogStaticLightingSystem: Shadowmap texture memory: 0.0 MB (0.0 MB streaming, 0.0 MB non-streaming), 1 textures
[2018.08.01-16.43.49:896][ 89]DumpUnbuiltLightIteractions
[2018.08.01-16.43.49:896][ 89]Lights with unbuilt interactions: 0
[2018.08.01-16.43.49:896][ 89]
[2018.08.01-16.43.49:896][ 89]Primitives with unbuilt interactions: 0
[2018.08.01-16.43.49:926][ 90]Cmd: MAP CHECK NOTIFYRESULTS
[2018.08.01-16.43.49:927][ 90]MapCheck: New page: 2DNewLevel - Aug 1, 2018, 8:43:49 AM
[2018.08.01-16.43.50:072][ 90]MapCheck: Map check complete: 0 Error(s), 0 Warning(s), took 145.323ms to complete.
[2018.08.01-16.43.51:897][196]LogEditorViewport: Clicking on Actor (LMB): Collectables_C (Collectables4)
[2018.08.01-16.43.52:817][248]LogEditorViewport: Clicking on Actor (LMB): 2DSideScrollerCharacter_C (2DSideScrollerCharacter)
[2018.08.01-16.43.53:999][305]LogEditorViewport: Clicking on Actor (LMB): PaperSpriteActor (Background_Sprite)
[2018.08.01-16.43.54:663][339]LogEditorViewport: Clicking on Actor (LMB): PaperSpriteActor (Background_Sprite)
[2018.08.01-16.44.03:124][819]LogSlate: FSceneViewport::OnFocusLost() reason 0
[2018.08.01-16.44.33:438][507]LogTemp: Repeating last play command: Selected Viewport
[2018.08.01-16.44.33:462][507]LogBlueprintUserMessages: Early PlayInEditor Detection: Level '/Game/2DSideScrollerBP/Maps/2DNewLevel.2DNewLevel:PersistentLevel' has LevelScriptBlueprint '/Game/2DSideScrollerBP/Maps/2DNewLevel.2DNewLevel:PersistentLevel.2DNewLevel' with GeneratedClass '/Game/2DSideScrollerBP/Maps/2DNewLevel.2DNewLevel_C' with ClassGeneratedBy '/Game/2DSideScrollerBP/Maps/2DNewLevel.2DNewLevel:PersistentLevel.2DNewLevel'
[2018.08.01-16.44.33:462][507]LogPlayLevel: PlayLevel: No blueprints needed recompiling
[2018.08.01-16.44.33:462][507]PIE: New page: PIE session: 2DNewLevel (Aug 1, 2018, 8:44:33 AM)
[2018.08.01-16.44.33:463][507]LogPlayLevel: Creating play world package: /Game/2DSideScrollerBP/Maps/UEDPIE_0_2DNewLevel
[2018.08.01-16.44.33:468][507]LogPlayLevel: PIE: StaticDuplicateObject took: (0.005702s)
[2018.08.01-16.44.33:469][507]LogAIModule: Creating AISystem for world 2DNewLevel
[2018.08.01-16.44.33:469][507]LogPlayLevel: PIE: World Init took: (0.000557s)
[2018.08.01-16.44.33:469][507]LogPlayLevel: PIE: Created PIE world by copying editor world from /Game/2DSideScrollerBP/Maps/2DNewLevel.2DNewLevel to /Game/2DSideScrollerBP/Maps/UEDPIE_0_2DNewLevel.2DNewLevel (0.006440s)
[2018.08.01-16.44.33:521][507]LogInit: XAudio2 using 'Speakers / Headphones (Realtek Audio)' : 6 channels at 48 kHz using 32 bits per sample (channel mask 0x3f)
[2018.08.01-16.44.33:592][507]LogInit: FAudioDevice initialized.
[2018.08.01-16.44.33:623][507]LogLoad: Game class is '2DSideScrollerGameMode_C'
[2018.08.01-16.44.33:626][507]LogWorld: Bringing World /Game/2DSideScrollerBP/Maps/UEDPIE_0_2DNewLevel.2DNewLevel up for play (max tick rate 60) at 2018.08.01-12.44.33
[2018.08.01-16.44.33:627][507]LogWorld: Bringing up level for play took: 0.003125
[2018.08.01-16.44.33:628][507]PIE: Play in editor start time for /Game/2DSideScrollerBP/Maps/UEDPIE_0_2DNewLevel 1.011
[2018.08.01-16.44.33:628][507]LogBlueprintUserMessages: Late PlayInEditor Detection: Level '/Game/2DSideScrollerBP/Maps/2DNewLevel.2DNewLevel:PersistentLevel' has LevelScriptBlueprint '/Game/2DSideScrollerBP/Maps/2DNewLevel.2DNewLevel:PersistentLevel.2DNewLevel' with GeneratedClass '/Game/2DSideScrollerBP/Maps/2DNewLevel.2DNewLevel_C' with ClassGeneratedBy '/Game/2DSideScrollerBP/Maps/2DNewLevel.2DNewLevel:PersistentLevel.2DNewLevel'
[2018.08.01-16.44.36:809][691]LogBlueprintUserMessages: Early EndPlayMap Detection: Level '/Game/2DSideScrollerBP/Maps/2DNewLevel.2DNewLevel:PersistentLevel' has LevelScriptBlueprint '/Game/2DSideScrollerBP/Maps/2DNewLevel.2DNewLevel:PersistentLevel.2DNewLevel' with GeneratedClass '/Game/2DSideScrollerBP/Maps/2DNewLevel.2DNewLevel_C' with ClassGeneratedBy '/Game/2DSideScrollerBP/Maps/2DNewLevel.2DNewLevel:PersistentLevel.2DNewLevel'
[2018.08.01-16.44.36:855][691]LogBlueprintUserMessages: Late EndPlayMap Detection: Level '/Game/2DSideScrollerBP/Maps/2DNewLevel.2DNewLevel:PersistentLevel' has LevelScriptBlueprint '/Game/2DSideScrollerBP/Maps/2DNewLevel.2DNewLevel:PersistentLevel.2DNewLevel' with GeneratedClass '/Game/2DSideScrollerBP/Maps/2DNewLevel.2DNewLevel_C' with ClassGeneratedBy '/Game/2DSideScrollerBP/Maps/2DNewLevel.2DNewLevel:PersistentLevel.2DNewLevel'
[2018.08.01-16.44.45:160][162]LogTemp: Repeating last play command: Selected Viewport
[2018.08.01-16.44.45:182][162]LogBlueprintUserMessages: Early PlayInEditor Detection: Level '/Game/2DSideScrollerBP/Maps/2DNewLevel.2DNewLevel:PersistentLevel' has LevelScriptBlueprint '/Game/2DSideScrollerBP/Maps/2DNewLevel.2DNewLevel:PersistentLevel.2DNewLevel' with GeneratedClass '/Game/2DSideScrollerBP/Maps/2DNewLevel.2DNewLevel_C' with ClassGeneratedBy '/Game/2DSideScrollerBP/Maps/2DNewLevel.2DNewLevel:PersistentLevel.2DNewLevel'
[2018.08.01-16.44.45:182][162]BlueprintLog: New page: Pre-Play auto-recompile
[2018.08.01-16.44.45:207][162]LogPlayLevel: [PlayLevel] Compiling 2DSideScrollerCharacter before play...
[2018.08.01-16.44.45:219][162]LogUObjectGlobals: Destroyed PersistentFrame Addr=0x0000018c0bf31180, Size=352
[2018.08.01-16.44.45:219][162]LogUObjectGlobals: Created PersistentFrame Addr=0x0000018c33747880, Size=352, Default__2DSideScrollerCharacter_C Function /Engine/Transient.REINST_2DSideScrollerCharacter_C_59:ExecuteUbergraph_2DSideScrollerCharacter
[2018.08.01-16.44.45:224][162]LogUObjectGlobals: Created PersistentFrame Addr=0x0000018cba223e80, Size=352, Default__2DSideScrollerCharacter_C Function /Game/2DSideScrollerBP/Blueprints/2DSideScrollerCharacter.2DSideScrollerCharacter_C:ExecuteUbergraph_2DSideScrollerCharacter
[2018.08.01-16.44.45:580][162]LogPlayLevel: PlayLevel: Blueprint regeneration took 398 ms (1 blueprints)
[2018.08.01-16.44.45:580][162]PIE: New page: PIE session: 2DNewLevel (Aug 1, 2018, 8:44:45 AM)
[2018.08.01-16.44.45:580][162]LogPlayLevel: Creating play world package: /Game/2DSideScrollerBP/Maps/UEDPIE_0_2DNewLevel
[2018.08.01-16.44.45:586][162]LogPlayLevel: PIE: StaticDuplicateObject took: (0.005145s)
[2018.08.01-16.44.45:586][162]LogAIModule: Creating AISystem for world 2DNewLevel
[2018.08.01-16.44.45:586][162]LogPlayLevel: PIE: World Init took: (0.000551s)
[2018.08.01-16.44.45:586][162]LogPlayLevel: PIE: Created PIE world by copying editor world from /Game/2DSideScrollerBP/Maps/2DNewLevel.2DNewLevel to /Game/2DSideScrollerBP/Maps/UEDPIE_0_2DNewLevel.2DNewLevel (0.005833s)
[2018.08.01-16.44.45:612][162]LogInit: XAudio2 using 'Speakers / Headphones (Realtek Audio)' : 6 channels at 48 kHz using 32 bits per sample (channel mask 0x3f)
[2018.08.01-16.44.45:683][162]LogInit: FAudioDevice initialized.
[2018.08.01-16.44.45:716][162]LogLoad: Game class is '2DSideScrollerGameMode_C'
[2018.08.01-16.44.45:719][162]LogWorld: Bringing World /Game/2DSideScrollerBP/Maps/UEDPIE_0_2DNewLevel.2DNewLevel up for play (max tick rate 60) at 2018.08.01-12.44.45
[2018.08.01-16.44.45:719][162]LogWorld: Bringing up level for play took: 0.002323
[2018.08.01-16.44.45:722][162]PIE: Play in editor start time for /Game/2DSideScrollerBP/Maps/UEDPIE_0_2DNewLevel 1.105
[2018.08.01-16.44.45:722][162]LogBlueprintUserMessages: Late PlayInEditor Detection: Level '/Game/2DSideScrollerBP/Maps/2DNewLevel.2DNewLevel:PersistentLevel' has LevelScriptBlueprint '/Game/2DSideScrollerBP/Maps/2DNewLevel.2DNewLevel:PersistentLevel.2DNewLevel' with GeneratedClass '/Game/2DSideScrollerBP/Maps/2DNewLevel.2DNewLevel_C' with ClassGeneratedBy '/Game/2DSideScrollerBP/Maps/2DNewLevel.2DNewLevel:PersistentLevel.2DNewLevel'
[2018.08.01-16.46.38:720][826]LogSlate: FSceneViewport::OnFocusLost() reason 2
[2018.08.01-16.47.46:630][689]LogSlate: FSceneViewport::OnFocusLost() reason 0
[2018.08.01-16.47.46:741][695]LogBlueprintUserMessages: Early EndPlayMap Detection: Level '/Game/2DSideScrollerBP/Maps/2DNewLevel.2DNewLevel:PersistentLevel' has LevelScriptBlueprint '/Game/2DSideScrollerBP/Maps/2DNewLevel.2DNewLevel:PersistentLevel.2DNewLevel' with GeneratedClass '/Game/2DSideScrollerBP/Maps/2DNewLevel.2DNewLevel_C' with ClassGeneratedBy '/Game/2DSideScrollerBP/Maps/2DNewLevel.2DNewLevel:PersistentLevel.2DNewLevel'
[2018.08.01-16.47.46:783][695]LogBlueprintUserMessages: Late EndPlayMap Detection: Level '/Game/2DSideScrollerBP/Maps/2DNewLevel.2DNewLevel:PersistentLevel' has LevelScriptBlueprint '/Game/2DSideScrollerBP/Maps/2DNewLevel.2DNewLevel:PersistentLevel.2DNewLevel' with GeneratedClass '/Game/2DSideScrollerBP/Maps/2DNewLevel.2DNewLevel_C' with ClassGeneratedBy '/Game/2DSideScrollerBP/Maps/2DNewLevel.2DNewLevel:PersistentLevel.2DNewLevel'
[2018.08.01-16.48.06:068][582]LogSlate: FSceneViewport::OnFocusLost() reason 0
[2018.08.01-16.48.08:085][702]LogSlate: FSceneViewport::OnFocusLost() reason 0
[2018.08.01-16.48.09:423][781]LogLinker: Warning: Can't find file '/Game/2DSideScroller/Materials/Portal/Portal/Portal_Out_Effect'
[2018.08.01-16.48.09:424][781]LogLinker: Warning: Can't find file for asset '/Game/2DSideScroller/Materials/Portal/Portal/Portal_Out_Effect' while loading ../../../../../UDV/Unreal Projects/TREKTHERAINBOW/VGDUNRL_TTR_ALPHA/Content/2DSideScrollerBP/Blueprints/2DSideScrollerCharacter.uasset.
[2018.08.01-16.48.09:424][781]LoadErrors: Error: /Game/2DSideScrollerBP/Blueprints/2DSideScrollerCharacter : Can't find file for asset. /Game/2DSideScroller/Materials/Portal/Portal/Portal_Out_Effect
[2018.08.01-16.48.09:425][781]LogLinker: Warning: Can't find file '/Game/2DSideScroller/Materials/Portal/Portal/Portal_Out_Effect'
[2018.08.01-16.48.09:425][781]LogLinker: Warning: Can't find file for asset '/Game/2DSideScroller/Materials/Portal/Portal/Portal_Out_Effect' while loading ../../../../../UDV/Unreal Projects/TREKTHERAINBOW/VGDUNRL_TTR_ALPHA/Content/2DSideScrollerBP/Blueprints/2DSideScrollerCharacter.uasset.
[2018.08.01-16.48.09:428][781]LogLinker: Warning: Can't find file '/Game/2DSideScrollerBP/Maps/2DPuzzleLevel_BuiltData'
[2018.08.01-16.48.09:428][781]LogLinker: Warning: Can't find file for asset '/Game/2DSideScrollerBP/Maps/2DPuzzleLevel_BuiltData' while loading ../../../../../UDV/Unreal Projects/TREKTHERAINBOW/VGDUNRL_TTR_ALPHA/Content/2DSideScrollerBP/Maps/2DPuzzleLevel.umap.
[2018.08.01-16.48.09:428][781]LoadErrors: Error: /Game/2DSideScrollerBP/Maps/2DPuzzleLevel : Can't find file for asset. /Game/2DSideScrollerBP/Maps/2DPuzzleLevel_BuiltData
[2018.08.01-16.48.09:429][781]LogLinker: Warning: Can't find file '/Game/2DSideScrollerBP/Maps/2DPuzzleLevel_BuiltData'
[2018.08.01-16.48.09:429][781]LogLinker: Warning: Can't find file for asset '/Game/2DSideScrollerBP/Maps/2DPuzzleLevel_BuiltData' while loading ../../../../../UDV/Unreal Projects/TREKTHERAINBOW/VGDUNRL_TTR_ALPHA/Content/2DSideScrollerBP/Maps/2DPuzzleLevel.umap.
[2018.08.01-16.48.09:431][781]LogLinker: Warning: Can't find file '/Game/2DSideScrollerBP/Maps/2DPuzzleLevel_BuiltData'
[2018.08.01-16.48.09:431][781]LogLinker: Warning: Can't find file for asset '/Game/2DSideScrollerBP/Maps/2DPuzzleLevel_BuiltData' while loading NULL.
[2018.08.01-16.48.09:431][781]LogLinker: Warning: Can't find file '/Game/2DSideScrollerBP/Maps/2DPuzzleLevel_BuiltData'
[2018.08.01-16.48.09:431][781]LogLinker: Warning: Can't find file for asset '/Game/2DSideScrollerBP/Maps/2DPuzzleLevel_BuiltData' while loading NULL.
[2018.08.01-16.48.09:436][781]LogLinker: Warning: Can't find file '/Game/2DSideScrollerBP/Maps/2DPuzzleLevel_BuiltData'
[2018.08.01-16.48.09:436][781]LoadErrors: Failed to load /Game/2DSideScrollerBP/Maps/2DPuzzleLevel_BuiltData.2DPuzzleLevel_BuiltData Referenced by PersistentLevel
[2018.08.01-16.48.09:436][781]LogLinker: Warning: Can't find file for asset '/Game/2DSideScrollerBP/Maps/2DPuzzleLevel_BuiltData' while loading NULL.
[2018.08.01-16.48.09:439][781]LogAIModule: Creating AISystem for world 2DPuzzleLevel
[2018.08.01-16.48.12:582][781]LogSlate: Window 'Save Content' being destroyed
[2018.08.01-16.48.12:655][781]LogSavePackage: Save=42.42ms
[2018.08.01-16.48.12:656][781]LogSavePackage: Moving '../../../../../UDV/Unreal Projects/TREKTHERAINBOW/VGDUNRL_TTR_ALPHA/Saved/2DSideScrollerCharacter395D0E684F7B6080BE36369ABCF1B0FA.tmp' to '../../../../../UDV/Unreal Projects/TREKTHERAINBOW/VGDUNRL_TTR_ALPHA/Content/2DSideScrollerBP/Blueprints/2DSideScrollerCharacter.uasset'
[2018.08.01-16.48.12:659][781]LogSavePackage: Display: Finished SavePackage ../../../../../UDV/Unreal Projects/TREKTHERAINBOW/VGDUNRL_TTR_ALPHA/Content/2DSideScrollerBP/Blueprints/2DSideScrollerCharacter.uasset
[2018.08.01-16.48.12:969][781]LogSavePackage: Save=150.53ms
[2018.08.01-16.48.12:969][781]LogSavePackage: Moving '../../../../../UDV/Unreal Projects/TREKTHERAINBOW/VGDUNRL_TTR_ALPHA/Saved/2DNewLevel4054C9B74831EAF38DA4AE9FE783F79B.tmp' to '../../../../../UDV/Unreal Projects/TREKTHERAINBOW/VGDUNRL_TTR_ALPHA/Content/2DSideScrollerBP/Maps/2DNewLevel.umap'
[2018.08.01-16.48.12:972][781]LogSavePackage: Display: Finished SavePackage ../../../../../UDV/Unreal Projects/TREKTHERAINBOW/VGDUNRL_TTR_ALPHA/Content/2DSideScrollerBP/Maps/2DNewLevel.umap
[2018.08.01-16.48.13:016][781]LogFileHelpers: Saving map '2DNewLevel' took 0.356
[2018.08.01-16.48.13:058][781]LogSavePackage: Save=20.06ms
[2018.08.01-16.48.13:058][781]LogSavePackage: Moving '../../../../../UDV/Unreal Projects/TREKTHERAINBOW/VGDUNRL_TTR_ALPHA/Saved/2DNewLevel_BuiltDataA1380AB241D6DFEDDBCB6494965D610C.tmp' to '../../../../../UDV/Unreal Projects/TREKTHERAINBOW/VGDUNRL_TTR_ALPHA/Content/2DSideScrollerBP/Maps/2DNewLevel_BuiltData.uasset'
[2018.08.01-16.48.13:061][781]LogSavePackage: Display: Finished SavePackage ../../../../../UDV/Unreal Projects/TREKTHERAINBOW/VGDUNRL_TTR_ALPHA/Content/2DSideScrollerBP/Maps/2DNewLevel_BuiltData.uasset
[2018.08.01-16.48.13:061][781]Cmd: MAP LOAD FILE="../../../../../UDV/Unreal Projects/TREKTHERAINBOW/VGDUNRL_TTR_ALPHA/Content/2DSideScrollerBP/Maps/2DPuzzleLevel.umap" TEMPLATE=0 SHOWPROGRESS=1 FEATURELEVEL=3
[2018.08.01-16.48.13:062][781]LightingResults: New page: Lighting Build
[2018.08.01-16.48.13:062][781]LoadErrors: New page: Loading map: 2DPuzzleLevel.umap
[2018.08.01-16.48.13:063][781]MapCheck: New page: Map Check
[2018.08.01-16.48.13:063][781]LightingResults: New page: Lighting Build
[2018.08.01-16.48.13:167][781]LogEditorServer: Finished looking for orphan Actors (0.000 secs)
[2018.08.01-16.48.13:227][781]Cmd: MAP CHECKDEP NOCLEARLOG
[2018.08.01-16.48.13:302][781]MapCheck: Map check complete: 0 Error(s), 0 Warning(s), took 75.161ms to complete.
[2018.08.01-16.48.13:302][781]LogFileHelpers: Loading map '2DPuzzleLevel' took 0.241
[2018.08.01-16.48.23:129][364]LogSlate: FSceneViewport::OnFocusLost() reason 0
[2018.08.01-16.48.23:258][370]Cmd: MAP LOAD FILE="../../../../../UDV/Unreal Projects/TREKTHERAINBOW/VGDUNRL_TTR_ALPHA/Content/2DSideScrollerBP/Maps/2DPuzzleLevel.umap" TEMPLATE=0 SHOWPROGRESS=1 FEATURELEVEL=3
[2018.08.01-16.48.23:258][370]LightingResults: New page: Lighting Build
[2018.08.01-16.48.23:259][370]LoadErrors: New page: Loading map: 2DPuzzleLevel.umap
[2018.08.01-16.48.23:259][370]MapCheck: New page: Map Check
[2018.08.01-16.48.23:259][370]LightingResults: New page: Lighting Build
[2018.08.01-16.48.23:290][370]LogLinker: Warning: Can't find file '/Game/2DSideScrollerBP/Maps/2DPuzzleLevel_BuiltData'
[2018.08.01-16.48.23:290][370]LogLinker: Warning: Can't find file for asset '/Game/2DSideScrollerBP/Maps/2DPuzzleLevel_BuiltData' while loading ../../../../../UDV/Unreal Projects/TREKTHERAINBOW/VGDUNRL_TTR_ALPHA/Content/2DSideScrollerBP/Maps/2DPuzzleLevel.umap.
[2018.08.01-16.48.23:290][370]LoadErrors: Error: /Game/2DSideScrollerBP/Maps/2DPuzzleLevel : Can't find file for asset. /Game/2DSideScrollerBP/Maps/2DPuzzleLevel_BuiltData
[2018.08.01-16.48.23:291][370]LogLinker: Warning: Can't find file '/Game/2DSideScrollerBP/Maps/2DPuzzleLevel_BuiltData'
[2018.08.01-16.48.23:291][370]LogLinker: Warning: Can't find file for asset '/Game/2DSideScrollerBP/Maps/2DPuzzleLevel_BuiltData' while loading ../../../../../UDV/Unreal Projects/TREKTHERAINBOW/VGDUNRL_TTR_ALPHA/Content/2DSideScrollerBP/Maps/2DPuzzleLevel.umap.
[2018.08.01-16.48.23:293][370]LogLinker: Warning: Can't find file '/Game/2DSideScrollerBP/Maps/2DPuzzleLevel_BuiltData'
[2018.08.01-16.48.23:293][370]LogLinker: Warning: Can't find file for asset '/Game/2DSideScrollerBP/Maps/2DPuzzleLevel_BuiltData' while loading NULL.
[2018.08.01-16.48.23:293][370]LogLinker: Warning: Can't find file '/Game/2DSideScrollerBP/Maps/2DPuzzleLevel_BuiltData'
[2018.08.01-16.48.23:293][370]LogLinker: Warning: Can't find file for asset '/Game/2DSideScrollerBP/Maps/2DPuzzleLevel_BuiltData' while loading NULL.
[2018.08.01-16.48.23:297][370]LogLinker: Warning: Can't find file '/Game/2DSideScrollerBP/Maps/2DPuzzleLevel_BuiltData'
[2018.08.01-16.48.23:298][370]LoadErrors: Failed to load /Game/2DSideScrollerBP/Maps/2DPuzzleLevel_BuiltData.2DPuzzleLevel_BuiltData Referenced by PersistentLevel
[2018.08.01-16.48.23:298][370]LogLinker: Warning: Can't find file for asset '/Game/2DSideScrollerBP/Maps/2DPuzzleLevel_BuiltData' while loading NULL.
[2018.08.01-16.48.23:300][370]LogAIModule: Creating AISystem for world 2DPuzzleLevel
[2018.08.01-16.48.23:403][370]LogEditorServer: Finished looking for orphan Actors (0.000 secs)
[2018.08.01-16.48.23:485][370]Cmd: MAP CHECKDEP NOCLEARLOG
[2018.08.01-16.48.23:558][370]MapCheck: Map check complete: 0 Error(s), 0 Warning(s), took 71.901ms to complete.
[2018.08.01-16.48.23:562][370]LogFileHelpers: Loading map '2DPuzzleLevel' took 0.304
[2018.08.01-16.48.32:421][896]LogSlate: Window 'Message Log' being destroyed
[2018.08.01-16.48.32:426][896]LogSlate: Window 'Message Log' being destroyed
[2018.08.01-16.48.34:255][  3]LogSlate: FSceneViewport::OnFocusLost() reason 0
[2018.08.01-16.48.37:260][ 76]LogSlate: Window 'Delete Assets' being destroyed
[2018.08.01-16.48.37:350][ 76]LogActorComponent: UnregisterComponent: (/Engine/Transient.EditorFloorComp) Not registered. Aborting.
[2018.08.01-16.48.37:518][ 76]LogSlate: Window '2DSideScrollerCharacter' being destroyed
[2018.08.01-16.48.37:546][ 76]LogActorComponent: UnregisterComponent: (/Engine/Transient.EditorFloorComp) Not registered. Aborting.
[2018.08.01-16.48.37:633][ 76]LogSlate: FSceneViewport::OnFocusLost() reason 2
[2018.08.01-16.48.37:636][ 76]LightingResults: New page: Lighting Build
[2018.08.01-16.48.37:637][ 76]MapCheck: New page: Map Check
[2018.08.01-16.48.37:637][ 76]LightingResults: New page: Lighting Build
[2018.08.01-16.48.37:657][ 76]LogUObjectGlobals: Destroyed PersistentFrame Addr=0x0000018c33747880, Size=352
[2018.08.01-16.48.37:703][ 76]LogAIModule: Creating AISystem for world Untitled
[2018.08.01-16.48.37:814][ 76]LoadErrors: New page: New Map
[2018.08.01-16.48.37:819][ 76]LogLinker: Can't find file '/Game/2DSideScrollerBP/Maps/2DPuzzleLevel_BuiltData'
[2018.08.01-16.48.37:820][ 76]LogLinker: Can't find file for asset '/Game/2DSideScrollerBP/Maps/2DPuzzleLevel_BuiltData' while loading ../../../../../UDV/Unreal Projects/TREKTHERAINBOW/VGDUNRL_TTR_ALPHA/Content/2DSideScrollerBP/Maps/2DPuzzleLevel.umap.
[2018.08.01-16.48.37:821][ 76]LogLinker: Can't find file '/Game/2DSideScrollerBP/Maps/2DPuzzleLevel_BuiltData'
[2018.08.01-16.48.37:821][ 76]LogLinker: Can't find file for asset '/Game/2DSideScrollerBP/Maps/2DPuzzleLevel_BuiltData' while loading ../../../../../UDV/Unreal Projects/TREKTHERAINBOW/VGDUNRL_TTR_ALPHA/Content/2DSideScrollerBP/Maps/2DPuzzleLevel.umap.
[2018.08.01-16.48.37:823][ 76]LogLinker: Can't find file '/Game/2DSideScrollerBP/Maps/2DPuzzleLevel_BuiltData'
[2018.08.01-16.48.37:823][ 76]LogLinker: Can't find file for asset '/Game/2DSideScrollerBP/Maps/2DPuzzleLevel_BuiltData' while loading NULL.
[2018.08.01-16.48.37:823][ 76]LogLinker: Can't find file '/Game/2DSideScrollerBP/Maps/2DPuzzleLevel_BuiltData'
[2018.08.01-16.48.37:823][ 76]LogLinker: Can't find file for asset '/Game/2DSideScrollerBP/Maps/2DPuzzleLevel_BuiltData' while loading NULL.
[2018.08.01-16.48.37:828][ 76]LogLinker: Can't find file '/Game/2DSideScrollerBP/Maps/2DPuzzleLevel_BuiltData'
[2018.08.01-16.48.37:828][ 76]LogLinker: Can't find file for asset '/Game/2DSideScrollerBP/Maps/2DPuzzleLevel_BuiltData' while loading NULL.
[2018.08.01-16.48.37:830][ 76]LogAIModule: Creating AISystem for world 2DPuzzleLevel
[2018.08.01-16.48.39:420][119]LogSlate: FSceneViewport::OnFocusLost() reason 0
[2018.08.01-16.48.41:984][176]LogSlate: Window 'Delete Assets' being destroyed
[2018.08.01-16.48.41:996][176]LogSlate: FSceneViewport::OnFocusLost() reason 2
[2018.08.01-16.48.42:039][176]LogSlate: FSceneViewport::OnFocusLost() reason 2
[2018.08.01-16.48.42:055][176]LogSlate: FSceneViewport::OnFocusLost() reason 2
[2018.08.01-16.48.42:761][214]LogSlate: FSceneViewport::OnFocusLost() reason 0
[2018.08.01-16.48.43:055][218]LogAIModule: Creating AISystem for world 2DNewLevel
[2018.08.01-16.48.43:111][218]LogSlate: FSceneViewport::OnFocusLost() reason 2
[2018.08.01-16.48.48:455][528]LogAIModule: Creating AISystem for world 2DNewLevel1
[2018.08.01-16.48.50:690][578]LogSlate: Window 'Save Content' being destroyed
[2018.08.01-16.48.50:966][578]LogSavePackage: Save=150.28ms
[2018.08.01-16.48.50:966][578]LogSavePackage: Moving '../../../../../UDV/Unreal Projects/TREKTHERAINBOW/VGDUNRL_TTR_ALPHA/Saved/2DNewLevel1D836BE3C437A05D1F6CF9CA290D40387.tmp' to '../../../../../UDV/Unreal Projects/TREKTHERAINBOW/VGDUNRL_TTR_ALPHA/Content/2DSideScrollerBP/Maps/2DNewLevel1.umap'
[2018.08.01-16.48.50:969][578]LogSavePackage: Display: Finished SavePackage ../../../../../UDV/Unreal Projects/TREKTHERAINBOW/VGDUNRL_TTR_ALPHA/Content/2DSideScrollerBP/Maps/2DNewLevel1.umap
[2018.08.01-16.48.50:981][578]LogFileHelpers: Saving map '2DNewLevel1' took 0.284
[2018.08.01-16.48.50:985][578]Cmd: MAP LOAD FILE="../../../../../UDV/Unreal Projects/TREKTHERAINBOW/VGDUNRL_TTR_ALPHA/Content/2DSideScrollerBP/Maps/2DNewLevel1.umap" TEMPLATE=0 SHOWPROGRESS=1 FEATURELEVEL=3
[2018.08.01-16.48.50:985][578]LightingResults: New page: Lighting Build
[2018.08.01-16.48.50:986][578]LoadErrors: New page: Loading map: 2DNewLevel1.umap
[2018.08.01-16.48.50:986][578]MapCheck: New page: Map Check
[2018.08.01-16.48.50:986][578]LightingResults: New page: Lighting Build
[2018.08.01-16.48.51:250][578]LogEditorServer: Finished looking for orphan Actors (0.000 secs)
[2018.08.01-16.48.51:308][578]Cmd: MAP CHECKDEP NOCLEARLOG
[2018.08.01-16.48.51:386][578]MapCheck: Map check complete: 0 Error(s), 0 Warning(s), took 76.712ms to complete.
[2018.08.01-16.48.51:387][578]LogFileHelpers: Loading map '2DNewLevel1' took 0.402
[2018.08.01-16.48.53:195][685]LogSlate: FSceneViewport::OnFocusLost() reason 0
[2018.08.01-16.48.53:703][714]Cmd: MAP LOAD FILE="../../../../../UDV/Unreal Projects/TREKTHERAINBOW/VGDUNRL_TTR_ALPHA/Content/2DSideScrollerBP/Maps/2DNewLevel1.umap" TEMPLATE=0 SHOWPROGRESS=1 FEATURELEVEL=3
[2018.08.01-16.48.53:703][714]LightingResults: New page: Lighting Build
[2018.08.01-16.48.53:704][714]LoadErrors: New page: Loading map: 2DNewLevel1.umap
[2018.08.01-16.48.53:705][714]MapCheck: New page: Map Check
[2018.08.01-16.48.53:705][714]LightingResults: New page: Lighting Build
[2018.08.01-16.48.53:730][714]LogLinker: Warning: Can't find file '/Game/2DSideScrollerBP/Maps/2DNewLevel1_BuiltData'
[2018.08.01-16.48.53:730][714]LogLinker: Warning: Can't find file for asset '/Game/2DSideScrollerBP/Maps/2DNewLevel1_BuiltData' while loading ../../../../../UDV/Unreal Projects/TREKTHERAINBOW/VGDUNRL_TTR_ALPHA/Content/2DSideScrollerBP/Maps/2DNewLevel1.umap.
[2018.08.01-16.48.53:730][714]LoadErrors: Error: /Game/2DSideScrollerBP/Maps/2DNewLevel1 : Can't find file for asset. /Game/2DSideScrollerBP/Maps/2DNewLevel1_BuiltData
[2018.08.01-16.48.53:733][714]LogLinker: Warning: Can't find file '/Game/2DSideScrollerBP/Maps/2DNewLevel1_BuiltData'
[2018.08.01-16.48.53:733][714]LogLinker: Warning: Can't find file for asset '/Game/2DSideScrollerBP/Maps/2DNewLevel1_BuiltData' while loading ../../../../../UDV/Unreal Projects/TREKTHERAINBOW/VGDUNRL_TTR_ALPHA/Content/2DSideScrollerBP/Maps/2DNewLevel1.umap.
[2018.08.01-16.48.53:736][714]LogLinker: Warning: Can't find file '/Game/2DSideScrollerBP/Maps/2DNewLevel1_BuiltData'
[2018.08.01-16.48.53:736][714]LogLinker: Warning: Can't find file for asset '/Game/2DSideScrollerBP/Maps/2DNewLevel1_BuiltData' while loading NULL.
[2018.08.01-16.48.53:736][714]LogLinker: Warning: Can't find file '/Game/2DSideScrollerBP/Maps/2DNewLevel1_BuiltData'
[2018.08.01-16.48.53:736][714]LogLinker: Warning: Can't find file for asset '/Game/2DSideScrollerBP/Maps/2DNewLevel1_BuiltData' while loading NULL.
[2018.08.01-16.48.53:747][714]LogLinker: Warning: Can't find file '/Game/2DSideScrollerBP/Maps/2DNewLevel1_BuiltData'
[2018.08.01-16.48.53:747][714]LoadErrors: Failed to load /Game/2DSideScrollerBP/Maps/2DNewLevel1_BuiltData.2DNewLevel1_BuiltData Referenced by PersistentLevel
[2018.08.01-16.48.53:747][714]LogLinker: Warning: Can't find file for asset '/Game/2DSideScrollerBP/Maps/2DNewLevel1_BuiltData' while loading NULL.
[2018.08.01-16.48.53:752][714]LogAIModule: Creating AISystem for world 2DNewLevel1
[2018.08.01-16.48.53:955][714]LogEditorServer: Finished looking for orphan Actors (0.000 secs)
[2018.08.01-16.48.54:029][714]Cmd: MAP CHECKDEP NOCLEARLOG
[2018.08.01-16.48.54:105][714]MapCheck: Map check complete: 0 Error(s), 0 Warning(s), took 75.788ms to complete.
[2018.08.01-16.48.54:107][714]LogFileHelpers: Loading map '2DNewLevel1' took 0.405
[2018.08.01-16.49.06:282][426]LogMetaData: Removing '/Game/2DSideScrollerBP/Maps/2DPuzzleLevel.2DPuzzleLevel_C' ref from Metadata '/Game/2DSideScrollerBP/Maps/2DNewLevel1.PackageMetaData'
[2018.08.01-16.49.06:282][426]LogMetaData: Removing '/Game/2DSideScrollerBP/Maps/2DPuzzleLevel.SKEL_2DPuzzleLevel_C' ref from Metadata '/Game/2DSideScrollerBP/Maps/2DNewLevel1.PackageMetaData'
[2018.08.01-16.49.06:371][426]LogSlate: FSceneViewport::OnFocusLost() reason 2
[2018.08.01-16.49.06:646][426]LogSavePackage: Save=148.22ms
[2018.08.01-16.49.06:646][426]LogSavePackage: Moving '../../../../../UDV/Unreal Projects/TREKTHERAINBOW/VGDUNRL_TTR_ALPHA/Saved/2DPuzzleLevel22C026CB4B50B83C788B4FB2AC380ACF.tmp' to '../../../../../UDV/Unreal Projects/TREKTHERAINBOW/VGDUNRL_TTR_ALPHA/Content/2DSideScrollerBP/Maps/2DPuzzleLevel.umap'
[2018.08.01-16.49.06:650][426]LogSavePackage: Display: Finished SavePackage ../../../../../UDV/Unreal Projects/TREKTHERAINBOW/VGDUNRL_TTR_ALPHA/Content/2DSideScrollerBP/Maps/2DPuzzleLevel.umap
[2018.08.01-16.49.06:688][426]LogFileHelpers: Saving map '2DPuzzleLevel' took 0.312
[2018.08.01-16.49.06:699][426]LogSlate: FSceneViewport::OnFocusLost() reason 2
[2018.08.01-16.49.06:760][426]LogSlate: FSceneViewport::OnFocusLost() reason 2
[2018.08.01-16.49.06:857][426]LogSlate: FSceneViewport::OnFocusLost() reason 2
[2018.08.01-16.49.15:577][941]LogSlate: Window 'Message Log' being destroyed
[2018.08.01-16.49.15:582][941]LogSlate: Window 'Message Log' being destroyed
[2018.08.01-16.49.18:991][140]LogSlate: FSceneViewport::OnFocusLost() reason 0
[2018.08.01-16.49.56:210][266]LogSlate: Window 'Delete Assets' being destroyed
[2018.08.01-16.49.56:221][266]LogSlate: FSceneViewport::OnFocusLost() reason 2
[2018.08.01-16.49.56:224][266]LightingResults: New page: Lighting Build
[2018.08.01-16.49.56:226][266]MapCheck: New page: Map Check
[2018.08.01-16.49.56:226][266]LightingResults: New page: Lighting Build
[2018.08.01-16.49.56:245][266]LogAIModule: Creating AISystem for world Untitled
[2018.08.01-16.49.56:402][266]LoadErrors: New page: New Map
[2018.08.01-16.49.56:430][266]LogAIModule: Creating AISystem for world 2DPuzzleLevel
[2018.08.01-16.49.57:907][337]LogSlate: FSceneViewport::OnFocusLost() reason 0
[2018.08.01-16.49.59:529][421]LogAIModule: Creating AISystem for world 2DNewLevel
[2018.08.01-16.49.59:561][421]Cmd: MAP LOAD FILE="../../../../../UDV/Unreal Projects/TREKTHERAINBOW/VGDUNRL_TTR_ALPHA/Content/2DSideScrollerBP/Maps/2DNewLevel.umap" TEMPLATE=0 SHOWPROGRESS=1 FEATURELEVEL=3
[2018.08.01-16.49.59:561][421]LightingResults: New page: Lighting Build
[2018.08.01-16.49.59:562][421]LoadErrors: New page: Loading map: 2DNewLevel.umap
[2018.08.01-16.49.59:562][421]MapCheck: New page: Map Check
[2018.08.01-16.49.59:562][421]LightingResults: New page: Lighting Build
[2018.08.01-16.49.59:812][421]LogEditorServer: Finished looking for orphan Actors (0.000 secs)
[2018.08.01-16.49.59:872][421]Cmd: MAP CHECKDEP NOCLEARLOG
[2018.08.01-16.49.59:951][421]MapCheck: Map check complete: 0 Error(s), 0 Warning(s), took 78.673ms to complete.
[2018.08.01-16.49.59:951][421]LogFileHelpers: Loading map '2DNewLevel' took 0.391
[2018.08.01-16.50.09:400][883]LogSlate: FSceneViewport::OnFocusLost() reason 2
[2018.08.01-16.50.28:576][854]LogSlate: FSceneViewport::OnFocusLost() reason 2
[2018.08.01-16.50.43:392][736]LogAIModule: Creating AISystem for world 2DPuzzleLevel
[2018.08.01-16.50.46:478][810]LogSlate: Window 'Save Content' being destroyed
[2018.08.01-16.50.46:744][810]LogSavePackage: Save=147.51ms
[2018.08.01-16.50.46:744][810]LogSavePackage: Moving '../../../../../UDV/Unreal Projects/TREKTHERAINBOW/VGDUNRL_TTR_ALPHA/Saved/2DPuzzleLevel039D8CDB47ABD62C9F6D33A66ACDBA20.tmp' to '../../../../../UDV/Unreal Projects/TREKTHERAINBOW/VGDUNRL_TTR_ALPHA/Content/2DSideScrollerBP/Maps/2DPuzzleLevel.umap'
[2018.08.01-16.50.46:748][810]LogSavePackage: Display: Finished SavePackage ../../../../../UDV/Unreal Projects/TREKTHERAINBOW/VGDUNRL_TTR_ALPHA/Content/2DSideScrollerBP/Maps/2DPuzzleLevel.umap
[2018.08.01-16.50.46:762][810]LogFileHelpers: Saving map '2DPuzzleLevel' took 0.278
[2018.08.01-16.50.46:765][810]Cmd: MAP LOAD FILE="../../../../../UDV/Unreal Projects/TREKTHERAINBOW/VGDUNRL_TTR_ALPHA/Content/2DSideScrollerBP/Maps/2DPuzzleLevel.umap" TEMPLATE=0 SHOWPROGRESS=1 FEATURELEVEL=3
[2018.08.01-16.50.46:765][810]LightingResults: New page: Lighting Build
[2018.08.01-16.50.46:766][810]LoadErrors: New page: Loading map: 2DPuzzleLevel.umap
[2018.08.01-16.50.46:792][810]MapCheck: New page: Map Check
[2018.08.01-16.50.46:792][810]LightingResults: New page: Lighting Build
[2018.08.01-16.50.47:075][810]LogEditorServer: Finished looking for orphan Actors (0.000 secs)
[2018.08.01-16.50.47:134][810]Cmd: MAP CHECKDEP NOCLEARLOG
[2018.08.01-16.50.47:207][810]MapCheck: Map check complete: 0 Error(s), 0 Warning(s), took 72.714ms to complete.
[2018.08.01-16.50.47:208][810]LogFileHelpers: Loading map '2DPuzzleLevel' took 0.443
