Log file open, 07/23/18 18:00:23
LogWindows: Failed to load 'aqProf.dll' (GetLastError=126)
LogWindows: File 'aqProf.dll' does not exist
LogWindows: Failed to load 'VtuneApi.dll' (GetLastError=126)
LogWindows: File 'VtuneApi.dll' does not exist
LogWindows: Failed to load 'VtuneApi32e.dll' (GetLastError=126)
LogWindows: File 'VtuneApi32e.dll' does not exist
LogInit: Display: Running engine for game: VGDUNRL_TTR_ALPHA
LogPlatformFile: Not using cached read wrapper
LogInit: Display: RandInit(-680157611) SRandInit(-680157611).
LogInit: Read version file with build ID '3944462'
LogInit: Overriding engine version to CL 4033788, compatible CL 3944462
LogInit: Registered custom module enumerator with build ID '3944462'
LogTaskGraph: Started task graph with 5 named threads and 23 total threads with 3 sets of task threads.
LogStats: Stats thread started at 0.284948
LogD3D11RHI: Aftermath initialized
LogICUInternationalization: Display: ICU TimeZone Detection - Raw Offset: -5:00, Platform Override: ''
LogModuleManager: Display: Found up-to-date module file ../../../Engine/Plugins/2D/Paper2D/Binaries/Win64/UE4Editor-Paper2D.dll (API version 3944462).
LogModuleManager: Display: Found up-to-date module file ../../../Engine/Plugins/2D/Paper2D/Binaries/Win64/UE4Editor-Paper2DEditor.dll (API version 3944462).
LogModuleManager: Display: Found up-to-date module file ../../../Engine/Plugins/2D/Paper2D/Binaries/Win64/UE4Editor-PaperSpriteSheetImporter.dll (API version 3944462).
LogModuleManager: Display: Found up-to-date module file ../../../Engine/Plugins/2D/Paper2D/Binaries/Win64/UE4Editor-PaperTiledImporter.dll (API version 3944462).
LogModuleManager: Display: Found up-to-date module file ../../../Engine/Plugins/2D/Paper2D/Binaries/Win64/UE4Editor-SmartSnapping.dll (API version 3944462).
LogModuleManager: Display: Found up-to-date module file ../../../Engine/Plugins/Blendables/LightPropagationVolume/Binaries/Win64/UE4Editor-LightPropagationVolumeRuntime.dll (API version 3944462).
LogModuleManager: Display: Found up-to-date module file ../../../Engine/Plugins/Blendables/LightPropagationVolume/Binaries/Win64/UE4Editor-LightPropagationVolumeEditor.dll (API version 3944462).
LogModuleManager: Display: Found up-to-date module file ../../../Engine/Plugins/Developer/CLionSourceCodeAccess/Binaries/Win64/UE4Editor-CLionSourceCodeAccess.dll (API version 3944462).
LogModuleManager: Display: Found up-to-date module file ../../../Engine/Plugins/Developer/GitSourceControl/Binaries/Win64/UE4Editor-GitSourceControl.dll (API version 3944462).
LogModuleManager: Display: Found up-to-date module file ../../../Engine/Plugins/Developer/PerforceSourceControl/Binaries/Win64/UE4Editor-PerforceSourceControl.dll (API version 3944462).
LogModuleManager: Display: Found up-to-date module file ../../../Engine/Plugins/Developer/SubversionSourceControl/Binaries/Win64/UE4Editor-SubversionSourceControl.dll (API version 3944462).
LogModuleManager: Display: Found up-to-date module file ../../../Engine/Plugins/Developer/UObjectPlugin/Binaries/Win64/UE4Editor-UObjectPlugin.dll (API version 3944462).
LogModuleManager: Display: Found up-to-date module file ../../../Engine/Plugins/Developer/VisualStudioCodeSourceCodeAccess/Binaries/Win64/UE4Editor-VisualStudioCodeSourceCodeAccess.dll (API version 3944462).
LogModuleManager: Display: Found up-to-date module file ../../../Engine/Plugins/Developer/VisualStudioSourceCodeAccess/Binaries/Win64/UE4Editor-VisualStudioSourceCodeAccess.dll (API version 3944462).
LogModuleManager: Display: Found up-to-date module file ../../../Engine/Plugins/Editor/AssetManagerEditor/Binaries/Win64/UE4Editor-AssetManagerEditor.dll (API version 3944462).
LogModuleManager: Display: Found up-to-date module file ../../../Engine/Plugins/Editor/CryptoKeys/Binaries/Win64/UE4Editor-CryptoKeys.dll (API version 3944462).
LogModuleManager: Display: Found up-to-date module file ../../../Engine/Plugins/Editor/CryptoKeys/Binaries/Win64/UE4Editor-CryptoKeysOpenSSL.dll (API version 3944462).
LogModuleManager: Display: Found up-to-date module file ../../../Engine/Plugins/Editor/DataValidation/Binaries/Win64/UE4Editor-DataValidation.dll (API version 3944462).
LogModuleManager: Display: Found up-to-date module file ../../../Engine/Plugins/Editor/FacialAnimation/Binaries/Win64/UE4Editor-FacialAnimation.dll (API version 3944462).
LogModuleManager: Display: Found up-to-date module file ../../../Engine/Plugins/Editor/FacialAnimation/Binaries/Win64/UE4Editor-FacialAnimationEditor.dll (API version 3944462).
LogModuleManager: Display: Found up-to-date module file ../../../Engine/Plugins/Editor/GameplayTagsEditor/Binaries/Win64/UE4Editor-GameplayTagsEditor.dll (API version 3944462).
LogModuleManager: Display: Found up-to-date module file ../../../Engine/Plugins/Editor/MobileLauncherProfileWizard/Binaries/Win64/UE4Editor-MobileLauncherProfileWizard.dll (API version 3944462).
LogModuleManager: Display: Found up-to-date module file ../../../Engine/Plugins/Editor/PluginBrowser/Binaries/Win64/UE4Editor-PluginBrowser.dll (API version 3944462).
LogModuleManager: Display: Found up-to-date module file ../../../Engine/Plugins/Editor/SpeedTreeImporter/Binaries/Win64/UE4Editor-SpeedTreeImporter.dll (API version 3944462).
LogModuleManager: Display: Found up-to-date module file ../../../Engine/Plugins/Enterprise/DatasmithContent/Binaries/Win64/UE4Editor-DatasmithContent.dll (API version 3944462).
LogModuleManager: Display: Found up-to-date module file ../../../Engine/Plugins/Experimental/AlembicImporter/Binaries/Win64/UE4Editor-AlembicImporter.dll (API version 3944462).
LogModuleManager: Display: Found up-to-date module file ../../../Engine/Plugins/Experimental/AlembicImporter/Binaries/Win64/UE4Editor-AlembicLibrary.dll (API version 3944462).
LogModuleManager: Display: Found up-to-date module file ../../../Engine/Plugins/Experimental/CharacterAI/Binaries/Win64/UE4Editor-CharacterAI.dll (API version 3944462).
LogModuleManager: Display: Found up-to-date module file ../../../Engine/Plugins/Experimental/HTML5Networking/Binaries/Win64/UE4Editor-HTML5Networking.dll (API version 3944462).
LogModuleManager: Display: Found up-to-date module file ../../../Engine/Plugins/Media/AndroidMedia/Binaries/Win64/UE4Editor-AndroidMediaEditor.dll (API version 3944462).
LogModuleManager: Display: Found up-to-date module file ../../../Engine/Plugins/Media/AndroidMedia/Binaries/Win64/UE4Editor-AndroidMediaFactory.dll (API version 3944462).
LogModuleManager: Display: Found up-to-date module file ../../../Engine/Plugins/Media/AvfMedia/Binaries/Win64/UE4Editor-AvfMediaEditor.dll (API version 3944462).
LogModuleManager: Display: Found up-to-date module file ../../../Engine/Plugins/Media/AvfMedia/Binaries/Win64/UE4Editor-AvfMediaFactory.dll (API version 3944462).
LogModuleManager: Display: Found up-to-date module file ../../../Engine/Plugins/Media/AvfMedia/Binaries/Win64/UE4Editor-AvfMediaFactory.dll (API version 3944462).
LogModuleManager: Display: Found up-to-date module file ../../../Engine/Plugins/Media/ImgMedia/Binaries/Win64/UE4Editor-ImgMedia.dll (API version 3944462).
LogModuleManager: Display: Found up-to-date module file ../../../Engine/Plugins/Media/ImgMedia/Binaries/Win64/UE4Editor-ImgMediaEditor.dll (API version 3944462).
LogModuleManager: Display: Found up-to-date module file ../../../Engine/Plugins/Media/ImgMedia/Binaries/Win64/UE4Editor-ImgMediaFactory.dll (API version 3944462).
LogModuleManager: Display: Found up-to-date module file ../../../Engine/Plugins/Media/ImgMedia/Binaries/Win64/UE4Editor-ImgMediaFactory.dll (API version 3944462).
LogModuleManager: Display: Found up-to-date module file ../../../Engine/Plugins/Media/ImgMedia/Binaries/Win64/UE4Editor-OpenExrWrapper.dll (API version 3944462).
LogModuleManager: Display: Found up-to-date module file ../../../Engine/Plugins/Media/LinearTimecode/Binaries/Win64/UE4Editor-LinearTimecode.dll (API version 3944462).
LogModuleManager: Display: Found up-to-date module file ../../../Engine/Plugins/Media/MediaCompositing/Binaries/Win64/UE4Editor-MediaCompositing.dll (API version 3944462).
LogModuleManager: Display: Found up-to-date module file ../../../Engine/Plugins/Media/MediaCompositing/Binaries/Win64/UE4Editor-MediaCompositingEditor.dll (API version 3944462).
LogModuleManager: Display: Found up-to-date module file ../../../Engine/Plugins/Media/MediaPlayerEditor/Binaries/Win64/UE4Editor-MediaPlayerEditor.dll (API version 3944462).
LogModuleManager: Display: Found up-to-date module file ../../../Engine/Plugins/Media/WmfMedia/Binaries/Win64/UE4Editor-WmfMedia.dll (API version 3944462).
LogModuleManager: Display: Found up-to-date module file ../../../Engine/Plugins/Media/WmfMedia/Binaries/Win64/UE4Editor-WmfMediaEditor.dll (API version 3944462).
LogModuleManager: Display: Found up-to-date module file ../../../Engine/Plugins/Media/WmfMedia/Binaries/Win64/UE4Editor-WmfMediaFactory.dll (API version 3944462).
LogModuleManager: Display: Found up-to-date module file ../../../Engine/Plugins/Media/WmfMedia/Binaries/Win64/UE4Editor-WmfMediaFactory.dll (API version 3944462).
LogModuleManager: Display: Found up-to-date module file ../../../Engine/Plugins/Messaging/TcpMessaging/Binaries/Win64/UE4Editor-TcpMessaging.dll (API version 3944462).
LogModuleManager: Display: Found up-to-date module file ../../../Engine/Plugins/Messaging/UdpMessaging/Binaries/Win64/UE4Editor-UdpMessaging.dll (API version 3944462).
LogModuleManager: Display: Found up-to-date module file ../../../Engine/Plugins/MovieScene/ActorSequence/Binaries/Win64/UE4Editor-ActorSequence.dll (API version 3944462).
LogModuleManager: Display: Found up-to-date module file ../../../Engine/Plugins/MovieScene/LevelSequenceEditor/Binaries/Win64/UE4Editor-LevelSequenceEditor.dll (API version 3944462).
LogModuleManager: Display: Found up-to-date module file ../../../Engine/Plugins/MovieScene/MatineeToLevelSequence/Binaries/Win64/UE4Editor-MatineeToLevelSequence.dll (API version 3944462).
LogModuleManager: Display: Found up-to-date module file ../../../Engine/Plugins/NetcodeUnitTest/NetcodeUnitTest/Binaries/Win64/UE4Editor-NetcodeUnitTest.dll (API version 3944462).
LogModuleManager: Display: Found up-to-date module file ../../../Engine/Plugins/NetcodeUnitTest/NUTUnrealEngine4/Binaries/Win64/UE4Editor-NUTUnrealEngine4.dll (API version 3944462).
LogModuleManager: Display: Found up-to-date module file ../../../Engine/Plugins/Online/OnlineSubsystem/Binaries/Win64/UE4Editor-OnlineSubsystem.dll (API version 3944462).
LogModuleManager: Display: Found up-to-date module file ../../../Engine/Plugins/Runtime/AndroidPermission/Binaries/Win64/UE4Editor-AndroidPermission.dll (API version 3944462).
LogModuleManager: Display: Found up-to-date module file ../../../Engine/Plugins/Online/OnlineSubsystemNull/Binaries/Win64/UE4Editor-OnlineSubsystemNull.dll (API version 3944462).
LogModuleManager: Display: Found up-to-date module file ../../../Engine/Plugins/Online/OnlineSubsystemUtils/Binaries/Win64/UE4Editor-OnlineSubsystemUtils.dll (API version 3944462).
LogModuleManager: Display: Found up-to-date module file ../../../Engine/Plugins/Online/OnlineSubsystemUtils/Binaries/Win64/UE4Editor-OnlineBlueprintSupport.dll (API version 3944462).
LogModuleManager: Display: Found up-to-date module file ../../../Engine/Plugins/Runtime/AndroidDeviceProfileSelector/Binaries/Win64/UE4Editor-AndroidDeviceProfileSelector.dll (API version 3944462).
LogModuleManager: Display: Found up-to-date module file ../../../Engine/Plugins/Runtime/AppleARKit/Binaries/Win64/UE4Editor-AppleARKit.dll (API version 3944462).
LogModuleManager: Display: Found up-to-date module file ../../../Engine/Plugins/Runtime/ProceduralMeshComponent/Binaries/Win64/UE4Editor-ProceduralMeshComponent.dll (API version 3944462).
LogModuleManager: Display: Found up-to-date module file ../../../Engine/Plugins/Runtime/ProceduralMeshComponent/Binaries/Win64/UE4Editor-ProceduralMeshComponentEditor.dll (API version 3944462).
LogModuleManager: Display: Found up-to-date module file ../../../Engine/Plugins/Animation/LiveLink/Binaries/Win64/UE4Editor-LiveLink.dll (API version 3944462).
LogModuleManager: Display: Found up-to-date module file ../../../Engine/Plugins/Animation/LiveLink/Binaries/Win64/UE4Editor-LiveLinkEditor.dll (API version 3944462).
LogModuleManager: Display: Found up-to-date module file ../../../Engine/Plugins/Runtime/ArchVisCharacter/Binaries/Win64/UE4Editor-ArchVisCharacter.dll (API version 3944462).
LogModuleManager: Display: Found up-to-date module file ../../../Engine/Plugins/Runtime/AudioCapture/Binaries/Win64/UE4Editor-AudioCapture.dll (API version 3944462).
LogModuleManager: Display: Found up-to-date module file ../../../Engine/Plugins/Runtime/AudioCapture/Binaries/Win64/UE4Editor-AudioCaptureEditor.dll (API version 3944462).
LogModuleManager: Display: Found up-to-date module file ../../../Engine/Plugins/Runtime/CableComponent/Binaries/Win64/UE4Editor-CableComponent.dll (API version 3944462).
LogModuleManager: Display: Found up-to-date module file ../../../Engine/Plugins/Runtime/CustomMeshComponent/Binaries/Win64/UE4Editor-CustomMeshComponent.dll (API version 3944462).
LogModuleManager: Display: Found up-to-date module file ../../../Engine/Plugins/Runtime/ExampleDeviceProfileSelector/Binaries/Win64/UE4Editor-ExampleDeviceProfileSelector.dll (API version 3944462).
LogModuleManager: Display: Found up-to-date module file ../../../Engine/Plugins/Runtime/ImmediatePhysics/Binaries/Win64/UE4Editor-ImmediatePhysics.dll (API version 3944462).
LogModuleManager: Display: Found up-to-date module file ../../../Engine/Plugins/Runtime/ImmediatePhysics/Binaries/Win64/UE4Editor-ImmediatePhysicsEditor.dll (API version 3944462).
LogModuleManager: Display: Found up-to-date module file ../../../Engine/Plugins/Runtime/LocationServicesBPLibrary/Binaries/Win64/UE4Editor-LocationServicesBPLibrary.dll (API version 3944462).
LogModuleManager: Display: Found up-to-date module file ../../../Engine/Plugins/Runtime/MobilePatchingUtils/Binaries/Win64/UE4Editor-MobilePatchingUtils.dll (API version 3944462).
LogModuleManager: Display: Found up-to-date module file ../../../Engine/Plugins/Runtime/Oculus/OculusVR/Binaries/Win64/UE4Editor-OculusHMD.dll (API version 3944462).
LogModuleManager: Display: Found up-to-date module file ../../../Engine/Plugins/Runtime/Oculus/OculusVR/Binaries/Win64/UE4Editor-OculusInput.dll (API version 3944462).
LogModuleManager: Display: Found up-to-date module file ../../../Engine/Plugins/Runtime/Oculus/OculusVR/Binaries/Win64/UE4Editor-OculusEditor.dll (API version 3944462).
LogModuleManager: Display: Found up-to-date module file ../../../Engine/Plugins/Runtime/PhysXVehicles/Binaries/Win64/UE4Editor-PhysXVehicles.dll (API version 3944462).
LogModuleManager: Display: Found up-to-date module file ../../../Engine/Plugins/Runtime/PhysXVehicles/Binaries/Win64/UE4Editor-PhysXVehiclesEditor.dll (API version 3944462).
LogModuleManager: Display: Found up-to-date module file ../../../Engine/Plugins/Runtime/RuntimePhysXCooking/Binaries/Win64/UE4Editor-RuntimePhysXCooking.dll (API version 3944462).
LogModuleManager: Display: Found up-to-date module file ../../../Engine/Plugins/Runtime/Steam/SteamVR/Binaries/Win64/UE4Editor-SteamVR.dll (API version 3944462).
LogModuleManager: Display: Found up-to-date module file ../../../Engine/Plugins/Runtime/Steam/SteamVR/Binaries/Win64/UE4Editor-SteamVRController.dll (API version 3944462).
LogModuleManager: Display: Found up-to-date module file ../../../Engine/Plugins/Runtime/WindowsMoviePlayer/Binaries/Win64/UE4Editor-WindowsMoviePlayer.dll (API version 3944462).
LogPluginManager: Mounting plugin Paper2D
LogPluginManager: Mounting plugin LiveLink
LogPluginManager: Mounting plugin LightPropagationVolume
LogPluginManager: Mounting plugin CLionSourceCodeAccess
LogPluginManager: Mounting plugin CodeLiteSourceCodeAccess
LogPluginManager: Mounting plugin GitSourceControl
LogPluginManager: Mounting plugin KDevelopSourceCodeAccess
LogPluginManager: Mounting plugin NullSourceCodeAccess
LogPluginManager: Mounting plugin PerforceSourceControl
LogPluginManager: Mounting plugin SubversionSourceControl
LogPluginManager: Mounting plugin UObjectPlugin
LogPluginManager: Mounting plugin VisualStudioCodeSourceCodeAccess
LogPluginManager: Mounting plugin VisualStudioSourceCodeAccess
LogPluginManager: Mounting plugin XCodeSourceCodeAccess
LogPluginManager: Mounting plugin AssetManagerEditor
LogPluginManager: Mounting plugin CryptoKeys
LogPluginManager: Mounting plugin DataValidation
LogPluginManager: Mounting plugin FacialAnimation
LogPluginManager: Mounting plugin GameplayTagsEditor
LogPluginManager: Mounting plugin MobileLauncherProfileWizard
LogPluginManager: Mounting plugin PluginBrowser
LogPluginManager: Mounting plugin SpeedTreeImporter
LogPluginManager: Mounting plugin DatasmithContent
LogPluginManager: Mounting plugin AlembicImporter
LogPluginManager: Mounting plugin CharacterAI
LogPluginManager: Mounting plugin HTML5Networking
LogPluginManager: Mounting plugin AndroidMedia
LogPluginManager: Mounting plugin AvfMedia
LogPluginManager: Mounting plugin ImgMedia
LogPluginManager: Mounting plugin LinearTimecode
LogPluginManager: Mounting plugin MediaCompositing
LogPluginManager: Mounting plugin MediaPlayerEditor
LogPluginManager: Mounting plugin WmfMedia
LogPluginManager: Mounting plugin TcpMessaging
LogPluginManager: Mounting plugin UdpMessaging
LogPluginManager: Mounting plugin ActorSequence
LogPluginManager: Mounting plugin LevelSequenceEditor
LogPluginManager: Mounting plugin MatineeToLevelSequence
LogPluginManager: Mounting plugin NetcodeUnitTest
LogPluginManager: Mounting plugin NUTUnrealEngine4
LogPluginManager: Mounting plugin OnlineSubsystemGooglePlay
LogPluginManager: Mounting plugin OnlineSubsystemIOS
LogPluginManager: Mounting plugin OnlineSubsystem
LogPluginManager: Mounting plugin OnlineSubsystemNull
LogPluginManager: Mounting plugin OnlineSubsystemUtils
LogPluginManager: Mounting plugin AndroidDeviceProfileSelector
LogPluginManager: Mounting plugin AndroidMoviePlayer
LogPluginManager: Mounting plugin AndroidPermission
LogPluginManager: Mounting plugin AppleARKit
LogPluginManager: Mounting plugin AppleMoviePlayer
LogPluginManager: Mounting plugin ArchVisCharacter
LogPluginManager: Mounting plugin AudioCapture
LogPluginManager: Mounting plugin CableComponent
LogPluginManager: Mounting plugin CustomMeshComponent
LogPluginManager: Mounting plugin ExampleDeviceProfileSelector
LogPluginManager: Mounting plugin GoogleCloudMessaging
LogPluginManager: Mounting plugin ImmediatePhysics
LogPluginManager: Mounting plugin IOSDeviceProfileSelector
LogPluginManager: Mounting plugin LinuxDeviceProfileSelector
LogPluginManager: Mounting plugin LocationServicesBPLibrary
LogPluginManager: Mounting plugin MobilePatchingUtils
LogPluginManager: Mounting plugin OculusVR
LogPluginManager: Plugin shader directory ../../../Engine/Plugins/Runtime/Oculus/OculusVR/Shaders found
LogPluginManager: Mapping shader source directory ../../../Engine/Plugins/Runtime/Oculus/OculusVR/Shaders to virtual directory /Plugin/OculusVR
LogPluginManager: Mounting plugin PhysXVehicles
LogPluginManager: Mounting plugin ProceduralMeshComponent
LogPluginManager: Mounting plugin RuntimePhysXCooking
LogPluginManager: Mounting plugin SteamVR
LogPluginManager: Mounting plugin WindowsMoviePlayer
LogStreaming: Display: Took  1.367s to configure plugins.
LogInit: Using libcurl 7.47.1
LogInit:  - built for x86_64-pc-win32
LogInit:  - supports SSL with OpenSSL/1.0.2g
LogInit:  - supports HTTP deflate (compression) using libz 1.2.8
LogInit:  - other features:
LogInit:      CURL_VERSION_SSL
LogInit:      CURL_VERSION_LIBZ
LogInit:      CURL_VERSION_IPV6
LogInit:      CURL_VERSION_ASYNCHDNS
LogInit:      CURL_VERSION_LARGEFILE
LogInit:      CURL_VERSION_IDN
LogInit:  CurlRequestOptions (configurable via config and command line):
LogInit:  - bVerifyPeer = false  - Libcurl will NOT verify peer certificate
LogInit:  - bUseHttpProxy = false  - Libcurl will NOT use HTTP proxy
LogInit:  - bDontReuseConnections = false  - Libcurl will reuse connections
LogInit:  - CertBundlePath = nullptr  - Libcurl will use whatever was configured at build time.
LogInit:  - MaxHostConnections = 16  - Libcurl will limit the number of connections to a host
LogInit:  - LocalHostAddr = Default
LogInit: WinSock: version 1.1 (2.2), MaxSocks=32767, MaxUdp=65467
LogInit: WinSock: I am DESKTOP-T3RQ42G (192.168.100.104:0)
LogInit: Build: ++UE4+Release-4.19-CL-4033788
LogInit: Engine Version: 4.19.2-4033788+++UE4+Release-4.19
LogInit: Compatible Engine Version: 4.19.0-3944462+++UE4+Release-4.19
LogInit: Net CL: 3944462
LogDevObjectVersion: Number of dev versions registered: 18
LogDevObjectVersion:   Dev-Blueprints (B0D832E4-1F89-4F0D-ACCF-7EB736FD4AA2): 10
LogDevObjectVersion:   Dev-Build (E1C64328-A22C-4D53-A36C-8E866417BD8C): 0
LogDevObjectVersion:   Dev-Core (375EC13C-06E4-48FB-B500-84F0262A717E): 2
LogDevObjectVersion:   Dev-Editor (E4B068ED-F494-42E9-A231-DA0B2E46BB41): 23
LogDevObjectVersion:   Dev-Framework (CFFC743F-43B0-4480-9391-14DF171D2073): 33
LogDevObjectVersion:   Dev-Mobile (B02B49B5-BB20-44E9-A304-32B752E40360): 2
LogDevObjectVersion:   Dev-Networking (A4E4105C-59A1-49B5-A7C5-40C4547EDFEE): 0
LogDevObjectVersion:   Dev-Online (39C831C9-5AE6-47DC-9A44-9C173E1C8E7C): 0
LogDevObjectVersion:   Dev-Physics (78F01B33-EBEA-4F98-B9B4-84EACCB95AA2): 0
LogDevObjectVersion:   Dev-Platform (6631380F-2D4D-43E0-8009-CF276956A95A): 0
LogDevObjectVersion:   Dev-Rendering (12F88B9F-8875-4AFC-A67C-D90C383ABD29): 25
LogDevObjectVersion:   Dev-Sequencer (7B5AE74C-D270-4C10-A958-57980B212A5A): 6
LogDevObjectVersion:   Dev-VR (D7296918-1DD6-4BDD-9DE2-64A83CC13884): 1
LogDevObjectVersion:   Dev-LoadTimes (C2A15278-BFE7-4AFE-6C17-90FF531DF755): 1
LogDevObjectVersion:   Private-Geometry (6EACA3D4-40EC-4CC1-B786-8BED09428FC5): 2
LogDevObjectVersion:   Dev-AnimPhys (29E575DD-E0A3-4627-9D10-D276232CDCEA): 16
LogDevObjectVersion:   Dev-ReflectionCapture (6B266CEC-1EC7-4B8F-A30B-E4D90942FC07): 1
LogDevObjectVersion:   Dev-Automation (0DF73D61-A23F-47EA-B727-89E90C41499A): 1
LogInit: Compiled (64-bit): Apr 27 2018 02:06:57
LogInit: Compiled with Visual C++: 19.00.24215.01
LogInit: Build Configuration: Development
LogInit: Branch Name: ++UE4+Release-4.19
LogInit: Command Line: 
LogInit: Base Directory: D:/Program Files (x86)/UE_4.19/Engine/Binaries/Win64/
LogInit: Installed Engine Build: 1
LogStreaming: Display: Took  0.001s to delete old logs.
LogInit: Presizing for max 8388607 objects, including 0 objects not considered by GC, pre-allocating 0 bytes for permanent pool.
LogInit: Object subsystem initialized
[2018.07.23-22.00.24:653][  0]LogInit: Selected Device Profile: [Windows]
[2018.07.23-22.00.24:653][  0]LogInit: Applying CVar settings loaded from the selected device profile: [Windows]
[2018.07.23-22.00.24:707][  0]LogInit: Computer: DESKTOP-T3RQ42G
[2018.07.23-22.00.24:707][  0]LogInit: User: Andre
[2018.07.23-22.00.24:707][  0]LogInit: CPU Page size=4096, Cores=4
[2018.07.23-22.00.24:707][  0]LogInit: High frequency timer resolution =2.742189 MHz
[2018.07.23-22.00.24:708][  0]LogMemory: Memory total: Physical=15.9GB (16GB approx)
[2018.07.23-22.00.24:708][  0]LogMemory: Platform Memory Stats for Windows
[2018.07.23-22.00.24:708][  0]LogMemory: Process Physical Memory: 274.48 MB used, 274.48 MB peak
[2018.07.23-22.00.24:708][  0]LogMemory: Process Virtual Memory: 264.84 MB used, 264.84 MB peak
[2018.07.23-22.00.24:708][  0]LogMemory: Physical Memory: 7615.57 MB used,  8641.45 MB free, 16257.03 MB total
[2018.07.23-22.00.24:708][  0]LogMemory: Virtual Memory: 4794.19 MB used,  8641.45 MB free, 134217728.00 MB total
[2018.07.23-22.00.24:990][  0]LogInit: Using OS detected language (en-US).
[2018.07.23-22.00.24:990][  0]LogInit: Using OS detected locale (en-CA).
[2018.07.23-22.00.24:994][  0]LogTextLocalizationManager: No specific localization for 'en-US' exists, so the 'en' localization will be used.
[2018.07.23-22.00.25:472][  0]LogStreaming: Display: Took  0.482s to EndInitTextLocalization.
[2018.07.23-22.00.25:472][  0]LogInit: Setting process to per monitor DPI aware
[2018.07.23-22.00.25:503][  0]LogSlate: New Slate User Created.  User Index 0, Is Virtual User: 0
[2018.07.23-22.00.25:503][  0]LogSlate: Slate User Registered.  User Index 0, Is Virtual User: 0
[2018.07.23-22.00.25:841][  0]LogD3D11RHI: D3D11 adapters:
[2018.07.23-22.00.25:905][  0]LogD3D11RHI:    0. 'NVIDIA GeForce GTX 1070' (Feature Level 11_0)
[2018.07.23-22.00.25:905][  0]LogD3D11RHI:       8081/0/8128 MB DedicatedVideo/DedicatedSystem/SharedSystem, Outputs:2, VendorId:0x10de
[2018.07.23-22.00.25:927][  0]LogD3D11RHI:    1. 'Intel(R) HD Graphics 630' (Feature Level 11_0)
[2018.07.23-22.00.25:927][  0]LogD3D11RHI:       128/0/8128 MB DedicatedVideo/DedicatedSystem/SharedSystem, Outputs:0, VendorId:0x8086
[2018.07.23-22.00.25:929][  0]LogD3D11RHI:    2. 'Microsoft Basic Render Driver' (Feature Level 11_0)
[2018.07.23-22.00.25:929][  0]LogD3D11RHI:       0/0/8128 MB DedicatedVideo/DedicatedSystem/SharedSystem, Outputs:0, VendorId:0x1414
[2018.07.23-22.00.25:930][  0]LogD3D11RHI: Chosen D3D11 Adapter: 0
[2018.07.23-22.00.25:936][  0]LogD3D11RHI: Creating new Direct3DDevice
[2018.07.23-22.00.25:937][  0]LogD3D11RHI:     GPU DeviceId: 0x1be1 (for the marketing name, search the web for "GPU Device Id")
[2018.07.23-22.00.25:937][  0]LogWindows: EnumDisplayDevices:
[2018.07.23-22.00.25:937][  0]LogWindows:    0. 'NVIDIA GeForce GTX 1070' (P:1 D:1)
[2018.07.23-22.00.25:937][  0]LogWindows:    1. 'NVIDIA GeForce GTX 1070' (P:0 D:1)
[2018.07.23-22.00.25:937][  0]LogWindows:    2. 'NVIDIA GeForce GTX 1070' (P:0 D:0)
[2018.07.23-22.00.25:937][  0]LogWindows:    3. 'NVIDIA GeForce GTX 1070' (P:0 D:0)
[2018.07.23-22.00.25:937][  0]LogWindows:    4. 'Intel(R) HD Graphics 630' (P:0 D:0)
[2018.07.23-22.00.25:938][  0]LogWindows:    5. 'Intel(R) HD Graphics 630' (P:0 D:0)
[2018.07.23-22.00.25:938][  0]LogWindows:    6. 'Intel(R) HD Graphics 630' (P:0 D:0)
[2018.07.23-22.00.25:938][  0]LogWindows: DebugString: GetVideoDriverDetailsInvalid PrimaryIsNotTheChoosenAdapter GetVideoDriverDetailsInvalid PrimaryIsNotTheChoosenAdapter GetVideoDriverDetailsInvalid PrimaryIsNotTheChoosenAdapter GetVideoDriverDetailsInvalid PrimaryIsNotTheChoosenAdapter GetVideoDriverDetailsInvalid PrimaryIsNotTheChoosenAdapter GetVideoDriverDetailsInvalid PrimaryIsNotTheChoosenAdapter GetVideoDriverDetailsInvalid PrimaryIsNotTheChoosenAdapter FoundDriverCount:0 
[2018.07.23-22.00.25:938][  0]LogD3D11RHI:     Adapter Name: NVIDIA GeForce GTX 1070
[2018.07.23-22.00.25:938][  0]LogD3D11RHI:   Driver Version: Unknown (internal:Unknown, unified:Unknown)
[2018.07.23-22.00.25:938][  0]LogD3D11RHI:      Driver Date: Unknown
[2018.07.23-22.00.25:938][  0]LogRHI: Texture pool is 5656 MB (70% of 8081 MB)
[2018.07.23-22.00.25:979][  0]LogD3D11RHI: [Aftermath] Aftermath enabled and primed
[2018.07.23-22.00.25:979][  0]LogD3D11RHI: [Aftermath] Aftermath enabled and primed
[2018.07.23-22.00.25:979][  0]LogD3D11RHI: Async texture creation enabled
[2018.07.23-22.00.26:020][  0]LogD3D11RHI: GPU Timing Frequency: 1000.000000 (Debug: 2 2)
[2018.07.23-22.00.26:067][  0]LogShaderCompilers: Guid format shader working directory is -22 characters bigger than the processId version (../../../../../UDV/Unreal Projects/TREKTHERAINBOW/VGDUNRL_TTR_ALPHA/Intermediate/Shaders/WorkingDirectory/10516/).
[2018.07.23-22.00.26:067][  0]LogShaderCompilers: Cleaned the shader compiler working directory 'C:/Users/Andre/AppData/Local/Temp/UnrealShaderWorkingDir/F3379A7B4D2EE25167A2F1B3FADBAE8A/'.
[2018.07.23-22.00.26:318][  0]LogTemp: Display: Loaded TP AllDesktopTargetPlatform
[2018.07.23-22.00.26:330][  0]LogTemp: Display: Loaded TP MacClientTargetPlatform
[2018.07.23-22.00.26:343][  0]LogTemp: Display: Loaded TP MacNoEditorTargetPlatform
[2018.07.23-22.00.26:357][  0]LogTemp: Display: Loaded TP MacServerTargetPlatform
[2018.07.23-22.00.26:373][  0]LogTemp: Display: Loaded TP MacTargetPlatform
[2018.07.23-22.00.26:388][  0]LogTemp: Display: Loaded TP WindowsClientTargetPlatform
[2018.07.23-22.00.26:408][  0]LogTemp: Display: Loaded TP WindowsNoEditorTargetPlatform
[2018.07.23-22.00.26:427][  0]LogTemp: Display: Loaded TP WindowsServerTargetPlatform
[2018.07.23-22.00.26:436][  0]LogTemp: Display: Loaded TP WindowsTargetPlatform
[2018.07.23-22.00.26:452][  0]LogTemp: Display: Loaded TP Android_ASTCTargetPlatform
[2018.07.23-22.00.26:467][  0]LogTemp: Display: Loaded TP Android_ATCTargetPlatform
[2018.07.23-22.00.26:481][  0]LogTemp: Display: Loaded TP Android_DXTTargetPlatform
[2018.07.23-22.00.26:495][  0]LogTemp: Display: Loaded TP Android_ETC1aTargetPlatform
[2018.07.23-22.00.26:508][  0]LogTemp: Display: Loaded TP Android_ETC1TargetPlatform
[2018.07.23-22.00.26:522][  0]LogTemp: Display: Loaded TP Android_ETC2TargetPlatform
[2018.07.23-22.00.26:551][  0]LogTemp: Display: Loaded TP Android_MultiTargetPlatform
[2018.07.23-22.00.26:551][  0]LogTemp: Display: Loaded TP Android_PVRTCTargetPlatform
[2018.07.23-22.00.26:564][  0]LogTemp: Display: Loaded TP AndroidTargetPlatform
[2018.07.23-22.00.26:565][  0]LogTemp: Display: Loaded TP HTML5TargetPlatform
[2018.07.23-22.00.26:602][  0]LogTemp: Display: Loaded TP IOSTargetPlatform
[2018.07.23-22.00.26:614][  0]LogTemp: Display: Loaded TP TVOSTargetPlatform
[2018.07.23-22.00.26:627][  0]LogTemp: Display: Loaded TP LinuxClientTargetPlatform
[2018.07.23-22.00.26:645][  0]LogTemp: Display: Loaded TP LinuxNoEditorTargetPlatform
[2018.07.23-22.00.26:661][  0]LogTemp: Display: Loaded TP LinuxServerTargetPlatform
[2018.07.23-22.00.26:680][  0]LogTemp: Display: Loaded TP LinuxTargetPlatform
[2018.07.23-22.00.26:681][  0]LogTargetPlatformManager: Display: Building Assets For Windows
[2018.07.23-22.00.26:806][  0]LogXGEController: Cannot use XGE Controller as Incredibuild is not installed on this machine.
[2018.07.23-22.00.26:807][  0]LogShaderCompilers: Cannot use XGE Shader Compiler as Incredibuild is not installed on this machine.
[2018.07.23-22.00.26:807][  0]LogShaderCompilers: Display: Using Local Shader Compiler.
[2018.07.23-22.00.27:557][  0]LogDerivedDataCache: Display: Max Cache Size: 512 MB
[2018.07.23-22.00.27:626][  0]LogDerivedDataCache: Loaded boot cache 0.07s 74MB C:/Users/Andre/AppData/Local/UnrealEngine/4.19/DerivedDataCache/Boot.ddc.
[2018.07.23-22.00.27:626][  0]LogDerivedDataCache: Display: Loaded Boot cache: C:/Users/Andre/AppData/Local/UnrealEngine/4.19/DerivedDataCache/Boot.ddc
[2018.07.23-22.00.27:626][  0]LogDerivedDataCache: FDerivedDataBackendGraph:  Pak pak cache file ../../../../../UDV/Unreal Projects/TREKTHERAINBOW/VGDUNRL_TTR_ALPHA/DerivedDataCache/DDC.ddp not found, will not use a pak cache.
[2018.07.23-22.00.27:626][  0]LogDerivedDataCache: Unable to find inner node Pak for hierarchical cache Hierarchy.
[2018.07.23-22.00.27:626][  0]LogDerivedDataCache: FDerivedDataBackendGraph:  CompressedPak pak cache file ../../../../../UDV/Unreal Projects/TREKTHERAINBOW/VGDUNRL_TTR_ALPHA/DerivedDataCache/Compressed.ddp not found, will not use a pak cache.
[2018.07.23-22.00.27:626][  0]LogDerivedDataCache: Unable to find inner node CompressedPak for hierarchical cache Hierarchy.
[2018.07.23-22.00.27:644][  0]LogDerivedDataCache: Display: Pak cache opened for reading ../../../Engine/DerivedDataCache/Compressed.ddp.
[2018.07.23-22.00.27:657][  0]LogDerivedDataCache: Using Local data cache path C:/Users/Andre/AppData/Local/UnrealEngine/Common/DerivedDataCache: Writable
[2018.07.23-22.00.27:657][  0]LogDerivedDataCache: Shared data cache path not found in *engine.ini, will not use an Shared cache.
[2018.07.23-22.00.27:657][  0]LogDerivedDataCache: Unable to find inner node Shared for hierarchical cache Hierarchy.
[2018.07.23-22.00.27:668][  0]LogMaterial: Verifying Global Shaders for PCD3D_SM5
[2018.07.23-22.00.27:669][  0]LogSlate: Using Freetype 2.6.0
[2018.07.23-22.00.27:669][  0]LogSlate: SlateFontCache - WITH_FREETYPE: 1, WITH_HARFBUZZ: 1
[2018.07.23-22.00.27:670][  0]LogSlate: SlateFontCache - WITH_FREETYPE: 1, WITH_HARFBUZZ: 1
[2018.07.23-22.00.27:810][  0]LogAssetRegistry: FAssetRegistry took 0.0265 seconds to start up
[2018.07.23-22.00.28:126][  0]LogInit: Selected Device Profile: [Windows]
[2018.07.23-22.00.28:280][  0]LogSimplygon: Simplygon DLL not present - disabling.
[2018.07.23-22.00.28:282][  0]LogMeshReduction: Using SimplygonSwarm for distributed automatic mesh merging
[2018.07.23-22.00.28:282][  0]LogMeshReduction: Using QuadricMeshReduction for automatic static mesh reduction
[2018.07.23-22.00.28:282][  0]LogMeshReduction: No automatic skeletal mesh reduction module available
[2018.07.23-22.00.28:282][  0]LogMeshReduction: No automatic mesh merging module available
[2018.07.23-22.00.28:282][  0]LogMeshMerging: No automatic mesh merging module available
[2018.07.23-22.00.28:320][  0]LogNetVersion: VGDUNRL_TTR_ALPHA , NetCL: 3944462, EngineNetVer: 2, GameNetVer: 0 (Checksum: 625581311)
[2018.07.23-22.00.28:836][  0]LogPackageLocalizationCache: Processed 9 localized package path(s) for 2 prioritized culture(s) in 0.143851 seconds
[2018.07.23-22.00.28:842][  0]LogUObjectArray: 36728 objects as part of root set at end of initial load.
[2018.07.23-22.00.28:842][  0]LogUObjectAllocator: 7314312 out of 0 bytes used by permanent object pool.
[2018.07.23-22.00.28:842][  0]LogUObjectArray: CloseDisregardForGC: 0/0 objects in disregard for GC pool
[2018.07.23-22.00.30:618][  0]LogTcpMessaging: Initializing TcpMessaging bridge
[2018.07.23-22.00.30:653][  0]LogUdpMessaging: Initializing bridge on interface 0.0.0.0:0 to multicast group 230.0.0.1:6666.
[2018.07.23-22.00.31:054][  0]SourceControl: Source control is disabled
[2018.07.23-22.00.31:055][  0]SourceControl: Source control is disabled
[2018.07.23-22.00.31:076][  0]SourceControl: Source control is disabled
[2018.07.23-22.00.31:098][  0]SourceControl: Source control is disabled
[2018.07.23-22.00.31:682][  0]LogAndroidPermission: UAndroidPermissionCallbackProxy::GetInstance
[2018.07.23-22.00.31:858][  0]LogOcInput: OculusInput pre-init called
[2018.07.23-22.00.31:976][  0]LogEngine: Initializing Engine...
[2018.07.23-22.00.31:977][  0]LogHMD: Failed to initialize OpenVR with code 110
[2018.07.23-22.00.31:979][  0]LogStats: UGameplayTagsManager::ConstructGameplayTagTree: Construct from data asset -  0.000 s
[2018.07.23-22.00.31:979][  0]LogStats: UGameplayTagsManager::ConstructGameplayTagTree: GameplayTagTreeChangedEvent.Broadcast -  0.000 s
[2018.07.23-22.00.32:212][  0]LogAIModule: Creating AISystem for world Untitled
[2018.07.23-22.00.32:222][  0]LogInit: XAudio2 using 'Speakers / Headphones (Realtek Audio)' : 6 channels at 48 kHz using 32 bits per sample (channel mask 0x3f)
[2018.07.23-22.00.32:303][  0]LogInit: FAudioDevice initialized.
[2018.07.23-22.00.32:388][  0]LogDerivedDataCache: Saved boot cache 0.08s 74MB C:/Users/Andre/AppData/Local/UnrealEngine/4.19/DerivedDataCache/Boot.ddc.
[2018.07.23-22.00.32:403][  0]LogInit: Texture streaming: Enabled
[2018.07.23-22.00.32:416][  0]LogEngineSessionManager: EngineSessionManager initialized
[2018.07.23-22.00.32:447][  0]LogInit: Transaction tracking system initialized
[2018.07.23-22.00.32:465][  0]BlueprintLog: New page: Editor Load
[2018.07.23-22.00.32:522][  0]LocalizationService: Localization service is disabled
[2018.07.23-22.00.32:635][  0]LogConsoleResponse: Display: 
[2018.07.23-22.00.32:834][  0]LogCook: Display: Max memory allowance for cook 16384mb min free memory 0mb
[2018.07.23-22.00.32:834][  0]LogCook: Display: Mobile HDR setting 1
[2018.07.23-22.00.32:834][  0]LogGameplayTags: Display: UGameplayTagsManager::DoneAddingNativeTags. DelegateIsBound: 0
[2018.07.23-22.00.32:834][  0]LogStats: UGameplayTagsManager::ConstructGameplayTagTree: Construct from data asset -  0.000 s
[2018.07.23-22.00.32:834][  0]LogStats: UGameplayTagsManager::ConstructGameplayTagTree: GameplayTagTreeChangedEvent.Broadcast -  0.000 s
[2018.07.23-22.00.32:870][  0]LogFileCache: Scanning file cache for directory 'D:/UDV/Unreal Projects/TREKTHERAINBOW/VGDUNRL_TTR_ALPHA/Content/' took 0.02s
[2018.07.23-22.00.33:257][  0]SourceControl: Source control is disabled
[2018.07.23-22.00.33:257][  0]Cmd: MAP LOAD FILE="../../../../../UDV/Unreal Projects/TREKTHERAINBOW/VGDUNRL_TTR_ALPHA/Content/2DSideScrollerBP/Maps/2DSideScrollerExampleMap.umap" TEMPLATE=0 SHOWPROGRESS=1 FEATURELEVEL=3
[2018.07.23-22.00.33:347][  0]LightingResults: New page: Lighting Build
[2018.07.23-22.00.33:349][  0]MapCheck: New page: Map Check
[2018.07.23-22.00.33:349][  0]LightingResults: New page: Lighting Build
[2018.07.23-22.00.33:785][  0]LogUObjectGlobals: Created PersistentFrame Addr=0x000001aa6bfdc2c0, Size=288, Default__2DSideScrollerCharacter_C Function /Game/2DSideScrollerBP/Blueprints/2DSideScrollerCharacter.2DSideScrollerCharacter_C:ExecuteUbergraph_2DSideScrollerCharacter
[2018.07.23-22.00.33:807][  0]LogUObjectGlobals: Destroyed PersistentFrame Addr=0x000001aa6bfdc2c0, Size=288
[2018.07.23-22.00.33:807][  0]LogUObjectGlobals: Created PersistentFrame Addr=0x000001aa51c67740, Size=288, Default__2DSideScrollerCharacter_C Function /Engine/Transient.REINST_2DSideScrollerCharacter_C_3:ExecuteUbergraph_2DSideScrollerCharacter
[2018.07.23-22.00.33:815][  0]LogUObjectGlobals: Created PersistentFrame Addr=0x000001aa51c66e80, Size=288, Default__2DSideScrollerCharacter_C Function /Game/2DSideScrollerBP/Blueprints/2DSideScrollerCharacter.2DSideScrollerCharacter_C:ExecuteUbergraph_2DSideScrollerCharacter
[2018.07.23-22.00.34:384][  0]LogAIModule: Creating AISystem for world 2DSideScrollerExampleMap
[2018.07.23-22.00.34:448][  0]LogEditorServer: Finished looking for orphan Actors (0.000 secs)
[2018.07.23-22.00.34:460][  0]LogUObjectGlobals: Destroyed PersistentFrame Addr=0x000001aa51c67740, Size=288
[2018.07.23-22.00.34:460][  0]Cmd: MAP CHECKDEP NOCLEARLOG
[2018.07.23-22.00.34:521][  0]MapCheck: Map check complete: 0 Error(s), 0 Warning(s), took 60.485ms to complete.
[2018.07.23-22.00.34:521][  0]LogFileHelpers: Loading map '2DSideScrollerExampleMap' took 1.264
[2018.07.23-22.00.34:966][  0]LogCollectionManager: Loaded 0 collections in 0.001049 seconds
[2018.07.23-22.00.35:060][  0]LogFileCache: Scanning file cache for directory 'D:/UDV/Unreal Projects/TREKTHERAINBOW/VGDUNRL_TTR_ALPHA/Saved/Collections/' took 0.01s
[2018.07.23-22.00.35:060][  0]LogFileCache: Scanning file cache for directory 'D:/UDV/Unreal Projects/TREKTHERAINBOW/VGDUNRL_TTR_ALPHA/Content/Developers/Andre/Collections/' took 0.01s
[2018.07.23-22.00.35:060][  0]LogFileCache: Scanning file cache for directory 'D:/UDV/Unreal Projects/TREKTHERAINBOW/VGDUNRL_TTR_ALPHA/Content/Collections/' took 0.01s
[2018.07.23-22.00.35:060][  0]LogCollectionManager: Rebuilt the GUID cache for 0 collections in 0.000001 seconds
[2018.07.23-22.00.35:069][  0]LogContentBrowser: Native class hierarchy populated in 0.0087 seconds. Added 2452 classes and 558 folders.
[2018.07.23-22.00.35:107][  0]LogContentBrowser: Native class hierarchy updated for 'WidgetCarousel' in 0.0002 seconds. Added 0 classes and 0 folders.
[2018.07.23-22.00.36:016][  0]LogContentBrowser: Native class hierarchy updated for 'AddContentDialog' in 0.0002 seconds. Added 0 classes and 0 folders.
[2018.07.23-22.00.36:046][  0]LogContentBrowser: Native class hierarchy updated for 'SceneOutliner' in 0.0003 seconds. Added 1 classes and 2 folders.
[2018.07.23-22.00.36:741][  0]LogSlate: Took 0.000366 seconds to synchronously load lazily loaded font '../../../Engine/Content/Slate/Fonts/Roboto-Regular.ttf' (155K)
[2018.07.23-22.00.36:743][  0]LogSlate: Took 0.000221 seconds to synchronously load lazily loaded font '../../../Engine/Content/Slate/Fonts/Roboto-Bold.ttf' (160K)
[2018.07.23-22.00.36:793][  0]LogSlate: Took 0.021478 seconds to synchronously load lazily loaded font '../../../Engine/Content/Editor/Slate/Fonts/FontAwesome.ttf' (139K)
[2018.07.23-22.00.37:089][  0]LogRenderer: Reallocating scene render targets to support 928x424 Format 10 NumSamples 1 (Frame:1).
[2018.07.23-22.00.37:338][  0]LogContentBrowser: Native class hierarchy updated for 'HierarchicalLODOutliner' in 0.0003 seconds. Added 0 classes and 0 folders.
[2018.07.23-22.00.37:338][  0]LogLoad: (Engine Initialization) Total time: 16.27 seconds
[2018.07.23-22.00.37:338][  0]LogLoad: (Engine Initialization) Total Blueprint compile time: 0.00 seconds
[2018.07.23-22.00.37:732][  0]LogContentStreaming: Texture pool size now 1000 MB
[2018.07.23-22.00.38:055][  1]LogAssetRegistry: Asset discovery search completed in 10.2683 seconds
[2018.07.23-22.00.38:057][  1]LogCollectionManager: Rebuilt the object cache for 0 collections in 0.000000 seconds (found 0 objects)
[2018.07.23-22.00.38:057][  1]LogCollectionManager: Fixed up redirectors for 0 collections in 0.000059 seconds (updated 0 objects)
[2018.07.23-22.00.41:358][ 12]LogSlate: FSceneViewport::OnFocusLost() reason 0
[2018.07.23-22.00.41:445][ 14]LogRenderer: Reallocating scene render targets to support 928x428 Format 10 NumSamples 1 (Frame:4).
[2018.07.23-22.00.41:500][ 16]LogRenderer: Reallocating scene render targets to support 928x432 Format 10 NumSamples 1 (Frame:6).
[2018.07.23-22.00.41:543][ 17]LogRenderer: Reallocating scene render targets to support 928x436 Format 10 NumSamples 1 (Frame:8).
[2018.07.23-22.00.41:621][ 19]LogRenderer: Reallocating scene render targets to support 928x448 Format 10 NumSamples 1 (Frame:12).
[2018.07.23-22.00.41:662][ 20]LogRenderer: Reallocating scene render targets to support 928x464 Format 10 NumSamples 1 (Frame:14).
[2018.07.23-22.00.41:713][ 21]LogRenderer: Reallocating scene render targets to support 928x476 Format 10 NumSamples 1 (Frame:16).
[2018.07.23-22.00.41:757][ 22]LogRenderer: Reallocating scene render targets to support 928x488 Format 10 NumSamples 1 (Frame:18).
[2018.07.23-22.00.43:252][108]LogRenderer: Reallocating scene render targets to support 932x488 Format 10 NumSamples 1 (Frame:87).
[2018.07.23-22.00.43:296][109]LogRenderer: Reallocating scene render targets to support 940x488 Format 10 NumSamples 1 (Frame:89).
[2018.07.23-22.00.43:339][110]LogRenderer: Reallocating scene render targets to support 944x488 Format 10 NumSamples 1 (Frame:91).
[2018.07.23-22.00.43:379][111]LogRenderer: Reallocating scene render targets to support 952x488 Format 10 NumSamples 1 (Frame:93).
[2018.07.23-22.00.43:418][112]LogRenderer: Reallocating scene render targets to support 956x488 Format 10 NumSamples 1 (Frame:95).
[2018.07.23-22.00.43:457][113]LogRenderer: Reallocating scene render targets to support 964x488 Format 10 NumSamples 1 (Frame:97).
[2018.07.23-22.00.43:536][115]LogRenderer: Reallocating scene render targets to support 968x488 Format 10 NumSamples 1 (Frame:101).
[2018.07.23-22.00.43:613][117]LogRenderer: Reallocating scene render targets to support 972x488 Format 10 NumSamples 1 (Frame:105).
[2018.07.23-22.01.02:742][229]LogSlate: FSceneViewport::OnFocusLost() reason 0
[2018.07.23-22.01.59:797][240]LogSlate: FSceneViewport::OnFocusLost() reason 0
[2018.07.23-22.02.00:011][249]LogSlate: Took 0.030736 seconds to synchronously load lazily loaded font '../../../Engine/Content/Slate/Fonts/Roboto-Light.ttf' (167K)
[2018.07.23-22.02.00:581][249]LogContentBrowser: Native class hierarchy updated for 'BlueprintGraph' in 0.0006 seconds. Added 116 classes and 0 folders.
[2018.07.23-22.02.00:996][249]LogUObjectGlobals: Created PersistentFrame Addr=0x000001aa19040298, Size=4, Default__SKEL_PROTO_BP_AnimBlueprint_0_C Function /Engine/Transient.SKEL_PROTO_BP_AnimBlueprint_0_C:ExecuteUbergraph_PROTO_BP_AnimBlueprint_0
[2018.07.23-22.02.00:997][249]LogUObjectGlobals: Created PersistentFrame Addr=0x000001aa19040290, Size=4, Default__PROTO_BP_AnimBlueprint_0_C Function /Engine/Transient.PROTO_BP_AnimBlueprint_0_C:ExecuteUbergraph_PROTO_BP_AnimBlueprint_0
[2018.07.23-22.02.01:964][249]LogSlate: Took 0.019193 seconds to synchronously load lazily loaded font '../../../Engine/Content/Slate/Fonts/Roboto-BoldCondensed.ttf' (158K)
[2018.07.23-22.02.04:138][363]LogRenderer: Reallocating scene render targets to support 1188x696 Format 10 NumSamples 1 (Frame:1).
[2018.07.23-22.02.16:244][ 61]LogSlate: FSceneViewport::OnFocusLost() reason 0
[2018.07.23-22.02.21:021][344]LogPhysics: Warning: PopulatePhysXGeometryAndTransform(Convex): ConvexElem has invalid transform
[2018.07.23-22.02.21:021][344]LogPhysics: Warning: ForeachShape(Convex): [/Engine/BasicShapes/Cylinder.Cylinder] ScaledElem[0] invalid
[2018.07.23-22.02.21:021][344]LogPhysics: Warning: PopulatePhysXGeometryAndTransform(Convex): ConvexElem has invalid transform
[2018.07.23-22.02.21:021][344]LogPhysics: Warning: ForeachShape(Convex): [/Engine/BasicShapes/Cylinder.Cylinder] ScaledElem[0] invalid
[2018.07.23-22.02.21:022][344]LogPhysics: Warning: PopulatePhysXGeometryAndTransform(Convex): ConvexElem has invalid transform
[2018.07.23-22.02.21:022][344]LogPhysics: Warning: ForeachShape(Convex): [/Engine/BasicShapes/Cylinder.Cylinder] ScaledElem[0] invalid
[2018.07.23-22.02.21:023][344]LogPhysics: Warning: PopulatePhysXGeometryAndTransform(Convex): ConvexElem has invalid transform
[2018.07.23-22.02.21:023][344]LogPhysics: Warning: ForeachShape(Convex): [/Engine/BasicShapes/Cylinder.Cylinder] ScaledElem[0] invalid
[2018.07.23-22.02.21:023][344]LogPhysics: Warning: PopulatePhysXGeometryAndTransform(Convex): ConvexElem has invalid transform
[2018.07.23-22.02.21:023][344]LogPhysics: Warning: ForeachShape(Convex): [/Engine/BasicShapes/Cylinder.Cylinder] ScaledElem[0] invalid
[2018.07.23-22.02.21:024][344]LogPhysics: Warning: PopulatePhysXGeometryAndTransform(Convex): ConvexElem has invalid transform
[2018.07.23-22.02.21:024][344]LogPhysics: Warning: ForeachShape(Convex): [/Engine/BasicShapes/Cylinder.Cylinder] ScaledElem[0] invalid
[2018.07.23-22.02.21:024][344]LogPhysics: Warning: PopulatePhysXGeometryAndTransform(Convex): ConvexElem has invalid transform
[2018.07.23-22.02.21:024][344]LogPhysics: Warning: ForeachShape(Convex): [/Engine/BasicShapes/Cylinder.Cylinder] ScaledElem[0] invalid
[2018.07.23-22.02.21:025][344]LogPhysics: Warning: PopulatePhysXGeometryAndTransform(Convex): ConvexElem has invalid transform
[2018.07.23-22.02.21:025][344]LogPhysics: Warning: ForeachShape(Convex): [/Engine/BasicShapes/Cylinder.Cylinder] ScaledElem[0] invalid
[2018.07.23-22.02.21:025][344]LogPhysics: Warning: PopulatePhysXGeometryAndTransform(Convex): ConvexElem has invalid transform
[2018.07.23-22.02.21:026][344]LogPhysics: Warning: ForeachShape(Convex): [/Engine/BasicShapes/Cylinder.Cylinder] ScaledElem[0] invalid
[2018.07.23-22.02.21:026][344]LogPhysics: Warning: PopulatePhysXGeometryAndTransform(Convex): ConvexElem has invalid transform
[2018.07.23-22.02.21:026][344]LogPhysics: Warning: ForeachShape(Convex): [/Engine/BasicShapes/Cylinder.Cylinder] ScaledElem[0] invalid
[2018.07.23-22.02.21:028][344]LogPhysics: Warning: PopulatePhysXGeometryAndTransform(Convex): ConvexElem has invalid transform
[2018.07.23-22.02.21:028][344]LogPhysics: Warning: ForeachShape(Convex): [/Engine/BasicShapes/Cylinder.Cylinder] ScaledElem[0] invalid
[2018.07.23-22.02.21:028][344]LogPhysics: Warning: PopulatePhysXGeometryAndTransform(Convex): ConvexElem has invalid transform
[2018.07.23-22.02.21:028][344]LogPhysics: Warning: ForeachShape(Convex): [/Engine/BasicShapes/Cylinder.Cylinder] ScaledElem[0] invalid
[2018.07.23-22.02.21:030][344]LogPhysics: Warning: PopulatePhysXGeometryAndTransform(Convex): ConvexElem has invalid transform
[2018.07.23-22.02.21:030][344]LogPhysics: Warning: ForeachShape(Convex): [/Engine/BasicShapes/Cylinder.Cylinder] ScaledElem[0] invalid
[2018.07.23-22.02.21:031][344]LogPhysics: Warning: PopulatePhysXGeometryAndTransform(Convex): ConvexElem has invalid transform
[2018.07.23-22.02.21:031][344]LogPhysics: Warning: ForeachShape(Convex): [/Engine/BasicShapes/Cylinder.Cylinder] ScaledElem[0] invalid
[2018.07.23-22.02.21:031][344]LogPhysics: Warning: PopulatePhysXGeometryAndTransform(Convex): ConvexElem has invalid transform
[2018.07.23-22.02.21:032][344]LogPhysics: Warning: ForeachShape(Convex): [/Engine/BasicShapes/Cylinder.Cylinder] ScaledElem[0] invalid
[2018.07.23-22.02.21:032][344]LogPhysics: Warning: PopulatePhysXGeometryAndTransform(Convex): ConvexElem has invalid transform
[2018.07.23-22.02.21:032][344]LogPhysics: Warning: ForeachShape(Convex): [/Engine/BasicShapes/Cylinder.Cylinder] ScaledElem[0] invalid
[2018.07.23-22.02.21:033][344]LogPhysics: Warning: PopulatePhysXGeometryAndTransform(Convex): ConvexElem has invalid transform
[2018.07.23-22.02.21:033][344]LogPhysics: Warning: ForeachShape(Convex): [/Engine/BasicShapes/Cylinder.Cylinder] ScaledElem[0] invalid
[2018.07.23-22.02.21:033][344]LogPhysics: Warning: PopulatePhysXGeometryAndTransform(Convex): ConvexElem has invalid transform
[2018.07.23-22.02.21:033][344]LogPhysics: Warning: ForeachShape(Convex): [/Engine/BasicShapes/Cylinder.Cylinder] ScaledElem[0] invalid
[2018.07.23-22.02.21:047][344]LogPhysics: Warning: PopulatePhysXGeometryAndTransform(Convex): ConvexElem has invalid transform
[2018.07.23-22.02.21:047][344]LogPhysics: Warning: ForeachShape(Convex): [/Engine/BasicShapes/Cylinder.Cylinder] ScaledElem[0] invalid
[2018.07.23-22.02.21:048][344]LogPhysics: Warning: PopulatePhysXGeometryAndTransform(Convex): ConvexElem has invalid transform
[2018.07.23-22.02.21:048][344]LogPhysics: Warning: ForeachShape(Convex): [/Engine/BasicShapes/Cylinder.Cylinder] ScaledElem[0] invalid
[2018.07.23-22.02.21:049][344]LogPhysics: Warning: PopulatePhysXGeometryAndTransform(Convex): ConvexElem has invalid transform
[2018.07.23-22.02.21:049][344]LogPhysics: Warning: ForeachShape(Convex): [/Engine/BasicShapes/Cylinder.Cylinder] ScaledElem[0] invalid
[2018.07.23-22.02.57:511][517]LogSlate: FSceneViewport::OnFocusLost() reason 0
[2018.07.23-22.03.02:634][814]LogSlate: Took 0.042033 seconds to synchronously load lazily loaded font '../../../Engine/Content/Slate/Fonts/Roboto-Italic.ttf' (157K)
[2018.07.23-22.03.03:175][844]LogSlate: FSceneViewport::OnFocusLost() reason 0
[2018.07.23-22.03.14:707][525]LogSlate: FSceneViewport::OnFocusLost() reason 2
[2018.07.23-22.03.43:076][188]LogEditorViewport: Clicking on Actor (LMB): BP_Teleporter_C (BP_Teleporter)
[2018.07.23-22.03.59:442][143]LogSlate: FSceneViewport::OnFocusLost() reason 0
[2018.07.23-22.03.59:509][147]LogTemp: Repeating last play command: Selected Viewport
[2018.07.23-22.03.59:802][147]LogBlueprintUserMessages: Early PlayInEditor Detection: Level '/Game/2DSideScrollerBP/Maps/2DSideScrollerExampleMap.2DSideScrollerExampleMap:PersistentLevel' has LevelScriptBlueprint '/Game/2DSideScrollerBP/Maps/2DSideScrollerExampleMap.2DSideScrollerExampleMap:PersistentLevel.2DSideScrollerExampleMap' with GeneratedClass '/Game/2DSideScrollerBP/Maps/2DSideScrollerExampleMap.2DSideScrollerExampleMap_C' with ClassGeneratedBy '/Game/2DSideScrollerBP/Maps/2DSideScrollerExampleMap.2DSideScrollerExampleMap:PersistentLevel.2DSideScrollerExampleMap'
[2018.07.23-22.03.59:802][147]BlueprintLog: New page: Pre-Play auto-recompile
[2018.07.23-22.03.59:804][147]LogPlayLevel: [PlayLevel] Compiling BP_Teleporter before play...
[2018.07.23-22.04.00:239][147]LogPlayLevel: PlayLevel: Blueprint regeneration took 437 ms (1 blueprints)
[2018.07.23-22.04.00:299][147]PIE: New page: PIE session: 2DSideScrollerExampleMap (Jul 23, 2018, 2:04:00 PM)
[2018.07.23-22.04.00:299][147]LogPlayLevel: Creating play world package: /Game/2DSideScrollerBP/Maps/UEDPIE_0_2DSideScrollerExampleMap
[2018.07.23-22.04.00:334][147]LogPlayLevel: PIE: StaticDuplicateObject took: (0.035308s)
[2018.07.23-22.04.00:335][147]LogAIModule: Creating AISystem for world 2DSideScrollerExampleMap
[2018.07.23-22.04.00:335][147]LogPlayLevel: PIE: World Init took: (0.000627s)
[2018.07.23-22.04.00:335][147]LogPlayLevel: PIE: Created PIE world by copying editor world from /Game/2DSideScrollerBP/Maps/2DSideScrollerExampleMap.2DSideScrollerExampleMap to /Game/2DSideScrollerBP/Maps/UEDPIE_0_2DSideScrollerExampleMap.2DSideScrollerExampleMap (0.036066s)
[2018.07.23-22.04.00:363][147]LogInit: XAudio2 using 'Speakers / Headphones (Realtek Audio)' : 6 channels at 48 kHz using 32 bits per sample (channel mask 0x3f)
[2018.07.23-22.04.00:444][147]LogInit: FAudioDevice initialized.
[2018.07.23-22.04.00:515][147]LogLoad: Game class is '2DSideScrollerGameMode_C'
[2018.07.23-22.04.00:539][147]LogWorld: Bringing World /Game/2DSideScrollerBP/Maps/UEDPIE_0_2DSideScrollerExampleMap.2DSideScrollerExampleMap up for play (max tick rate 60) at 2018.07.23-18.04.00
[2018.07.23-22.04.00:540][147]LogWorld: Bringing up level for play took: 0.013640
[2018.07.23-22.04.00:584][147]LogContentBrowser: Native class hierarchy updated for 'MovieSceneCapture' in 0.0003 seconds. Added 11 classes and 0 folders.
[2018.07.23-22.04.00:584][147]PIE: Play in editor start time for /Game/2DSideScrollerBP/Maps/UEDPIE_0_2DSideScrollerExampleMap -0.008
[2018.07.23-22.04.00:585][147]LogBlueprintUserMessages: Late PlayInEditor Detection: Level '/Game/2DSideScrollerBP/Maps/2DSideScrollerExampleMap.2DSideScrollerExampleMap:PersistentLevel' has LevelScriptBlueprint '/Game/2DSideScrollerBP/Maps/2DSideScrollerExampleMap.2DSideScrollerExampleMap:PersistentLevel.2DSideScrollerExampleMap' with GeneratedClass '/Game/2DSideScrollerBP/Maps/2DSideScrollerExampleMap.2DSideScrollerExampleMap_C' with ClassGeneratedBy '/Game/2DSideScrollerBP/Maps/2DSideScrollerExampleMap.2DSideScrollerExampleMap:PersistentLevel.2DSideScrollerExampleMap'
[2018.07.23-22.04.22:117][427]LogBlueprintUserMessages: Early EndPlayMap Detection: Level '/Game/2DSideScrollerBP/Maps/2DSideScrollerExampleMap.2DSideScrollerExampleMap:PersistentLevel' has LevelScriptBlueprint '/Game/2DSideScrollerBP/Maps/2DSideScrollerExampleMap.2DSideScrollerExampleMap:PersistentLevel.2DSideScrollerExampleMap' with GeneratedClass '/Game/2DSideScrollerBP/Maps/2DSideScrollerExampleMap.2DSideScrollerExampleMap_C' with ClassGeneratedBy '/Game/2DSideScrollerBP/Maps/2DSideScrollerExampleMap.2DSideScrollerExampleMap:PersistentLevel.2DSideScrollerExampleMap'
[2018.07.23-22.04.22:148][427]LogBlueprintUserMessages: Late EndPlayMap Detection: Level '/Game/2DSideScrollerBP/Maps/2DSideScrollerExampleMap.2DSideScrollerExampleMap:PersistentLevel' has LevelScriptBlueprint '/Game/2DSideScrollerBP/Maps/2DSideScrollerExampleMap.2DSideScrollerExampleMap:PersistentLevel.2DSideScrollerExampleMap' with GeneratedClass '/Game/2DSideScrollerBP/Maps/2DSideScrollerExampleMap.2DSideScrollerExampleMap_C' with ClassGeneratedBy '/Game/2DSideScrollerBP/Maps/2DSideScrollerExampleMap.2DSideScrollerExampleMap:PersistentLevel.2DSideScrollerExampleMap'
[2018.07.23-22.04.26:527][686]LogSlate: FSceneViewport::OnFocusLost() reason 0
[2018.07.23-22.05.07:683][568]LogSlate: FSceneViewport::OnFocusLost() reason 0
[2018.07.23-22.05.13:785][906]BlueprintLog: New page: Compile BP_Teleporter
[2018.07.23-22.05.14:804][924]LogSavePackage: Save=61.54ms
[2018.07.23-22.05.14:804][924]LogSavePackage: Moving '../../../../../UDV/Unreal Projects/TREKTHERAINBOW/VGDUNRL_TTR_ALPHA/Saved/BP_Teleporter8A6E32B14A68ACFC71DADEB7F8CDCBEE.tmp' to '../../../../../UDV/Unreal Projects/TREKTHERAINBOW/VGDUNRL_TTR_ALPHA/Content/2DSideScrollerBP/Blueprints/BP_Teleporter.uasset'
[2018.07.23-22.05.14:821][924]LogSavePackage: Display: Finished SavePackage ../../../../../UDV/Unreal Projects/TREKTHERAINBOW/VGDUNRL_TTR_ALPHA/Content/2DSideScrollerBP/Blueprints/BP_Teleporter.uasset
[2018.07.23-22.05.29:237][292]LogSlate: FSceneViewport::OnFocusLost() reason 0
[2018.07.23-22.06.00:296][901]LogUObjectGlobals: Created PersistentFrame Addr=0x000001aa99750d48, Size=4, Default__SKEL_2DSideScrollerExampleMap_C Function /Game/2DSideScrollerBP/Maps/2DSideScrollerExampleMap.SKEL_2DSideScrollerExampleMap_C:ExecuteUbergraph_2DSideScrollerExampleMap
[2018.07.23-22.08.43:696][660]LogUObjectGlobals: Destroyed PersistentFrame Addr=0x000001aa99750d48, Size=4
[2018.07.23-22.08.43:696][660]LogUObjectGlobals: Created PersistentFrame Addr=0x000001aa936f2178, Size=4, Default__SKEL_2DSideScrollerExampleMap_C Function /Engine/Transient.REINST_SKEL_2DSideScrollerExampleMap_C_31:ExecuteUbergraph_2DSideScrollerExampleMap
[2018.07.23-22.08.43:697][660]LogUObjectGlobals: Created PersistentFrame Addr=0x000001aa936f2140, Size=4, Default__SKEL_2DSideScrollerExampleMap_C Function /Game/2DSideScrollerBP/Maps/2DSideScrollerExampleMap.SKEL_2DSideScrollerExampleMap_C:ExecuteUbergraph_2DSideScrollerExampleMap
[2018.07.23-22.08.48:467][942]LogSelectionDetails: Warning: NavigateToFunctionSource:  Unable to find symbols for 'AActor::K2_TeleportTo' [Element not found.]
[2018.07.23-22.09.14:740][323]LogUObjectGlobals: Destroyed PersistentFrame Addr=0x000001aa936f2140, Size=4
[2018.07.23-22.09.14:740][323]LogUObjectGlobals: Created PersistentFrame Addr=0x000001aa996a68e8, Size=4, Default__SKEL_2DSideScrollerExampleMap_C Function /Engine/Transient.REINST_SKEL_2DSideScrollerExampleMap_C_33:ExecuteUbergraph_2DSideScrollerExampleMap
[2018.07.23-22.09.14:740][323]LogUObjectGlobals: Created PersistentFrame Addr=0x000001aa996a7110, Size=4, Default__SKEL_2DSideScrollerExampleMap_C Function /Game/2DSideScrollerBP/Maps/2DSideScrollerExampleMap.SKEL_2DSideScrollerExampleMap_C:ExecuteUbergraph_2DSideScrollerExampleMap
[2018.07.23-22.09.18:320][519]LogBlueprint: Warning: [Compiler ] Pasted node  CustomEvent   conflicted with  OnActorBeginOverlap (BP_Teleporter2)  and was replaced as a Custom Event!
[2018.07.23-22.09.18:328][519]LogUObjectGlobals: Destroyed PersistentFrame Addr=0x000001aa996a7110, Size=4
[2018.07.23-22.09.18:328][519]LogUObjectGlobals: Created PersistentFrame Addr=0x000001aa936f30b8, Size=4, Default__SKEL_2DSideScrollerExampleMap_C Function /Engine/Transient.REINST_SKEL_2DSideScrollerExampleMap_C_35:ExecuteUbergraph_2DSideScrollerExampleMap
[2018.07.23-22.09.18:329][519]LogUObjectGlobals: Created PersistentFrame Addr=0x000001aa936f34c0, Size=4, Default__SKEL_2DSideScrollerExampleMap_C Function /Game/2DSideScrollerBP/Maps/2DSideScrollerExampleMap.SKEL_2DSideScrollerExampleMap_C:ExecuteUbergraph_2DSideScrollerExampleMap
[2018.07.23-22.09.22:205][747]LogUObjectGlobals: Destroyed PersistentFrame Addr=0x000001aa936f34c0, Size=4
[2018.07.23-22.09.22:205][747]LogUObjectGlobals: Created PersistentFrame Addr=0x000001aa92958d50, Size=4, Default__SKEL_2DSideScrollerExampleMap_C Function /Engine/Transient.REINST_SKEL_2DSideScrollerExampleMap_C_37:ExecuteUbergraph_2DSideScrollerExampleMap
[2018.07.23-22.09.22:206][747]LogUObjectGlobals: Created PersistentFrame Addr=0x000001aa92958d70, Size=4, Default__SKEL_2DSideScrollerExampleMap_C Function /Game/2DSideScrollerBP/Maps/2DSideScrollerExampleMap.SKEL_2DSideScrollerExampleMap_C:ExecuteUbergraph_2DSideScrollerExampleMap
[2018.07.23-22.11.57:736][825]LogUObjectGlobals: Destroyed PersistentFrame Addr=0x000001aa92958d50, Size=4
[2018.07.23-22.11.57:736][825]LogUObjectGlobals: Destroyed PersistentFrame Addr=0x000001aa936f30b8, Size=4
[2018.07.23-22.11.57:736][825]LogUObjectGlobals: Destroyed PersistentFrame Addr=0x000001aa996a68e8, Size=4
[2018.07.23-22.11.57:736][825]LogUObjectGlobals: Destroyed PersistentFrame Addr=0x000001aa936f2178, Size=4
[2018.07.23-22.11.58:049][825]LogUObjectGlobals: Destroyed PersistentFrame Addr=0x000001aa92958d70, Size=4
[2018.07.23-22.11.58:049][825]LogUObjectGlobals: Created PersistentFrame Addr=0x000001aa90ab5148, Size=4, Default__SKEL_2DSideScrollerExampleMap_C Function /Engine/Transient.REINST_SKEL_2DSideScrollerExampleMap_C_43:ExecuteUbergraph_2DSideScrollerExampleMap
[2018.07.23-22.11.58:051][825]LogUObjectGlobals: Created PersistentFrame Addr=0x000001aa0a4922c0, Size=24, Default__2DSideScrollerExampleMap_C Function /Game/2DSideScrollerBP/Maps/2DSideScrollerExampleMap.2DSideScrollerExampleMap_C:ExecuteUbergraph_2DSideScrollerExampleMap
[2018.07.23-22.11.58:175][825]LogSavePackage: Save=127.35ms
[2018.07.23-22.11.58:175][825]LogSavePackage: Moving '../../../../../UDV/Unreal Projects/TREKTHERAINBOW/VGDUNRL_TTR_ALPHA/Saved/2DSideScrollerExampleMap_Auto125C5978540EBFD7DE568EE909D7A0806.tmp' to '../../../../../UDV/Unreal Projects/TREKTHERAINBOW/VGDUNRL_TTR_ALPHA/Saved/Autosaves/Game/2DSideScrollerBP/Maps/2DSideScrollerExampleMap_Auto1.umap'
[2018.07.23-22.11.58:177][825]LogSavePackage: Display: Finished SavePackage ../../../../../UDV/Unreal Projects/TREKTHERAINBOW/VGDUNRL_TTR_ALPHA/Saved/Autosaves/Game/2DSideScrollerBP/Maps/2DSideScrollerExampleMap_Auto1.umap
[2018.07.23-22.11.58:182][825]LogFileHelpers: Editor autosave (incl. sublevels) for '/Game/2DSideScrollerBP/Maps/2DSideScrollerExampleMap' took 0.467
[2018.07.23-22.11.58:182][825]LogFileHelpers: Editor autosave (incl. sublevels) for all levels took 0.467
[2018.07.23-22.11.58:184][825]OBJ SavePackage: Generating thumbnails for [1] asset(s) in package [/Game/2DSideScrollerBP/Blueprints/BP_Teleporter] ([1] browsable assets)...
[2018.07.23-22.11.58:200][825]OBJ SavePackage:     Rendered thumbnail for [Blueprint /Game/2DSideScrollerBP/Blueprints/BP_Teleporter.BP_Teleporter]
[2018.07.23-22.11.58:200][825]OBJ SavePackage: Finished generating thumbnails for package [/Game/2DSideScrollerBP/Blueprints/BP_Teleporter]
[2018.07.23-22.11.58:233][825]LogSavePackage: Save=24.79ms
[2018.07.23-22.11.58:233][825]LogSavePackage: Moving '../../../../../UDV/Unreal Projects/TREKTHERAINBOW/VGDUNRL_TTR_ALPHA/Saved/BP_Teleporter_Auto1B94AE34047571EB1BABFA0960F2C1C7B.tmp' to '../../../../../UDV/Unreal Projects/TREKTHERAINBOW/VGDUNRL_TTR_ALPHA/Saved/Autosaves/Game/2DSideScrollerBP/Blueprints/BP_Teleporter_Auto1.uasset'
[2018.07.23-22.11.58:234][825]LogSavePackage: Display: Finished SavePackage ../../../../../UDV/Unreal Projects/TREKTHERAINBOW/VGDUNRL_TTR_ALPHA/Saved/Autosaves/Game/2DSideScrollerBP/Blueprints/BP_Teleporter_Auto1.uasset
[2018.07.23-22.11.58:234][825]LogFileHelpers: Auto-saving content packages took 0.051
[2018.07.23-22.14.29:964][651]LogUObjectGlobals: Created PersistentFrame Addr=0x000001aa9e681968, Size=4, Default__SKEL_BP_Teleporter_C Function /Game/2DSideScrollerBP/Blueprints/BP_Teleporter.SKEL_BP_Teleporter_C:ExecuteUbergraph_BP_Teleporter
[2018.07.23-22.14.56:473][174]ImportText (TagQueryExportText_Helper): Missing opening parenthesis: 
[2018.07.23-22.16.40:118][854]ImportText (TagQueryExportText_Helper): Missing opening parenthesis: 
[2018.07.23-22.19.16:982][230]ImportText (TagQueryExportText_Helper): Missing opening parenthesis: 
[2018.07.23-22.19.42:025][707]LogUProjectInfo: Found projects:
[2018.07.23-22.19.50:912][239]Cmd: CLOSE_SLATE_MAINFRAME
[2018.07.23-22.19.50:934][239]LogUObjectGlobals: Destroyed PersistentFrame Addr=0x000001aa90ab5148, Size=4
[2018.07.23-22.19.54:508][239]LogSlate: Window 'Save Content' being destroyed
[2018.07.23-22.19.54:612][239]LogSavePackage: Save=21.12ms
[2018.07.23-22.19.54:612][239]LogSavePackage: Moving '../../../../../UDV/Unreal Projects/TREKTHERAINBOW/VGDUNRL_TTR_ALPHA/Saved/BP_Teleporter79D991F64DEB96650260629078EB2948.tmp' to '../../../../../UDV/Unreal Projects/TREKTHERAINBOW/VGDUNRL_TTR_ALPHA/Content/2DSideScrollerBP/Blueprints/BP_Teleporter.uasset'
[2018.07.23-22.19.54:618][239]LogSavePackage: Display: Finished SavePackage ../../../../../UDV/Unreal Projects/TREKTHERAINBOW/VGDUNRL_TTR_ALPHA/Content/2DSideScrollerBP/Blueprints/BP_Teleporter.uasset
[2018.07.23-22.19.54:721][239]LogUObjectGlobals: Destroyed PersistentFrame Addr=0x000001aa0a4922c0, Size=24
[2018.07.23-22.19.54:721][239]LogUObjectGlobals: Created PersistentFrame Addr=0x000001aaa29d6920, Size=24, Default__2DSideScrollerExampleMap_C Function /Engine/Transient.REINST_2DSideScrollerExampleMap_C_51:ExecuteUbergraph_2DSideScrollerExampleMap
[2018.07.23-22.19.54:722][239]LogUObjectGlobals: Created PersistentFrame Addr=0x000001aaa29d7d18, Size=24, Default__2DSideScrollerExampleMap_C Function /Game/2DSideScrollerBP/Maps/2DSideScrollerExampleMap.2DSideScrollerExampleMap_C:ExecuteUbergraph_2DSideScrollerExampleMap
[2018.07.23-22.19.54:835][239]LogSavePackage: Save=117.22ms
[2018.07.23-22.19.54:835][239]LogSavePackage: Moving '../../../../../UDV/Unreal Projects/TREKTHERAINBOW/VGDUNRL_TTR_ALPHA/Saved/2DSideScrollerExampleMap57190A944179816921D567AC6ABF2D24.tmp' to '../../../../../UDV/Unreal Projects/TREKTHERAINBOW/VGDUNRL_TTR_ALPHA/Content/2DSideScrollerBP/Maps/2DSideScrollerExampleMap.umap'
[2018.07.23-22.19.54:839][239]LogSavePackage: Display: Finished SavePackage ../../../../../UDV/Unreal Projects/TREKTHERAINBOW/VGDUNRL_TTR_ALPHA/Content/2DSideScrollerBP/Maps/2DSideScrollerExampleMap.umap
[2018.07.23-22.19.54:868][239]LogFileHelpers: Saving map '2DSideScrollerExampleMap' took 0.245
[2018.07.23-22.19.55:064][239]LogSlate: Window '2DSideScrollerExampleMap - Level Blueprint Editor' being destroyed
[2018.07.23-22.19.55:092][239]LogSlate: Window 'Open Project' being destroyed
[2018.07.23-22.19.55:095][239]LogSlate: Window 'VGDUNRL_TTR_ALPHA - Unreal Editor' being destroyed
[2018.07.23-22.19.55:095][239]LogWindowsTextInputMethodSystem: Display: IME system now deactivated.
[2018.07.23-22.19.55:315][240]Cmd: QUIT_EDITOR
[2018.07.23-22.19.55:742][240]LogSlate: Slate User Destroyed.  User Index 0, Is Virtual User: 0
[2018.07.23-22.19.55:742][240]LogExit: Preparing to exit.
[2018.07.23-22.19.56:273][240]LogDirectoryWatcher: A directory notification failed for 'D:/UDV/Unreal Projects/TREKTHERAINBOW/VGDUNRL_TTR_ALPHA/Content/', and we were unable to create a new request.
[2018.07.23-22.19.56:305][240]LogExit: Editor shut down
[2018.07.23-22.19.56:309][240]LogExit: Transaction tracking system shut down
[2018.07.23-22.19.56:311][240]LogUObjectGlobals: Destroyed PersistentFrame Addr=0x000001aa51c66e80, Size=288
[2018.07.23-22.19.56:312][240]LogUObjectGlobals: Destroyed PersistentFrame Addr=0x000001aaa29d7d18, Size=24
[2018.07.23-22.19.56:314][240]LogUObjectGlobals: Destroyed PersistentFrame Addr=0x000001aa19040298, Size=4
[2018.07.23-22.19.56:314][240]LogUObjectGlobals: Destroyed PersistentFrame Addr=0x000001aa19040290, Size=4
[2018.07.23-22.19.56:315][240]LogUObjectGlobals: Destroyed PersistentFrame Addr=0x000001aa9e681968, Size=4
[2018.07.23-22.19.56:316][240]LogUObjectGlobals: Destroyed PersistentFrame Addr=0x000001aaa29d6920, Size=24
[2018.07.23-22.19.56:410][240]LogDirectoryWatcher: A directory notification for '../../../Engine/Content/' was aborted.
[2018.07.23-22.19.56:410][240]LogDirectoryWatcher: A directory notification for '../../../../../UDV/Unreal Projects/TREKTHERAINBOW/VGDUNRL_TTR_ALPHA/Content/' was aborted.
[2018.07.23-22.19.56:410][240]LogDirectoryWatcher: A directory notification for '../../Plugins/2D/Paper2D/Content/' was aborted.
[2018.07.23-22.19.56:410][240]LogDirectoryWatcher: A directory notification for '../../Plugins/Enterprise/DatasmithContent/Content/' was aborted.
[2018.07.23-22.19.56:410][240]LogDirectoryWatcher: A directory notification for '../../Plugins/Media/MediaCompositing/Content/' was aborted.
[2018.07.23-22.19.56:410][240]LogDirectoryWatcher: A directory notification for '../../Plugins/Runtime/AppleARKit/Content/' was aborted.
[2018.07.23-22.19.56:410][240]LogDirectoryWatcher: A directory notification for '../../Plugins/Runtime/Oculus/OculusVR/Content/' was aborted.
[2018.07.23-22.19.56:410][240]LogDirectoryWatcher: A directory notification for '../../Plugins/Runtime/Steam/SteamVR/Content/' was aborted.
[2018.07.23-22.19.56:496][240]LogExit: Object subsystem successfully closed.
[2018.07.23-22.19.56:512][240]LogShaderCompilers: Display: Shaders left to compile 0
[2018.07.23-22.19.56:516][240]LogD3D11RHI: Shutdown
[2018.07.23-22.19.56:516][240]LogD3D11RHI: CleanupD3DDevice
[2018.07.23-22.19.56:518][240]LogD3D11RHI: ~FD3D11DynamicRHI
[2018.07.23-22.19.56:527][240]LogModuleManager: Shutting down and abandoning module MovieSceneCapture (578)
[2018.07.23-22.19.56:527][240]LogModuleManager: Shutting down and abandoning module BlueprintGraph (576)
[2018.07.23-22.19.56:527][240]LogModuleManager: Shutting down and abandoning module HierarchicalLODOutliner (574)
[2018.07.23-22.19.56:527][240]LogModuleManager: Shutting down and abandoning module SceneOutliner (572)
[2018.07.23-22.19.56:527][240]LogModuleManager: Shutting down and abandoning module AddContentDialog (570)
[2018.07.23-22.19.56:533][240]LogDirectoryWatcher: A directory notification for 'D:/Program Files (x86)/UE_4.19/FeaturePacks/' was aborted.
[2018.07.23-22.19.56:534][240]LogModuleManager: Shutting down and abandoning module WidgetCarousel (569)
[2018.07.23-22.19.56:534][240]LogModuleManager: Shutting down and abandoning module EditorWidgets (566)
[2018.07.23-22.19.56:534][240]LogModuleManager: Shutting down and abandoning module CollectionManager (564)
[2018.07.23-22.19.56:534][240]LogDirectoryWatcher: A directory notification for 'D:/UDV/Unreal Projects/TREKTHERAINBOW/VGDUNRL_TTR_ALPHA/Content/Collections/' was aborted.
[2018.07.23-22.19.56:534][240]LogDirectoryWatcher: A directory notification for 'D:/UDV/Unreal Projects/TREKTHERAINBOW/VGDUNRL_TTR_ALPHA/Content/Developers/Andre/Collections/' was aborted.
[2018.07.23-22.19.56:534][240]LogDirectoryWatcher: A directory notification for 'D:/UDV/Unreal Projects/TREKTHERAINBOW/VGDUNRL_TTR_ALPHA/Saved/Collections/' was aborted.
[2018.07.23-22.19.56:535][240]LogModuleManager: Shutting down and abandoning module StatsViewer (562)
[2018.07.23-22.19.56:535][240]LogModuleManager: Shutting down and abandoning module FoliageEdit (560)
[2018.07.23-22.19.56:535][240]LogModuleManager: Shutting down and abandoning module LandscapeEditor (558)
[2018.07.23-22.19.56:535][240]LogModuleManager: Shutting down and abandoning module MeshPaintMode (556)
[2018.07.23-22.19.56:535][240]LogModuleManager: Shutting down and abandoning module SceneDepthPickerMode (554)
[2018.07.23-22.19.56:535][240]LogModuleManager: Shutting down and abandoning module ActorPickerMode (552)
[2018.07.23-22.19.56:535][240]LogModuleManager: Shutting down and abandoning module GeometryMode (550)
[2018.07.23-22.19.56:535][240]LogModuleManager: Shutting down and abandoning module TextureAlignMode (548)
[2018.07.23-22.19.56:535][240]LogModuleManager: Shutting down and abandoning module BspMode (546)
[2018.07.23-22.19.56:535][240]LogModuleManager: Shutting down and abandoning module PIEPreviewDeviceProfileSelector (544)
[2018.07.23-22.19.56:535][240]LogModuleManager: Shutting down and abandoning module HardwareSurvey (542)
[2018.07.23-22.19.56:535][240]LogModuleManager: Shutting down and abandoning module SequenceRecorderSections (540)
[2018.07.23-22.19.56:535][240]LogModuleManager: Shutting down and abandoning module AutomationWorker (538)
[2018.07.23-22.19.56:535][240]LogModuleManager: Shutting down and abandoning module AudioCaptureEditor (536)
[2018.07.23-22.19.56:535][240]LogModuleManager: Shutting down and abandoning module SequenceRecorder (535)
[2018.07.23-22.19.56:535][240]LogModuleManager: Shutting down and abandoning module MatineeToLevelSequence (532)
[2018.07.23-22.19.56:535][240]LogModuleManager: Shutting down and abandoning module LevelSequenceEditor (530)
[2018.07.23-22.19.56:535][240]LogModuleManager: Shutting down and abandoning module PlacementMode (529)
[2018.07.23-22.19.56:535][240]LogModuleManager: Shutting down and abandoning module MaterialEditor (528)
[2018.07.23-22.19.56:535][240]LogModuleManager: Shutting down and abandoning module WmfMediaFactory (524)
[2018.07.23-22.19.56:535][240]LogModuleManager: Shutting down and abandoning module WmfMediaEditor (522)
[2018.07.23-22.19.56:535][240]LogModuleManager: Shutting down and abandoning module MediaPlayerEditor (520)
[2018.07.23-22.19.56:535][240]LogModuleManager: Shutting down and abandoning module OpenExrWrapper (518)
[2018.07.23-22.19.56:535][240]LogModuleManager: Shutting down and abandoning module ImgMediaFactory (516)
[2018.07.23-22.19.56:535][240]LogModuleManager: Shutting down and abandoning module ImgMediaEditor (514)
[2018.07.23-22.19.56:535][240]LogModuleManager: Shutting down and abandoning module AvfMediaFactory (512)
[2018.07.23-22.19.56:535][240]LogModuleManager: Shutting down and abandoning module AvfMediaEditor (510)
[2018.07.23-22.19.56:535][240]LogModuleManager: Shutting down and abandoning module AndroidMediaFactory (508)
[2018.07.23-22.19.56:535][240]LogModuleManager: Shutting down and abandoning module AndroidMediaEditor (506)
[2018.07.23-22.19.56:535][240]LogModuleManager: Shutting down and abandoning module CharacterAI (504)
[2018.07.23-22.19.56:535][240]LogModuleManager: Shutting down and abandoning module SmartSnapping (502)
[2018.07.23-22.19.56:535][240]LogModuleManager: Shutting down and abandoning module SessionServices (500)
[2018.07.23-22.19.56:535][240]LogModuleManager: Shutting down and abandoning module ViewportSnapping (498)
[2018.07.23-22.19.56:536][240]LogModuleManager: Shutting down and abandoning module ViewportInteraction (496)
[2018.07.23-22.19.56:536][240]LogModuleManager: Shutting down and abandoning module ClothPainter (494)
[2018.07.23-22.19.56:536][240]LogModuleManager: Shutting down and abandoning module SkeletalMeshEditor (493)
[2018.07.23-22.19.56:536][240]LogModuleManager: Shutting down and abandoning module LogVisualizer (490)
[2018.07.23-22.19.56:536][240]LogModuleManager: Shutting down and abandoning module IntroTutorials (488)
[2018.07.23-22.19.56:536][240]LogModuleManager: Shutting down and abandoning module GameProjectGeneration (487)
[2018.07.23-22.19.56:536][240]LogModuleManager: Shutting down and abandoning module IOSPlatformEditor (484)
[2018.07.23-22.19.56:536][240]LogModuleManager: Shutting down and abandoning module HTML5PlatformEditor (482)
[2018.07.23-22.19.56:536][240]LogModuleManager: Shutting down and abandoning module AndroidPlatformEditor (480)
[2018.07.23-22.19.56:536][240]LogModuleManager: Shutting down and abandoning module AndroidDeviceDetection (479)
[2018.07.23-22.19.57:223][240]LogModuleManager: Shutting down and abandoning module WindowsPlatformEditor (476)
[2018.07.23-22.19.57:223][240]LogModuleManager: Shutting down and abandoning module IOSRuntimeSettings (474)
[2018.07.23-22.19.57:223][240]LogModuleManager: Shutting down and abandoning module AndroidRuntimeSettings (472)
[2018.07.23-22.19.57:223][240]LogModuleManager: Shutting down and abandoning module InputBindingEditor (470)
[2018.07.23-22.19.57:223][240]LogModuleManager: Shutting down and abandoning module MergeActors (468)
[2018.07.23-22.19.57:223][240]LogModuleManager: Shutting down and abandoning module LocalizationDashboard (466)
[2018.07.23-22.19.57:223][240]LogModuleManager: Shutting down and abandoning module LocalizationService (465)
[2018.07.23-22.19.57:223][240]LogModuleManager: Shutting down and abandoning module HardwareTargeting (462)
[2018.07.23-22.19.57:223][240]LogModuleManager: Shutting down and abandoning module DeviceProfileEditor (460)
[2018.07.23-22.19.57:223][240]LogModuleManager: Shutting down and abandoning module UndoHistory (458)
[2018.07.23-22.19.57:223][240]LogModuleManager: Shutting down and abandoning module XmlParser (456)
[2018.07.23-22.19.57:223][240]LogModuleManager: Shutting down and abandoning module Blutility (454)
[2018.07.23-22.19.57:223][240]LogModuleManager: Shutting down and abandoning module ProjectSettingsViewer (452)
[2018.07.23-22.19.57:223][240]LogModuleManager: Shutting down and abandoning module ProjectTargetPlatformEditor (451)
[2018.07.23-22.19.57:224][240]LogModuleManager: Shutting down and abandoning module EditorSettingsViewer (448)
[2018.07.23-22.19.57:224][240]LogModuleManager: Shutting down and abandoning module SettingsEditor (446)
[2018.07.23-22.19.57:224][240]LogModuleManager: Shutting down and abandoning module ProjectLauncher (444)
[2018.07.23-22.19.57:224][240]LogModuleManager: Shutting down and abandoning module SessionFrontend (442)
[2018.07.23-22.19.57:224][240]LogModuleManager: Shutting down and abandoning module ProfilerClient (440)
[2018.07.23-22.19.57:224][240]LogModuleManager: Shutting down and abandoning module DeviceManager (438)
[2018.07.23-22.19.57:224][240]LogModuleManager: Shutting down and abandoning module TargetDeviceServices (437)
[2018.07.23-22.19.57:279][240]LogModuleManager: Shutting down and abandoning module AutomationController (434)
[2018.07.23-22.19.57:279][240]LogModuleManager: Shutting down and abandoning module AutomationWindow (432)
[2018.07.23-22.19.57:279][240]LogModuleManager: Shutting down and abandoning module Layers (430)
[2018.07.23-22.19.57:279][240]LogModuleManager: Shutting down and abandoning module ComponentVisualizers (428)
[2018.07.23-22.19.57:279][240]LogModuleManager: Shutting down and abandoning module DetailCustomizations (426)
[2018.07.23-22.19.57:279][240]LogModuleManager: Shutting down and abandoning module PackagesDialog (424)
[2018.07.23-22.19.57:279][240]LogModuleManager: Shutting down and abandoning module Persona (422)
[2018.07.23-22.19.57:279][240]LogModuleManager: Shutting down and abandoning module AdvancedPreviewScene (421)
[2018.07.23-22.19.57:279][240]LogModuleManager: Shutting down and abandoning module AnimGraph (419)
[2018.07.23-22.19.57:279][240]LogModuleManager: Shutting down and abandoning module Kismet (416)
[2018.07.23-22.19.57:286][240]LogModuleManager: Shutting down and abandoning module GraphEditor (414)
[2018.07.23-22.19.57:286][240]LogModuleManager: Shutting down and abandoning module ClassViewer (412)
[2018.07.23-22.19.57:288][240]LogModuleManager: Shutting down and abandoning module Toolbox (410)
[2018.07.23-22.19.57:288][240]LogModuleManager: Shutting down and abandoning module ModuleUI (408)
[2018.07.23-22.19.57:288][240]LogModuleManager: Shutting down and abandoning module MovieSceneTools (406)
[2018.07.23-22.19.57:288][240]LogModuleManager: Shutting down and abandoning module OutputLog (404)
[2018.07.23-22.19.57:288][240]LogModuleManager: Shutting down and abandoning module GammaUI (402)
[2018.07.23-22.19.57:288][240]LogModuleManager: Shutting down and abandoning module Documentation (400)
[2018.07.23-22.19.57:288][240]LogModuleManager: Shutting down and abandoning module MovieSceneTracks (398)
[2018.07.23-22.19.57:289][240]LogModuleManager: Shutting down and abandoning module MovieScene (396)
[2018.07.23-22.19.57:289][240]LogModuleManager: Shutting down and abandoning module StreamingPauseRendering (394)
[2018.07.23-22.19.57:289][240]LogModuleManager: Shutting down and abandoning module LauncherPlatform (392)
[2018.07.23-22.19.57:289][240]LogModuleManager: Shutting down and abandoning module AnalyticsET (390)
[2018.07.23-22.19.57:289][240]LogModuleManager: Shutting down and abandoning module PortalServices (388)
[2018.07.23-22.19.57:289][240]LogModuleManager: Shutting down and abandoning module PortalRpc (386)
[2018.07.23-22.19.57:289][240]LogModuleManager: Shutting down and abandoning module MessagingRpc (384)
[2018.07.23-22.19.57:289][240]LogModuleManager: Shutting down and abandoning module AIModule (382)
[2018.07.23-22.19.57:289][240]LogModuleManager: Shutting down and abandoning module GameplayDebugger (381)
[2018.07.23-22.19.57:289][240]LogModuleManager: Shutting down and abandoning module AITestSuite (379)
[2018.07.23-22.19.57:289][240]LogModuleManager: Shutting down and abandoning module DesktopPlatform (376)
[2018.07.23-22.19.57:289][240]LogModuleManager: Shutting down and abandoning module ProfilerService (374)
[2018.07.23-22.19.57:326][240]LogModuleManager: Shutting down and abandoning module TaskGraph (372)
[2018.07.23-22.19.57:326][240]LogModuleManager: Shutting down and abandoning module SteamVRController (370)
[2018.07.23-22.19.57:326][240]LogModuleManager: Shutting down and abandoning module ProceduralMeshComponentEditor (368)
[2018.07.23-22.19.57:326][240]LogModuleManager: Shutting down and abandoning module ProceduralMeshComponent (366)
[2018.07.23-22.19.57:326][240]LogModuleManager: Shutting down and abandoning module OculusInput (364)
[2018.07.23-22.19.57:326][240]LogModuleManager: Shutting down and abandoning module MobilePatchingUtils (362)
[2018.07.23-22.19.57:326][240]LogModuleManager: Shutting down and abandoning module CustomMeshComponent (360)
[2018.07.23-22.19.57:326][240]LogModuleManager: Shutting down and abandoning module CableComponent (358)
[2018.07.23-22.19.57:326][240]LogModuleManager: Shutting down and abandoning module AudioCapture (356)
[2018.07.23-22.19.57:326][240]LogModuleManager: Shutting down and abandoning module ArchVisCharacter (354)
[2018.07.23-22.19.57:326][240]LogModuleManager: Shutting down and abandoning module AndroidPermission (352)
[2018.07.23-22.19.57:326][240]LogModuleManager: Shutting down and abandoning module NUTUnrealEngine4 (348)
[2018.07.23-22.19.57:326][240]LogModuleManager: Shutting down and abandoning module NetcodeUnitTest (346)
[2018.07.23-22.19.57:326][240]LogModuleManager: Shutting down and abandoning module MediaCompositingEditor (344)
[2018.07.23-22.19.57:326][240]LogModuleManager: Shutting down and abandoning module MediaCompositing (342)
[2018.07.23-22.19.57:326][240]LogModuleManager: Shutting down and abandoning module LinearTimecode (340)
[2018.07.23-22.19.57:326][240]LogModuleManager: Shutting down and abandoning module ImgMedia (338)
[2018.07.23-22.19.57:331][240]LogModuleManager: Shutting down and abandoning module HTML5Networking (336)
[2018.07.23-22.19.57:331][240]LogModuleManager: Shutting down and abandoning module AlembicImporter (334)
[2018.07.23-22.19.57:331][240]LogModuleManager: Shutting down and abandoning module AlembicLibrary (333)
[2018.07.23-22.19.57:331][240]LogModuleManager: Shutting down and abandoning module GeometryCache (332)
[2018.07.23-22.19.57:332][240]LogModuleManager: Shutting down and abandoning module GeometryCacheEd (331)
[2018.07.23-22.19.57:332][240]LogModuleManager: Shutting down and abandoning module DatasmithContent (326)
[2018.07.23-22.19.57:332][240]LogModuleManager: Shutting down and abandoning module SpeedTreeImporter (324)
[2018.07.23-22.19.57:332][240]LogModuleManager: Shutting down and abandoning module PluginBrowser (322)
[2018.07.23-22.19.57:332][240]LogModuleManager: Shutting down and abandoning module MobileLauncherProfileWizard (320)
[2018.07.23-22.19.57:332][240]LogModuleManager: Shutting down and abandoning module CryptoKeysOpenSSL (318)
[2018.07.23-22.19.57:332][240]LogModuleManager: Shutting down and abandoning module CryptoKeys (316)
[2018.07.23-22.19.57:332][240]LogModuleManager: Shutting down and abandoning module VisualStudioSourceCodeAccess (314)
[2018.07.23-22.19.57:332][240]LogModuleManager: Shutting down and abandoning module VisualStudioCodeSourceCodeAccess (312)
[2018.07.23-22.19.57:332][240]LogModuleManager: Shutting down and abandoning module UObjectPlugin (310)
[2018.07.23-22.19.57:332][240]LogModuleManager: Shutting down and abandoning module SubversionSourceControl (308)
[2018.07.23-22.19.57:332][240]LogModuleManager: Shutting down and abandoning module PerforceSourceControl (306)
[2018.07.23-22.19.57:332][240]LogModuleManager: Shutting down and abandoning module GitSourceControl (304)
[2018.07.23-22.19.57:332][240]LogModuleManager: Shutting down and abandoning module SourceControl (303)
[2018.07.23-22.19.57:332][240]LogModuleManager: Shutting down and abandoning module CLionSourceCodeAccess (300)
[2018.07.23-22.19.57:332][240]LogModuleManager: Shutting down and abandoning module LightPropagationVolumeEditor (298)
[2018.07.23-22.19.57:332][240]LogModuleManager: Shutting down and abandoning module PaperTiledImporter (296)
[2018.07.23-22.19.57:332][240]LogModuleManager: Shutting down and abandoning module PaperSpriteSheetImporter (294)
[2018.07.23-22.19.57:332][240]LogModuleManager: Shutting down and abandoning module Paper2DEditor (292)
[2018.07.23-22.19.57:332][240]LogModuleManager: Shutting down and abandoning module MeshPaint (291)
[2018.07.23-22.19.57:332][240]LogModuleManager: Shutting down and abandoning module RuntimePhysXCooking (288)
[2018.07.23-22.19.57:332][240]LogModuleManager: Shutting down and abandoning module PhysXVehiclesEditor (286)
[2018.07.23-22.19.57:332][240]LogModuleManager: Shutting down and abandoning module PhysXVehicles (284)
[2018.07.23-22.19.57:332][240]LogModuleManager: Shutting down and abandoning module OculusEditor (282)
[2018.07.23-22.19.57:333][240]LogModuleManager: Shutting down and abandoning module LocationServicesBPLibrary (280)
[2018.07.23-22.19.57:333][240]LogModuleManager: Shutting down and abandoning module ImmediatePhysicsEditor (278)
[2018.07.23-22.19.57:333][240]LogModuleManager: Shutting down and abandoning module ImmediatePhysics (276)
[2018.07.23-22.19.57:333][240]LogModuleManager: Shutting down and abandoning module ActorSequence (274)
[2018.07.23-22.19.57:333][240]LogModuleManager: Shutting down and abandoning module UdpMessaging (272)
[2018.07.23-22.19.57:433][240]LogModuleManager: Shutting down and abandoning module TcpMessaging (270)
[2018.07.23-22.19.57:534][240]LogModuleManager: Shutting down and abandoning module GameplayTagsEditor (268)
[2018.07.23-22.19.57:534][240]LogModuleManager: Shutting down and abandoning module FacialAnimationEditor (266)
[2018.07.23-22.19.57:534][240]LogModuleManager: Shutting down and abandoning module FacialAnimation (264)
[2018.07.23-22.19.57:534][240]LogModuleManager: Shutting down and abandoning module DataValidation (262)
[2018.07.23-22.19.57:534][240]LogModuleManager: Shutting down and abandoning module AssetManagerEditor (260)
[2018.07.23-22.19.57:534][240]LogModuleManager: Shutting down and abandoning module LevelEditor (259)
[2018.07.23-22.19.57:535][240]LogModuleManager: Shutting down and abandoning module PixelInspectorModule (258)
[2018.07.23-22.19.57:535][240]LogModuleManager: Shutting down and abandoning module CommonMenuExtensions (256)
[2018.07.23-22.19.57:535][240]LogModuleManager: Shutting down and abandoning module MainFrame (254)
[2018.07.23-22.19.57:535][240]LogModuleManager: Shutting down and abandoning module HotReload (253)
[2018.07.23-22.19.57:536][240]LogModuleManager: Shutting down and abandoning module ContentBrowser (249)
[2018.07.23-22.19.57:537][240]LogModuleManager: Shutting down and abandoning module TreeMap (247)
[2018.07.23-22.19.57:537][240]LogModuleManager: Shutting down and abandoning module LightPropagationVolumeRuntime (244)
[2018.07.23-22.19.57:537][240]LogModuleManager: Shutting down and abandoning module LiveLinkEditor (242)
[2018.07.23-22.19.57:537][240]LogModuleManager: Shutting down and abandoning module LiveLink (240)
[2018.07.23-22.19.57:916][240]LogModuleManager: Shutting down and abandoning module Paper2D (238)
[2018.07.23-22.19.57:916][240]LogModuleManager: Shutting down and abandoning module WindowsMoviePlayer (236)
[2018.07.23-22.19.57:916][240]LogModuleManager: Shutting down and abandoning module WmfMedia (234)
[2018.07.23-22.19.57:917][240]LogModuleManager: Shutting down and abandoning module Media (233)
[2018.07.23-22.19.57:923][240]LogModuleManager: Shutting down and abandoning module PacketHandler (230)
[2018.07.23-22.19.57:923][240]LogModuleManager: Shutting down and abandoning module ClothingSystemEditor (228)
[2018.07.23-22.19.57:923][240]LogModuleManager: Shutting down and abandoning module ClothingSystemRuntime (226)
[2018.07.23-22.19.57:923][240]LogModuleManager: Shutting down and abandoning module MediaAssets (224)
[2018.07.23-22.19.57:923][240]LogModuleManager: Shutting down and abandoning module Overlay (222)
[2018.07.23-22.19.57:923][240]LogModuleManager: Shutting down and abandoning module OverlayEditor (221)
[2018.07.23-22.19.57:923][240]LogModuleManager: Shutting down and abandoning module VREditor (218)
[2018.07.23-22.19.57:924][240]LogModuleManager: Shutting down and abandoning module StringTableEditor (216)
[2018.07.23-22.19.57:924][240]LogModuleManager: Shutting down and abandoning module GameplayTasksEditor (214)
[2018.07.23-22.19.57:924][240]LogModuleManager: Shutting down and abandoning module BehaviorTreeEditor (212)
[2018.07.23-22.19.57:924][240]LogModuleManager: Shutting down and abandoning module FunctionalTesting (210)
[2018.07.23-22.19.57:924][240]LogModuleManager: Shutting down and abandoning module CollisionAnalyzer (208)
[2018.07.23-22.19.57:924][240]LogModuleManager: Shutting down and abandoning module WorkspaceMenuStructure (207)
[2018.07.23-22.19.57:924][240]LogModuleManager: Shutting down and abandoning module UMG (204)
[2018.07.23-22.19.57:924][240]LogModuleManager: Shutting down and abandoning module UMGEditor (203)
[2018.07.23-22.19.57:924][240]LogModuleManager: Shutting down and abandoning module Sequencer (202)
[2018.07.23-22.19.57:924][240]LogModuleManager: Shutting down and abandoning module MessageLog (199)
[2018.07.23-22.19.57:924][240]LogModuleManager: Shutting down and abandoning module SlateReflector (194)
[2018.07.23-22.19.57:924][240]LogModuleManager: Shutting down and abandoning module Slate (192)
[2018.07.23-22.19.57:924][240]LogModuleManager: Shutting down and abandoning module EditorStyle (190)
[2018.07.23-22.19.57:926][240]LogModuleManager: Shutting down and abandoning module MRMesh (188)
[2018.07.23-22.19.57:926][240]LogModuleManager: Shutting down and abandoning module SourceCodeAccess (186)
[2018.07.23-22.19.57:926][240]LogModuleManager: Shutting down and abandoning module HeadMountedDisplay (184)
[2018.07.23-22.19.57:926][240]LogModuleManager: Shutting down and abandoning module XAudio2 (182)
[2018.07.23-22.19.57:926][240]LogModuleManager: Shutting down and abandoning module Networking (180)
[2018.07.23-22.19.57:926][240]LogModuleManager: Shutting down and abandoning module Core (178)
[2018.07.23-22.19.57:926][240]LogModuleManager: Shutting down and abandoning module LevelSequence (176)
[2018.07.23-22.19.57:926][240]LogModuleManager: Shutting down and abandoning module KismetCompiler (174)
[2018.07.23-22.19.57:926][240]LogModuleManager: Shutting down and abandoning module MeshUtilities (172)
[2018.07.23-22.19.57:926][240]LogModuleManager: Shutting down and abandoning module MeshMergeUtilities (171)
[2018.07.23-22.19.57:926][240]LogModuleManager: Shutting down and abandoning module MeshReductionInterface (170)
[2018.07.23-22.19.57:926][240]LogModuleManager: Shutting down and abandoning module SimplygonSwarm (169)
[2018.07.23-22.19.57:926][240]LogModuleManager: Shutting down and abandoning module SimplygonMeshReduction (167)
[2018.07.23-22.19.57:927][240]LogModuleManager: Shutting down and abandoning module QuadricMeshReduction (165)
[2018.07.23-22.19.57:927][240]LogModuleManager: Shutting down and abandoning module MaterialBaking (161)
[2018.07.23-22.19.57:927][240]LogModuleManager: Shutting down and abandoning module DirectoryWatcher (157)
[2018.07.23-22.19.57:927][240]LogModuleManager: Shutting down and abandoning module DerivedDataCache (154)
[2018.07.23-22.19.57:977][240]LogDerivedDataCache: Shutdown
[2018.07.23-22.19.57:977][240]LogModuleManager: Shutting down and abandoning module XGEController (152)
[2018.07.23-22.19.57:977][240]LogModuleManager: Shutting down and abandoning module TargetPlatform (150)
[2018.07.23-22.19.57:977][240]LogModuleManager: Shutting down and abandoning module VulkanShaderFormat (149)
[2018.07.23-22.19.57:977][240]LogModuleManager: Shutting down and abandoning module ShaderFormatVectorVM (147)
[2018.07.23-22.19.57:977][240]LogModuleManager: Shutting down and abandoning module ShaderFormatOpenGL (145)
[2018.07.23-22.19.57:977][240]LogModuleManager: Shutting down and abandoning module ShaderFormatD3D (143)
[2018.07.23-22.19.57:977][240]LogModuleManager: Shutting down and abandoning module MetalShaderFormat (141)
[2018.07.23-22.19.57:977][240]LogModuleManager: Shutting down and abandoning module TextureFormatUncompressed (139)
[2018.07.23-22.19.57:977][240]LogModuleManager: Shutting down and abandoning module TextureFormatPVR (137)
[2018.07.23-22.19.57:977][240]LogModuleManager: Shutting down and abandoning module TextureFormatDXT (135)
[2018.07.23-22.19.57:977][240]LogModuleManager: Shutting down and abandoning module TextureFormatIntelISPCTexComp (133)
[2018.07.23-22.19.57:977][240]LogModuleManager: Shutting down and abandoning module TextureFormatASTC (131)
[2018.07.23-22.19.57:977][240]LogModuleManager: Shutting down and abandoning module ImageWrapper (130)
[2018.07.23-22.19.57:977][240]LogModuleManager: Shutting down and abandoning module TextureFormatAndroid (127)
[2018.07.23-22.19.57:977][240]LogModuleManager: Shutting down and abandoning module AudioFormatOpus (125)
[2018.07.23-22.19.57:977][240]LogModuleManager: Shutting down and abandoning module AudioFormatOgg (123)
[2018.07.23-22.19.57:977][240]LogModuleManager: Shutting down and abandoning module AudioFormatADPCM (121)
[2018.07.23-22.19.57:977][240]LogModuleManager: Shutting down and abandoning module LinuxTargetPlatform (119)
[2018.07.23-22.19.57:978][240]LogModuleManager: Shutting down and abandoning module LinuxServerTargetPlatform (117)
[2018.07.23-22.19.57:978][240]LogModuleManager: Shutting down and abandoning module LinuxNoEditorTargetPlatform (115)
[2018.07.23-22.19.57:978][240]LogModuleManager: Shutting down and abandoning module LinuxClientTargetPlatform (113)
[2018.07.23-22.19.57:978][240]LogModuleManager: Shutting down and abandoning module TVOSTargetPlatform (111)
[2018.07.23-22.19.57:978][240]LogModuleManager: Shutting down and abandoning module Messaging (109)
[2018.07.23-22.19.57:978][240]LogModuleManager: Shutting down and abandoning module IOSTargetPlatform (107)
[2018.07.23-22.19.57:978][240]LogModuleManager: Shutting down and abandoning module HTML5TargetPlatform (105)
[2018.07.23-22.19.57:978][240]LogModuleManager: Shutting down and abandoning module AndroidTargetPlatform (103)
[2018.07.23-22.19.57:978][240]LogModuleManager: Shutting down and abandoning module Android_PVRTCTargetPlatform (101)
[2018.07.23-22.19.57:978][240]LogModuleManager: Shutting down and abandoning module Android_MultiTargetPlatform (99)
[2018.07.23-22.19.57:978][240]LogModuleManager: Shutting down and abandoning module Android_ETC2TargetPlatform (97)
[2018.07.23-22.19.57:978][240]LogModuleManager: Shutting down and abandoning module Android_ETC1TargetPlatform (95)
[2018.07.23-22.19.57:978][240]LogModuleManager: Shutting down and abandoning module Android_ETC1aTargetPlatform (93)
[2018.07.23-22.19.57:978][240]LogModuleManager: Shutting down and abandoning module Android_DXTTargetPlatform (91)
[2018.07.23-22.19.57:978][240]LogModuleManager: Shutting down and abandoning module Android_ATCTargetPlatform (89)
[2018.07.23-22.19.57:978][240]LogModuleManager: Shutting down and abandoning module Android_ASTCTargetPlatform (87)
[2018.07.23-22.19.57:978][240]LogModuleManager: Shutting down and abandoning module WindowsTargetPlatform (85)
[2018.07.23-22.19.57:978][240]LogModuleManager: Shutting down and abandoning module WindowsServerTargetPlatform (83)
[2018.07.23-22.19.57:978][240]LogModuleManager: Shutting down and abandoning module WindowsNoEditorTargetPlatform (81)
[2018.07.23-22.19.57:978][240]LogModuleManager: Shutting down and abandoning module WindowsClientTargetPlatform (79)
[2018.07.23-22.19.57:978][240]LogModuleManager: Shutting down and abandoning module MacTargetPlatform (77)
[2018.07.23-22.19.57:978][240]LogModuleManager: Shutting down and abandoning module MacServerTargetPlatform (75)
[2018.07.23-22.19.57:978][240]LogModuleManager: Shutting down and abandoning module MacNoEditorTargetPlatform (73)
[2018.07.23-22.19.57:978][240]LogModuleManager: Shutting down and abandoning module MacClientTargetPlatform (71)
[2018.07.23-22.19.57:978][240]LogModuleManager: Shutting down and abandoning module AllDesktopTargetPlatform (69)
[2018.07.23-22.19.57:978][240]LogModuleManager: Shutting down and abandoning module InputCore (66)
[2018.07.23-22.19.57:978][240]LogModuleManager: Shutting down and abandoning module Settings (64)
[2018.07.23-22.19.57:978][240]LogModuleManager: Shutting down and abandoning module PhysXCooking (62)
[2018.07.23-22.19.57:978][240]LogModuleManager: Shutting down and abandoning module SteamVR (60)
[2018.07.23-22.19.57:978][240]LogModuleManager: Shutting down and abandoning module OculusHMD (58)
[2018.07.23-22.19.57:978][240]LogModuleManager: Shutting down and abandoning module ExampleDeviceProfileSelector (56)
[2018.07.23-22.19.57:978][240]LogModuleManager: Shutting down and abandoning module AppleARKit (54)
[2018.07.23-22.19.57:978][240]LogModuleManager: Shutting down and abandoning module AugmentedReality (51)
[2018.07.23-22.19.57:978][240]LogModuleManager: Shutting down and abandoning module OnlineBlueprintSupport (48)
[2018.07.23-22.19.57:978][240]LogModuleManager: Shutting down and abandoning module OnlineSubsystem (44)
[2018.07.23-22.19.57:978][240]LogModuleManager: Shutting down and abandoning module XMPP (43)
[2018.07.23-22.19.57:978][240]LogModuleManager: Shutting down and abandoning module HTTP (41)
[2018.07.23-22.19.57:978][240]LogHttp: Display: Http module shutting down, but needs to wait on 1 outstanding Http requests:
[2018.07.23-22.19.57:978][240]LogHttp: Display: 	verb=[POST] url=[https://datarouter.ol.epicgames.com/datarouter/api/v1/public/data?SessionID=%7B54268335-4BC6-285D-FD0F-09A004416071%7D&AppID=UEEditor.Rocket.Release&AppVersion=4.19.2-4033788%2B%2B%2BUE4%2BRelease-4.19&UserID=e9b3d0ed4a680ceb74dc42936686382a%7C7d04965d061443cb987aad6ebcfb94ae%7C1cb71d0b-5f1f-4817-a05a-1be38690e1c6&AppEnvironment=datacollector-binary&UploadType=eteventstream] status=Processing
[2018.07.23-22.19.57:987][240]LogModuleManager: Shutting down and abandoning module SSL (40)
[2018.07.23-22.19.57:988][240]LogModuleManager: Shutting down and abandoning module AnimationModifiers (36)
[2018.07.23-22.19.57:988][240]LogModuleManager: Shutting down and abandoning module PropertyEditor (35)
[2018.07.23-22.19.57:989][240]LogModuleManager: Shutting down and abandoning module AudioEditor (32)
[2018.07.23-22.19.57:989][240]LogModuleManager: Shutting down and abandoning module TextureCompressor (30)
[2018.07.23-22.19.57:989][240]LogModuleManager: Shutting down and abandoning module ShaderCore (28)
[2018.07.23-22.19.57:989][240]LogModuleManager: Shutting down and abandoning module Landscape (26)
[2018.07.23-22.19.57:989][240]LogModuleManager: Shutting down and abandoning module SlateRHIRenderer (24)
[2018.07.23-22.19.57:990][240]LogModuleManager: Shutting down and abandoning module OpenGLDrv (22)
[2018.07.23-22.19.57:990][240]LogModuleManager: Shutting down and abandoning module D3D11RHI (20)
[2018.07.23-22.19.57:990][240]LogModuleManager: Shutting down and abandoning module AnimGraphRuntime (18)
[2018.07.23-22.19.57:990][240]LogModuleManager: Shutting down and abandoning module Renderer (16)
[2018.07.23-22.19.57:991][240]LogModuleManager: Shutting down and abandoning module Engine (14)
[2018.07.23-22.19.57:991][240]LogModuleManager: Shutting down and abandoning module CoreUObject (12)
[2018.07.23-22.19.57:991][240]LogModuleManager: Shutting down and abandoning module NetworkFile (10)
[2018.07.23-22.19.57:991][240]LogModuleManager: Shutting down and abandoning module CookedIterativeFile (8)
[2018.07.23-22.19.57:991][240]LogModuleManager: Shutting down and abandoning module StreamingFile (6)
[2018.07.23-22.19.57:991][240]LogModuleManager: Shutting down and abandoning module SandboxFile (4)
[2018.07.23-22.19.57:991][240]LogModuleManager: Shutting down and abandoning module PakFile (2)
[2018.07.23-22.19.58:000][240]LogExit: Exiting.
[2018.07.23-22.19.58:018][240]Log file closed, 07/23/18 18:19:58
